[0.020s] Invoking command in '/home/group10/ros2_ws/build/r2d10': CMAKE_PREFIX_PATH=${CMAKE_PREFIX_PATH}:/home/group10/ros2_ws/install/cmd_vel_bridge:/home/group10/install/control:/home/group10/install/my_arm_service:/home/group10/install/gst_pipeline:/opt/ros/jazzy DEBUGINFOD_URLS=https://debuginfod.ubuntu.com /usr/bin/cmake /home/group10/ros2_ws/src/r2d10 -DCMAKE_INSTALL_PREFIX=/home/group10/ros2_ws/install/r2d10
[0.159s] -- The C compiler identification is GNU 13.3.0
[0.290s] -- The CXX compiler identification is GNU 13.3.0
[0.316s] -- Detecting C compiler ABI info
[0.426s] -- Detecting C compiler ABI info - done
[0.436s] -- Check for working C compiler: /usr/bin/cc - skipped
[0.436s] -- Detecting C compile features
[0.437s] -- Detecting C compile features - done
[0.448s] -- Detecting CXX compiler ABI info
[0.563s] -- Detecting CXX compiler ABI info - done
[0.573s] -- Check for working CXX compiler: /usr/bin/c++ - skipped
[0.573s] -- Detecting CXX compile features
[0.574s] -- Detecting CXX compile features - done
[0.603s] -- Found ament_cmake: 2.5.4 (/opt/ros/jazzy/share/ament_cmake/cmake)
[0.806s] -- Found Python3: /usr/bin/python3 (found version "3.12.3") found components: Interpreter 
[0.991s] -- Found rclcpp: 28.1.13 (/opt/ros/jazzy/share/rclcpp/cmake)
[1.082s] -- Found rosidl_generator_c: 4.6.6 (/opt/ros/jazzy/share/rosidl_generator_c/cmake)
[1.113s] -- Found rosidl_generator_cpp: 4.6.6 (/opt/ros/jazzy/share/rosidl_generator_cpp/cmake)
[1.147s] -- Using all available rosidl_typesupport_c: rosidl_typesupport_fastrtps_c;rosidl_typesupport_introspection_c
[1.184s] -- Using all available rosidl_typesupport_cpp: rosidl_typesupport_fastrtps_cpp;rosidl_typesupport_introspection_cpp
[1.326s] -- Found rmw_implementation_cmake: 7.3.2 (/opt/ros/jazzy/share/rmw_implementation_cmake/cmake)
[1.334s] -- Found rmw_fastrtps_cpp: 8.4.3 (/opt/ros/jazzy/share/rmw_fastrtps_cpp/cmake)
[1.466s] -- Found OpenSSL: /usr/lib/x86_64-linux-gnu/libcrypto.so (found version "3.0.13")  
[1.492s] -- Found FastRTPS: /opt/ros/jazzy/include (Required is at least version "2.13") 
[1.521s] -- Using RMW implementation 'rmw_fastrtps_cpp' as default
[1.659s] -- Found xacro: 2.1.1 (/opt/ros/jazzy/share/xacro/cmake)
[1.665s] -- Found robot_state_publisher: 3.3.3 (/opt/ros/jazzy/share/robot_state_publisher/cmake)
[2.077s] -- Found ros_gz_sim: 1.0.16 (/opt/ros/jazzy/share/ros_gz_sim/cmake)
[2.183s] -- Configuring done (2.2s)
[2.189s] -- Generating done (0.0s)
[2.192s] -- Build files have been written to: /home/group10/ros2_ws/build/r2d10
[2.203s] Invoked command in '/home/group10/ros2_ws/build/r2d10' returned '0': CMAKE_PREFIX_PATH=${CMAKE_PREFIX_PATH}:/home/group10/ros2_ws/install/cmd_vel_bridge:/home/group10/install/control:/home/group10/install/my_arm_service:/home/group10/install/gst_pipeline:/opt/ros/jazzy DEBUGINFOD_URLS=https://debuginfod.ubuntu.com /usr/bin/cmake /home/group10/ros2_ws/src/r2d10 -DCMAKE_INSTALL_PREFIX=/home/group10/ros2_ws/install/r2d10
[2.205s] Invoking command in '/home/group10/ros2_ws/build/r2d10': CMAKE_PREFIX_PATH=${CMAKE_PREFIX_PATH}:/home/group10/ros2_ws/install/cmd_vel_bridge:/home/group10/install/control:/home/group10/install/my_arm_service:/home/group10/install/gst_pipeline:/opt/ros/jazzy DEBUGINFOD_URLS=https://debuginfod.ubuntu.com /usr/bin/cmake --build /home/group10/ros2_ws/build/r2d10 -- -j4 -l4
[2.258s] Invoked command in '/home/group10/ros2_ws/build/r2d10' returned '0': CMAKE_PREFIX_PATH=${CMAKE_PREFIX_PATH}:/home/group10/ros2_ws/install/cmd_vel_bridge:/home/group10/install/control:/home/group10/install/my_arm_service:/home/group10/install/gst_pipeline:/opt/ros/jazzy DEBUGINFOD_URLS=https://debuginfod.ubuntu.com /usr/bin/cmake --build /home/group10/ros2_ws/build/r2d10 -- -j4 -l4
[2.271s] Invoking command in '/home/group10/ros2_ws/build/r2d10': CMAKE_PREFIX_PATH=${CMAKE_PREFIX_PATH}:/home/group10/ros2_ws/install/cmd_vel_bridge:/home/group10/install/control:/home/group10/install/my_arm_service:/home/group10/install/gst_pipeline:/opt/ros/jazzy DEBUGINFOD_URLS=https://debuginfod.ubuntu.com /usr/bin/cmake --install /home/group10/ros2_ws/build/r2d10
[2.280s] -- Install configuration: ""
[2.280s] -- Installing: /home/group10/ros2_ws/install/r2d10/share/r2d10/meshes
[2.280s] -- Installing: /home/group10/ros2_ws/install/r2d10/share/r2d10/meshes/caster_1.stl
[2.281s] -- Installing: /home/group10/ros2_ws/install/r2d10/share/r2d10/meshes/ultrasonic_left_1.stl
[2.282s] -- Installing: /home/group10/ros2_ws/install/r2d10/share/r2d10/meshes/ultrasonic_right_1.stl
[2.283s] -- Installing: /home/group10/ros2_ws/install/r2d10/share/r2d10/meshes/right_wheel_1.stl
[2.283s] -- Installing: /home/group10/ros2_ws/install/r2d10/share/r2d10/meshes/base_link.stl
[2.283s] -- Installing: /home/group10/ros2_ws/install/r2d10/share/r2d10/meshes/lidar_1.stl
[2.284s] -- Installing: /home/group10/ros2_ws/install/r2d10/share/r2d10/meshes/ultrasonic_forward_1.stl
[2.284s] -- Installing: /home/group10/ros2_ws/install/r2d10/share/r2d10/meshes/left_wheel_1.stl
[2.284s] -- Installing: /home/group10/ros2_ws/install/r2d10/share/r2d10/urdf
[2.284s] -- Installing: /home/group10/ros2_ws/install/r2d10/share/r2d10/urdf/materials.xacro
[2.285s] -- Installing: /home/group10/ros2_ws/install/r2d10/share/r2d10/urdf/assembly_3.urdf
[2.285s] -- Installing: /home/group10/ros2_ws/install/r2d10/share/r2d10/urdf/assembly_3.urdf.xacro
[2.285s] -- Installing: /home/group10/ros2_ws/install/r2d10/share/r2d10/rviz
[2.285s] -- Installing: /home/group10/ros2_ws/install/r2d10/share/r2d10/rviz/default.rviz
[2.285s] -- Installing: /home/group10/ros2_ws/install/r2d10/share/r2d10/worlds
[2.285s] -- Installing: /home/group10/ros2_ws/install/r2d10/share/r2d10/worlds/install
[2.285s] -- Installing: /home/group10/ros2_ws/install/r2d10/share/r2d10/worlds/install/setup.bash
[2.285s] -- Installing: /home/group10/ros2_ws/install/r2d10/share/r2d10/worlds/install/local_setup.bash
[2.286s] -- Installing: /home/group10/ros2_ws/install/r2d10/share/r2d10/worlds/install/_local_setup_util_ps1.py
[2.286s] -- Installing: /home/group10/ros2_ws/install/r2d10/share/r2d10/worlds/install/.colcon_install_layout
[2.286s] -- Installing: /home/group10/ros2_ws/install/r2d10/share/r2d10/worlds/install/setup.sh
[2.286s] -- Installing: /home/group10/ros2_ws/install/r2d10/share/r2d10/worlds/install/local_setup.sh
[2.287s] -- Installing: /home/group10/ros2_ws/install/r2d10/share/r2d10/worlds/install/setup.ps1
[2.287s] -- Installing: /home/group10/ros2_ws/install/r2d10/share/r2d10/worlds/install/local_setup.ps1
[2.287s] -- Installing: /home/group10/ros2_ws/install/r2d10/share/r2d10/worlds/install/setup.zsh
[2.287s] -- Installing: /home/group10/ros2_ws/install/r2d10/share/r2d10/worlds/install/COLCON_IGNORE
[2.287s] -- Installing: /home/group10/ros2_ws/install/r2d10/share/r2d10/worlds/install/_local_setup_util_sh.py
[2.287s] -- Installing: /home/group10/ros2_ws/install/r2d10/share/r2d10/worlds/install/local_setup.zsh
[2.288s] -- Installing: /home/group10/ros2_ws/install/r2d10/share/r2d10/worlds/models
[2.288s] -- Installing: /home/group10/ros2_ws/install/r2d10/share/r2d10/worlds/models/floor materials
[2.288s] -- Installing: /home/group10/ros2_ws/install/r2d10/share/r2d10/worlds/models/floor materials/meshes
[2.288s] -- Installing: /home/group10/ros2_ws/install/r2d10/share/r2d10/worlds/models/floor materials/meshes/未命名.dae
[2.288s] -- Installing: /home/group10/ros2_ws/install/r2d10/share/r2d10/worlds/models/floor materials/materials
[2.288s] -- Installing: /home/group10/ros2_ws/install/r2d10/share/r2d10/worlds/models/floor materials/materials/textures
[2.288s] -- Installing: /home/group10/ros2_ws/install/r2d10/share/r2d10/worlds/models/floor materials/materials/textures/floor_texture.png
[2.288s] -- Installing: /home/group10/ros2_ws/install/r2d10/share/r2d10/worlds/models/kitchencountertop
[2.288s] -- Installing: /home/group10/ros2_ws/install/r2d10/share/r2d10/worlds/models/kitchencountertop/meshes
[2.288s] -- Installing: /home/group10/ros2_ws/install/r2d10/share/r2d10/worlds/models/kitchencountertop/meshes/KitchenCountertop_Diffuse.png
[2.303s] -- Installing: /home/group10/ros2_ws/install/r2d10/share/r2d10/worlds/models/kitchencountertop/meshes/KitchenCountertop.mtl
[2.304s] -- Installing: /home/group10/ros2_ws/install/r2d10/share/r2d10/worlds/models/kitchencountertop/meshes/KitchenCountertop.obj
[2.305s] -- Installing: /home/group10/ros2_ws/install/r2d10/share/r2d10/worlds/models/kitchencountertop/thumbnails
[2.305s] -- Installing: /home/group10/ros2_ws/install/r2d10/share/r2d10/worlds/models/kitchencountertop/thumbnails/4.png
[2.305s] -- Installing: /home/group10/ros2_ws/install/r2d10/share/r2d10/worlds/models/kitchencountertop/thumbnails/5.png
[2.305s] -- Installing: /home/group10/ros2_ws/install/r2d10/share/r2d10/worlds/models/kitchencountertop/thumbnails/3.png
[2.305s] -- Installing: /home/group10/ros2_ws/install/r2d10/share/r2d10/worlds/models/kitchencountertop/thumbnails/2.png
[2.306s] -- Installing: /home/group10/ros2_ws/install/r2d10/share/r2d10/worlds/models/kitchencountertop/thumbnails/1.png
[2.306s] -- Installing: /home/group10/ros2_ws/install/r2d10/share/r2d10/worlds/models/kitchencountertop/model.sdf
[2.307s] -- Installing: /home/group10/ros2_ws/install/r2d10/share/r2d10/worlds/models/kitchencountertop/model.config
[2.307s] -- Installing: /home/group10/ros2_ws/install/r2d10/share/r2d10/worlds/models/fridge
[2.307s] -- Installing: /home/group10/ros2_ws/install/r2d10/share/r2d10/worlds/models/fridge/meshes
[2.307s] -- Installing: /home/group10/ros2_ws/install/r2d10/share/r2d10/worlds/models/fridge/meshes/Fridge.obj
[2.307s] -- Installing: /home/group10/ros2_ws/install/r2d10/share/r2d10/worlds/models/fridge/meshes/Fridge_Col.obj
[2.307s] -- Installing: /home/group10/ros2_ws/install/r2d10/share/r2d10/worlds/models/fridge/meshes/Fridge_Col.mtl
[2.308s] -- Installing: /home/group10/ros2_ws/install/r2d10/share/r2d10/worlds/models/fridge/meshes/Fridge_Diffuse.png
[2.309s] -- Installing: /home/group10/ros2_ws/install/r2d10/share/r2d10/worlds/models/fridge/meshes/Fridge.mtl
[2.310s] -- Installing: /home/group10/ros2_ws/install/r2d10/share/r2d10/worlds/models/fridge/thumbnails
[2.310s] -- Installing: /home/group10/ros2_ws/install/r2d10/share/r2d10/worlds/models/fridge/thumbnails/4.png
[2.310s] -- Installing: /home/group10/ros2_ws/install/r2d10/share/r2d10/worlds/models/fridge/thumbnails/5.png
[2.310s] -- Installing: /home/group10/ros2_ws/install/r2d10/share/r2d10/worlds/models/fridge/thumbnails/3.png
[2.311s] -- Installing: /home/group10/ros2_ws/install/r2d10/share/r2d10/worlds/models/fridge/thumbnails/2.png
[2.311s] -- Installing: /home/group10/ros2_ws/install/r2d10/share/r2d10/worlds/models/fridge/thumbnails/1.png
[2.311s] -- Installing: /home/group10/ros2_ws/install/r2d10/share/r2d10/worlds/models/fridge/model.sdf
[2.312s] -- Installing: /home/group10/ros2_ws/install/r2d10/share/r2d10/worlds/models/fridge/model.config
[2.312s] -- Installing: /home/group10/ros2_ws/install/r2d10/share/r2d10/worlds/models/shower
[2.312s] -- Installing: /home/group10/ros2_ws/install/r2d10/share/r2d10/worlds/models/shower/meshes
[2.312s] -- Installing: /home/group10/ros2_ws/install/r2d10/share/r2d10/worlds/models/shower/meshes/Shower.mtl
[2.312s] -- Installing: /home/group10/ros2_ws/install/r2d10/share/r2d10/worlds/models/shower/meshes/Shower.obj
[2.312s] -- Installing: /home/group10/ros2_ws/install/r2d10/share/r2d10/worlds/models/shower/meshes/ShowerDiffuse.png
[2.314s] -- Installing: /home/group10/ros2_ws/install/r2d10/share/r2d10/worlds/models/shower/thumbnails
[2.314s] -- Installing: /home/group10/ros2_ws/install/r2d10/share/r2d10/worlds/models/shower/thumbnails/4.png
[2.314s] -- Installing: /home/group10/ros2_ws/install/r2d10/share/r2d10/worlds/models/shower/thumbnails/5.png
[2.314s] -- Installing: /home/group10/ros2_ws/install/r2d10/share/r2d10/worlds/models/shower/thumbnails/3.png
[2.314s] -- Installing: /home/group10/ros2_ws/install/r2d10/share/r2d10/worlds/models/shower/thumbnails/2.png
[2.315s] -- Installing: /home/group10/ros2_ws/install/r2d10/share/r2d10/worlds/models/shower/thumbnails/1.png
[2.315s] -- Installing: /home/group10/ros2_ws/install/r2d10/share/r2d10/worlds/models/shower/model.sdf
[2.315s] -- Installing: /home/group10/ros2_ws/install/r2d10/share/r2d10/worlds/models/shower/model.config
[2.315s] -- Installing: /home/group10/ros2_ws/install/r2d10/share/r2d10/worlds/models/cricket ball
[2.315s] -- Installing: /home/group10/ros2_ws/install/r2d10/share/r2d10/worlds/models/cricket ball/thumbnails
[2.315s] -- Installing: /home/group10/ros2_ws/install/r2d10/share/r2d10/worlds/models/cricket ball/thumbnails/4.png
[2.316s] -- Installing: /home/group10/ros2_ws/install/r2d10/share/r2d10/worlds/models/cricket ball/thumbnails/5.png
[2.316s] -- Installing: /home/group10/ros2_ws/install/r2d10/share/r2d10/worlds/models/cricket ball/thumbnails/3.png
[2.316s] -- Installing: /home/group10/ros2_ws/install/r2d10/share/r2d10/worlds/models/cricket ball/thumbnails/2.png
[2.316s] -- Installing: /home/group10/ros2_ws/install/r2d10/share/r2d10/worlds/models/cricket ball/thumbnails/1.png
[2.316s] -- Installing: /home/group10/ros2_ws/install/r2d10/share/r2d10/worlds/models/cricket ball/model.sdf
[2.316s] -- Installing: /home/group10/ros2_ws/install/r2d10/share/r2d10/worlds/models/cricket ball/model.rsdf
[2.316s] -- Installing: /home/group10/ros2_ws/install/r2d10/share/r2d10/worlds/models/cricket ball/model.config
[2.316s] -- Installing: /home/group10/ros2_ws/install/r2d10/share/r2d10/worlds/models/bathroomsink
[2.316s] -- Installing: /home/group10/ros2_ws/install/r2d10/share/r2d10/worlds/models/bathroomsink/meshes
[2.316s] -- Installing: /home/group10/ros2_ws/install/r2d10/share/r2d10/worlds/models/bathroomsink/meshes/BathroomSink_Col.obj
[2.317s] -- Installing: /home/group10/ros2_ws/install/r2d10/share/r2d10/worlds/models/bathroomsink/meshes/BathroomSink_Col.mtl
[2.317s] -- Installing: /home/group10/ros2_ws/install/r2d10/share/r2d10/worlds/models/bathroomsink/meshes/BathroomSink_Metal.png
[2.317s] -- Installing: /home/group10/ros2_ws/install/r2d10/share/r2d10/worlds/models/bathroomsink/meshes/BathroomSink_Diffuse.png
[2.317s] -- Installing: /home/group10/ros2_ws/install/r2d10/share/r2d10/worlds/models/bathroomsink/meshes/BathroomSink_Rough.png
[2.317s] -- Installing: /home/group10/ros2_ws/install/r2d10/share/r2d10/worlds/models/bathroomsink/meshes/BathroomSink.mtl
[2.317s] -- Installing: /home/group10/ros2_ws/install/r2d10/share/r2d10/worlds/models/bathroomsink/meshes/BathroomSink.obj
[2.317s] -- Installing: /home/group10/ros2_ws/install/r2d10/share/r2d10/worlds/models/bathroomsink/thumbnails
[2.317s] -- Installing: /home/group10/ros2_ws/install/r2d10/share/r2d10/worlds/models/bathroomsink/thumbnails/4.png
[2.318s] -- Installing: /home/group10/ros2_ws/install/r2d10/share/r2d10/worlds/models/bathroomsink/thumbnails/5.png
[2.318s] -- Installing: /home/group10/ros2_ws/install/r2d10/share/r2d10/worlds/models/bathroomsink/thumbnails/3.png
[2.319s] -- Installing: /home/group10/ros2_ws/install/r2d10/share/r2d10/worlds/models/bathroomsink/thumbnails/2.png
[2.319s] -- Installing: /home/group10/ros2_ws/install/r2d10/share/r2d10/worlds/models/bathroomsink/thumbnails/1.png
[2.319s] -- Installing: /home/group10/ros2_ws/install/r2d10/share/r2d10/worlds/models/bathroomsink/model.sdf
[2.319s] -- Installing: /home/group10/ros2_ws/install/r2d10/share/r2d10/worlds/models/bathroomsink/model.config
[2.319s] -- Installing: /home/group10/ros2_ws/install/r2d10/share/r2d10/worlds/models/trashbin
[2.320s] -- Installing: /home/group10/ros2_ws/install/r2d10/share/r2d10/worlds/models/trashbin/meshes
[2.320s] -- Installing: /home/group10/ros2_ws/install/r2d10/share/r2d10/worlds/models/trashbin/meshes/TrashBin_Diffuse.png
[2.320s] -- Installing: /home/group10/ros2_ws/install/r2d10/share/r2d10/worlds/models/trashbin/meshes/TrashBin.obj
[2.320s] -- Installing: /home/group10/ros2_ws/install/r2d10/share/r2d10/worlds/models/trashbin/meshes/TrashBin.mtl
[2.320s] -- Installing: /home/group10/ros2_ws/install/r2d10/share/r2d10/worlds/models/trashbin/thumbnails
[2.321s] -- Installing: /home/group10/ros2_ws/install/r2d10/share/r2d10/worlds/models/trashbin/thumbnails/4.png
[2.321s] -- Installing: /home/group10/ros2_ws/install/r2d10/share/r2d10/worlds/models/trashbin/thumbnails/5.png
[2.321s] -- Installing: /home/group10/ros2_ws/install/r2d10/share/r2d10/worlds/models/trashbin/thumbnails/3.png
[2.321s] -- Installing: /home/group10/ros2_ws/install/r2d10/share/r2d10/worlds/models/trashbin/thumbnails/2.png
[2.321s] -- Installing: /home/group10/ros2_ws/install/r2d10/share/r2d10/worlds/models/trashbin/thumbnails/1.png
[2.321s] -- Installing: /home/group10/ros2_ws/install/r2d10/share/r2d10/worlds/models/trashbin/model.sdf
[2.322s] -- Installing: /home/group10/ros2_ws/install/r2d10/share/r2d10/worlds/models/trashbin/model.config
[2.322s] -- Installing: /home/group10/ros2_ws/install/r2d10/share/r2d10/worlds/models/actor
[2.322s] -- Installing: /home/group10/ros2_ws/install/r2d10/share/r2d10/worlds/models/actor/meshes
[2.322s] -- Installing: /home/group10/ros2_ws/install/r2d10/share/r2d10/worlds/models/actor/meshes/walk.dae
[2.324s] -- Installing: /home/group10/ros2_ws/install/r2d10/share/r2d10/worlds/models/actor/thumbnails
[2.324s] -- Installing: /home/group10/ros2_ws/install/r2d10/share/r2d10/worlds/models/actor/thumbnails/4.png
[2.324s] -- Installing: /home/group10/ros2_ws/install/r2d10/share/r2d10/worlds/models/actor/thumbnails/5.png
[2.324s] -- Installing: /home/group10/ros2_ws/install/r2d10/share/r2d10/worlds/models/actor/thumbnails/3.png
[2.324s] -- Installing: /home/group10/ros2_ws/install/r2d10/share/r2d10/worlds/models/actor/thumbnails/2.png
[2.324s] -- Installing: /home/group10/ros2_ws/install/r2d10/share/r2d10/worlds/models/actor/thumbnails/1.png
[2.325s] -- Installing: /home/group10/ros2_ws/install/r2d10/share/r2d10/worlds/models/actor/model.sdf
[2.325s] -- Installing: /home/group10/ros2_ws/install/r2d10/share/r2d10/worlds/models/actor/model.config
[2.325s] -- Installing: /home/group10/ros2_ws/install/r2d10/share/r2d10/worlds/models/kitchensink
[2.325s] -- Installing: /home/group10/ros2_ws/install/r2d10/share/r2d10/worlds/models/kitchensink/meshes
[2.325s] -- Installing: /home/group10/ros2_ws/install/r2d10/share/r2d10/worlds/models/kitchensink/meshes/kitchenSink.mtl
[2.325s] -- Installing: /home/group10/ros2_ws/install/r2d10/share/r2d10/worlds/models/kitchensink/meshes/kitchenSink.obj
[2.326s] -- Installing: /home/group10/ros2_ws/install/r2d10/share/r2d10/worlds/models/kitchensink/thumbnails
[2.326s] -- Installing: /home/group10/ros2_ws/install/r2d10/share/r2d10/worlds/models/kitchensink/thumbnails/4.png
[2.326s] -- Installing: /home/group10/ros2_ws/install/r2d10/share/r2d10/worlds/models/kitchensink/thumbnails/5.png
[2.326s] -- Installing: /home/group10/ros2_ws/install/r2d10/share/r2d10/worlds/models/kitchensink/thumbnails/3.png
[2.326s] -- Installing: /home/group10/ros2_ws/install/r2d10/share/r2d10/worlds/models/kitchensink/thumbnails/2.png
[2.326s] -- Installing: /home/group10/ros2_ws/install/r2d10/share/r2d10/worlds/models/kitchensink/thumbnails/1.png
[2.327s] -- Installing: /home/group10/ros2_ws/install/r2d10/share/r2d10/worlds/models/kitchensink/model.sdf
[2.327s] -- Installing: /home/group10/ros2_ws/install/r2d10/share/r2d10/worlds/models/kitchensink/model.config
[2.327s] -- Installing: /home/group10/ros2_ws/install/r2d10/share/r2d10/worlds/models/standard toilet
[2.327s] -- Installing: /home/group10/ros2_ws/install/r2d10/share/r2d10/worlds/models/standard toilet/meshes
[2.327s] -- Installing: /home/group10/ros2_ws/install/r2d10/share/r2d10/worlds/models/standard toilet/meshes/toilet.dae
[2.330s] -- Installing: /home/group10/ros2_ws/install/r2d10/share/r2d10/worlds/models/standard toilet/thumbnails
[2.330s] -- Installing: /home/group10/ros2_ws/install/r2d10/share/r2d10/worlds/models/standard toilet/thumbnails/Toilet.png
[2.333s] -- Installing: /home/group10/ros2_ws/install/r2d10/share/r2d10/worlds/models/standard toilet/materials
[2.333s] -- Installing: /home/group10/ros2_ws/install/r2d10/share/r2d10/worlds/models/standard toilet/materials/textures
[2.333s] -- Installing: /home/group10/ros2_ws/install/r2d10/share/r2d10/worlds/models/standard toilet/materials/textures/Toilet_Albedo.png
[2.335s] -- Installing: /home/group10/ros2_ws/install/r2d10/share/r2d10/worlds/models/standard toilet/materials/textures/Toilet_Metalness.png
[2.335s] -- Installing: /home/group10/ros2_ws/install/r2d10/share/r2d10/worlds/models/standard toilet/materials/textures/Toilet_Roughness.png
[2.337s] -- Installing: /home/group10/ros2_ws/install/r2d10/share/r2d10/worlds/models/standard toilet/materials/textures/Toilet_Normal.png
[2.343s] -- Installing: /home/group10/ros2_ws/install/r2d10/share/r2d10/worlds/models/standard toilet/model.sdf
[2.343s] -- Installing: /home/group10/ros2_ws/install/r2d10/share/r2d10/worlds/models/standard toilet/model.config
[2.344s] -- Installing: /home/group10/ros2_ws/install/r2d10/share/r2d10/worlds/models/whitecabinet
[2.344s] -- Installing: /home/group10/ros2_ws/install/r2d10/share/r2d10/worlds/models/whitecabinet/meshes
[2.344s] -- Installing: /home/group10/ros2_ws/install/r2d10/share/r2d10/worlds/models/whitecabinet/meshes/WhiteCabinet.png
[2.344s] -- Installing: /home/group10/ros2_ws/install/r2d10/share/r2d10/worlds/models/whitecabinet/meshes/WhiteCabinet.mtl
[2.344s] -- Installing: /home/group10/ros2_ws/install/r2d10/share/r2d10/worlds/models/whitecabinet/meshes/WhiteCabinet.obj
[2.345s] -- Installing: /home/group10/ros2_ws/install/r2d10/share/r2d10/worlds/models/whitecabinet/thumbnails
[2.345s] -- Installing: /home/group10/ros2_ws/install/r2d10/share/r2d10/worlds/models/whitecabinet/thumbnails/4.png
[2.345s] -- Installing: /home/group10/ros2_ws/install/r2d10/share/r2d10/worlds/models/whitecabinet/thumbnails/5.png
[2.345s] -- Installing: /home/group10/ros2_ws/install/r2d10/share/r2d10/worlds/models/whitecabinet/thumbnails/3.png
[2.345s] -- Installing: /home/group10/ros2_ws/install/r2d10/share/r2d10/worlds/models/whitecabinet/thumbnails/2.png
[2.346s] -- Installing: /home/group10/ros2_ws/install/r2d10/share/r2d10/worlds/models/whitecabinet/thumbnails/1.png
[2.347s] -- Installing: /home/group10/ros2_ws/install/r2d10/share/r2d10/worlds/models/whitecabinet/model.sdf
[2.347s] -- Installing: /home/group10/ros2_ws/install/r2d10/share/r2d10/worlds/models/whitecabinet/model.config
[2.347s] -- Installing: /home/group10/ros2_ws/install/r2d10/share/r2d10/worlds/models/office desk
[2.347s] -- Installing: /home/group10/ros2_ws/install/r2d10/share/r2d10/worlds/models/office desk/meshes
[2.347s] -- Installing: /home/group10/ros2_ws/install/r2d10/share/r2d10/worlds/models/office desk/meshes/desk.dae
[2.348s] -- Installing: /home/group10/ros2_ws/install/r2d10/share/r2d10/worlds/models/office desk/thumbnails
[2.348s] -- Installing: /home/group10/ros2_ws/install/r2d10/share/r2d10/worlds/models/office desk/thumbnails/Desk.png
[2.350s] -- Installing: /home/group10/ros2_ws/install/r2d10/share/r2d10/worlds/models/office desk/materials
[2.350s] -- Installing: /home/group10/ros2_ws/install/r2d10/share/r2d10/worlds/models/office desk/materials/textures
[2.350s] -- Installing: /home/group10/ros2_ws/install/r2d10/share/r2d10/worlds/models/office desk/materials/textures/Desk_Roughness.png
[2.351s] -- Installing: /home/group10/ros2_ws/install/r2d10/share/r2d10/worlds/models/office desk/materials/textures/Desk_Albedo.png
[2.353s] -- Installing: /home/group10/ros2_ws/install/r2d10/share/r2d10/worlds/models/office desk/materials/textures/Desk_Normal.png
[2.354s] -- Installing: /home/group10/ros2_ws/install/r2d10/share/r2d10/worlds/models/office desk/model.sdf
[2.354s] -- Installing: /home/group10/ros2_ws/install/r2d10/share/r2d10/worlds/models/office desk/model.config
[2.354s] -- Installing: /home/group10/ros2_ws/install/r2d10/share/r2d10/worlds/models/bookshelf
[2.354s] -- Installing: /home/group10/ros2_ws/install/r2d10/share/r2d10/worlds/models/bookshelf/thumbnails
[2.354s] -- Installing: /home/group10/ros2_ws/install/r2d10/share/r2d10/worlds/models/bookshelf/thumbnails/4.png
[2.354s] -- Installing: /home/group10/ros2_ws/install/r2d10/share/r2d10/worlds/models/bookshelf/thumbnails/5.png
[2.355s] -- Installing: /home/group10/ros2_ws/install/r2d10/share/r2d10/worlds/models/bookshelf/thumbnails/3.png
[2.355s] -- Installing: /home/group10/ros2_ws/install/r2d10/share/r2d10/worlds/models/bookshelf/thumbnails/2.png
[2.355s] -- Installing: /home/group10/ros2_ws/install/r2d10/share/r2d10/worlds/models/bookshelf/thumbnails/1.png
[2.355s] -- Installing: /home/group10/ros2_ws/install/r2d10/share/r2d10/worlds/models/bookshelf/model-1_3.sdf
[2.355s] -- Installing: /home/group10/ros2_ws/install/r2d10/share/r2d10/worlds/models/bookshelf/bookshelf_diffuse.jpg
[2.356s] -- Installing: /home/group10/ros2_ws/install/r2d10/share/r2d10/worlds/models/bookshelf/model-1_4.sdf
[2.356s] -- Installing: /home/group10/ros2_ws/install/r2d10/share/r2d10/worlds/models/bookshelf/model.sdf
[2.356s] -- Installing: /home/group10/ros2_ws/install/r2d10/share/r2d10/worlds/models/bookshelf/model.config
[2.356s] -- Installing: /home/group10/ros2_ws/install/r2d10/share/r2d10/worlds/models/bookshelf/model-1_2.sdf
[2.356s] -- Installing: /home/group10/ros2_ws/install/r2d10/share/r2d10/worlds/models/office chair
[2.356s] -- Installing: /home/group10/ros2_ws/install/r2d10/share/r2d10/worlds/models/office chair/meshes
[2.356s] -- Installing: /home/group10/ros2_ws/install/r2d10/share/r2d10/worlds/models/office chair/meshes/officechair.dae
[2.357s] -- Installing: /home/group10/ros2_ws/install/r2d10/share/r2d10/worlds/models/office chair/thumbnails
[2.357s] -- Installing: /home/group10/ros2_ws/install/r2d10/share/r2d10/worlds/models/office chair/thumbnails/OfficeChair.png
[2.358s] -- Installing: /home/group10/ros2_ws/install/r2d10/share/r2d10/worlds/models/office chair/materials
[2.358s] -- Installing: /home/group10/ros2_ws/install/r2d10/share/r2d10/worlds/models/office chair/materials/textures
[2.358s] -- Installing: /home/group10/ros2_ws/install/r2d10/share/r2d10/worlds/models/office chair/materials/textures/OfficeChair_Normal.png
[2.362s] -- Installing: /home/group10/ros2_ws/install/r2d10/share/r2d10/worlds/models/office chair/materials/textures/OfficeChair_Metalness.png
[2.362s] -- Installing: /home/group10/ros2_ws/install/r2d10/share/r2d10/worlds/models/office chair/materials/textures/OfficeChair_Roughness.png
[2.365s] -- Installing: /home/group10/ros2_ws/install/r2d10/share/r2d10/worlds/models/office chair/materials/textures/OfficeChair_Albedo.png
[2.367s] -- Installing: /home/group10/ros2_ws/install/r2d10/share/r2d10/worlds/models/office chair/model.sdf
[2.367s] -- Installing: /home/group10/ros2_ws/install/r2d10/share/r2d10/worlds/models/office chair/model.config
[2.367s] -- Installing: /home/group10/ros2_ws/install/r2d10/share/r2d10/worlds/church_simple.sdf
[2.367s] -- Installing: /home/group10/ros2_ws/install/r2d10/share/r2d10/worlds/log
[2.367s] -- Installing: /home/group10/ros2_ws/install/r2d10/share/r2d10/worlds/log/build_2025-10-29_10-49-16
[2.367s] -- Installing: /home/group10/ros2_ws/install/r2d10/share/r2d10/worlds/log/build_2025-10-29_10-49-16/logger_all.log
[2.367s] -- Installing: /home/group10/ros2_ws/install/r2d10/share/r2d10/worlds/log/build_2025-10-29_10-49-16/events.log
[2.367s] -- Installing: /home/group10/ros2_ws/install/r2d10/share/r2d10/worlds/log/latest_build
[2.368s] -- Installing: /home/group10/ros2_ws/install/r2d10/share/r2d10/worlds/log/COLCON_IGNORE
[2.368s] -- Installing: /home/group10/ros2_ws/install/r2d10/share/r2d10/worlds/log/latest
[2.368s] -- Installing: /home/group10/ros2_ws/install/r2d10/share/r2d10/worlds/church.sdf
[2.368s] -- Installing: /home/group10/ros2_ws/install/r2d10/share/r2d10/worlds/build
[2.368s] -- Installing: /home/group10/ros2_ws/install/r2d10/share/r2d10/worlds/build/.built_by
[2.368s] -- Installing: /home/group10/ros2_ws/install/r2d10/share/r2d10/worlds/build/COLCON_IGNORE
[2.368s] -- Installing: /home/group10/ros2_ws/install/r2d10/share/r2d10/launch
[2.368s] -- Installing: /home/group10/ros2_ws/install/r2d10/share/r2d10/launch/updated_launchfile.py
[2.368s] -- Installing: /home/group10/ros2_ws/install/r2d10/share/r2d10/launch/worldlaunch2.py
[2.368s] -- Installing: /home/group10/ros2_ws/install/r2d10/share/r2d10/launch/world.launch.py
[2.369s] -- Installing: /home/group10/ros2_ws/install/r2d10/share/r2d10/launch/launchfile2.py
[2.369s] -- Installing: /home/group10/ros2_ws/install/r2d10/share/ament_index/resource_index/package_run_dependencies/r2d10
[2.369s] -- Installing: /home/group10/ros2_ws/install/r2d10/share/ament_index/resource_index/parent_prefix_path/r2d10
[2.369s] -- Installing: /home/group10/ros2_ws/install/r2d10/share/r2d10/environment/ament_prefix_path.sh
[2.370s] -- Installing: /home/group10/ros2_ws/install/r2d10/share/r2d10/environment/ament_prefix_path.dsv
[2.370s] -- Installing: /home/group10/ros2_ws/install/r2d10/share/r2d10/environment/path.sh
[2.370s] -- Installing: /home/group10/ros2_ws/install/r2d10/share/r2d10/environment/path.dsv
[2.370s] -- Installing: /home/group10/ros2_ws/install/r2d10/share/r2d10/local_setup.bash
[2.370s] -- Installing: /home/group10/ros2_ws/install/r2d10/share/r2d10/local_setup.sh
[2.370s] -- Installing: /home/group10/ros2_ws/install/r2d10/share/r2d10/local_setup.zsh
[2.370s] -- Installing: /home/group10/ros2_ws/install/r2d10/share/r2d10/local_setup.dsv
[2.371s] -- Installing: /home/group10/ros2_ws/install/r2d10/share/r2d10/package.dsv
[2.371s] -- Installing: /home/group10/ros2_ws/install/r2d10/share/ament_index/resource_index/packages/r2d10
[2.371s] -- Installing: /home/group10/ros2_ws/install/r2d10/share/r2d10/cmake/r2d10Config.cmake
[2.371s] -- Installing: /home/group10/ros2_ws/install/r2d10/share/r2d10/cmake/r2d10Config-version.cmake
[2.371s] -- Installing: /home/group10/ros2_ws/install/r2d10/share/r2d10/package.xml
[2.373s] Invoked command in '/home/group10/ros2_ws/build/r2d10' returned '0': CMAKE_PREFIX_PATH=${CMAKE_PREFIX_PATH}:/home/group10/ros2_ws/install/cmd_vel_bridge:/home/group10/install/control:/home/group10/install/my_arm_service:/home/group10/install/gst_pipeline:/opt/ros/jazzy DEBUGINFOD_URLS=https://debuginfod.ubuntu.com /usr/bin/cmake --install /home/group10/ros2_ws/build/r2d10
