[0.165s] DEBUG:colcon:Command line arguments: ['/usr/bin/colcon', 'build', '--packages-select', 'r2d10']
[0.166s] DEBUG:colcon:Parsed command line arguments: Namespace(log_base=None, log_level=None, verb_name='build', build_base='build', install_base='install', merge_install=False, symlink_install=False, test_result_base=None, continue_on_error=False, executor='parallel', parallel_workers=4, event_handlers=None, ignore_user_meta=False, metas=['./colcon.meta'], base_paths=['.'], packages_ignore=None, packages_ignore_regex=None, paths=None, packages_up_to=None, packages_up_to_regex=None, packages_above=None, packages_above_and_dependencies=None, packages_above_depth=None, packages_select_by_dep=None, packages_skip_by_dep=None, packages_skip_up_to=None, packages_select_build_failed=False, packages_skip_build_finished=False, packages_select_test_failures=False, packages_skip_test_passed=False, packages_select=['r2d10'], packages_skip=None, packages_select_regex=None, packages_skip_regex=None, packages_start=None, packages_end=None, allow_overriding=[], cmake_args=None, cmake_target=None, cmake_target_skip_unavailable=False, cmake_clean_cache=False, cmake_clean_first=False, cmake_force_configure=False, ament_cmake_args=None, catkin_cmake_args=None, catkin_skip_building_tests=False, mixin_files=None, mixin=None, verb_parser=<colcon_mixin.mixin.mixin_argument.MixinArgumentDecorator object at 0x71df4e281820>, verb_extension=<colcon_core.verb.build.BuildVerb object at 0x71df4e3b5df0>, main=<bound method BuildVerb.main of <colcon_core.verb.build.BuildVerb object at 0x71df4e3b5df0>>, mixin_verb=('build',))
[0.224s] Level 1:colcon.colcon_core.package_discovery:discover_packages(colcon_meta) check parameters
[0.224s] Level 1:colcon.colcon_core.package_discovery:discover_packages(recursive) check parameters
[0.224s] Level 1:colcon.colcon_core.package_discovery:discover_packages(ignore) check parameters
[0.224s] Level 1:colcon.colcon_core.package_discovery:discover_packages(path) check parameters
[0.224s] Level 1:colcon.colcon_core.package_discovery:discover_packages(colcon_meta) discover
[0.224s] Level 1:colcon.colcon_core.package_discovery:discover_packages(recursive) discover
[0.224s] INFO:colcon.colcon_core.package_discovery:Crawling recursively for packages in '/home/group10/ros2_ws'
[0.224s] Level 1:colcon.colcon_core.package_identification:_identify(.) by extensions ['ignore', 'ignore_ament_install']
[0.225s] Level 1:colcon.colcon_core.package_identification:_identify(.) by extension 'ignore'
[0.225s] Level 1:colcon.colcon_core.package_identification:_identify(.) by extension 'ignore_ament_install'
[0.225s] Level 1:colcon.colcon_core.package_identification:_identify(.) by extensions ['colcon_pkg']
[0.225s] Level 1:colcon.colcon_core.package_identification:_identify(.) by extension 'colcon_pkg'
[0.225s] Level 1:colcon.colcon_core.package_identification:_identify(.) by extensions ['colcon_meta']
[0.225s] Level 1:colcon.colcon_core.package_identification:_identify(.) by extension 'colcon_meta'
[0.225s] Level 1:colcon.colcon_core.package_identification:_identify(.) by extensions ['ros']
[0.225s] Level 1:colcon.colcon_core.package_identification:_identify(.) by extension 'ros'
[0.264s] Level 1:colcon.colcon_core.package_identification:_identify(.) by extensions ['cmake', 'python']
[0.264s] Level 1:colcon.colcon_core.package_identification:_identify(.) by extension 'cmake'
[0.264s] Level 1:colcon.colcon_core.package_identification:_identify(.) by extension 'python'
[0.264s] Level 1:colcon.colcon_core.package_identification:_identify(.) by extensions ['python_setup_py']
[0.264s] Level 1:colcon.colcon_core.package_identification:_identify(.) by extension 'python_setup_py'
[0.264s] Level 1:colcon.colcon_core.package_identification:_identify(build) by extensions ['ignore', 'ignore_ament_install']
[0.264s] Level 1:colcon.colcon_core.package_identification:_identify(build) by extension 'ignore'
[0.264s] Level 1:colcon.colcon_core.package_identification:_identify(build) ignored
[0.264s] Level 1:colcon.colcon_core.package_identification:_identify(install) by extensions ['ignore', 'ignore_ament_install']
[0.265s] Level 1:colcon.colcon_core.package_identification:_identify(install) by extension 'ignore'
[0.265s] Level 1:colcon.colcon_core.package_identification:_identify(install) ignored
[0.265s] Level 1:colcon.colcon_core.package_identification:_identify(log) by extensions ['ignore', 'ignore_ament_install']
[0.265s] Level 1:colcon.colcon_core.package_identification:_identify(log) by extension 'ignore'
[0.265s] Level 1:colcon.colcon_core.package_identification:_identify(log) ignored
[0.265s] Level 1:colcon.colcon_core.package_identification:_identify(src) by extensions ['ignore', 'ignore_ament_install']
[0.265s] Level 1:colcon.colcon_core.package_identification:_identify(src) by extension 'ignore'
[0.265s] Level 1:colcon.colcon_core.package_identification:_identify(src) by extension 'ignore_ament_install'
[0.265s] Level 1:colcon.colcon_core.package_identification:_identify(src) by extensions ['colcon_pkg']
[0.265s] Level 1:colcon.colcon_core.package_identification:_identify(src) by extension 'colcon_pkg'
[0.265s] Level 1:colcon.colcon_core.package_identification:_identify(src) by extensions ['colcon_meta']
[0.265s] Level 1:colcon.colcon_core.package_identification:_identify(src) by extension 'colcon_meta'
[0.265s] Level 1:colcon.colcon_core.package_identification:_identify(src) by extensions ['ros']
[0.265s] Level 1:colcon.colcon_core.package_identification:_identify(src) by extension 'ros'
[0.265s] Level 1:colcon.colcon_core.package_identification:_identify(src) by extensions ['cmake', 'python']
[0.265s] Level 1:colcon.colcon_core.package_identification:_identify(src) by extension 'cmake'
[0.265s] Level 1:colcon.colcon_core.package_identification:_identify(src) by extension 'python'
[0.266s] Level 1:colcon.colcon_core.package_identification:_identify(src) by extensions ['python_setup_py']
[0.266s] Level 1:colcon.colcon_core.package_identification:_identify(src) by extension 'python_setup_py'
[0.266s] Level 1:colcon.colcon_core.package_identification:_identify(src/r2d10) by extensions ['ignore', 'ignore_ament_install']
[0.266s] Level 1:colcon.colcon_core.package_identification:_identify(src/r2d10) by extension 'ignore'
[0.266s] Level 1:colcon.colcon_core.package_identification:_identify(src/r2d10) by extension 'ignore_ament_install'
[0.266s] Level 1:colcon.colcon_core.package_identification:_identify(src/r2d10) by extensions ['colcon_pkg']
[0.266s] Level 1:colcon.colcon_core.package_identification:_identify(src/r2d10) by extension 'colcon_pkg'
[0.266s] Level 1:colcon.colcon_core.package_identification:_identify(src/r2d10) by extensions ['colcon_meta']
[0.266s] Level 1:colcon.colcon_core.package_identification:_identify(src/r2d10) by extension 'colcon_meta'
[0.266s] Level 1:colcon.colcon_core.package_identification:_identify(src/r2d10) by extensions ['ros']
[0.266s] Level 1:colcon.colcon_core.package_identification:_identify(src/r2d10) by extension 'ros'
[0.270s] DEBUG:colcon.colcon_core.package_identification:Package 'src/r2d10' with type 'ros.ament_cmake' and name 'r2d10'
[0.271s] Level 1:colcon.colcon_core.package_discovery:discover_packages(recursive) using defaults
[0.271s] Level 1:colcon.colcon_core.package_discovery:discover_packages(ignore) discover
[0.271s] Level 1:colcon.colcon_core.package_discovery:discover_packages(ignore) using defaults
[0.271s] Level 1:colcon.colcon_core.package_discovery:discover_packages(path) discover
[0.271s] Level 1:colcon.colcon_core.package_discovery:discover_packages(path) using defaults
[0.296s] Level 1:colcon.colcon_core.package_discovery:discover_packages(prefix_path) check parameters
[0.297s] Level 1:colcon.colcon_core.package_discovery:discover_packages(prefix_path) discover
[0.298s] WARNING:colcon.colcon_ros.prefix_path.ament:The path '/home/group10/ros2_ws/install/r2d10' in the environment variable AMENT_PREFIX_PATH doesn't exist
[0.300s] WARNING:colcon.colcon_ros.prefix_path.catkin:The path '/home/group10/ros2_ws/install/r2d10' in the environment variable CMAKE_PREFIX_PATH doesn't exist
[0.303s] DEBUG:colcon.colcon_installed_package_information.package_discovery:Found 0 installed packages in /home/group10/ros2_ws/install
[0.304s] DEBUG:colcon.colcon_installed_package_information.package_discovery:Found 0 installed packages in /home/group10/ros2_ws/src/r2d10/worlds/install
[0.305s] DEBUG:colcon.colcon_installed_package_information.package_discovery:Found 20 installed packages in /home/group10/install
[0.307s] DEBUG:colcon.colcon_installed_package_information.package_discovery:Found 407 installed packages in /opt/ros/jazzy
[0.311s] Level 1:colcon.colcon_core.package_discovery:discover_packages(prefix_path) using defaults
[0.392s] Level 5:colcon.colcon_core.verb:set package 'r2d10' build argument 'cmake_args' from command line to 'None'
[0.393s] Level 5:colcon.colcon_core.verb:set package 'r2d10' build argument 'cmake_target' from command line to 'None'
[0.393s] Level 5:colcon.colcon_core.verb:set package 'r2d10' build argument 'cmake_target_skip_unavailable' from command line to 'False'
[0.393s] Level 5:colcon.colcon_core.verb:set package 'r2d10' build argument 'cmake_clean_cache' from command line to 'False'
[0.393s] Level 5:colcon.colcon_core.verb:set package 'r2d10' build argument 'cmake_clean_first' from command line to 'False'
[0.393s] Level 5:colcon.colcon_core.verb:set package 'r2d10' build argument 'cmake_force_configure' from command line to 'False'
[0.393s] Level 5:colcon.colcon_core.verb:set package 'r2d10' build argument 'ament_cmake_args' from command line to 'None'
[0.393s] Level 5:colcon.colcon_core.verb:set package 'r2d10' build argument 'catkin_cmake_args' from command line to 'None'
[0.393s] Level 5:colcon.colcon_core.verb:set package 'r2d10' build argument 'catkin_skip_building_tests' from command line to 'False'
[0.393s] DEBUG:colcon.colcon_core.verb:Building package 'r2d10' with the following arguments: {'ament_cmake_args': None, 'build_base': '/home/group10/ros2_ws/build/r2d10', 'catkin_cmake_args': None, 'catkin_skip_building_tests': False, 'cmake_args': None, 'cmake_clean_cache': False, 'cmake_clean_first': False, 'cmake_force_configure': False, 'cmake_target': None, 'cmake_target_skip_unavailable': False, 'install_base': '/home/group10/ros2_ws/install/r2d10', 'merge_install': False, 'path': '/home/group10/ros2_ws/src/r2d10', 'symlink_install': False, 'test_result_base': None}
[0.393s] INFO:colcon.colcon_core.executor:Executing jobs using 'parallel' executor
[0.394s] DEBUG:colcon.colcon_parallel_executor.executor.parallel:run_until_complete
[0.394s] INFO:colcon.colcon_ros.task.ament_cmake.build:Building ROS package in '/home/group10/ros2_ws/src/r2d10' with build type 'ament_cmake'
[0.394s] INFO:colcon.colcon_cmake.task.cmake.build:Building CMake package in '/home/group10/ros2_ws/src/r2d10'
[0.396s] INFO:colcon.colcon_core.plugin_system:Skipping extension 'colcon_core.shell.bat': Not used on non-Windows systems
[0.396s] INFO:colcon.colcon_core.shell:Skip shell extension 'powershell' for command environment: Not usable outside of PowerShell
[0.396s] DEBUG:colcon.colcon_core.shell:Skip shell extension 'dsv' for command environment
[0.415s] DEBUG:colcon.colcon_core.event_handler.log_command:Invoking command in '/home/group10/ros2_ws/build/r2d10': CMAKE_PREFIX_PATH=${CMAKE_PREFIX_PATH}:/home/group10/install/control:/home/group10/install/my_arm_service:/home/group10/install/gst_pipeline:/opt/ros/jazzy DEBUGINFOD_URLS=https://debuginfod.ubuntu.com /usr/bin/cmake /home/group10/ros2_ws/src/r2d10 -DCMAKE_INSTALL_PREFIX=/home/group10/ros2_ws/install/r2d10
[3.340s] DEBUG:colcon.colcon_core.event_handler.log_command:Invoked command in '/home/group10/ros2_ws/build/r2d10' returned '0': CMAKE_PREFIX_PATH=${CMAKE_PREFIX_PATH}:/home/group10/install/control:/home/group10/install/my_arm_service:/home/group10/install/gst_pipeline:/opt/ros/jazzy DEBUGINFOD_URLS=https://debuginfod.ubuntu.com /usr/bin/cmake /home/group10/ros2_ws/src/r2d10 -DCMAKE_INSTALL_PREFIX=/home/group10/ros2_ws/install/r2d10
[3.340s] DEBUG:colcon.colcon_core.event_handler.log_command:Invoking command in '/home/group10/ros2_ws/build/r2d10': CMAKE_PREFIX_PATH=${CMAKE_PREFIX_PATH}:/home/group10/install/control:/home/group10/install/my_arm_service:/home/group10/install/gst_pipeline:/opt/ros/jazzy DEBUGINFOD_URLS=https://debuginfod.ubuntu.com /usr/bin/cmake --build /home/group10/ros2_ws/build/r2d10 -- -j4 -l4
[3.414s] DEBUG:colcon.colcon_core.event_handler.log_command:Invoked command in '/home/group10/ros2_ws/build/r2d10' returned '0': CMAKE_PREFIX_PATH=${CMAKE_PREFIX_PATH}:/home/group10/install/control:/home/group10/install/my_arm_service:/home/group10/install/gst_pipeline:/opt/ros/jazzy DEBUGINFOD_URLS=https://debuginfod.ubuntu.com /usr/bin/cmake --build /home/group10/ros2_ws/build/r2d10 -- -j4 -l4
[3.434s] DEBUG:colcon.colcon_core.event_handler.log_command:Invoking command in '/home/group10/ros2_ws/build/r2d10': CMAKE_PREFIX_PATH=${CMAKE_PREFIX_PATH}:/home/group10/install/control:/home/group10/install/my_arm_service:/home/group10/install/gst_pipeline:/opt/ros/jazzy DEBUGINFOD_URLS=https://debuginfod.ubuntu.com /usr/bin/cmake --install /home/group10/ros2_ws/build/r2d10
[3.546s] Level 1:colcon.colcon_core.environment:create_environment_scripts_only(r2d10)
[3.549s] DEBUG:colcon.colcon_core.event_handler.log_command:Invoked command in '/home/group10/ros2_ws/build/r2d10' returned '0': CMAKE_PREFIX_PATH=${CMAKE_PREFIX_PATH}:/home/group10/install/control:/home/group10/install/my_arm_service:/home/group10/install/gst_pipeline:/opt/ros/jazzy DEBUGINFOD_URLS=https://debuginfod.ubuntu.com /usr/bin/cmake --install /home/group10/ros2_ws/build/r2d10
[3.552s] Level 1:colcon.colcon_core.environment:checking '/home/group10/ros2_ws/install/r2d10' for CMake module files
[3.554s] Level 1:colcon.colcon_core.environment:checking '/home/group10/ros2_ws/install/r2d10' for CMake config files
[3.554s] Level 1:colcon.colcon_core.shell:create_environment_hook('r2d10', 'cmake_prefix_path')
[3.556s] INFO:colcon.colcon_core.shell:Creating environment hook '/home/group10/ros2_ws/install/r2d10/share/r2d10/hook/cmake_prefix_path.ps1'
[3.557s] INFO:colcon.colcon_core.shell:Creating environment descriptor '/home/group10/ros2_ws/install/r2d10/share/r2d10/hook/cmake_prefix_path.dsv'
[3.558s] INFO:colcon.colcon_core.shell:Creating environment hook '/home/group10/ros2_ws/install/r2d10/share/r2d10/hook/cmake_prefix_path.sh'
[3.559s] Level 1:colcon.colcon_core.environment:checking '/home/group10/ros2_ws/install/r2d10/bin'
[3.559s] Level 1:colcon.colcon_core.environment:checking '/home/group10/ros2_ws/install/r2d10/lib/pkgconfig/r2d10.pc'
[3.560s] Level 1:colcon.colcon_core.environment:checking '/home/group10/ros2_ws/install/r2d10/lib/python3.12/site-packages'
[3.560s] Level 1:colcon.colcon_core.environment:checking '/home/group10/ros2_ws/install/r2d10/bin'
[3.560s] INFO:colcon.colcon_core.shell:Creating package script '/home/group10/ros2_ws/install/r2d10/share/r2d10/package.ps1'
[3.561s] INFO:colcon.colcon_core.shell:Creating package descriptor '/home/group10/ros2_ws/install/r2d10/share/r2d10/package.dsv'
[3.561s] INFO:colcon.colcon_core.shell:Creating package script '/home/group10/ros2_ws/install/r2d10/share/r2d10/package.sh'
[3.562s] INFO:colcon.colcon_core.shell:Creating package script '/home/group10/ros2_ws/install/r2d10/share/r2d10/package.bash'
[3.563s] INFO:colcon.colcon_core.shell:Creating package script '/home/group10/ros2_ws/install/r2d10/share/r2d10/package.zsh'
[3.563s] Level 1:colcon.colcon_core.environment:create_file_with_runtime_dependencies(/home/group10/ros2_ws/install/r2d10/share/colcon-core/packages/r2d10)
[3.565s] Level 1:colcon.colcon_core.environment:create_environment_scripts_only(r2d10)
[3.566s] Level 1:colcon.colcon_core.environment:checking '/home/group10/ros2_ws/install/r2d10' for CMake module files
[3.568s] Level 1:colcon.colcon_core.environment:checking '/home/group10/ros2_ws/install/r2d10' for CMake config files
[3.568s] Level 1:colcon.colcon_core.shell:create_environment_hook('r2d10', 'cmake_prefix_path')
[3.568s] INFO:colcon.colcon_core.shell:Creating environment hook '/home/group10/ros2_ws/install/r2d10/share/r2d10/hook/cmake_prefix_path.ps1'
[3.569s] INFO:colcon.colcon_core.shell:Creating environment descriptor '/home/group10/ros2_ws/install/r2d10/share/r2d10/hook/cmake_prefix_path.dsv'
[3.569s] INFO:colcon.colcon_core.shell:Creating environment hook '/home/group10/ros2_ws/install/r2d10/share/r2d10/hook/cmake_prefix_path.sh'
[3.570s] Level 1:colcon.colcon_core.environment:checking '/home/group10/ros2_ws/install/r2d10/bin'
[3.570s] Level 1:colcon.colcon_core.environment:checking '/home/group10/ros2_ws/install/r2d10/lib/pkgconfig/r2d10.pc'
[3.571s] Level 1:colcon.colcon_core.environment:checking '/home/group10/ros2_ws/install/r2d10/lib/python3.12/site-packages'
[3.571s] Level 1:colcon.colcon_core.environment:checking '/home/group10/ros2_ws/install/r2d10/bin'
[3.572s] INFO:colcon.colcon_core.shell:Creating package script '/home/group10/ros2_ws/install/r2d10/share/r2d10/package.ps1'
[3.573s] INFO:colcon.colcon_core.shell:Creating package descriptor '/home/group10/ros2_ws/install/r2d10/share/r2d10/package.dsv'
[3.574s] INFO:colcon.colcon_core.shell:Creating package script '/home/group10/ros2_ws/install/r2d10/share/r2d10/package.sh'
[3.574s] INFO:colcon.colcon_core.shell:Creating package script '/home/group10/ros2_ws/install/r2d10/share/r2d10/package.bash'
[3.574s] INFO:colcon.colcon_core.shell:Creating package script '/home/group10/ros2_ws/install/r2d10/share/r2d10/package.zsh'
[3.575s] Level 1:colcon.colcon_core.environment:create_file_with_runtime_dependencies(/home/group10/ros2_ws/install/r2d10/share/colcon-core/packages/r2d10)
[3.575s] DEBUG:colcon.colcon_parallel_executor.executor.parallel:closing loop
[3.575s] DEBUG:colcon.colcon_parallel_executor.executor.parallel:loop closed
[3.575s] DEBUG:colcon.colcon_parallel_executor.executor.parallel:run_until_complete finished with '0'
[3.575s] DEBUG:colcon.colcon_core.event_reactor:joining thread
[3.586s] INFO:colcon.colcon_core.plugin_system:Skipping extension 'colcon_notification.desktop_notification.terminal_notifier': Not used on non-Darwin systems
[3.586s] INFO:colcon.colcon_core.plugin_system:Skipping extension 'colcon_notification.desktop_notification.win32': Not used on non-Windows systems
[3.586s] INFO:colcon.colcon_notification.desktop_notification:Sending desktop notification using 'notify2'
[3.606s] DEBUG:colcon.colcon_core.event_reactor:joined thread
[3.607s] INFO:colcon.colcon_core.shell:Creating prefix script '/home/group10/ros2_ws/install/local_setup.ps1'
[3.608s] INFO:colcon.colcon_core.shell:Creating prefix util module '/home/group10/ros2_ws/install/_local_setup_util_ps1.py'
[3.609s] INFO:colcon.colcon_core.shell:Creating prefix chain script '/home/group10/ros2_ws/install/setup.ps1'
[3.612s] INFO:colcon.colcon_core.shell:Creating prefix script '/home/group10/ros2_ws/install/local_setup.sh'
[3.612s] INFO:colcon.colcon_core.shell:Creating prefix util module '/home/group10/ros2_ws/install/_local_setup_util_sh.py'
[3.613s] INFO:colcon.colcon_core.shell:Creating prefix chain script '/home/group10/ros2_ws/install/setup.sh'
[3.617s] INFO:colcon.colcon_core.shell:Creating prefix script '/home/group10/ros2_ws/install/local_setup.bash'
[3.617s] INFO:colcon.colcon_core.shell:Creating prefix chain script '/home/group10/ros2_ws/install/setup.bash'
[3.619s] INFO:colcon.colcon_core.shell:Creating prefix script '/home/group10/ros2_ws/install/local_setup.zsh'
[3.621s] INFO:colcon.colcon_core.shell:Creating prefix chain script '/home/group10/ros2_ws/install/setup.zsh'
