[0.113s] DEBUG:colcon:Command line arguments: ['/usr/bin/colcon', 'build']
[0.113s] DEBUG:colcon:Parsed command line arguments: Namespace(log_base=None, log_level=None, verb_name='build', build_base='build', install_base='install', merge_install=False, symlink_install=False, test_result_base=None, continue_on_error=False, executor='parallel', parallel_workers=4, event_handlers=None, ignore_user_meta=False, metas=['./colcon.meta'], base_paths=['.'], packages_ignore=None, packages_ignore_regex=None, paths=None, packages_up_to=None, packages_up_to_regex=None, packages_above=None, packages_above_and_dependencies=None, packages_above_depth=None, packages_select_by_dep=None, packages_skip_by_dep=None, packages_skip_up_to=None, packages_select_build_failed=False, packages_skip_build_finished=False, packages_select_test_failures=False, packages_skip_test_passed=False, packages_select=None, packages_skip=None, packages_select_regex=None, packages_skip_regex=None, packages_start=None, packages_end=None, allow_overriding=[], cmake_args=None, cmake_target=None, cmake_target_skip_unavailable=False, cmake_clean_cache=False, cmake_clean_first=False, cmake_force_configure=False, ament_cmake_args=None, catkin_cmake_args=None, catkin_skip_building_tests=False, mixin_files=None, mixin=None, verb_parser=<colcon_mixin.mixin.mixin_argument.MixinArgumentDecorator object at 0x74ad39ca9760>, verb_extension=<colcon_core.verb.build.BuildVerb object at 0x74ad39de17c0>, main=<bound method BuildVerb.main of <colcon_core.verb.build.BuildVerb object at 0x74ad39de17c0>>, mixin_verb=('build',))
[0.152s] Level 1:colcon.colcon_core.package_discovery:discover_packages(colcon_meta) check parameters
[0.152s] Level 1:colcon.colcon_core.package_discovery:discover_packages(recursive) check parameters
[0.152s] Level 1:colcon.colcon_core.package_discovery:discover_packages(ignore) check parameters
[0.152s] Level 1:colcon.colcon_core.package_discovery:discover_packages(path) check parameters
[0.152s] Level 1:colcon.colcon_core.package_discovery:discover_packages(colcon_meta) discover
[0.152s] Level 1:colcon.colcon_core.package_discovery:discover_packages(recursive) discover
[0.152s] INFO:colcon.colcon_core.package_discovery:Crawling recursively for packages in '/home/group10/ros2_ws'
[0.152s] Level 1:colcon.colcon_core.package_identification:_identify(.) by extensions ['ignore', 'ignore_ament_install']
[0.152s] Level 1:colcon.colcon_core.package_identification:_identify(.) by extension 'ignore'
[0.152s] Level 1:colcon.colcon_core.package_identification:_identify(.) by extension 'ignore_ament_install'
[0.152s] Level 1:colcon.colcon_core.package_identification:_identify(.) by extensions ['colcon_pkg']
[0.152s] Level 1:colcon.colcon_core.package_identification:_identify(.) by extension 'colcon_pkg'
[0.152s] Level 1:colcon.colcon_core.package_identification:_identify(.) by extensions ['colcon_meta']
[0.152s] Level 1:colcon.colcon_core.package_identification:_identify(.) by extension 'colcon_meta'
[0.152s] Level 1:colcon.colcon_core.package_identification:_identify(.) by extensions ['ros']
[0.152s] Level 1:colcon.colcon_core.package_identification:_identify(.) by extension 'ros'
[0.177s] Level 1:colcon.colcon_core.package_identification:_identify(.) by extensions ['cmake', 'python']
[0.177s] Level 1:colcon.colcon_core.package_identification:_identify(.) by extension 'cmake'
[0.177s] Level 1:colcon.colcon_core.package_identification:_identify(.) by extension 'python'
[0.178s] Level 1:colcon.colcon_core.package_identification:_identify(.) by extensions ['python_setup_py']
[0.178s] Level 1:colcon.colcon_core.package_identification:_identify(.) by extension 'python_setup_py'
[0.178s] Level 1:colcon.colcon_core.package_identification:_identify(build) by extensions ['ignore', 'ignore_ament_install']
[0.178s] Level 1:colcon.colcon_core.package_identification:_identify(build) by extension 'ignore'
[0.178s] Level 1:colcon.colcon_core.package_identification:_identify(build) ignored
[0.178s] Level 1:colcon.colcon_core.package_identification:_identify(install) by extensions ['ignore', 'ignore_ament_install']
[0.178s] Level 1:colcon.colcon_core.package_identification:_identify(install) by extension 'ignore'
[0.178s] Level 1:colcon.colcon_core.package_identification:_identify(install) ignored
[0.178s] Level 1:colcon.colcon_core.package_identification:_identify(launch) by extensions ['ignore', 'ignore_ament_install']
[0.178s] Level 1:colcon.colcon_core.package_identification:_identify(launch) by extension 'ignore'
[0.178s] Level 1:colcon.colcon_core.package_identification:_identify(launch) by extension 'ignore_ament_install'
[0.178s] Level 1:colcon.colcon_core.package_identification:_identify(launch) by extensions ['colcon_pkg']
[0.179s] Level 1:colcon.colcon_core.package_identification:_identify(launch) by extension 'colcon_pkg'
[0.179s] Level 1:colcon.colcon_core.package_identification:_identify(launch) by extensions ['colcon_meta']
[0.179s] Level 1:colcon.colcon_core.package_identification:_identify(launch) by extension 'colcon_meta'
[0.179s] Level 1:colcon.colcon_core.package_identification:_identify(launch) by extensions ['ros']
[0.179s] Level 1:colcon.colcon_core.package_identification:_identify(launch) by extension 'ros'
[0.179s] Level 1:colcon.colcon_core.package_identification:_identify(launch) by extensions ['cmake', 'python']
[0.179s] Level 1:colcon.colcon_core.package_identification:_identify(launch) by extension 'cmake'
[0.179s] Level 1:colcon.colcon_core.package_identification:_identify(launch) by extension 'python'
[0.179s] Level 1:colcon.colcon_core.package_identification:_identify(launch) by extensions ['python_setup_py']
[0.179s] Level 1:colcon.colcon_core.package_identification:_identify(launch) by extension 'python_setup_py'
[0.179s] Level 1:colcon.colcon_core.package_identification:_identify(log) by extensions ['ignore', 'ignore_ament_install']
[0.179s] Level 1:colcon.colcon_core.package_identification:_identify(log) by extension 'ignore'
[0.179s] Level 1:colcon.colcon_core.package_identification:_identify(log) ignored
[0.179s] Level 1:colcon.colcon_core.package_identification:_identify(meshes) by extensions ['ignore', 'ignore_ament_install']
[0.179s] Level 1:colcon.colcon_core.package_identification:_identify(meshes) by extension 'ignore'
[0.179s] Level 1:colcon.colcon_core.package_identification:_identify(meshes) by extension 'ignore_ament_install'
[0.179s] Level 1:colcon.colcon_core.package_identification:_identify(meshes) by extensions ['colcon_pkg']
[0.179s] Level 1:colcon.colcon_core.package_identification:_identify(meshes) by extension 'colcon_pkg'
[0.180s] Level 1:colcon.colcon_core.package_identification:_identify(meshes) by extensions ['colcon_meta']
[0.180s] Level 1:colcon.colcon_core.package_identification:_identify(meshes) by extension 'colcon_meta'
[0.180s] Level 1:colcon.colcon_core.package_identification:_identify(meshes) by extensions ['ros']
[0.180s] Level 1:colcon.colcon_core.package_identification:_identify(meshes) by extension 'ros'
[0.180s] Level 1:colcon.colcon_core.package_identification:_identify(meshes) by extensions ['cmake', 'python']
[0.180s] Level 1:colcon.colcon_core.package_identification:_identify(meshes) by extension 'cmake'
[0.180s] Level 1:colcon.colcon_core.package_identification:_identify(meshes) by extension 'python'
[0.180s] Level 1:colcon.colcon_core.package_identification:_identify(meshes) by extensions ['python_setup_py']
[0.180s] Level 1:colcon.colcon_core.package_identification:_identify(meshes) by extension 'python_setup_py'
[0.180s] Level 1:colcon.colcon_core.package_identification:_identify(rviz) by extensions ['ignore', 'ignore_ament_install']
[0.180s] Level 1:colcon.colcon_core.package_identification:_identify(rviz) by extension 'ignore'
[0.180s] Level 1:colcon.colcon_core.package_identification:_identify(rviz) by extension 'ignore_ament_install'
[0.180s] Level 1:colcon.colcon_core.package_identification:_identify(rviz) by extensions ['colcon_pkg']
[0.180s] Level 1:colcon.colcon_core.package_identification:_identify(rviz) by extension 'colcon_pkg'
[0.180s] Level 1:colcon.colcon_core.package_identification:_identify(rviz) by extensions ['colcon_meta']
[0.180s] Level 1:colcon.colcon_core.package_identification:_identify(rviz) by extension 'colcon_meta'
[0.180s] Level 1:colcon.colcon_core.package_identification:_identify(rviz) by extensions ['ros']
[0.180s] Level 1:colcon.colcon_core.package_identification:_identify(rviz) by extension 'ros'
[0.180s] Level 1:colcon.colcon_core.package_identification:_identify(rviz) by extensions ['cmake', 'python']
[0.180s] Level 1:colcon.colcon_core.package_identification:_identify(rviz) by extension 'cmake'
[0.180s] Level 1:colcon.colcon_core.package_identification:_identify(rviz) by extension 'python'
[0.181s] Level 1:colcon.colcon_core.package_identification:_identify(rviz) by extensions ['python_setup_py']
[0.181s] Level 1:colcon.colcon_core.package_identification:_identify(rviz) by extension 'python_setup_py'
[0.181s] Level 1:colcon.colcon_core.package_identification:_identify(src) by extensions ['ignore', 'ignore_ament_install']
[0.181s] Level 1:colcon.colcon_core.package_identification:_identify(src) by extension 'ignore'
[0.181s] Level 1:colcon.colcon_core.package_identification:_identify(src) by extension 'ignore_ament_install'
[0.181s] Level 1:colcon.colcon_core.package_identification:_identify(src) by extensions ['colcon_pkg']
[0.181s] Level 1:colcon.colcon_core.package_identification:_identify(src) by extension 'colcon_pkg'
[0.181s] Level 1:colcon.colcon_core.package_identification:_identify(src) by extensions ['colcon_meta']
[0.181s] Level 1:colcon.colcon_core.package_identification:_identify(src) by extension 'colcon_meta'
[0.181s] Level 1:colcon.colcon_core.package_identification:_identify(src) by extensions ['ros']
[0.181s] Level 1:colcon.colcon_core.package_identification:_identify(src) by extension 'ros'
[0.181s] Level 1:colcon.colcon_core.package_identification:_identify(src) by extensions ['cmake', 'python']
[0.181s] Level 1:colcon.colcon_core.package_identification:_identify(src) by extension 'cmake'
[0.181s] Level 1:colcon.colcon_core.package_identification:_identify(src) by extension 'python'
[0.181s] Level 1:colcon.colcon_core.package_identification:_identify(src) by extensions ['python_setup_py']
[0.181s] Level 1:colcon.colcon_core.package_identification:_identify(src) by extension 'python_setup_py'
[0.181s] Level 1:colcon.colcon_core.package_identification:_identify(src/cmd_vel_bridge) by extensions ['ignore', 'ignore_ament_install']
[0.181s] Level 1:colcon.colcon_core.package_identification:_identify(src/cmd_vel_bridge) by extension 'ignore'
[0.181s] Level 1:colcon.colcon_core.package_identification:_identify(src/cmd_vel_bridge) by extension 'ignore_ament_install'
[0.182s] Level 1:colcon.colcon_core.package_identification:_identify(src/cmd_vel_bridge) by extensions ['colcon_pkg']
[0.182s] Level 1:colcon.colcon_core.package_identification:_identify(src/cmd_vel_bridge) by extension 'colcon_pkg'
[0.182s] Level 1:colcon.colcon_core.package_identification:_identify(src/cmd_vel_bridge) by extensions ['colcon_meta']
[0.182s] Level 1:colcon.colcon_core.package_identification:_identify(src/cmd_vel_bridge) by extension 'colcon_meta'
[0.182s] Level 1:colcon.colcon_core.package_identification:_identify(src/cmd_vel_bridge) by extensions ['ros']
[0.182s] Level 1:colcon.colcon_core.package_identification:_identify(src/cmd_vel_bridge) by extension 'ros'
[0.184s] DEBUG:colcon.colcon_core.package_identification:Package 'src/cmd_vel_bridge' with type 'ros.ament_python' and name 'cmd_vel_bridge'
[0.184s] Level 1:colcon.colcon_core.package_identification:_identify(src/r2d10) by extensions ['ignore', 'ignore_ament_install']
[0.184s] Level 1:colcon.colcon_core.package_identification:_identify(src/r2d10) by extension 'ignore'
[0.184s] Level 1:colcon.colcon_core.package_identification:_identify(src/r2d10) by extension 'ignore_ament_install'
[0.184s] Level 1:colcon.colcon_core.package_identification:_identify(src/r2d10) by extensions ['colcon_pkg']
[0.184s] Level 1:colcon.colcon_core.package_identification:_identify(src/r2d10) by extension 'colcon_pkg'
[0.184s] Level 1:colcon.colcon_core.package_identification:_identify(src/r2d10) by extensions ['colcon_meta']
[0.185s] Level 1:colcon.colcon_core.package_identification:_identify(src/r2d10) by extension 'colcon_meta'
[0.185s] Level 1:colcon.colcon_core.package_identification:_identify(src/r2d10) by extensions ['ros']
[0.185s] Level 1:colcon.colcon_core.package_identification:_identify(src/r2d10) by extension 'ros'
[0.185s] DEBUG:colcon.colcon_core.package_identification:Package 'src/r2d10' with type 'ros.ament_cmake' and name 'r2d10'
[0.185s] Level 1:colcon.colcon_core.package_identification:_identify(urdf) by extensions ['ignore', 'ignore_ament_install']
[0.185s] Level 1:colcon.colcon_core.package_identification:_identify(urdf) by extension 'ignore'
[0.185s] Level 1:colcon.colcon_core.package_identification:_identify(urdf) by extension 'ignore_ament_install'
[0.186s] Level 1:colcon.colcon_core.package_identification:_identify(urdf) by extensions ['colcon_pkg']
[0.186s] Level 1:colcon.colcon_core.package_identification:_identify(urdf) by extension 'colcon_pkg'
[0.186s] Level 1:colcon.colcon_core.package_identification:_identify(urdf) by extensions ['colcon_meta']
[0.186s] Level 1:colcon.colcon_core.package_identification:_identify(urdf) by extension 'colcon_meta'
[0.186s] Level 1:colcon.colcon_core.package_identification:_identify(urdf) by extensions ['ros']
[0.186s] Level 1:colcon.colcon_core.package_identification:_identify(urdf) by extension 'ros'
[0.186s] Level 1:colcon.colcon_core.package_identification:_identify(urdf) by extensions ['cmake', 'python']
[0.186s] Level 1:colcon.colcon_core.package_identification:_identify(urdf) by extension 'cmake'
[0.186s] Level 1:colcon.colcon_core.package_identification:_identify(urdf) by extension 'python'
[0.186s] Level 1:colcon.colcon_core.package_identification:_identify(urdf) by extensions ['python_setup_py']
[0.186s] Level 1:colcon.colcon_core.package_identification:_identify(urdf) by extension 'python_setup_py'
[0.186s] Level 1:colcon.colcon_core.package_identification:_identify(worlds) by extensions ['ignore', 'ignore_ament_install']
[0.186s] Level 1:colcon.colcon_core.package_identification:_identify(worlds) by extension 'ignore'
[0.186s] Level 1:colcon.colcon_core.package_identification:_identify(worlds) by extension 'ignore_ament_install'
[0.186s] Level 1:colcon.colcon_core.package_identification:_identify(worlds) by extensions ['colcon_pkg']
[0.186s] Level 1:colcon.colcon_core.package_identification:_identify(worlds) by extension 'colcon_pkg'
[0.186s] Level 1:colcon.colcon_core.package_identification:_identify(worlds) by extensions ['colcon_meta']
[0.186s] Level 1:colcon.colcon_core.package_identification:_identify(worlds) by extension 'colcon_meta'
[0.186s] Level 1:colcon.colcon_core.package_identification:_identify(worlds) by extensions ['ros']
[0.186s] Level 1:colcon.colcon_core.package_identification:_identify(worlds) by extension 'ros'
[0.187s] Level 1:colcon.colcon_core.package_identification:_identify(worlds) by extensions ['cmake', 'python']
[0.187s] Level 1:colcon.colcon_core.package_identification:_identify(worlds) by extension 'cmake'
[0.187s] Level 1:colcon.colcon_core.package_identification:_identify(worlds) by extension 'python'
[0.187s] Level 1:colcon.colcon_core.package_identification:_identify(worlds) by extensions ['python_setup_py']
[0.187s] Level 1:colcon.colcon_core.package_identification:_identify(worlds) by extension 'python_setup_py'
[0.187s] Level 1:colcon.colcon_core.package_identification:_identify(worlds/build) by extensions ['ignore', 'ignore_ament_install']
[0.187s] Level 1:colcon.colcon_core.package_identification:_identify(worlds/build) by extension 'ignore'
[0.187s] Level 1:colcon.colcon_core.package_identification:_identify(worlds/build) ignored
[0.187s] Level 1:colcon.colcon_core.package_identification:_identify(worlds/install) by extensions ['ignore', 'ignore_ament_install']
[0.187s] Level 1:colcon.colcon_core.package_identification:_identify(worlds/install) by extension 'ignore'
[0.187s] Level 1:colcon.colcon_core.package_identification:_identify(worlds/install) ignored
[0.187s] Level 1:colcon.colcon_core.package_identification:_identify(worlds/log) by extensions ['ignore', 'ignore_ament_install']
[0.187s] Level 1:colcon.colcon_core.package_identification:_identify(worlds/log) by extension 'ignore'
[0.187s] Level 1:colcon.colcon_core.package_identification:_identify(worlds/log) ignored
[0.187s] Level 1:colcon.colcon_core.package_identification:_identify(worlds/models) by extensions ['ignore', 'ignore_ament_install']
[0.188s] Level 1:colcon.colcon_core.package_identification:_identify(worlds/models) by extension 'ignore'
[0.188s] Level 1:colcon.colcon_core.package_identification:_identify(worlds/models) by extension 'ignore_ament_install'
[0.188s] Level 1:colcon.colcon_core.package_identification:_identify(worlds/models) by extensions ['colcon_pkg']
[0.188s] Level 1:colcon.colcon_core.package_identification:_identify(worlds/models) by extension 'colcon_pkg'
[0.188s] Level 1:colcon.colcon_core.package_identification:_identify(worlds/models) by extensions ['colcon_meta']
[0.188s] Level 1:colcon.colcon_core.package_identification:_identify(worlds/models) by extension 'colcon_meta'
[0.188s] Level 1:colcon.colcon_core.package_identification:_identify(worlds/models) by extensions ['ros']
[0.188s] Level 1:colcon.colcon_core.package_identification:_identify(worlds/models) by extension 'ros'
[0.188s] Level 1:colcon.colcon_core.package_identification:_identify(worlds/models) by extensions ['cmake', 'python']
[0.188s] Level 1:colcon.colcon_core.package_identification:_identify(worlds/models) by extension 'cmake'
[0.188s] Level 1:colcon.colcon_core.package_identification:_identify(worlds/models) by extension 'python'
[0.188s] Level 1:colcon.colcon_core.package_identification:_identify(worlds/models) by extensions ['python_setup_py']
[0.188s] Level 1:colcon.colcon_core.package_identification:_identify(worlds/models) by extension 'python_setup_py'
[0.188s] Level 1:colcon.colcon_core.package_identification:_identify(worlds/models/actor) by extensions ['ignore', 'ignore_ament_install']
[0.188s] Level 1:colcon.colcon_core.package_identification:_identify(worlds/models/actor) by extension 'ignore'
[0.188s] Level 1:colcon.colcon_core.package_identification:_identify(worlds/models/actor) by extension 'ignore_ament_install'
[0.188s] Level 1:colcon.colcon_core.package_identification:_identify(worlds/models/actor) by extensions ['colcon_pkg']
[0.189s] Level 1:colcon.colcon_core.package_identification:_identify(worlds/models/actor) by extension 'colcon_pkg'
[0.189s] Level 1:colcon.colcon_core.package_identification:_identify(worlds/models/actor) by extensions ['colcon_meta']
[0.189s] Level 1:colcon.colcon_core.package_identification:_identify(worlds/models/actor) by extension 'colcon_meta'
[0.189s] Level 1:colcon.colcon_core.package_identification:_identify(worlds/models/actor) by extensions ['ros']
[0.189s] Level 1:colcon.colcon_core.package_identification:_identify(worlds/models/actor) by extension 'ros'
[0.189s] Level 1:colcon.colcon_core.package_identification:_identify(worlds/models/actor) by extensions ['cmake', 'python']
[0.189s] Level 1:colcon.colcon_core.package_identification:_identify(worlds/models/actor) by extension 'cmake'
[0.189s] Level 1:colcon.colcon_core.package_identification:_identify(worlds/models/actor) by extension 'python'
[0.189s] Level 1:colcon.colcon_core.package_identification:_identify(worlds/models/actor) by extensions ['python_setup_py']
[0.189s] Level 1:colcon.colcon_core.package_identification:_identify(worlds/models/actor) by extension 'python_setup_py'
[0.189s] Level 1:colcon.colcon_core.package_identification:_identify(worlds/models/actor/meshes) by extensions ['ignore', 'ignore_ament_install']
[0.189s] Level 1:colcon.colcon_core.package_identification:_identify(worlds/models/actor/meshes) by extension 'ignore'
[0.189s] Level 1:colcon.colcon_core.package_identification:_identify(worlds/models/actor/meshes) by extension 'ignore_ament_install'
[0.189s] Level 1:colcon.colcon_core.package_identification:_identify(worlds/models/actor/meshes) by extensions ['colcon_pkg']
[0.189s] Level 1:colcon.colcon_core.package_identification:_identify(worlds/models/actor/meshes) by extension 'colcon_pkg'
[0.190s] Level 1:colcon.colcon_core.package_identification:_identify(worlds/models/actor/meshes) by extensions ['colcon_meta']
[0.190s] Level 1:colcon.colcon_core.package_identification:_identify(worlds/models/actor/meshes) by extension 'colcon_meta'
[0.190s] Level 1:colcon.colcon_core.package_identification:_identify(worlds/models/actor/meshes) by extensions ['ros']
[0.190s] Level 1:colcon.colcon_core.package_identification:_identify(worlds/models/actor/meshes) by extension 'ros'
[0.190s] Level 1:colcon.colcon_core.package_identification:_identify(worlds/models/actor/meshes) by extensions ['cmake', 'python']
[0.190s] Level 1:colcon.colcon_core.package_identification:_identify(worlds/models/actor/meshes) by extension 'cmake'
[0.190s] Level 1:colcon.colcon_core.package_identification:_identify(worlds/models/actor/meshes) by extension 'python'
[0.190s] Level 1:colcon.colcon_core.package_identification:_identify(worlds/models/actor/meshes) by extensions ['python_setup_py']
[0.190s] Level 1:colcon.colcon_core.package_identification:_identify(worlds/models/actor/meshes) by extension 'python_setup_py'
[0.190s] Level 1:colcon.colcon_core.package_identification:_identify(worlds/models/actor/thumbnails) by extensions ['ignore', 'ignore_ament_install']
[0.190s] Level 1:colcon.colcon_core.package_identification:_identify(worlds/models/actor/thumbnails) by extension 'ignore'
[0.190s] Level 1:colcon.colcon_core.package_identification:_identify(worlds/models/actor/thumbnails) by extension 'ignore_ament_install'
[0.190s] Level 1:colcon.colcon_core.package_identification:_identify(worlds/models/actor/thumbnails) by extensions ['colcon_pkg']
[0.190s] Level 1:colcon.colcon_core.package_identification:_identify(worlds/models/actor/thumbnails) by extension 'colcon_pkg'
[0.190s] Level 1:colcon.colcon_core.package_identification:_identify(worlds/models/actor/thumbnails) by extensions ['colcon_meta']
[0.190s] Level 1:colcon.colcon_core.package_identification:_identify(worlds/models/actor/thumbnails) by extension 'colcon_meta'
[0.190s] Level 1:colcon.colcon_core.package_identification:_identify(worlds/models/actor/thumbnails) by extensions ['ros']
[0.190s] Level 1:colcon.colcon_core.package_identification:_identify(worlds/models/actor/thumbnails) by extension 'ros'
[0.190s] Level 1:colcon.colcon_core.package_identification:_identify(worlds/models/actor/thumbnails) by extensions ['cmake', 'python']
[0.191s] Level 1:colcon.colcon_core.package_identification:_identify(worlds/models/actor/thumbnails) by extension 'cmake'
[0.191s] Level 1:colcon.colcon_core.package_identification:_identify(worlds/models/actor/thumbnails) by extension 'python'
[0.191s] Level 1:colcon.colcon_core.package_identification:_identify(worlds/models/actor/thumbnails) by extensions ['python_setup_py']
[0.191s] Level 1:colcon.colcon_core.package_identification:_identify(worlds/models/actor/thumbnails) by extension 'python_setup_py'
[0.191s] Level 1:colcon.colcon_core.package_identification:_identify(worlds/models/bookshelf) by extensions ['ignore', 'ignore_ament_install']
[0.191s] Level 1:colcon.colcon_core.package_identification:_identify(worlds/models/bookshelf) by extension 'ignore'
[0.191s] Level 1:colcon.colcon_core.package_identification:_identify(worlds/models/bookshelf) by extension 'ignore_ament_install'
[0.191s] Level 1:colcon.colcon_core.package_identification:_identify(worlds/models/bookshelf) by extensions ['colcon_pkg']
[0.191s] Level 1:colcon.colcon_core.package_identification:_identify(worlds/models/bookshelf) by extension 'colcon_pkg'
[0.191s] Level 1:colcon.colcon_core.package_identification:_identify(worlds/models/bookshelf) by extensions ['colcon_meta']
[0.191s] Level 1:colcon.colcon_core.package_identification:_identify(worlds/models/bookshelf) by extension 'colcon_meta'
[0.191s] Level 1:colcon.colcon_core.package_identification:_identify(worlds/models/bookshelf) by extensions ['ros']
[0.191s] Level 1:colcon.colcon_core.package_identification:_identify(worlds/models/bookshelf) by extension 'ros'
[0.191s] Level 1:colcon.colcon_core.package_identification:_identify(worlds/models/bookshelf) by extensions ['cmake', 'python']
[0.191s] Level 1:colcon.colcon_core.package_identification:_identify(worlds/models/bookshelf) by extension 'cmake'
[0.191s] Level 1:colcon.colcon_core.package_identification:_identify(worlds/models/bookshelf) by extension 'python'
[0.191s] Level 1:colcon.colcon_core.package_identification:_identify(worlds/models/bookshelf) by extensions ['python_setup_py']
[0.191s] Level 1:colcon.colcon_core.package_identification:_identify(worlds/models/bookshelf) by extension 'python_setup_py'
[0.191s] Level 1:colcon.colcon_core.package_identification:_identify(worlds/models/bookshelf/thumbnails) by extensions ['ignore', 'ignore_ament_install']
[0.192s] Level 1:colcon.colcon_core.package_identification:_identify(worlds/models/bookshelf/thumbnails) by extension 'ignore'
[0.192s] Level 1:colcon.colcon_core.package_identification:_identify(worlds/models/bookshelf/thumbnails) by extension 'ignore_ament_install'
[0.192s] Level 1:colcon.colcon_core.package_identification:_identify(worlds/models/bookshelf/thumbnails) by extensions ['colcon_pkg']
[0.192s] Level 1:colcon.colcon_core.package_identification:_identify(worlds/models/bookshelf/thumbnails) by extension 'colcon_pkg'
[0.192s] Level 1:colcon.colcon_core.package_identification:_identify(worlds/models/bookshelf/thumbnails) by extensions ['colcon_meta']
[0.192s] Level 1:colcon.colcon_core.package_identification:_identify(worlds/models/bookshelf/thumbnails) by extension 'colcon_meta'
[0.192s] Level 1:colcon.colcon_core.package_identification:_identify(worlds/models/bookshelf/thumbnails) by extensions ['ros']
[0.192s] Level 1:colcon.colcon_core.package_identification:_identify(worlds/models/bookshelf/thumbnails) by extension 'ros'
[0.192s] Level 1:colcon.colcon_core.package_identification:_identify(worlds/models/bookshelf/thumbnails) by extensions ['cmake', 'python']
[0.192s] Level 1:colcon.colcon_core.package_identification:_identify(worlds/models/bookshelf/thumbnails) by extension 'cmake'
[0.192s] Level 1:colcon.colcon_core.package_identification:_identify(worlds/models/bookshelf/thumbnails) by extension 'python'
[0.192s] Level 1:colcon.colcon_core.package_identification:_identify(worlds/models/bookshelf/thumbnails) by extensions ['python_setup_py']
[0.192s] Level 1:colcon.colcon_core.package_identification:_identify(worlds/models/bookshelf/thumbnails) by extension 'python_setup_py'
[0.192s] Level 1:colcon.colcon_core.package_identification:_identify(worlds/models/cricket ball) by extensions ['ignore', 'ignore_ament_install']
[0.192s] Level 1:colcon.colcon_core.package_identification:_identify(worlds/models/cricket ball) by extension 'ignore'
[0.192s] Level 1:colcon.colcon_core.package_identification:_identify(worlds/models/cricket ball) by extension 'ignore_ament_install'
[0.192s] Level 1:colcon.colcon_core.package_identification:_identify(worlds/models/cricket ball) by extensions ['colcon_pkg']
[0.192s] Level 1:colcon.colcon_core.package_identification:_identify(worlds/models/cricket ball) by extension 'colcon_pkg'
[0.193s] Level 1:colcon.colcon_core.package_identification:_identify(worlds/models/cricket ball) by extensions ['colcon_meta']
[0.193s] Level 1:colcon.colcon_core.package_identification:_identify(worlds/models/cricket ball) by extension 'colcon_meta'
[0.193s] Level 1:colcon.colcon_core.package_identification:_identify(worlds/models/cricket ball) by extensions ['ros']
[0.193s] Level 1:colcon.colcon_core.package_identification:_identify(worlds/models/cricket ball) by extension 'ros'
[0.193s] Level 1:colcon.colcon_core.package_identification:_identify(worlds/models/cricket ball) by extensions ['cmake', 'python']
[0.193s] Level 1:colcon.colcon_core.package_identification:_identify(worlds/models/cricket ball) by extension 'cmake'
[0.193s] Level 1:colcon.colcon_core.package_identification:_identify(worlds/models/cricket ball) by extension 'python'
[0.193s] Level 1:colcon.colcon_core.package_identification:_identify(worlds/models/cricket ball) by extensions ['python_setup_py']
[0.193s] Level 1:colcon.colcon_core.package_identification:_identify(worlds/models/cricket ball) by extension 'python_setup_py'
[0.193s] Level 1:colcon.colcon_core.package_identification:_identify(worlds/models/cricket ball/thumbnails) by extensions ['ignore', 'ignore_ament_install']
[0.193s] Level 1:colcon.colcon_core.package_identification:_identify(worlds/models/cricket ball/thumbnails) by extension 'ignore'
[0.193s] Level 1:colcon.colcon_core.package_identification:_identify(worlds/models/cricket ball/thumbnails) by extension 'ignore_ament_install'
[0.193s] Level 1:colcon.colcon_core.package_identification:_identify(worlds/models/cricket ball/thumbnails) by extensions ['colcon_pkg']
[0.193s] Level 1:colcon.colcon_core.package_identification:_identify(worlds/models/cricket ball/thumbnails) by extension 'colcon_pkg'
[0.193s] Level 1:colcon.colcon_core.package_identification:_identify(worlds/models/cricket ball/thumbnails) by extensions ['colcon_meta']
[0.193s] Level 1:colcon.colcon_core.package_identification:_identify(worlds/models/cricket ball/thumbnails) by extension 'colcon_meta'
[0.193s] Level 1:colcon.colcon_core.package_identification:_identify(worlds/models/cricket ball/thumbnails) by extensions ['ros']
[0.193s] Level 1:colcon.colcon_core.package_identification:_identify(worlds/models/cricket ball/thumbnails) by extension 'ros'
[0.193s] Level 1:colcon.colcon_core.package_identification:_identify(worlds/models/cricket ball/thumbnails) by extensions ['cmake', 'python']
[0.193s] Level 1:colcon.colcon_core.package_identification:_identify(worlds/models/cricket ball/thumbnails) by extension 'cmake'
[0.194s] Level 1:colcon.colcon_core.package_identification:_identify(worlds/models/cricket ball/thumbnails) by extension 'python'
[0.194s] Level 1:colcon.colcon_core.package_identification:_identify(worlds/models/cricket ball/thumbnails) by extensions ['python_setup_py']
[0.194s] Level 1:colcon.colcon_core.package_identification:_identify(worlds/models/cricket ball/thumbnails) by extension 'python_setup_py'
[0.194s] Level 1:colcon.colcon_core.package_identification:_identify(worlds/models/floor materials) by extensions ['ignore', 'ignore_ament_install']
[0.194s] Level 1:colcon.colcon_core.package_identification:_identify(worlds/models/floor materials) by extension 'ignore'
[0.194s] Level 1:colcon.colcon_core.package_identification:_identify(worlds/models/floor materials) by extension 'ignore_ament_install'
[0.194s] Level 1:colcon.colcon_core.package_identification:_identify(worlds/models/floor materials) by extensions ['colcon_pkg']
[0.194s] Level 1:colcon.colcon_core.package_identification:_identify(worlds/models/floor materials) by extension 'colcon_pkg'
[0.194s] Level 1:colcon.colcon_core.package_identification:_identify(worlds/models/floor materials) by extensions ['colcon_meta']
[0.194s] Level 1:colcon.colcon_core.package_identification:_identify(worlds/models/floor materials) by extension 'colcon_meta'
[0.194s] Level 1:colcon.colcon_core.package_identification:_identify(worlds/models/floor materials) by extensions ['ros']
[0.194s] Level 1:colcon.colcon_core.package_identification:_identify(worlds/models/floor materials) by extension 'ros'
[0.194s] Level 1:colcon.colcon_core.package_identification:_identify(worlds/models/floor materials) by extensions ['cmake', 'python']
[0.194s] Level 1:colcon.colcon_core.package_identification:_identify(worlds/models/floor materials) by extension 'cmake'
[0.194s] Level 1:colcon.colcon_core.package_identification:_identify(worlds/models/floor materials) by extension 'python'
[0.194s] Level 1:colcon.colcon_core.package_identification:_identify(worlds/models/floor materials) by extensions ['python_setup_py']
[0.194s] Level 1:colcon.colcon_core.package_identification:_identify(worlds/models/floor materials) by extension 'python_setup_py'
[0.194s] Level 1:colcon.colcon_core.package_identification:_identify(worlds/models/floor materials/materials) by extensions ['ignore', 'ignore_ament_install']
[0.195s] Level 1:colcon.colcon_core.package_identification:_identify(worlds/models/floor materials/materials) by extension 'ignore'
[0.195s] Level 1:colcon.colcon_core.package_identification:_identify(worlds/models/floor materials/materials) by extension 'ignore_ament_install'
[0.195s] Level 1:colcon.colcon_core.package_identification:_identify(worlds/models/floor materials/materials) by extensions ['colcon_pkg']
[0.195s] Level 1:colcon.colcon_core.package_identification:_identify(worlds/models/floor materials/materials) by extension 'colcon_pkg'
[0.195s] Level 1:colcon.colcon_core.package_identification:_identify(worlds/models/floor materials/materials) by extensions ['colcon_meta']
[0.195s] Level 1:colcon.colcon_core.package_identification:_identify(worlds/models/floor materials/materials) by extension 'colcon_meta'
[0.195s] Level 1:colcon.colcon_core.package_identification:_identify(worlds/models/floor materials/materials) by extensions ['ros']
[0.195s] Level 1:colcon.colcon_core.package_identification:_identify(worlds/models/floor materials/materials) by extension 'ros'
[0.195s] Level 1:colcon.colcon_core.package_identification:_identify(worlds/models/floor materials/materials) by extensions ['cmake', 'python']
[0.195s] Level 1:colcon.colcon_core.package_identification:_identify(worlds/models/floor materials/materials) by extension 'cmake'
[0.195s] Level 1:colcon.colcon_core.package_identification:_identify(worlds/models/floor materials/materials) by extension 'python'
[0.195s] Level 1:colcon.colcon_core.package_identification:_identify(worlds/models/floor materials/materials) by extensions ['python_setup_py']
[0.195s] Level 1:colcon.colcon_core.package_identification:_identify(worlds/models/floor materials/materials) by extension 'python_setup_py'
[0.195s] Level 1:colcon.colcon_core.package_identification:_identify(worlds/models/floor materials/materials/textures) by extensions ['ignore', 'ignore_ament_install']
[0.195s] Level 1:colcon.colcon_core.package_identification:_identify(worlds/models/floor materials/materials/textures) by extension 'ignore'
[0.195s] Level 1:colcon.colcon_core.package_identification:_identify(worlds/models/floor materials/materials/textures) by extension 'ignore_ament_install'
[0.195s] Level 1:colcon.colcon_core.package_identification:_identify(worlds/models/floor materials/materials/textures) by extensions ['colcon_pkg']
[0.195s] Level 1:colcon.colcon_core.package_identification:_identify(worlds/models/floor materials/materials/textures) by extension 'colcon_pkg'
[0.195s] Level 1:colcon.colcon_core.package_identification:_identify(worlds/models/floor materials/materials/textures) by extensions ['colcon_meta']
[0.195s] Level 1:colcon.colcon_core.package_identification:_identify(worlds/models/floor materials/materials/textures) by extension 'colcon_meta'
[0.196s] Level 1:colcon.colcon_core.package_identification:_identify(worlds/models/floor materials/materials/textures) by extensions ['ros']
[0.196s] Level 1:colcon.colcon_core.package_identification:_identify(worlds/models/floor materials/materials/textures) by extension 'ros'
[0.196s] Level 1:colcon.colcon_core.package_identification:_identify(worlds/models/floor materials/materials/textures) by extensions ['cmake', 'python']
[0.196s] Level 1:colcon.colcon_core.package_identification:_identify(worlds/models/floor materials/materials/textures) by extension 'cmake'
[0.196s] Level 1:colcon.colcon_core.package_identification:_identify(worlds/models/floor materials/materials/textures) by extension 'python'
[0.196s] Level 1:colcon.colcon_core.package_identification:_identify(worlds/models/floor materials/materials/textures) by extensions ['python_setup_py']
[0.196s] Level 1:colcon.colcon_core.package_identification:_identify(worlds/models/floor materials/materials/textures) by extension 'python_setup_py'
[0.196s] Level 1:colcon.colcon_core.package_identification:_identify(worlds/models/floor materials/meshes) by extensions ['ignore', 'ignore_ament_install']
[0.196s] Level 1:colcon.colcon_core.package_identification:_identify(worlds/models/floor materials/meshes) by extension 'ignore'
[0.196s] Level 1:colcon.colcon_core.package_identification:_identify(worlds/models/floor materials/meshes) by extension 'ignore_ament_install'
[0.196s] Level 1:colcon.colcon_core.package_identification:_identify(worlds/models/floor materials/meshes) by extensions ['colcon_pkg']
[0.196s] Level 1:colcon.colcon_core.package_identification:_identify(worlds/models/floor materials/meshes) by extension 'colcon_pkg'
[0.196s] Level 1:colcon.colcon_core.package_identification:_identify(worlds/models/floor materials/meshes) by extensions ['colcon_meta']
[0.196s] Level 1:colcon.colcon_core.package_identification:_identify(worlds/models/floor materials/meshes) by extension 'colcon_meta'
[0.196s] Level 1:colcon.colcon_core.package_identification:_identify(worlds/models/floor materials/meshes) by extensions ['ros']
[0.196s] Level 1:colcon.colcon_core.package_identification:_identify(worlds/models/floor materials/meshes) by extension 'ros'
[0.196s] Level 1:colcon.colcon_core.package_identification:_identify(worlds/models/floor materials/meshes) by extensions ['cmake', 'python']
[0.196s] Level 1:colcon.colcon_core.package_identification:_identify(worlds/models/floor materials/meshes) by extension 'cmake'
[0.196s] Level 1:colcon.colcon_core.package_identification:_identify(worlds/models/floor materials/meshes) by extension 'python'
[0.197s] Level 1:colcon.colcon_core.package_identification:_identify(worlds/models/floor materials/meshes) by extensions ['python_setup_py']
[0.197s] Level 1:colcon.colcon_core.package_identification:_identify(worlds/models/floor materials/meshes) by extension 'python_setup_py'
[0.197s] Level 1:colcon.colcon_core.package_identification:_identify(worlds/models/office chair) by extensions ['ignore', 'ignore_ament_install']
[0.197s] Level 1:colcon.colcon_core.package_identification:_identify(worlds/models/office chair) by extension 'ignore'
[0.197s] Level 1:colcon.colcon_core.package_identification:_identify(worlds/models/office chair) by extension 'ignore_ament_install'
[0.197s] Level 1:colcon.colcon_core.package_identification:_identify(worlds/models/office chair) by extensions ['colcon_pkg']
[0.197s] Level 1:colcon.colcon_core.package_identification:_identify(worlds/models/office chair) by extension 'colcon_pkg'
[0.197s] Level 1:colcon.colcon_core.package_identification:_identify(worlds/models/office chair) by extensions ['colcon_meta']
[0.197s] Level 1:colcon.colcon_core.package_identification:_identify(worlds/models/office chair) by extension 'colcon_meta'
[0.197s] Level 1:colcon.colcon_core.package_identification:_identify(worlds/models/office chair) by extensions ['ros']
[0.197s] Level 1:colcon.colcon_core.package_identification:_identify(worlds/models/office chair) by extension 'ros'
[0.197s] Level 1:colcon.colcon_core.package_identification:_identify(worlds/models/office chair) by extensions ['cmake', 'python']
[0.197s] Level 1:colcon.colcon_core.package_identification:_identify(worlds/models/office chair) by extension 'cmake'
[0.197s] Level 1:colcon.colcon_core.package_identification:_identify(worlds/models/office chair) by extension 'python'
[0.197s] Level 1:colcon.colcon_core.package_identification:_identify(worlds/models/office chair) by extensions ['python_setup_py']
[0.197s] Level 1:colcon.colcon_core.package_identification:_identify(worlds/models/office chair) by extension 'python_setup_py'
[0.197s] Level 1:colcon.colcon_core.package_identification:_identify(worlds/models/office chair/materials) by extensions ['ignore', 'ignore_ament_install']
[0.197s] Level 1:colcon.colcon_core.package_identification:_identify(worlds/models/office chair/materials) by extension 'ignore'
[0.198s] Level 1:colcon.colcon_core.package_identification:_identify(worlds/models/office chair/materials) by extension 'ignore_ament_install'
[0.198s] Level 1:colcon.colcon_core.package_identification:_identify(worlds/models/office chair/materials) by extensions ['colcon_pkg']
[0.198s] Level 1:colcon.colcon_core.package_identification:_identify(worlds/models/office chair/materials) by extension 'colcon_pkg'
[0.198s] Level 1:colcon.colcon_core.package_identification:_identify(worlds/models/office chair/materials) by extensions ['colcon_meta']
[0.198s] Level 1:colcon.colcon_core.package_identification:_identify(worlds/models/office chair/materials) by extension 'colcon_meta'
[0.198s] Level 1:colcon.colcon_core.package_identification:_identify(worlds/models/office chair/materials) by extensions ['ros']
[0.198s] Level 1:colcon.colcon_core.package_identification:_identify(worlds/models/office chair/materials) by extension 'ros'
[0.198s] Level 1:colcon.colcon_core.package_identification:_identify(worlds/models/office chair/materials) by extensions ['cmake', 'python']
[0.198s] Level 1:colcon.colcon_core.package_identification:_identify(worlds/models/office chair/materials) by extension 'cmake'
[0.198s] Level 1:colcon.colcon_core.package_identification:_identify(worlds/models/office chair/materials) by extension 'python'
[0.198s] Level 1:colcon.colcon_core.package_identification:_identify(worlds/models/office chair/materials) by extensions ['python_setup_py']
[0.198s] Level 1:colcon.colcon_core.package_identification:_identify(worlds/models/office chair/materials) by extension 'python_setup_py'
[0.198s] Level 1:colcon.colcon_core.package_identification:_identify(worlds/models/office chair/materials/textures) by extensions ['ignore', 'ignore_ament_install']
[0.198s] Level 1:colcon.colcon_core.package_identification:_identify(worlds/models/office chair/materials/textures) by extension 'ignore'
[0.198s] Level 1:colcon.colcon_core.package_identification:_identify(worlds/models/office chair/materials/textures) by extension 'ignore_ament_install'
[0.198s] Level 1:colcon.colcon_core.package_identification:_identify(worlds/models/office chair/materials/textures) by extensions ['colcon_pkg']
[0.198s] Level 1:colcon.colcon_core.package_identification:_identify(worlds/models/office chair/materials/textures) by extension 'colcon_pkg'
[0.198s] Level 1:colcon.colcon_core.package_identification:_identify(worlds/models/office chair/materials/textures) by extensions ['colcon_meta']
[0.198s] Level 1:colcon.colcon_core.package_identification:_identify(worlds/models/office chair/materials/textures) by extension 'colcon_meta'
[0.198s] Level 1:colcon.colcon_core.package_identification:_identify(worlds/models/office chair/materials/textures) by extensions ['ros']
[0.199s] Level 1:colcon.colcon_core.package_identification:_identify(worlds/models/office chair/materials/textures) by extension 'ros'
[0.199s] Level 1:colcon.colcon_core.package_identification:_identify(worlds/models/office chair/materials/textures) by extensions ['cmake', 'python']
[0.199s] Level 1:colcon.colcon_core.package_identification:_identify(worlds/models/office chair/materials/textures) by extension 'cmake'
[0.199s] Level 1:colcon.colcon_core.package_identification:_identify(worlds/models/office chair/materials/textures) by extension 'python'
[0.199s] Level 1:colcon.colcon_core.package_identification:_identify(worlds/models/office chair/materials/textures) by extensions ['python_setup_py']
[0.199s] Level 1:colcon.colcon_core.package_identification:_identify(worlds/models/office chair/materials/textures) by extension 'python_setup_py'
[0.199s] Level 1:colcon.colcon_core.package_identification:_identify(worlds/models/office chair/meshes) by extensions ['ignore', 'ignore_ament_install']
[0.199s] Level 1:colcon.colcon_core.package_identification:_identify(worlds/models/office chair/meshes) by extension 'ignore'
[0.199s] Level 1:colcon.colcon_core.package_identification:_identify(worlds/models/office chair/meshes) by extension 'ignore_ament_install'
[0.199s] Level 1:colcon.colcon_core.package_identification:_identify(worlds/models/office chair/meshes) by extensions ['colcon_pkg']
[0.199s] Level 1:colcon.colcon_core.package_identification:_identify(worlds/models/office chair/meshes) by extension 'colcon_pkg'
[0.199s] Level 1:colcon.colcon_core.package_identification:_identify(worlds/models/office chair/meshes) by extensions ['colcon_meta']
[0.199s] Level 1:colcon.colcon_core.package_identification:_identify(worlds/models/office chair/meshes) by extension 'colcon_meta'
[0.199s] Level 1:colcon.colcon_core.package_identification:_identify(worlds/models/office chair/meshes) by extensions ['ros']
[0.199s] Level 1:colcon.colcon_core.package_identification:_identify(worlds/models/office chair/meshes) by extension 'ros'
[0.199s] Level 1:colcon.colcon_core.package_identification:_identify(worlds/models/office chair/meshes) by extensions ['cmake', 'python']
[0.199s] Level 1:colcon.colcon_core.package_identification:_identify(worlds/models/office chair/meshes) by extension 'cmake'
[0.199s] Level 1:colcon.colcon_core.package_identification:_identify(worlds/models/office chair/meshes) by extension 'python'
[0.199s] Level 1:colcon.colcon_core.package_identification:_identify(worlds/models/office chair/meshes) by extensions ['python_setup_py']
[0.199s] Level 1:colcon.colcon_core.package_identification:_identify(worlds/models/office chair/meshes) by extension 'python_setup_py'
[0.200s] Level 1:colcon.colcon_core.package_identification:_identify(worlds/models/office chair/thumbnails) by extensions ['ignore', 'ignore_ament_install']
[0.200s] Level 1:colcon.colcon_core.package_identification:_identify(worlds/models/office chair/thumbnails) by extension 'ignore'
[0.200s] Level 1:colcon.colcon_core.package_identification:_identify(worlds/models/office chair/thumbnails) by extension 'ignore_ament_install'
[0.200s] Level 1:colcon.colcon_core.package_identification:_identify(worlds/models/office chair/thumbnails) by extensions ['colcon_pkg']
[0.200s] Level 1:colcon.colcon_core.package_identification:_identify(worlds/models/office chair/thumbnails) by extension 'colcon_pkg'
[0.200s] Level 1:colcon.colcon_core.package_identification:_identify(worlds/models/office chair/thumbnails) by extensions ['colcon_meta']
[0.200s] Level 1:colcon.colcon_core.package_identification:_identify(worlds/models/office chair/thumbnails) by extension 'colcon_meta'
[0.200s] Level 1:colcon.colcon_core.package_identification:_identify(worlds/models/office chair/thumbnails) by extensions ['ros']
[0.200s] Level 1:colcon.colcon_core.package_identification:_identify(worlds/models/office chair/thumbnails) by extension 'ros'
[0.200s] Level 1:colcon.colcon_core.package_identification:_identify(worlds/models/office chair/thumbnails) by extensions ['cmake', 'python']
[0.200s] Level 1:colcon.colcon_core.package_identification:_identify(worlds/models/office chair/thumbnails) by extension 'cmake'
[0.200s] Level 1:colcon.colcon_core.package_identification:_identify(worlds/models/office chair/thumbnails) by extension 'python'
[0.200s] Level 1:colcon.colcon_core.package_identification:_identify(worlds/models/office chair/thumbnails) by extensions ['python_setup_py']
[0.200s] Level 1:colcon.colcon_core.package_identification:_identify(worlds/models/office chair/thumbnails) by extension 'python_setup_py'
[0.200s] Level 1:colcon.colcon_core.package_identification:_identify(worlds/models/office desk) by extensions ['ignore', 'ignore_ament_install']
[0.200s] Level 1:colcon.colcon_core.package_identification:_identify(worlds/models/office desk) by extension 'ignore'
[0.200s] Level 1:colcon.colcon_core.package_identification:_identify(worlds/models/office desk) by extension 'ignore_ament_install'
[0.201s] Level 1:colcon.colcon_core.package_identification:_identify(worlds/models/office desk) by extensions ['colcon_pkg']
[0.201s] Level 1:colcon.colcon_core.package_identification:_identify(worlds/models/office desk) by extension 'colcon_pkg'
[0.201s] Level 1:colcon.colcon_core.package_identification:_identify(worlds/models/office desk) by extensions ['colcon_meta']
[0.201s] Level 1:colcon.colcon_core.package_identification:_identify(worlds/models/office desk) by extension 'colcon_meta'
[0.201s] Level 1:colcon.colcon_core.package_identification:_identify(worlds/models/office desk) by extensions ['ros']
[0.201s] Level 1:colcon.colcon_core.package_identification:_identify(worlds/models/office desk) by extension 'ros'
[0.201s] Level 1:colcon.colcon_core.package_identification:_identify(worlds/models/office desk) by extensions ['cmake', 'python']
[0.201s] Level 1:colcon.colcon_core.package_identification:_identify(worlds/models/office desk) by extension 'cmake'
[0.201s] Level 1:colcon.colcon_core.package_identification:_identify(worlds/models/office desk) by extension 'python'
[0.201s] Level 1:colcon.colcon_core.package_identification:_identify(worlds/models/office desk) by extensions ['python_setup_py']
[0.201s] Level 1:colcon.colcon_core.package_identification:_identify(worlds/models/office desk) by extension 'python_setup_py'
[0.201s] Level 1:colcon.colcon_core.package_identification:_identify(worlds/models/office desk/materials) by extensions ['ignore', 'ignore_ament_install']
[0.201s] Level 1:colcon.colcon_core.package_identification:_identify(worlds/models/office desk/materials) by extension 'ignore'
[0.201s] Level 1:colcon.colcon_core.package_identification:_identify(worlds/models/office desk/materials) by extension 'ignore_ament_install'
[0.201s] Level 1:colcon.colcon_core.package_identification:_identify(worlds/models/office desk/materials) by extensions ['colcon_pkg']
[0.201s] Level 1:colcon.colcon_core.package_identification:_identify(worlds/models/office desk/materials) by extension 'colcon_pkg'
[0.201s] Level 1:colcon.colcon_core.package_identification:_identify(worlds/models/office desk/materials) by extensions ['colcon_meta']
[0.201s] Level 1:colcon.colcon_core.package_identification:_identify(worlds/models/office desk/materials) by extension 'colcon_meta'
[0.201s] Level 1:colcon.colcon_core.package_identification:_identify(worlds/models/office desk/materials) by extensions ['ros']
[0.201s] Level 1:colcon.colcon_core.package_identification:_identify(worlds/models/office desk/materials) by extension 'ros'
[0.202s] Level 1:colcon.colcon_core.package_identification:_identify(worlds/models/office desk/materials) by extensions ['cmake', 'python']
[0.202s] Level 1:colcon.colcon_core.package_identification:_identify(worlds/models/office desk/materials) by extension 'cmake'
[0.202s] Level 1:colcon.colcon_core.package_identification:_identify(worlds/models/office desk/materials) by extension 'python'
[0.202s] Level 1:colcon.colcon_core.package_identification:_identify(worlds/models/office desk/materials) by extensions ['python_setup_py']
[0.202s] Level 1:colcon.colcon_core.package_identification:_identify(worlds/models/office desk/materials) by extension 'python_setup_py'
[0.202s] Level 1:colcon.colcon_core.package_identification:_identify(worlds/models/office desk/materials/textures) by extensions ['ignore', 'ignore_ament_install']
[0.202s] Level 1:colcon.colcon_core.package_identification:_identify(worlds/models/office desk/materials/textures) by extension 'ignore'
[0.202s] Level 1:colcon.colcon_core.package_identification:_identify(worlds/models/office desk/materials/textures) by extension 'ignore_ament_install'
[0.202s] Level 1:colcon.colcon_core.package_identification:_identify(worlds/models/office desk/materials/textures) by extensions ['colcon_pkg']
[0.202s] Level 1:colcon.colcon_core.package_identification:_identify(worlds/models/office desk/materials/textures) by extension 'colcon_pkg'
[0.202s] Level 1:colcon.colcon_core.package_identification:_identify(worlds/models/office desk/materials/textures) by extensions ['colcon_meta']
[0.202s] Level 1:colcon.colcon_core.package_identification:_identify(worlds/models/office desk/materials/textures) by extension 'colcon_meta'
[0.202s] Level 1:colcon.colcon_core.package_identification:_identify(worlds/models/office desk/materials/textures) by extensions ['ros']
[0.202s] Level 1:colcon.colcon_core.package_identification:_identify(worlds/models/office desk/materials/textures) by extension 'ros'
[0.202s] Level 1:colcon.colcon_core.package_identification:_identify(worlds/models/office desk/materials/textures) by extensions ['cmake', 'python']
[0.202s] Level 1:colcon.colcon_core.package_identification:_identify(worlds/models/office desk/materials/textures) by extension 'cmake'
[0.202s] Level 1:colcon.colcon_core.package_identification:_identify(worlds/models/office desk/materials/textures) by extension 'python'
[0.202s] Level 1:colcon.colcon_core.package_identification:_identify(worlds/models/office desk/materials/textures) by extensions ['python_setup_py']
[0.202s] Level 1:colcon.colcon_core.package_identification:_identify(worlds/models/office desk/materials/textures) by extension 'python_setup_py'
[0.203s] Level 1:colcon.colcon_core.package_identification:_identify(worlds/models/office desk/meshes) by extensions ['ignore', 'ignore_ament_install']
[0.203s] Level 1:colcon.colcon_core.package_identification:_identify(worlds/models/office desk/meshes) by extension 'ignore'
[0.203s] Level 1:colcon.colcon_core.package_identification:_identify(worlds/models/office desk/meshes) by extension 'ignore_ament_install'
[0.203s] Level 1:colcon.colcon_core.package_identification:_identify(worlds/models/office desk/meshes) by extensions ['colcon_pkg']
[0.203s] Level 1:colcon.colcon_core.package_identification:_identify(worlds/models/office desk/meshes) by extension 'colcon_pkg'
[0.203s] Level 1:colcon.colcon_core.package_identification:_identify(worlds/models/office desk/meshes) by extensions ['colcon_meta']
[0.203s] Level 1:colcon.colcon_core.package_identification:_identify(worlds/models/office desk/meshes) by extension 'colcon_meta'
[0.203s] Level 1:colcon.colcon_core.package_identification:_identify(worlds/models/office desk/meshes) by extensions ['ros']
[0.203s] Level 1:colcon.colcon_core.package_identification:_identify(worlds/models/office desk/meshes) by extension 'ros'
[0.203s] Level 1:colcon.colcon_core.package_identification:_identify(worlds/models/office desk/meshes) by extensions ['cmake', 'python']
[0.203s] Level 1:colcon.colcon_core.package_identification:_identify(worlds/models/office desk/meshes) by extension 'cmake'
[0.203s] Level 1:colcon.colcon_core.package_identification:_identify(worlds/models/office desk/meshes) by extension 'python'
[0.203s] Level 1:colcon.colcon_core.package_identification:_identify(worlds/models/office desk/meshes) by extensions ['python_setup_py']
[0.203s] Level 1:colcon.colcon_core.package_identification:_identify(worlds/models/office desk/meshes) by extension 'python_setup_py'
[0.203s] Level 1:colcon.colcon_core.package_identification:_identify(worlds/models/office desk/thumbnails) by extensions ['ignore', 'ignore_ament_install']
[0.203s] Level 1:colcon.colcon_core.package_identification:_identify(worlds/models/office desk/thumbnails) by extension 'ignore'
[0.203s] Level 1:colcon.colcon_core.package_identification:_identify(worlds/models/office desk/thumbnails) by extension 'ignore_ament_install'
[0.203s] Level 1:colcon.colcon_core.package_identification:_identify(worlds/models/office desk/thumbnails) by extensions ['colcon_pkg']
[0.203s] Level 1:colcon.colcon_core.package_identification:_identify(worlds/models/office desk/thumbnails) by extension 'colcon_pkg'
[0.204s] Level 1:colcon.colcon_core.package_identification:_identify(worlds/models/office desk/thumbnails) by extensions ['colcon_meta']
[0.204s] Level 1:colcon.colcon_core.package_identification:_identify(worlds/models/office desk/thumbnails) by extension 'colcon_meta'
[0.204s] Level 1:colcon.colcon_core.package_identification:_identify(worlds/models/office desk/thumbnails) by extensions ['ros']
[0.204s] Level 1:colcon.colcon_core.package_identification:_identify(worlds/models/office desk/thumbnails) by extension 'ros'
[0.204s] Level 1:colcon.colcon_core.package_identification:_identify(worlds/models/office desk/thumbnails) by extensions ['cmake', 'python']
[0.204s] Level 1:colcon.colcon_core.package_identification:_identify(worlds/models/office desk/thumbnails) by extension 'cmake'
[0.204s] Level 1:colcon.colcon_core.package_identification:_identify(worlds/models/office desk/thumbnails) by extension 'python'
[0.204s] Level 1:colcon.colcon_core.package_identification:_identify(worlds/models/office desk/thumbnails) by extensions ['python_setup_py']
[0.204s] Level 1:colcon.colcon_core.package_identification:_identify(worlds/models/office desk/thumbnails) by extension 'python_setup_py'
[0.204s] Level 1:colcon.colcon_core.package_identification:_identify(worlds/models/trashbin) by extensions ['ignore', 'ignore_ament_install']
[0.204s] Level 1:colcon.colcon_core.package_identification:_identify(worlds/models/trashbin) by extension 'ignore'
[0.204s] Level 1:colcon.colcon_core.package_identification:_identify(worlds/models/trashbin) by extension 'ignore_ament_install'
[0.204s] Level 1:colcon.colcon_core.package_identification:_identify(worlds/models/trashbin) by extensions ['colcon_pkg']
[0.204s] Level 1:colcon.colcon_core.package_identification:_identify(worlds/models/trashbin) by extension 'colcon_pkg'
[0.204s] Level 1:colcon.colcon_core.package_identification:_identify(worlds/models/trashbin) by extensions ['colcon_meta']
[0.204s] Level 1:colcon.colcon_core.package_identification:_identify(worlds/models/trashbin) by extension 'colcon_meta'
[0.204s] Level 1:colcon.colcon_core.package_identification:_identify(worlds/models/trashbin) by extensions ['ros']
[0.204s] Level 1:colcon.colcon_core.package_identification:_identify(worlds/models/trashbin) by extension 'ros'
[0.204s] Level 1:colcon.colcon_core.package_identification:_identify(worlds/models/trashbin) by extensions ['cmake', 'python']
[0.204s] Level 1:colcon.colcon_core.package_identification:_identify(worlds/models/trashbin) by extension 'cmake'
[0.205s] Level 1:colcon.colcon_core.package_identification:_identify(worlds/models/trashbin) by extension 'python'
[0.205s] Level 1:colcon.colcon_core.package_identification:_identify(worlds/models/trashbin) by extensions ['python_setup_py']
[0.205s] Level 1:colcon.colcon_core.package_identification:_identify(worlds/models/trashbin) by extension 'python_setup_py'
[0.205s] Level 1:colcon.colcon_core.package_identification:_identify(worlds/models/trashbin/meshes) by extensions ['ignore', 'ignore_ament_install']
[0.205s] Level 1:colcon.colcon_core.package_identification:_identify(worlds/models/trashbin/meshes) by extension 'ignore'
[0.205s] Level 1:colcon.colcon_core.package_identification:_identify(worlds/models/trashbin/meshes) by extension 'ignore_ament_install'
[0.205s] Level 1:colcon.colcon_core.package_identification:_identify(worlds/models/trashbin/meshes) by extensions ['colcon_pkg']
[0.205s] Level 1:colcon.colcon_core.package_identification:_identify(worlds/models/trashbin/meshes) by extension 'colcon_pkg'
[0.205s] Level 1:colcon.colcon_core.package_identification:_identify(worlds/models/trashbin/meshes) by extensions ['colcon_meta']
[0.205s] Level 1:colcon.colcon_core.package_identification:_identify(worlds/models/trashbin/meshes) by extension 'colcon_meta'
[0.205s] Level 1:colcon.colcon_core.package_identification:_identify(worlds/models/trashbin/meshes) by extensions ['ros']
[0.205s] Level 1:colcon.colcon_core.package_identification:_identify(worlds/models/trashbin/meshes) by extension 'ros'
[0.205s] Level 1:colcon.colcon_core.package_identification:_identify(worlds/models/trashbin/meshes) by extensions ['cmake', 'python']
[0.205s] Level 1:colcon.colcon_core.package_identification:_identify(worlds/models/trashbin/meshes) by extension 'cmake'
[0.205s] Level 1:colcon.colcon_core.package_identification:_identify(worlds/models/trashbin/meshes) by extension 'python'
[0.205s] Level 1:colcon.colcon_core.package_identification:_identify(worlds/models/trashbin/meshes) by extensions ['python_setup_py']
[0.205s] Level 1:colcon.colcon_core.package_identification:_identify(worlds/models/trashbin/meshes) by extension 'python_setup_py'
[0.205s] Level 1:colcon.colcon_core.package_identification:_identify(worlds/models/trashbin/thumbnails) by extensions ['ignore', 'ignore_ament_install']
[0.205s] Level 1:colcon.colcon_core.package_identification:_identify(worlds/models/trashbin/thumbnails) by extension 'ignore'
[0.206s] Level 1:colcon.colcon_core.package_identification:_identify(worlds/models/trashbin/thumbnails) by extension 'ignore_ament_install'
[0.206s] Level 1:colcon.colcon_core.package_identification:_identify(worlds/models/trashbin/thumbnails) by extensions ['colcon_pkg']
[0.206s] Level 1:colcon.colcon_core.package_identification:_identify(worlds/models/trashbin/thumbnails) by extension 'colcon_pkg'
[0.206s] Level 1:colcon.colcon_core.package_identification:_identify(worlds/models/trashbin/thumbnails) by extensions ['colcon_meta']
[0.206s] Level 1:colcon.colcon_core.package_identification:_identify(worlds/models/trashbin/thumbnails) by extension 'colcon_meta'
[0.206s] Level 1:colcon.colcon_core.package_identification:_identify(worlds/models/trashbin/thumbnails) by extensions ['ros']
[0.206s] Level 1:colcon.colcon_core.package_identification:_identify(worlds/models/trashbin/thumbnails) by extension 'ros'
[0.206s] Level 1:colcon.colcon_core.package_identification:_identify(worlds/models/trashbin/thumbnails) by extensions ['cmake', 'python']
[0.206s] Level 1:colcon.colcon_core.package_identification:_identify(worlds/models/trashbin/thumbnails) by extension 'cmake'
[0.206s] Level 1:colcon.colcon_core.package_identification:_identify(worlds/models/trashbin/thumbnails) by extension 'python'
[0.206s] Level 1:colcon.colcon_core.package_identification:_identify(worlds/models/trashbin/thumbnails) by extensions ['python_setup_py']
[0.206s] Level 1:colcon.colcon_core.package_identification:_identify(worlds/models/trashbin/thumbnails) by extension 'python_setup_py'
[0.206s] Level 1:colcon.colcon_core.package_discovery:discover_packages(recursive) using defaults
[0.206s] Level 1:colcon.colcon_core.package_discovery:discover_packages(ignore) discover
[0.206s] Level 1:colcon.colcon_core.package_discovery:discover_packages(ignore) using defaults
[0.206s] Level 1:colcon.colcon_core.package_discovery:discover_packages(path) discover
[0.206s] Level 1:colcon.colcon_core.package_discovery:discover_packages(path) using defaults
[0.224s] Level 1:colcon.colcon_core.package_discovery:discover_packages(prefix_path) check parameters
[0.224s] Level 1:colcon.colcon_core.package_discovery:discover_packages(prefix_path) discover
[0.226s] DEBUG:colcon.colcon_installed_package_information.package_discovery:Found 2 installed packages in /home/group10/ros2_ws/install
[0.227s] DEBUG:colcon.colcon_installed_package_information.package_discovery:Found 0 installed packages in /home/group10/ros2_ws/src/r2d10/worlds/install
[0.228s] DEBUG:colcon.colcon_installed_package_information.package_discovery:Found 20 installed packages in /home/group10/install
[0.230s] DEBUG:colcon.colcon_installed_package_information.package_discovery:Found 408 installed packages in /opt/ros/jazzy
[0.231s] Level 1:colcon.colcon_core.package_discovery:discover_packages(prefix_path) using defaults
[0.291s] Level 5:colcon.colcon_core.verb:set package 'cmd_vel_bridge' build argument 'cmake_args' from command line to 'None'
[0.291s] Level 5:colcon.colcon_core.verb:set package 'cmd_vel_bridge' build argument 'cmake_target' from command line to 'None'
[0.291s] Level 5:colcon.colcon_core.verb:set package 'cmd_vel_bridge' build argument 'cmake_target_skip_unavailable' from command line to 'False'
[0.291s] Level 5:colcon.colcon_core.verb:set package 'cmd_vel_bridge' build argument 'cmake_clean_cache' from command line to 'False'
[0.291s] Level 5:colcon.colcon_core.verb:set package 'cmd_vel_bridge' build argument 'cmake_clean_first' from command line to 'False'
[0.291s] Level 5:colcon.colcon_core.verb:set package 'cmd_vel_bridge' build argument 'cmake_force_configure' from command line to 'False'
[0.291s] Level 5:colcon.colcon_core.verb:set package 'cmd_vel_bridge' build argument 'ament_cmake_args' from command line to 'None'
[0.291s] Level 5:colcon.colcon_core.verb:set package 'cmd_vel_bridge' build argument 'catkin_cmake_args' from command line to 'None'
[0.291s] Level 5:colcon.colcon_core.verb:set package 'cmd_vel_bridge' build argument 'catkin_skip_building_tests' from command line to 'False'
[0.291s] DEBUG:colcon.colcon_core.verb:Building package 'cmd_vel_bridge' with the following arguments: {'ament_cmake_args': None, 'build_base': '/home/group10/ros2_ws/build/cmd_vel_bridge', 'catkin_cmake_args': None, 'catkin_skip_building_tests': False, 'cmake_args': None, 'cmake_clean_cache': False, 'cmake_clean_first': False, 'cmake_force_configure': False, 'cmake_target': None, 'cmake_target_skip_unavailable': False, 'install_base': '/home/group10/ros2_ws/install/cmd_vel_bridge', 'merge_install': False, 'path': '/home/group10/ros2_ws/src/cmd_vel_bridge', 'symlink_install': False, 'test_result_base': None}
[0.291s] Level 5:colcon.colcon_core.verb:set package 'r2d10' build argument 'cmake_args' from command line to 'None'
[0.291s] Level 5:colcon.colcon_core.verb:set package 'r2d10' build argument 'cmake_target' from command line to 'None'
[0.291s] Level 5:colcon.colcon_core.verb:set package 'r2d10' build argument 'cmake_target_skip_unavailable' from command line to 'False'
[0.291s] Level 5:colcon.colcon_core.verb:set package 'r2d10' build argument 'cmake_clean_cache' from command line to 'False'
[0.291s] Level 5:colcon.colcon_core.verb:set package 'r2d10' build argument 'cmake_clean_first' from command line to 'False'
[0.291s] Level 5:colcon.colcon_core.verb:set package 'r2d10' build argument 'cmake_force_configure' from command line to 'False'
[0.291s] Level 5:colcon.colcon_core.verb:set package 'r2d10' build argument 'ament_cmake_args' from command line to 'None'
[0.291s] Level 5:colcon.colcon_core.verb:set package 'r2d10' build argument 'catkin_cmake_args' from command line to 'None'
[0.291s] Level 5:colcon.colcon_core.verb:set package 'r2d10' build argument 'catkin_skip_building_tests' from command line to 'False'
[0.291s] DEBUG:colcon.colcon_core.verb:Building package 'r2d10' with the following arguments: {'ament_cmake_args': None, 'build_base': '/home/group10/ros2_ws/build/r2d10', 'catkin_cmake_args': None, 'catkin_skip_building_tests': False, 'cmake_args': None, 'cmake_clean_cache': False, 'cmake_clean_first': False, 'cmake_force_configure': False, 'cmake_target': None, 'cmake_target_skip_unavailable': False, 'install_base': '/home/group10/ros2_ws/install/r2d10', 'merge_install': False, 'path': '/home/group10/ros2_ws/src/r2d10', 'symlink_install': False, 'test_result_base': None}
[0.291s] INFO:colcon.colcon_core.executor:Executing jobs using 'parallel' executor
[0.292s] DEBUG:colcon.colcon_parallel_executor.executor.parallel:run_until_complete
[0.292s] INFO:colcon.colcon_ros.task.ament_python.build:Building ROS package in '/home/group10/ros2_ws/src/cmd_vel_bridge' with build type 'ament_python'
[0.293s] Level 1:colcon.colcon_core.shell:create_environment_hook('cmd_vel_bridge', 'ament_prefix_path')
[0.295s] INFO:colcon.colcon_core.plugin_system:Skipping extension 'colcon_core.shell.bat': Not used on non-Windows systems
[0.295s] INFO:colcon.colcon_core.shell:Creating environment hook '/home/group10/ros2_ws/install/cmd_vel_bridge/share/cmd_vel_bridge/hook/ament_prefix_path.ps1'
[0.296s] INFO:colcon.colcon_core.shell:Creating environment descriptor '/home/group10/ros2_ws/install/cmd_vel_bridge/share/cmd_vel_bridge/hook/ament_prefix_path.dsv'
[0.297s] INFO:colcon.colcon_core.shell:Creating environment hook '/home/group10/ros2_ws/install/cmd_vel_bridge/share/cmd_vel_bridge/hook/ament_prefix_path.sh'
[0.298s] INFO:colcon.colcon_core.shell:Skip shell extension 'powershell' for command environment: Not usable outside of PowerShell
[0.298s] DEBUG:colcon.colcon_core.shell:Skip shell extension 'dsv' for command environment
[0.304s] INFO:colcon.colcon_ros.task.ament_cmake.build:Building ROS package in '/home/group10/ros2_ws/src/r2d10' with build type 'ament_cmake'
[0.304s] INFO:colcon.colcon_cmake.task.cmake.build:Building CMake package in '/home/group10/ros2_ws/src/r2d10'
[0.304s] INFO:colcon.colcon_core.shell:Skip shell extension 'powershell' for command environment: Not usable outside of PowerShell
[0.304s] DEBUG:colcon.colcon_core.shell:Skip shell extension 'dsv' for command environment
[0.542s] INFO:colcon.colcon_core.task.python.build:Building Python package in '/home/group10/ros2_ws/src/cmd_vel_bridge'
[0.542s] INFO:colcon.colcon_core.shell:Skip shell extension 'powershell' for command environment: Not usable outside of PowerShell
[0.542s] DEBUG:colcon.colcon_core.shell:Skip shell extension 'dsv' for command environment
[0.552s] DEBUG:colcon.colcon_core.event_handler.log_command:Invoking command in '/home/group10/ros2_ws/build/r2d10': CMAKE_PREFIX_PATH=${CMAKE_PREFIX_PATH}:/home/group10/ros2_ws/install/cmd_vel_bridge:/home/group10/install/control:/home/group10/install/my_arm_service:/home/group10/install/gst_pipeline:/opt/ros/jazzy DEBUGINFOD_URLS=https://debuginfod.ubuntu.com /usr/bin/cmake --build /home/group10/ros2_ws/build/r2d10 -- -j4 -l4
[0.606s] DEBUG:colcon.colcon_core.event_handler.log_command:Invoked command in '/home/group10/ros2_ws/build/r2d10' returned '0': CMAKE_PREFIX_PATH=${CMAKE_PREFIX_PATH}:/home/group10/ros2_ws/install/cmd_vel_bridge:/home/group10/install/control:/home/group10/install/my_arm_service:/home/group10/install/gst_pipeline:/opt/ros/jazzy DEBUGINFOD_URLS=https://debuginfod.ubuntu.com /usr/bin/cmake --build /home/group10/ros2_ws/build/r2d10 -- -j4 -l4
[0.618s] DEBUG:colcon.colcon_core.event_handler.log_command:Invoking command in '/home/group10/ros2_ws/build/r2d10': CMAKE_PREFIX_PATH=${CMAKE_PREFIX_PATH}:/home/group10/ros2_ws/install/cmd_vel_bridge:/home/group10/install/control:/home/group10/install/my_arm_service:/home/group10/install/gst_pipeline:/opt/ros/jazzy DEBUGINFOD_URLS=https://debuginfod.ubuntu.com /usr/bin/cmake --install /home/group10/ros2_ws/build/r2d10
[0.670s] Level 1:colcon.colcon_core.environment:create_environment_scripts_only(r2d10)
[0.672s] Level 1:colcon.colcon_core.environment:checking '/home/group10/ros2_ws/install/r2d10' for CMake module files
[0.672s] Level 1:colcon.colcon_core.environment:checking '/home/group10/ros2_ws/install/r2d10' for CMake config files
[0.673s] DEBUG:colcon.colcon_core.event_handler.log_command:Invoked command in '/home/group10/ros2_ws/build/r2d10' returned '0': CMAKE_PREFIX_PATH=${CMAKE_PREFIX_PATH}:/home/group10/ros2_ws/install/cmd_vel_bridge:/home/group10/install/control:/home/group10/install/my_arm_service:/home/group10/install/gst_pipeline:/opt/ros/jazzy DEBUGINFOD_URLS=https://debuginfod.ubuntu.com /usr/bin/cmake --install /home/group10/ros2_ws/build/r2d10
[0.673s] Level 1:colcon.colcon_core.shell:create_environment_hook('r2d10', 'cmake_prefix_path')
[0.673s] INFO:colcon.colcon_core.shell:Creating environment hook '/home/group10/ros2_ws/install/r2d10/share/r2d10/hook/cmake_prefix_path.ps1'
[0.674s] INFO:colcon.colcon_core.shell:Creating environment descriptor '/home/group10/ros2_ws/install/r2d10/share/r2d10/hook/cmake_prefix_path.dsv'
[0.674s] INFO:colcon.colcon_core.shell:Creating environment hook '/home/group10/ros2_ws/install/r2d10/share/r2d10/hook/cmake_prefix_path.sh'
[0.675s] Level 1:colcon.colcon_core.environment:checking '/home/group10/ros2_ws/install/r2d10/lib'
[0.675s] Level 1:colcon.colcon_core.environment:checking '/home/group10/ros2_ws/install/r2d10/bin'
[0.675s] Level 1:colcon.colcon_core.environment:checking '/home/group10/ros2_ws/install/r2d10/lib/pkgconfig/r2d10.pc'
[0.675s] Level 1:colcon.colcon_core.environment:checking '/home/group10/ros2_ws/install/r2d10/lib/python3.12/site-packages'
[0.675s] Level 1:colcon.colcon_core.environment:checking '/home/group10/ros2_ws/install/r2d10/bin'
[0.676s] INFO:colcon.colcon_core.shell:Creating package script '/home/group10/ros2_ws/install/r2d10/share/r2d10/package.ps1'
[0.676s] INFO:colcon.colcon_core.shell:Creating package descriptor '/home/group10/ros2_ws/install/r2d10/share/r2d10/package.dsv'
[0.677s] INFO:colcon.colcon_core.shell:Creating package script '/home/group10/ros2_ws/install/r2d10/share/r2d10/package.sh'
[0.677s] INFO:colcon.colcon_core.shell:Creating package script '/home/group10/ros2_ws/install/r2d10/share/r2d10/package.bash'
[0.678s] INFO:colcon.colcon_core.shell:Creating package script '/home/group10/ros2_ws/install/r2d10/share/r2d10/package.zsh'
[0.679s] Level 1:colcon.colcon_core.environment:create_file_with_runtime_dependencies(/home/group10/ros2_ws/install/r2d10/share/colcon-core/packages/r2d10)
[0.679s] Level 1:colcon.colcon_core.environment:create_environment_scripts_only(r2d10)
[0.679s] Level 1:colcon.colcon_core.environment:checking '/home/group10/ros2_ws/install/r2d10' for CMake module files
[0.680s] Level 1:colcon.colcon_core.environment:checking '/home/group10/ros2_ws/install/r2d10' for CMake config files
[0.680s] Level 1:colcon.colcon_core.shell:create_environment_hook('r2d10', 'cmake_prefix_path')
[0.680s] INFO:colcon.colcon_core.shell:Creating environment hook '/home/group10/ros2_ws/install/r2d10/share/r2d10/hook/cmake_prefix_path.ps1'
[0.681s] INFO:colcon.colcon_core.shell:Creating environment descriptor '/home/group10/ros2_ws/install/r2d10/share/r2d10/hook/cmake_prefix_path.dsv'
[0.681s] INFO:colcon.colcon_core.shell:Creating environment hook '/home/group10/ros2_ws/install/r2d10/share/r2d10/hook/cmake_prefix_path.sh'
[0.681s] Level 1:colcon.colcon_core.environment:checking '/home/group10/ros2_ws/install/r2d10/lib'
[0.682s] Level 1:colcon.colcon_core.environment:checking '/home/group10/ros2_ws/install/r2d10/bin'
[0.682s] Level 1:colcon.colcon_core.environment:checking '/home/group10/ros2_ws/install/r2d10/lib/pkgconfig/r2d10.pc'
[0.682s] Level 1:colcon.colcon_core.environment:checking '/home/group10/ros2_ws/install/r2d10/lib/python3.12/site-packages'
[0.682s] Level 1:colcon.colcon_core.environment:checking '/home/group10/ros2_ws/install/r2d10/bin'
[0.683s] INFO:colcon.colcon_core.shell:Creating package script '/home/group10/ros2_ws/install/r2d10/share/r2d10/package.ps1'
[0.683s] INFO:colcon.colcon_core.shell:Creating package descriptor '/home/group10/ros2_ws/install/r2d10/share/r2d10/package.dsv'
[0.683s] INFO:colcon.colcon_core.shell:Creating package script '/home/group10/ros2_ws/install/r2d10/share/r2d10/package.sh'
[0.684s] INFO:colcon.colcon_core.shell:Creating package script '/home/group10/ros2_ws/install/r2d10/share/r2d10/package.bash'
[0.684s] INFO:colcon.colcon_core.shell:Creating package script '/home/group10/ros2_ws/install/r2d10/share/r2d10/package.zsh'
[0.685s] Level 1:colcon.colcon_core.environment:create_file_with_runtime_dependencies(/home/group10/ros2_ws/install/r2d10/share/colcon-core/packages/r2d10)
[1.201s] DEBUG:colcon.colcon_core.event_handler.log_command:Invoking command in '/home/group10/ros2_ws/src/cmd_vel_bridge': DEBUGINFOD_URLS=https://debuginfod.ubuntu.com PYTHONPATH=/home/group10/ros2_ws/build/cmd_vel_bridge/prefix_override:/usr/lib/python3/dist-packages/colcon_core/task/python/colcon_distutils_commands:/home/group10/ros2_ws/install/cmd_vel_bridge/lib/python3.12/site-packages:${PYTHONPATH} /usr/bin/python3 -W ignore:setup.py install is deprecated -W ignore:easy_install command is deprecated setup.py egg_info --egg-base ../../build/cmd_vel_bridge build --build-base /home/group10/ros2_ws/build/cmd_vel_bridge/build install --record /home/group10/ros2_ws/build/cmd_vel_bridge/install.log --single-version-externally-managed install_data
[1.807s] Level 1:colcon.colcon_core.environment:checking '/home/group10/ros2_ws/install/cmd_vel_bridge' for CMake module files
[1.808s] DEBUG:colcon.colcon_core.event_handler.log_command:Invoked command in '/home/group10/ros2_ws/src/cmd_vel_bridge' returned '0': DEBUGINFOD_URLS=https://debuginfod.ubuntu.com PYTHONPATH=/home/group10/ros2_ws/build/cmd_vel_bridge/prefix_override:/usr/lib/python3/dist-packages/colcon_core/task/python/colcon_distutils_commands:/home/group10/ros2_ws/install/cmd_vel_bridge/lib/python3.12/site-packages:${PYTHONPATH} /usr/bin/python3 -W ignore:setup.py install is deprecated -W ignore:easy_install command is deprecated setup.py egg_info --egg-base ../../build/cmd_vel_bridge build --build-base /home/group10/ros2_ws/build/cmd_vel_bridge/build install --record /home/group10/ros2_ws/build/cmd_vel_bridge/install.log --single-version-externally-managed install_data
[1.808s] Level 1:colcon.colcon_core.environment:checking '/home/group10/ros2_ws/install/cmd_vel_bridge' for CMake config files
[1.809s] Level 1:colcon.colcon_core.environment:checking '/home/group10/ros2_ws/install/cmd_vel_bridge/lib'
[1.809s] Level 1:colcon.colcon_core.environment:checking '/home/group10/ros2_ws/install/cmd_vel_bridge/bin'
[1.809s] Level 1:colcon.colcon_core.environment:checking '/home/group10/ros2_ws/install/cmd_vel_bridge/lib/pkgconfig/cmd_vel_bridge.pc'
[1.809s] Level 1:colcon.colcon_core.environment:checking '/home/group10/ros2_ws/install/cmd_vel_bridge/lib/python3.12/site-packages'
[1.809s] Level 1:colcon.colcon_core.shell:create_environment_hook('cmd_vel_bridge', 'pythonpath')
[1.809s] INFO:colcon.colcon_core.shell:Creating environment hook '/home/group10/ros2_ws/install/cmd_vel_bridge/share/cmd_vel_bridge/hook/pythonpath.ps1'
[1.810s] INFO:colcon.colcon_core.shell:Creating environment descriptor '/home/group10/ros2_ws/install/cmd_vel_bridge/share/cmd_vel_bridge/hook/pythonpath.dsv'
[1.810s] INFO:colcon.colcon_core.shell:Creating environment hook '/home/group10/ros2_ws/install/cmd_vel_bridge/share/cmd_vel_bridge/hook/pythonpath.sh'
[1.811s] Level 1:colcon.colcon_core.environment:checking '/home/group10/ros2_ws/install/cmd_vel_bridge/bin'
[1.811s] Level 1:colcon.colcon_core.environment:create_environment_scripts_only(cmd_vel_bridge)
[1.811s] INFO:colcon.colcon_core.shell:Creating package script '/home/group10/ros2_ws/install/cmd_vel_bridge/share/cmd_vel_bridge/package.ps1'
[1.812s] INFO:colcon.colcon_core.shell:Creating package descriptor '/home/group10/ros2_ws/install/cmd_vel_bridge/share/cmd_vel_bridge/package.dsv'
[1.812s] INFO:colcon.colcon_core.shell:Creating package script '/home/group10/ros2_ws/install/cmd_vel_bridge/share/cmd_vel_bridge/package.sh'
[1.813s] INFO:colcon.colcon_core.shell:Creating package script '/home/group10/ros2_ws/install/cmd_vel_bridge/share/cmd_vel_bridge/package.bash'
[1.813s] INFO:colcon.colcon_core.shell:Creating package script '/home/group10/ros2_ws/install/cmd_vel_bridge/share/cmd_vel_bridge/package.zsh'
[1.813s] Level 1:colcon.colcon_core.environment:create_file_with_runtime_dependencies(/home/group10/ros2_ws/install/cmd_vel_bridge/share/colcon-core/packages/cmd_vel_bridge)
[1.813s] DEBUG:colcon.colcon_parallel_executor.executor.parallel:closing loop
[1.814s] DEBUG:colcon.colcon_parallel_executor.executor.parallel:loop closed
[1.814s] DEBUG:colcon.colcon_parallel_executor.executor.parallel:run_until_complete finished with '0'
[1.814s] DEBUG:colcon.colcon_core.event_reactor:joining thread
[1.820s] INFO:colcon.colcon_core.plugin_system:Skipping extension 'colcon_notification.desktop_notification.terminal_notifier': Not used on non-Darwin systems
[1.820s] INFO:colcon.colcon_core.plugin_system:Skipping extension 'colcon_notification.desktop_notification.win32': Not used on non-Windows systems
[1.820s] INFO:colcon.colcon_notification.desktop_notification:Sending desktop notification using 'notify2'
[1.832s] DEBUG:colcon.colcon_core.event_reactor:joined thread
[1.833s] INFO:colcon.colcon_core.shell:Creating prefix script '/home/group10/ros2_ws/install/local_setup.ps1'
[1.834s] INFO:colcon.colcon_core.shell:Creating prefix util module '/home/group10/ros2_ws/install/_local_setup_util_ps1.py'
[1.835s] INFO:colcon.colcon_core.shell:Creating prefix chain script '/home/group10/ros2_ws/install/setup.ps1'
[1.839s] INFO:colcon.colcon_core.shell:Creating prefix script '/home/group10/ros2_ws/install/local_setup.sh'
[1.840s] INFO:colcon.colcon_core.shell:Creating prefix util module '/home/group10/ros2_ws/install/_local_setup_util_sh.py'
[1.840s] INFO:colcon.colcon_core.shell:Creating prefix chain script '/home/group10/ros2_ws/install/setup.sh'
[1.843s] INFO:colcon.colcon_core.shell:Creating prefix script '/home/group10/ros2_ws/install/local_setup.bash'
[1.844s] INFO:colcon.colcon_core.shell:Creating prefix chain script '/home/group10/ros2_ws/install/setup.bash'
[1.845s] INFO:colcon.colcon_core.shell:Creating prefix script '/home/group10/ros2_ws/install/local_setup.zsh'
[1.846s] INFO:colcon.colcon_core.shell:Creating prefix chain script '/home/group10/ros2_ws/install/setup.zsh'
