[0.173s] DEBUG:colcon:Command line arguments: ['/usr/bin/colcon', 'build']
[0.173s] DEBUG:colcon:Parsed command line arguments: Namespace(log_base=None, log_level=None, verb_name='build', build_base='build', install_base='install', merge_install=False, symlink_install=False, test_result_base=None, continue_on_error=False, executor='parallel', parallel_workers=4, event_handlers=None, ignore_user_meta=False, metas=['./colcon.meta'], base_paths=['.'], packages_ignore=None, packages_ignore_regex=None, paths=None, packages_up_to=None, packages_up_to_regex=None, packages_above=None, packages_above_and_dependencies=None, packages_above_depth=None, packages_select_by_dep=None, packages_skip_by_dep=None, packages_skip_up_to=None, packages_select_build_failed=False, packages_skip_build_finished=False, packages_select_test_failures=False, packages_skip_test_passed=False, packages_select=None, packages_skip=None, packages_select_regex=None, packages_skip_regex=None, packages_start=None, packages_end=None, allow_overriding=[], cmake_args=None, cmake_target=None, cmake_target_skip_unavailable=False, cmake_clean_cache=False, cmake_clean_first=False, cmake_force_configure=False, ament_cmake_args=None, catkin_cmake_args=None, catkin_skip_building_tests=False, mixin_files=None, mixin=None, verb_parser=<colcon_mixin.mixin.mixin_argument.MixinArgumentDecorator object at 0x7d5e0bb99b50>, verb_extension=<colcon_core.verb.build.BuildVerb object at 0x7d5e0bcd1ca0>, main=<bound method BuildVerb.main of <colcon_core.verb.build.BuildVerb object at 0x7d5e0bcd1ca0>>, mixin_verb=('build',))
[0.219s] Level 1:colcon.colcon_core.package_discovery:discover_packages(colcon_meta) check parameters
[0.219s] Level 1:colcon.colcon_core.package_discovery:discover_packages(recursive) check parameters
[0.219s] Level 1:colcon.colcon_core.package_discovery:discover_packages(ignore) check parameters
[0.219s] Level 1:colcon.colcon_core.package_discovery:discover_packages(path) check parameters
[0.219s] Level 1:colcon.colcon_core.package_discovery:discover_packages(colcon_meta) discover
[0.219s] Level 1:colcon.colcon_core.package_discovery:discover_packages(recursive) discover
[0.219s] INFO:colcon.colcon_core.package_discovery:Crawling recursively for packages in '/home/group10/ros2_ws'
[0.219s] Level 1:colcon.colcon_core.package_identification:_identify(.) by extensions ['ignore', 'ignore_ament_install']
[0.220s] Level 1:colcon.colcon_core.package_identification:_identify(.) by extension 'ignore'
[0.220s] Level 1:colcon.colcon_core.package_identification:_identify(.) by extension 'ignore_ament_install'
[0.220s] Level 1:colcon.colcon_core.package_identification:_identify(.) by extensions ['colcon_pkg']
[0.220s] Level 1:colcon.colcon_core.package_identification:_identify(.) by extension 'colcon_pkg'
[0.220s] Level 1:colcon.colcon_core.package_identification:_identify(.) by extensions ['colcon_meta']
[0.220s] Level 1:colcon.colcon_core.package_identification:_identify(.) by extension 'colcon_meta'
[0.220s] Level 1:colcon.colcon_core.package_identification:_identify(.) by extensions ['ros']
[0.220s] Level 1:colcon.colcon_core.package_identification:_identify(.) by extension 'ros'
[0.252s] Level 1:colcon.colcon_core.package_identification:_identify(.) by extensions ['cmake', 'python']
[0.252s] Level 1:colcon.colcon_core.package_identification:_identify(.) by extension 'cmake'
[0.253s] Level 1:colcon.colcon_core.package_identification:_identify(.) by extension 'python'
[0.253s] Level 1:colcon.colcon_core.package_identification:_identify(.) by extensions ['python_setup_py']
[0.253s] Level 1:colcon.colcon_core.package_identification:_identify(.) by extension 'python_setup_py'
[0.253s] Level 1:colcon.colcon_core.package_identification:_identify(build) by extensions ['ignore', 'ignore_ament_install']
[0.253s] Level 1:colcon.colcon_core.package_identification:_identify(build) by extension 'ignore'
[0.253s] Level 1:colcon.colcon_core.package_identification:_identify(build) ignored
[0.253s] Level 1:colcon.colcon_core.package_identification:_identify(install) by extensions ['ignore', 'ignore_ament_install']
[0.253s] Level 1:colcon.colcon_core.package_identification:_identify(install) by extension 'ignore'
[0.253s] Level 1:colcon.colcon_core.package_identification:_identify(install) ignored
[0.253s] Level 1:colcon.colcon_core.package_identification:_identify(log) by extensions ['ignore', 'ignore_ament_install']
[0.253s] Level 1:colcon.colcon_core.package_identification:_identify(log) by extension 'ignore'
[0.253s] Level 1:colcon.colcon_core.package_identification:_identify(log) ignored
[0.253s] Level 1:colcon.colcon_core.package_identification:_identify(src) by extensions ['ignore', 'ignore_ament_install']
[0.254s] Level 1:colcon.colcon_core.package_identification:_identify(src) by extension 'ignore'
[0.254s] Level 1:colcon.colcon_core.package_identification:_identify(src) by extension 'ignore_ament_install'
[0.254s] Level 1:colcon.colcon_core.package_identification:_identify(src) by extensions ['colcon_pkg']
[0.254s] Level 1:colcon.colcon_core.package_identification:_identify(src) by extension 'colcon_pkg'
[0.254s] Level 1:colcon.colcon_core.package_identification:_identify(src) by extensions ['colcon_meta']
[0.254s] Level 1:colcon.colcon_core.package_identification:_identify(src) by extension 'colcon_meta'
[0.254s] Level 1:colcon.colcon_core.package_identification:_identify(src) by extensions ['ros']
[0.254s] Level 1:colcon.colcon_core.package_identification:_identify(src) by extension 'ros'
[0.254s] Level 1:colcon.colcon_core.package_identification:_identify(src) by extensions ['cmake', 'python']
[0.254s] Level 1:colcon.colcon_core.package_identification:_identify(src) by extension 'cmake'
[0.254s] Level 1:colcon.colcon_core.package_identification:_identify(src) by extension 'python'
[0.254s] Level 1:colcon.colcon_core.package_identification:_identify(src) by extensions ['python_setup_py']
[0.254s] Level 1:colcon.colcon_core.package_identification:_identify(src) by extension 'python_setup_py'
[0.254s] Level 1:colcon.colcon_core.package_identification:_identify(src/cmd_vel_bridge) by extensions ['ignore', 'ignore_ament_install']
[0.254s] Level 1:colcon.colcon_core.package_identification:_identify(src/cmd_vel_bridge) by extension 'ignore'
[0.254s] Level 1:colcon.colcon_core.package_identification:_identify(src/cmd_vel_bridge) by extension 'ignore_ament_install'
[0.254s] Level 1:colcon.colcon_core.package_identification:_identify(src/cmd_vel_bridge) by extensions ['colcon_pkg']
[0.254s] Level 1:colcon.colcon_core.package_identification:_identify(src/cmd_vel_bridge) by extension 'colcon_pkg'
[0.254s] Level 1:colcon.colcon_core.package_identification:_identify(src/cmd_vel_bridge) by extensions ['colcon_meta']
[0.254s] Level 1:colcon.colcon_core.package_identification:_identify(src/cmd_vel_bridge) by extension 'colcon_meta'
[0.254s] Level 1:colcon.colcon_core.package_identification:_identify(src/cmd_vel_bridge) by extensions ['ros']
[0.255s] Level 1:colcon.colcon_core.package_identification:_identify(src/cmd_vel_bridge) by extension 'ros'
[0.258s] DEBUG:colcon.colcon_core.package_identification:Package 'src/cmd_vel_bridge' with type 'ros.ament_python' and name 'cmd_vel_bridge'
[0.258s] Level 1:colcon.colcon_core.package_identification:_identify(src/r2d10) by extensions ['ignore', 'ignore_ament_install']
[0.258s] Level 1:colcon.colcon_core.package_identification:_identify(src/r2d10) by extension 'ignore'
[0.258s] Level 1:colcon.colcon_core.package_identification:_identify(src/r2d10) by extension 'ignore_ament_install'
[0.258s] Level 1:colcon.colcon_core.package_identification:_identify(src/r2d10) by extensions ['colcon_pkg']
[0.258s] Level 1:colcon.colcon_core.package_identification:_identify(src/r2d10) by extension 'colcon_pkg'
[0.258s] Level 1:colcon.colcon_core.package_identification:_identify(src/r2d10) by extensions ['colcon_meta']
[0.258s] Level 1:colcon.colcon_core.package_identification:_identify(src/r2d10) by extension 'colcon_meta'
[0.258s] Level 1:colcon.colcon_core.package_identification:_identify(src/r2d10) by extensions ['ros']
[0.258s] Level 1:colcon.colcon_core.package_identification:_identify(src/r2d10) by extension 'ros'
[0.259s] DEBUG:colcon.colcon_core.package_identification:Package 'src/r2d10' with type 'ros.ament_cmake' and name 'r2d10'
[0.259s] Level 1:colcon.colcon_core.package_discovery:discover_packages(recursive) using defaults
[0.259s] Level 1:colcon.colcon_core.package_discovery:discover_packages(ignore) discover
[0.259s] Level 1:colcon.colcon_core.package_discovery:discover_packages(ignore) using defaults
[0.259s] Level 1:colcon.colcon_core.package_discovery:discover_packages(path) discover
[0.259s] Level 1:colcon.colcon_core.package_discovery:discover_packages(path) using defaults
[0.284s] Level 1:colcon.colcon_core.package_discovery:discover_packages(prefix_path) check parameters
[0.284s] Level 1:colcon.colcon_core.package_discovery:discover_packages(prefix_path) discover
[0.288s] DEBUG:colcon.colcon_installed_package_information.package_discovery:Found 2 installed packages in /home/group10/ros2_ws/install
[0.289s] DEBUG:colcon.colcon_installed_package_information.package_discovery:Found 0 installed packages in /home/group10/ros2_ws/src/r2d10/worlds/install
[0.290s] DEBUG:colcon.colcon_installed_package_information.package_discovery:Found 20 installed packages in /home/group10/install
[0.292s] DEBUG:colcon.colcon_installed_package_information.package_discovery:Found 408 installed packages in /opt/ros/jazzy
[0.293s] Level 1:colcon.colcon_core.package_discovery:discover_packages(prefix_path) using defaults
[0.363s] Level 5:colcon.colcon_core.verb:set package 'cmd_vel_bridge' build argument 'cmake_args' from command line to 'None'
[0.363s] Level 5:colcon.colcon_core.verb:set package 'cmd_vel_bridge' build argument 'cmake_target' from command line to 'None'
[0.363s] Level 5:colcon.colcon_core.verb:set package 'cmd_vel_bridge' build argument 'cmake_target_skip_unavailable' from command line to 'False'
[0.363s] Level 5:colcon.colcon_core.verb:set package 'cmd_vel_bridge' build argument 'cmake_clean_cache' from command line to 'False'
[0.363s] Level 5:colcon.colcon_core.verb:set package 'cmd_vel_bridge' build argument 'cmake_clean_first' from command line to 'False'
[0.363s] Level 5:colcon.colcon_core.verb:set package 'cmd_vel_bridge' build argument 'cmake_force_configure' from command line to 'False'
[0.363s] Level 5:colcon.colcon_core.verb:set package 'cmd_vel_bridge' build argument 'ament_cmake_args' from command line to 'None'
[0.363s] Level 5:colcon.colcon_core.verb:set package 'cmd_vel_bridge' build argument 'catkin_cmake_args' from command line to 'None'
[0.363s] Level 5:colcon.colcon_core.verb:set package 'cmd_vel_bridge' build argument 'catkin_skip_building_tests' from command line to 'False'
[0.363s] DEBUG:colcon.colcon_core.verb:Building package 'cmd_vel_bridge' with the following arguments: {'ament_cmake_args': None, 'build_base': '/home/group10/ros2_ws/build/cmd_vel_bridge', 'catkin_cmake_args': None, 'catkin_skip_building_tests': False, 'cmake_args': None, 'cmake_clean_cache': False, 'cmake_clean_first': False, 'cmake_force_configure': False, 'cmake_target': None, 'cmake_target_skip_unavailable': False, 'install_base': '/home/group10/ros2_ws/install/cmd_vel_bridge', 'merge_install': False, 'path': '/home/group10/ros2_ws/src/cmd_vel_bridge', 'symlink_install': False, 'test_result_base': None}
[0.364s] Level 5:colcon.colcon_core.verb:set package 'r2d10' build argument 'cmake_args' from command line to 'None'
[0.364s] Level 5:colcon.colcon_core.verb:set package 'r2d10' build argument 'cmake_target' from command line to 'None'
[0.364s] Level 5:colcon.colcon_core.verb:set package 'r2d10' build argument 'cmake_target_skip_unavailable' from command line to 'False'
[0.364s] Level 5:colcon.colcon_core.verb:set package 'r2d10' build argument 'cmake_clean_cache' from command line to 'False'
[0.364s] Level 5:colcon.colcon_core.verb:set package 'r2d10' build argument 'cmake_clean_first' from command line to 'False'
[0.364s] Level 5:colcon.colcon_core.verb:set package 'r2d10' build argument 'cmake_force_configure' from command line to 'False'
[0.364s] Level 5:colcon.colcon_core.verb:set package 'r2d10' build argument 'ament_cmake_args' from command line to 'None'
[0.364s] Level 5:colcon.colcon_core.verb:set package 'r2d10' build argument 'catkin_cmake_args' from command line to 'None'
[0.364s] Level 5:colcon.colcon_core.verb:set package 'r2d10' build argument 'catkin_skip_building_tests' from command line to 'False'
[0.364s] DEBUG:colcon.colcon_core.verb:Building package 'r2d10' with the following arguments: {'ament_cmake_args': None, 'build_base': '/home/group10/ros2_ws/build/r2d10', 'catkin_cmake_args': None, 'catkin_skip_building_tests': False, 'cmake_args': None, 'cmake_clean_cache': False, 'cmake_clean_first': False, 'cmake_force_configure': False, 'cmake_target': None, 'cmake_target_skip_unavailable': False, 'install_base': '/home/group10/ros2_ws/install/r2d10', 'merge_install': False, 'path': '/home/group10/ros2_ws/src/r2d10', 'symlink_install': False, 'test_result_base': None}
[0.364s] INFO:colcon.colcon_core.executor:Executing jobs using 'parallel' executor
[0.365s] DEBUG:colcon.colcon_parallel_executor.executor.parallel:run_until_complete
[0.365s] INFO:colcon.colcon_ros.task.ament_python.build:Building ROS package in '/home/group10/ros2_ws/src/cmd_vel_bridge' with build type 'ament_python'
[0.365s] Level 1:colcon.colcon_core.shell:create_environment_hook('cmd_vel_bridge', 'ament_prefix_path')
[0.369s] INFO:colcon.colcon_core.plugin_system:Skipping extension 'colcon_core.shell.bat': Not used on non-Windows systems
[0.370s] INFO:colcon.colcon_core.shell:Creating environment hook '/home/group10/ros2_ws/install/cmd_vel_bridge/share/cmd_vel_bridge/hook/ament_prefix_path.ps1'
[0.370s] INFO:colcon.colcon_core.shell:Creating environment descriptor '/home/group10/ros2_ws/install/cmd_vel_bridge/share/cmd_vel_bridge/hook/ament_prefix_path.dsv'
[0.371s] INFO:colcon.colcon_core.shell:Creating environment hook '/home/group10/ros2_ws/install/cmd_vel_bridge/share/cmd_vel_bridge/hook/ament_prefix_path.sh'
[0.373s] INFO:colcon.colcon_core.shell:Skip shell extension 'powershell' for command environment: Not usable outside of PowerShell
[0.373s] DEBUG:colcon.colcon_core.shell:Skip shell extension 'dsv' for command environment
[0.379s] INFO:colcon.colcon_ros.task.ament_cmake.build:Building ROS package in '/home/group10/ros2_ws/src/r2d10' with build type 'ament_cmake'
[0.379s] INFO:colcon.colcon_cmake.task.cmake.build:Building CMake package in '/home/group10/ros2_ws/src/r2d10'
[0.379s] INFO:colcon.colcon_core.shell:Skip shell extension 'powershell' for command environment: Not usable outside of PowerShell
[0.380s] DEBUG:colcon.colcon_core.shell:Skip shell extension 'dsv' for command environment
[0.629s] INFO:colcon.colcon_core.task.python.build:Building Python package in '/home/group10/ros2_ws/src/cmd_vel_bridge'
[0.630s] INFO:colcon.colcon_core.shell:Skip shell extension 'powershell' for command environment: Not usable outside of PowerShell
[0.630s] DEBUG:colcon.colcon_core.shell:Skip shell extension 'dsv' for command environment
[0.638s] DEBUG:colcon.colcon_core.event_handler.log_command:Invoking command in '/home/group10/ros2_ws/build/r2d10': CMAKE_PREFIX_PATH=${CMAKE_PREFIX_PATH}:/home/group10/ros2_ws/install/cmd_vel_bridge:/home/group10/install/control:/home/group10/install/my_arm_service:/home/group10/install/gst_pipeline:/opt/ros/jazzy DEBUGINFOD_URLS=https://debuginfod.ubuntu.com /usr/bin/cmake --build /home/group10/ros2_ws/build/r2d10 -- -j4 -l4
[0.698s] DEBUG:colcon.colcon_core.event_handler.log_command:Invoked command in '/home/group10/ros2_ws/build/r2d10' returned '0': CMAKE_PREFIX_PATH=${CMAKE_PREFIX_PATH}:/home/group10/ros2_ws/install/cmd_vel_bridge:/home/group10/install/control:/home/group10/install/my_arm_service:/home/group10/install/gst_pipeline:/opt/ros/jazzy DEBUGINFOD_URLS=https://debuginfod.ubuntu.com /usr/bin/cmake --build /home/group10/ros2_ws/build/r2d10 -- -j4 -l4
[0.710s] DEBUG:colcon.colcon_core.event_handler.log_command:Invoking command in '/home/group10/ros2_ws/build/r2d10': CMAKE_PREFIX_PATH=${CMAKE_PREFIX_PATH}:/home/group10/ros2_ws/install/cmd_vel_bridge:/home/group10/install/control:/home/group10/install/my_arm_service:/home/group10/install/gst_pipeline:/opt/ros/jazzy DEBUGINFOD_URLS=https://debuginfod.ubuntu.com /usr/bin/cmake --install /home/group10/ros2_ws/build/r2d10
[0.731s] Level 1:colcon.colcon_core.environment:create_environment_scripts_only(r2d10)
[0.740s] DEBUG:colcon.colcon_core.event_handler.log_command:Invoked command in '/home/group10/ros2_ws/build/r2d10' returned '0': CMAKE_PREFIX_PATH=${CMAKE_PREFIX_PATH}:/home/group10/ros2_ws/install/cmd_vel_bridge:/home/group10/install/control:/home/group10/install/my_arm_service:/home/group10/install/gst_pipeline:/opt/ros/jazzy DEBUGINFOD_URLS=https://debuginfod.ubuntu.com /usr/bin/cmake --install /home/group10/ros2_ws/build/r2d10
[0.744s] Level 1:colcon.colcon_core.environment:checking '/home/group10/ros2_ws/install/r2d10' for CMake module files
[0.745s] Level 1:colcon.colcon_core.environment:checking '/home/group10/ros2_ws/install/r2d10' for CMake config files
[0.745s] Level 1:colcon.colcon_core.shell:create_environment_hook('r2d10', 'cmake_prefix_path')
[0.745s] INFO:colcon.colcon_core.shell:Creating environment hook '/home/group10/ros2_ws/install/r2d10/share/r2d10/hook/cmake_prefix_path.ps1'
[0.745s] INFO:colcon.colcon_core.shell:Creating environment descriptor '/home/group10/ros2_ws/install/r2d10/share/r2d10/hook/cmake_prefix_path.dsv'
[0.746s] INFO:colcon.colcon_core.shell:Creating environment hook '/home/group10/ros2_ws/install/r2d10/share/r2d10/hook/cmake_prefix_path.sh'
[0.746s] Level 1:colcon.colcon_core.environment:checking '/home/group10/ros2_ws/install/r2d10/bin'
[0.746s] Level 1:colcon.colcon_core.environment:checking '/home/group10/ros2_ws/install/r2d10/lib/pkgconfig/r2d10.pc'
[0.747s] Level 1:colcon.colcon_core.environment:checking '/home/group10/ros2_ws/install/r2d10/lib/python3.12/site-packages'
[0.747s] Level 1:colcon.colcon_core.environment:checking '/home/group10/ros2_ws/install/r2d10/bin'
[0.747s] INFO:colcon.colcon_core.shell:Creating package script '/home/group10/ros2_ws/install/r2d10/share/r2d10/package.ps1'
[0.748s] INFO:colcon.colcon_core.shell:Creating package descriptor '/home/group10/ros2_ws/install/r2d10/share/r2d10/package.dsv'
[0.749s] INFO:colcon.colcon_core.shell:Creating package script '/home/group10/ros2_ws/install/r2d10/share/r2d10/package.sh'
[0.750s] INFO:colcon.colcon_core.shell:Creating package script '/home/group10/ros2_ws/install/r2d10/share/r2d10/package.bash'
[0.751s] INFO:colcon.colcon_core.shell:Creating package script '/home/group10/ros2_ws/install/r2d10/share/r2d10/package.zsh'
[0.751s] Level 1:colcon.colcon_core.environment:create_file_with_runtime_dependencies(/home/group10/ros2_ws/install/r2d10/share/colcon-core/packages/r2d10)
[0.752s] Level 1:colcon.colcon_core.environment:create_environment_scripts_only(r2d10)
[0.752s] Level 1:colcon.colcon_core.environment:checking '/home/group10/ros2_ws/install/r2d10' for CMake module files
[0.752s] Level 1:colcon.colcon_core.environment:checking '/home/group10/ros2_ws/install/r2d10' for CMake config files
[0.753s] Level 1:colcon.colcon_core.shell:create_environment_hook('r2d10', 'cmake_prefix_path')
[0.753s] INFO:colcon.colcon_core.shell:Creating environment hook '/home/group10/ros2_ws/install/r2d10/share/r2d10/hook/cmake_prefix_path.ps1'
[0.753s] INFO:colcon.colcon_core.shell:Creating environment descriptor '/home/group10/ros2_ws/install/r2d10/share/r2d10/hook/cmake_prefix_path.dsv'
[0.753s] INFO:colcon.colcon_core.shell:Creating environment hook '/home/group10/ros2_ws/install/r2d10/share/r2d10/hook/cmake_prefix_path.sh'
[0.754s] Level 1:colcon.colcon_core.environment:checking '/home/group10/ros2_ws/install/r2d10/bin'
[0.754s] Level 1:colcon.colcon_core.environment:checking '/home/group10/ros2_ws/install/r2d10/lib/pkgconfig/r2d10.pc'
[0.754s] Level 1:colcon.colcon_core.environment:checking '/home/group10/ros2_ws/install/r2d10/lib/python3.12/site-packages'
[0.755s] Level 1:colcon.colcon_core.environment:checking '/home/group10/ros2_ws/install/r2d10/bin'
[0.755s] INFO:colcon.colcon_core.shell:Creating package script '/home/group10/ros2_ws/install/r2d10/share/r2d10/package.ps1'
[0.755s] INFO:colcon.colcon_core.shell:Creating package descriptor '/home/group10/ros2_ws/install/r2d10/share/r2d10/package.dsv'
[0.756s] INFO:colcon.colcon_core.shell:Creating package script '/home/group10/ros2_ws/install/r2d10/share/r2d10/package.sh'
[0.756s] INFO:colcon.colcon_core.shell:Creating package script '/home/group10/ros2_ws/install/r2d10/share/r2d10/package.bash'
[0.756s] INFO:colcon.colcon_core.shell:Creating package script '/home/group10/ros2_ws/install/r2d10/share/r2d10/package.zsh'
[0.757s] Level 1:colcon.colcon_core.environment:create_file_with_runtime_dependencies(/home/group10/ros2_ws/install/r2d10/share/colcon-core/packages/r2d10)
[1.421s] DEBUG:colcon.colcon_core.event_handler.log_command:Invoking command in '/home/group10/ros2_ws/src/cmd_vel_bridge': DEBUGINFOD_URLS=https://debuginfod.ubuntu.com PYTHONPATH=/home/group10/ros2_ws/build/cmd_vel_bridge/prefix_override:/usr/lib/python3/dist-packages/colcon_core/task/python/colcon_distutils_commands:/home/group10/ros2_ws/install/cmd_vel_bridge/lib/python3.12/site-packages:${PYTHONPATH} /usr/bin/python3 -W ignore:setup.py install is deprecated -W ignore:easy_install command is deprecated setup.py egg_info --egg-base ../../build/cmd_vel_bridge build --build-base /home/group10/ros2_ws/build/cmd_vel_bridge/build install --record /home/group10/ros2_ws/build/cmd_vel_bridge/install.log --single-version-externally-managed install_data
[2.066s] Level 1:colcon.colcon_core.environment:checking '/home/group10/ros2_ws/install/cmd_vel_bridge' for CMake module files
[2.067s] DEBUG:colcon.colcon_core.event_handler.log_command:Invoked command in '/home/group10/ros2_ws/src/cmd_vel_bridge' returned '0': DEBUGINFOD_URLS=https://debuginfod.ubuntu.com PYTHONPATH=/home/group10/ros2_ws/build/cmd_vel_bridge/prefix_override:/usr/lib/python3/dist-packages/colcon_core/task/python/colcon_distutils_commands:/home/group10/ros2_ws/install/cmd_vel_bridge/lib/python3.12/site-packages:${PYTHONPATH} /usr/bin/python3 -W ignore:setup.py install is deprecated -W ignore:easy_install command is deprecated setup.py egg_info --egg-base ../../build/cmd_vel_bridge build --build-base /home/group10/ros2_ws/build/cmd_vel_bridge/build install --record /home/group10/ros2_ws/build/cmd_vel_bridge/install.log --single-version-externally-managed install_data
[2.067s] Level 1:colcon.colcon_core.environment:checking '/home/group10/ros2_ws/install/cmd_vel_bridge' for CMake config files
[2.068s] Level 1:colcon.colcon_core.environment:checking '/home/group10/ros2_ws/install/cmd_vel_bridge/lib'
[2.068s] Level 1:colcon.colcon_core.environment:checking '/home/group10/ros2_ws/install/cmd_vel_bridge/bin'
[2.068s] Level 1:colcon.colcon_core.environment:checking '/home/group10/ros2_ws/install/cmd_vel_bridge/lib/pkgconfig/cmd_vel_bridge.pc'
[2.068s] Level 1:colcon.colcon_core.environment:checking '/home/group10/ros2_ws/install/cmd_vel_bridge/lib/python3.12/site-packages'
[2.068s] Level 1:colcon.colcon_core.shell:create_environment_hook('cmd_vel_bridge', 'pythonpath')
[2.069s] INFO:colcon.colcon_core.shell:Creating environment hook '/home/group10/ros2_ws/install/cmd_vel_bridge/share/cmd_vel_bridge/hook/pythonpath.ps1'
[2.069s] INFO:colcon.colcon_core.shell:Creating environment descriptor '/home/group10/ros2_ws/install/cmd_vel_bridge/share/cmd_vel_bridge/hook/pythonpath.dsv'
[2.069s] INFO:colcon.colcon_core.shell:Creating environment hook '/home/group10/ros2_ws/install/cmd_vel_bridge/share/cmd_vel_bridge/hook/pythonpath.sh'
[2.070s] Level 1:colcon.colcon_core.environment:checking '/home/group10/ros2_ws/install/cmd_vel_bridge/bin'
[2.070s] Level 1:colcon.colcon_core.environment:create_environment_scripts_only(cmd_vel_bridge)
[2.071s] INFO:colcon.colcon_core.shell:Creating package script '/home/group10/ros2_ws/install/cmd_vel_bridge/share/cmd_vel_bridge/package.ps1'
[2.071s] INFO:colcon.colcon_core.shell:Creating package descriptor '/home/group10/ros2_ws/install/cmd_vel_bridge/share/cmd_vel_bridge/package.dsv'
[2.072s] INFO:colcon.colcon_core.shell:Creating package script '/home/group10/ros2_ws/install/cmd_vel_bridge/share/cmd_vel_bridge/package.sh'
[2.072s] INFO:colcon.colcon_core.shell:Creating package script '/home/group10/ros2_ws/install/cmd_vel_bridge/share/cmd_vel_bridge/package.bash'
[2.072s] INFO:colcon.colcon_core.shell:Creating package script '/home/group10/ros2_ws/install/cmd_vel_bridge/share/cmd_vel_bridge/package.zsh'
[2.073s] Level 1:colcon.colcon_core.environment:create_file_with_runtime_dependencies(/home/group10/ros2_ws/install/cmd_vel_bridge/share/colcon-core/packages/cmd_vel_bridge)
[2.073s] DEBUG:colcon.colcon_parallel_executor.executor.parallel:closing loop
[2.074s] DEBUG:colcon.colcon_parallel_executor.executor.parallel:loop closed
[2.074s] DEBUG:colcon.colcon_parallel_executor.executor.parallel:run_until_complete finished with '0'
[2.074s] DEBUG:colcon.colcon_core.event_reactor:joining thread
[2.085s] INFO:colcon.colcon_core.plugin_system:Skipping extension 'colcon_notification.desktop_notification.terminal_notifier': Not used on non-Darwin systems
[2.085s] INFO:colcon.colcon_core.plugin_system:Skipping extension 'colcon_notification.desktop_notification.win32': Not used on non-Windows systems
[2.085s] INFO:colcon.colcon_notification.desktop_notification:Sending desktop notification using 'notify2'
[2.100s] DEBUG:colcon.colcon_core.event_reactor:joined thread
[2.101s] INFO:colcon.colcon_core.shell:Creating prefix script '/home/group10/ros2_ws/install/local_setup.ps1'
[2.102s] INFO:colcon.colcon_core.shell:Creating prefix util module '/home/group10/ros2_ws/install/_local_setup_util_ps1.py'
[2.103s] INFO:colcon.colcon_core.shell:Creating prefix chain script '/home/group10/ros2_ws/install/setup.ps1'
[2.106s] INFO:colcon.colcon_core.shell:Creating prefix script '/home/group10/ros2_ws/install/local_setup.sh'
[2.107s] INFO:colcon.colcon_core.shell:Creating prefix util module '/home/group10/ros2_ws/install/_local_setup_util_sh.py'
[2.108s] INFO:colcon.colcon_core.shell:Creating prefix chain script '/home/group10/ros2_ws/install/setup.sh'
[2.111s] INFO:colcon.colcon_core.shell:Creating prefix script '/home/group10/ros2_ws/install/local_setup.bash'
[2.111s] INFO:colcon.colcon_core.shell:Creating prefix chain script '/home/group10/ros2_ws/install/setup.bash'
[2.113s] INFO:colcon.colcon_core.shell:Creating prefix script '/home/group10/ros2_ws/install/local_setup.zsh'
[2.114s] INFO:colcon.colcon_core.shell:Creating prefix chain script '/home/group10/ros2_ws/install/setup.zsh'
