[0.115s] DEBUG:colcon:Command line arguments: ['/usr/bin/colcon', 'build']
[0.115s] DEBUG:colcon:Parsed command line arguments: Namespace(log_base=None, log_level=None, verb_name='build', build_base='build', install_base='install', merge_install=False, symlink_install=False, test_result_base=None, continue_on_error=False, executor='parallel', parallel_workers=4, event_handlers=None, ignore_user_meta=False, metas=['./colcon.meta'], base_paths=['.'], packages_ignore=None, packages_ignore_regex=None, paths=None, packages_up_to=None, packages_up_to_regex=None, packages_above=None, packages_above_and_dependencies=None, packages_above_depth=None, packages_select_by_dep=None, packages_skip_by_dep=None, packages_skip_up_to=None, packages_select_build_failed=False, packages_skip_build_finished=False, packages_select_test_failures=False, packages_skip_test_passed=False, packages_select=None, packages_skip=None, packages_select_regex=None, packages_skip_regex=None, packages_start=None, packages_end=None, allow_overriding=[], cmake_args=None, cmake_target=None, cmake_target_skip_unavailable=False, cmake_clean_cache=False, cmake_clean_first=False, cmake_force_configure=False, ament_cmake_args=None, catkin_cmake_args=None, catkin_skip_building_tests=False, mixin_files=None, mixin=None, verb_parser=<colcon_mixin.mixin.mixin_argument.MixinArgumentDecorator object at 0x765eec98dc10>, verb_extension=<colcon_core.verb.build.BuildVerb object at 0x765eecac1e20>, main=<bound method BuildVerb.main of <colcon_core.verb.build.BuildVerb object at 0x765eecac1e20>>, mixin_verb=('build',))
[0.155s] Level 1:colcon.colcon_core.package_discovery:discover_packages(colcon_meta) check parameters
[0.155s] Level 1:colcon.colcon_core.package_discovery:discover_packages(recursive) check parameters
[0.155s] Level 1:colcon.colcon_core.package_discovery:discover_packages(ignore) check parameters
[0.155s] Level 1:colcon.colcon_core.package_discovery:discover_packages(path) check parameters
[0.155s] Level 1:colcon.colcon_core.package_discovery:discover_packages(colcon_meta) discover
[0.155s] Level 1:colcon.colcon_core.package_discovery:discover_packages(recursive) discover
[0.155s] INFO:colcon.colcon_core.package_discovery:Crawling recursively for packages in '/home/group10/ros2_ws'
[0.155s] Level 1:colcon.colcon_core.package_identification:_identify(.) by extensions ['ignore', 'ignore_ament_install']
[0.156s] Level 1:colcon.colcon_core.package_identification:_identify(.) by extension 'ignore'
[0.156s] Level 1:colcon.colcon_core.package_identification:_identify(.) by extension 'ignore_ament_install'
[0.156s] Level 1:colcon.colcon_core.package_identification:_identify(.) by extensions ['colcon_pkg']
[0.156s] Level 1:colcon.colcon_core.package_identification:_identify(.) by extension 'colcon_pkg'
[0.156s] Level 1:colcon.colcon_core.package_identification:_identify(.) by extensions ['colcon_meta']
[0.156s] Level 1:colcon.colcon_core.package_identification:_identify(.) by extension 'colcon_meta'
[0.156s] Level 1:colcon.colcon_core.package_identification:_identify(.) by extensions ['ros']
[0.156s] Level 1:colcon.colcon_core.package_identification:_identify(.) by extension 'ros'
[0.182s] Level 1:colcon.colcon_core.package_identification:_identify(.) by extensions ['cmake', 'python']
[0.182s] Level 1:colcon.colcon_core.package_identification:_identify(.) by extension 'cmake'
[0.182s] Level 1:colcon.colcon_core.package_identification:_identify(.) by extension 'python'
[0.182s] Level 1:colcon.colcon_core.package_identification:_identify(.) by extensions ['python_setup_py']
[0.182s] Level 1:colcon.colcon_core.package_identification:_identify(.) by extension 'python_setup_py'
[0.182s] Level 1:colcon.colcon_core.package_identification:_identify(build) by extensions ['ignore', 'ignore_ament_install']
[0.182s] Level 1:colcon.colcon_core.package_identification:_identify(build) by extension 'ignore'
[0.182s] Level 1:colcon.colcon_core.package_identification:_identify(build) ignored
[0.182s] Level 1:colcon.colcon_core.package_identification:_identify(install) by extensions ['ignore', 'ignore_ament_install']
[0.182s] Level 1:colcon.colcon_core.package_identification:_identify(install) by extension 'ignore'
[0.182s] Level 1:colcon.colcon_core.package_identification:_identify(install) ignored
[0.182s] Level 1:colcon.colcon_core.package_identification:_identify(launch) by extensions ['ignore', 'ignore_ament_install']
[0.182s] Level 1:colcon.colcon_core.package_identification:_identify(launch) by extension 'ignore'
[0.182s] Level 1:colcon.colcon_core.package_identification:_identify(launch) by extension 'ignore_ament_install'
[0.182s] Level 1:colcon.colcon_core.package_identification:_identify(launch) by extensions ['colcon_pkg']
[0.183s] Level 1:colcon.colcon_core.package_identification:_identify(launch) by extension 'colcon_pkg'
[0.183s] Level 1:colcon.colcon_core.package_identification:_identify(launch) by extensions ['colcon_meta']
[0.183s] Level 1:colcon.colcon_core.package_identification:_identify(launch) by extension 'colcon_meta'
[0.183s] Level 1:colcon.colcon_core.package_identification:_identify(launch) by extensions ['ros']
[0.183s] Level 1:colcon.colcon_core.package_identification:_identify(launch) by extension 'ros'
[0.183s] Level 1:colcon.colcon_core.package_identification:_identify(launch) by extensions ['cmake', 'python']
[0.183s] Level 1:colcon.colcon_core.package_identification:_identify(launch) by extension 'cmake'
[0.183s] Level 1:colcon.colcon_core.package_identification:_identify(launch) by extension 'python'
[0.183s] Level 1:colcon.colcon_core.package_identification:_identify(launch) by extensions ['python_setup_py']
[0.183s] Level 1:colcon.colcon_core.package_identification:_identify(launch) by extension 'python_setup_py'
[0.183s] Level 1:colcon.colcon_core.package_identification:_identify(log) by extensions ['ignore', 'ignore_ament_install']
[0.183s] Level 1:colcon.colcon_core.package_identification:_identify(log) by extension 'ignore'
[0.183s] Level 1:colcon.colcon_core.package_identification:_identify(log) ignored
[0.183s] Level 1:colcon.colcon_core.package_identification:_identify(meshes) by extensions ['ignore', 'ignore_ament_install']
[0.183s] Level 1:colcon.colcon_core.package_identification:_identify(meshes) by extension 'ignore'
[0.183s] Level 1:colcon.colcon_core.package_identification:_identify(meshes) by extension 'ignore_ament_install'
[0.183s] Level 1:colcon.colcon_core.package_identification:_identify(meshes) by extensions ['colcon_pkg']
[0.183s] Level 1:colcon.colcon_core.package_identification:_identify(meshes) by extension 'colcon_pkg'
[0.183s] Level 1:colcon.colcon_core.package_identification:_identify(meshes) by extensions ['colcon_meta']
[0.183s] Level 1:colcon.colcon_core.package_identification:_identify(meshes) by extension 'colcon_meta'
[0.183s] Level 1:colcon.colcon_core.package_identification:_identify(meshes) by extensions ['ros']
[0.183s] Level 1:colcon.colcon_core.package_identification:_identify(meshes) by extension 'ros'
[0.184s] Level 1:colcon.colcon_core.package_identification:_identify(meshes) by extensions ['cmake', 'python']
[0.184s] Level 1:colcon.colcon_core.package_identification:_identify(meshes) by extension 'cmake'
[0.184s] Level 1:colcon.colcon_core.package_identification:_identify(meshes) by extension 'python'
[0.184s] Level 1:colcon.colcon_core.package_identification:_identify(meshes) by extensions ['python_setup_py']
[0.184s] Level 1:colcon.colcon_core.package_identification:_identify(meshes) by extension 'python_setup_py'
[0.184s] Level 1:colcon.colcon_core.package_identification:_identify(rviz) by extensions ['ignore', 'ignore_ament_install']
[0.184s] Level 1:colcon.colcon_core.package_identification:_identify(rviz) by extension 'ignore'
[0.184s] Level 1:colcon.colcon_core.package_identification:_identify(rviz) by extension 'ignore_ament_install'
[0.184s] Level 1:colcon.colcon_core.package_identification:_identify(rviz) by extensions ['colcon_pkg']
[0.184s] Level 1:colcon.colcon_core.package_identification:_identify(rviz) by extension 'colcon_pkg'
[0.184s] Level 1:colcon.colcon_core.package_identification:_identify(rviz) by extensions ['colcon_meta']
[0.184s] Level 1:colcon.colcon_core.package_identification:_identify(rviz) by extension 'colcon_meta'
[0.184s] Level 1:colcon.colcon_core.package_identification:_identify(rviz) by extensions ['ros']
[0.184s] Level 1:colcon.colcon_core.package_identification:_identify(rviz) by extension 'ros'
[0.184s] Level 1:colcon.colcon_core.package_identification:_identify(rviz) by extensions ['cmake', 'python']
[0.184s] Level 1:colcon.colcon_core.package_identification:_identify(rviz) by extension 'cmake'
[0.184s] Level 1:colcon.colcon_core.package_identification:_identify(rviz) by extension 'python'
[0.184s] Level 1:colcon.colcon_core.package_identification:_identify(rviz) by extensions ['python_setup_py']
[0.184s] Level 1:colcon.colcon_core.package_identification:_identify(rviz) by extension 'python_setup_py'
[0.184s] Level 1:colcon.colcon_core.package_identification:_identify(src) by extensions ['ignore', 'ignore_ament_install']
[0.184s] Level 1:colcon.colcon_core.package_identification:_identify(src) by extension 'ignore'
[0.184s] Level 1:colcon.colcon_core.package_identification:_identify(src) by extension 'ignore_ament_install'
[0.185s] Level 1:colcon.colcon_core.package_identification:_identify(src) by extensions ['colcon_pkg']
[0.185s] Level 1:colcon.colcon_core.package_identification:_identify(src) by extension 'colcon_pkg'
[0.185s] Level 1:colcon.colcon_core.package_identification:_identify(src) by extensions ['colcon_meta']
[0.185s] Level 1:colcon.colcon_core.package_identification:_identify(src) by extension 'colcon_meta'
[0.185s] Level 1:colcon.colcon_core.package_identification:_identify(src) by extensions ['ros']
[0.185s] Level 1:colcon.colcon_core.package_identification:_identify(src) by extension 'ros'
[0.185s] Level 1:colcon.colcon_core.package_identification:_identify(src) by extensions ['cmake', 'python']
[0.185s] Level 1:colcon.colcon_core.package_identification:_identify(src) by extension 'cmake'
[0.185s] Level 1:colcon.colcon_core.package_identification:_identify(src) by extension 'python'
[0.185s] Level 1:colcon.colcon_core.package_identification:_identify(src) by extensions ['python_setup_py']
[0.185s] Level 1:colcon.colcon_core.package_identification:_identify(src) by extension 'python_setup_py'
[0.185s] Level 1:colcon.colcon_core.package_identification:_identify(src/cmd_vel_bridge) by extensions ['ignore', 'ignore_ament_install']
[0.185s] Level 1:colcon.colcon_core.package_identification:_identify(src/cmd_vel_bridge) by extension 'ignore'
[0.185s] Level 1:colcon.colcon_core.package_identification:_identify(src/cmd_vel_bridge) by extension 'ignore_ament_install'
[0.185s] Level 1:colcon.colcon_core.package_identification:_identify(src/cmd_vel_bridge) by extensions ['colcon_pkg']
[0.185s] Level 1:colcon.colcon_core.package_identification:_identify(src/cmd_vel_bridge) by extension 'colcon_pkg'
[0.185s] Level 1:colcon.colcon_core.package_identification:_identify(src/cmd_vel_bridge) by extensions ['colcon_meta']
[0.185s] Level 1:colcon.colcon_core.package_identification:_identify(src/cmd_vel_bridge) by extension 'colcon_meta'
[0.185s] Level 1:colcon.colcon_core.package_identification:_identify(src/cmd_vel_bridge) by extensions ['ros']
[0.185s] Level 1:colcon.colcon_core.package_identification:_identify(src/cmd_vel_bridge) by extension 'ros'
[0.188s] DEBUG:colcon.colcon_core.package_identification:Package 'src/cmd_vel_bridge' with type 'ros.ament_python' and name 'cmd_vel_bridge'
[0.188s] Level 1:colcon.colcon_core.package_identification:_identify(src/r2d10) by extensions ['ignore', 'ignore_ament_install']
[0.188s] Level 1:colcon.colcon_core.package_identification:_identify(src/r2d10) by extension 'ignore'
[0.188s] Level 1:colcon.colcon_core.package_identification:_identify(src/r2d10) by extension 'ignore_ament_install'
[0.188s] Level 1:colcon.colcon_core.package_identification:_identify(src/r2d10) by extensions ['colcon_pkg']
[0.188s] Level 1:colcon.colcon_core.package_identification:_identify(src/r2d10) by extension 'colcon_pkg'
[0.188s] Level 1:colcon.colcon_core.package_identification:_identify(src/r2d10) by extensions ['colcon_meta']
[0.188s] Level 1:colcon.colcon_core.package_identification:_identify(src/r2d10) by extension 'colcon_meta'
[0.188s] Level 1:colcon.colcon_core.package_identification:_identify(src/r2d10) by extensions ['ros']
[0.188s] Level 1:colcon.colcon_core.package_identification:_identify(src/r2d10) by extension 'ros'
[0.189s] DEBUG:colcon.colcon_core.package_identification:Package 'src/r2d10' with type 'ros.ament_cmake' and name 'r2d10'
[0.189s] Level 1:colcon.colcon_core.package_identification:_identify(urdf) by extensions ['ignore', 'ignore_ament_install']
[0.189s] Level 1:colcon.colcon_core.package_identification:_identify(urdf) by extension 'ignore'
[0.189s] Level 1:colcon.colcon_core.package_identification:_identify(urdf) by extension 'ignore_ament_install'
[0.189s] Level 1:colcon.colcon_core.package_identification:_identify(urdf) by extensions ['colcon_pkg']
[0.189s] Level 1:colcon.colcon_core.package_identification:_identify(urdf) by extension 'colcon_pkg'
[0.189s] Level 1:colcon.colcon_core.package_identification:_identify(urdf) by extensions ['colcon_meta']
[0.189s] Level 1:colcon.colcon_core.package_identification:_identify(urdf) by extension 'colcon_meta'
[0.189s] Level 1:colcon.colcon_core.package_identification:_identify(urdf) by extensions ['ros']
[0.189s] Level 1:colcon.colcon_core.package_identification:_identify(urdf) by extension 'ros'
[0.189s] Level 1:colcon.colcon_core.package_identification:_identify(urdf) by extensions ['cmake', 'python']
[0.189s] Level 1:colcon.colcon_core.package_identification:_identify(urdf) by extension 'cmake'
[0.189s] Level 1:colcon.colcon_core.package_identification:_identify(urdf) by extension 'python'
[0.189s] Level 1:colcon.colcon_core.package_identification:_identify(urdf) by extensions ['python_setup_py']
[0.189s] Level 1:colcon.colcon_core.package_identification:_identify(urdf) by extension 'python_setup_py'
[0.190s] Level 1:colcon.colcon_core.package_identification:_identify(worlds) by extensions ['ignore', 'ignore_ament_install']
[0.190s] Level 1:colcon.colcon_core.package_identification:_identify(worlds) by extension 'ignore'
[0.190s] Level 1:colcon.colcon_core.package_identification:_identify(worlds) by extension 'ignore_ament_install'
[0.190s] Level 1:colcon.colcon_core.package_identification:_identify(worlds) by extensions ['colcon_pkg']
[0.190s] Level 1:colcon.colcon_core.package_identification:_identify(worlds) by extension 'colcon_pkg'
[0.190s] Level 1:colcon.colcon_core.package_identification:_identify(worlds) by extensions ['colcon_meta']
[0.190s] Level 1:colcon.colcon_core.package_identification:_identify(worlds) by extension 'colcon_meta'
[0.190s] Level 1:colcon.colcon_core.package_identification:_identify(worlds) by extensions ['ros']
[0.190s] Level 1:colcon.colcon_core.package_identification:_identify(worlds) by extension 'ros'
[0.190s] Level 1:colcon.colcon_core.package_identification:_identify(worlds) by extensions ['cmake', 'python']
[0.190s] Level 1:colcon.colcon_core.package_identification:_identify(worlds) by extension 'cmake'
[0.190s] Level 1:colcon.colcon_core.package_identification:_identify(worlds) by extension 'python'
[0.190s] Level 1:colcon.colcon_core.package_identification:_identify(worlds) by extensions ['python_setup_py']
[0.190s] Level 1:colcon.colcon_core.package_identification:_identify(worlds) by extension 'python_setup_py'
[0.190s] Level 1:colcon.colcon_core.package_identification:_identify(worlds/build) by extensions ['ignore', 'ignore_ament_install']
[0.190s] Level 1:colcon.colcon_core.package_identification:_identify(worlds/build) by extension 'ignore'
[0.190s] Level 1:colcon.colcon_core.package_identification:_identify(worlds/build) ignored
[0.190s] Level 1:colcon.colcon_core.package_identification:_identify(worlds/install) by extensions ['ignore', 'ignore_ament_install']
[0.190s] Level 1:colcon.colcon_core.package_identification:_identify(worlds/install) by extension 'ignore'
[0.191s] Level 1:colcon.colcon_core.package_identification:_identify(worlds/install) ignored
[0.191s] Level 1:colcon.colcon_core.package_identification:_identify(worlds/log) by extensions ['ignore', 'ignore_ament_install']
[0.191s] Level 1:colcon.colcon_core.package_identification:_identify(worlds/log) by extension 'ignore'
[0.191s] Level 1:colcon.colcon_core.package_identification:_identify(worlds/log) ignored
[0.191s] Level 1:colcon.colcon_core.package_identification:_identify(worlds/models) by extensions ['ignore', 'ignore_ament_install']
[0.191s] Level 1:colcon.colcon_core.package_identification:_identify(worlds/models) by extension 'ignore'
[0.191s] Level 1:colcon.colcon_core.package_identification:_identify(worlds/models) by extension 'ignore_ament_install'
[0.191s] Level 1:colcon.colcon_core.package_identification:_identify(worlds/models) by extensions ['colcon_pkg']
[0.191s] Level 1:colcon.colcon_core.package_identification:_identify(worlds/models) by extension 'colcon_pkg'
[0.191s] Level 1:colcon.colcon_core.package_identification:_identify(worlds/models) by extensions ['colcon_meta']
[0.191s] Level 1:colcon.colcon_core.package_identification:_identify(worlds/models) by extension 'colcon_meta'
[0.191s] Level 1:colcon.colcon_core.package_identification:_identify(worlds/models) by extensions ['ros']
[0.191s] Level 1:colcon.colcon_core.package_identification:_identify(worlds/models) by extension 'ros'
[0.191s] Level 1:colcon.colcon_core.package_identification:_identify(worlds/models) by extensions ['cmake', 'python']
[0.191s] Level 1:colcon.colcon_core.package_identification:_identify(worlds/models) by extension 'cmake'
[0.191s] Level 1:colcon.colcon_core.package_identification:_identify(worlds/models) by extension 'python'
[0.191s] Level 1:colcon.colcon_core.package_identification:_identify(worlds/models) by extensions ['python_setup_py']
[0.191s] Level 1:colcon.colcon_core.package_identification:_identify(worlds/models) by extension 'python_setup_py'
[0.191s] Level 1:colcon.colcon_core.package_identification:_identify(worlds/models/actor) by extensions ['ignore', 'ignore_ament_install']
[0.192s] Level 1:colcon.colcon_core.package_identification:_identify(worlds/models/actor) by extension 'ignore'
[0.192s] Level 1:colcon.colcon_core.package_identification:_identify(worlds/models/actor) by extension 'ignore_ament_install'
[0.192s] Level 1:colcon.colcon_core.package_identification:_identify(worlds/models/actor) by extensions ['colcon_pkg']
[0.192s] Level 1:colcon.colcon_core.package_identification:_identify(worlds/models/actor) by extension 'colcon_pkg'
[0.192s] Level 1:colcon.colcon_core.package_identification:_identify(worlds/models/actor) by extensions ['colcon_meta']
[0.192s] Level 1:colcon.colcon_core.package_identification:_identify(worlds/models/actor) by extension 'colcon_meta'
[0.192s] Level 1:colcon.colcon_core.package_identification:_identify(worlds/models/actor) by extensions ['ros']
[0.192s] Level 1:colcon.colcon_core.package_identification:_identify(worlds/models/actor) by extension 'ros'
[0.192s] Level 1:colcon.colcon_core.package_identification:_identify(worlds/models/actor) by extensions ['cmake', 'python']
[0.192s] Level 1:colcon.colcon_core.package_identification:_identify(worlds/models/actor) by extension 'cmake'
[0.192s] Level 1:colcon.colcon_core.package_identification:_identify(worlds/models/actor) by extension 'python'
[0.192s] Level 1:colcon.colcon_core.package_identification:_identify(worlds/models/actor) by extensions ['python_setup_py']
[0.192s] Level 1:colcon.colcon_core.package_identification:_identify(worlds/models/actor) by extension 'python_setup_py'
[0.192s] Level 1:colcon.colcon_core.package_identification:_identify(worlds/models/actor/meshes) by extensions ['ignore', 'ignore_ament_install']
[0.192s] Level 1:colcon.colcon_core.package_identification:_identify(worlds/models/actor/meshes) by extension 'ignore'
[0.192s] Level 1:colcon.colcon_core.package_identification:_identify(worlds/models/actor/meshes) by extension 'ignore_ament_install'
[0.192s] Level 1:colcon.colcon_core.package_identification:_identify(worlds/models/actor/meshes) by extensions ['colcon_pkg']
[0.192s] Level 1:colcon.colcon_core.package_identification:_identify(worlds/models/actor/meshes) by extension 'colcon_pkg'
[0.192s] Level 1:colcon.colcon_core.package_identification:_identify(worlds/models/actor/meshes) by extensions ['colcon_meta']
[0.192s] Level 1:colcon.colcon_core.package_identification:_identify(worlds/models/actor/meshes) by extension 'colcon_meta'
[0.192s] Level 1:colcon.colcon_core.package_identification:_identify(worlds/models/actor/meshes) by extensions ['ros']
[0.192s] Level 1:colcon.colcon_core.package_identification:_identify(worlds/models/actor/meshes) by extension 'ros'
[0.193s] Level 1:colcon.colcon_core.package_identification:_identify(worlds/models/actor/meshes) by extensions ['cmake', 'python']
[0.193s] Level 1:colcon.colcon_core.package_identification:_identify(worlds/models/actor/meshes) by extension 'cmake'
[0.193s] Level 1:colcon.colcon_core.package_identification:_identify(worlds/models/actor/meshes) by extension 'python'
[0.193s] Level 1:colcon.colcon_core.package_identification:_identify(worlds/models/actor/meshes) by extensions ['python_setup_py']
[0.193s] Level 1:colcon.colcon_core.package_identification:_identify(worlds/models/actor/meshes) by extension 'python_setup_py'
[0.193s] Level 1:colcon.colcon_core.package_identification:_identify(worlds/models/actor/thumbnails) by extensions ['ignore', 'ignore_ament_install']
[0.193s] Level 1:colcon.colcon_core.package_identification:_identify(worlds/models/actor/thumbnails) by extension 'ignore'
[0.193s] Level 1:colcon.colcon_core.package_identification:_identify(worlds/models/actor/thumbnails) by extension 'ignore_ament_install'
[0.193s] Level 1:colcon.colcon_core.package_identification:_identify(worlds/models/actor/thumbnails) by extensions ['colcon_pkg']
[0.193s] Level 1:colcon.colcon_core.package_identification:_identify(worlds/models/actor/thumbnails) by extension 'colcon_pkg'
[0.193s] Level 1:colcon.colcon_core.package_identification:_identify(worlds/models/actor/thumbnails) by extensions ['colcon_meta']
[0.193s] Level 1:colcon.colcon_core.package_identification:_identify(worlds/models/actor/thumbnails) by extension 'colcon_meta'
[0.193s] Level 1:colcon.colcon_core.package_identification:_identify(worlds/models/actor/thumbnails) by extensions ['ros']
[0.193s] Level 1:colcon.colcon_core.package_identification:_identify(worlds/models/actor/thumbnails) by extension 'ros'
[0.193s] Level 1:colcon.colcon_core.package_identification:_identify(worlds/models/actor/thumbnails) by extensions ['cmake', 'python']
[0.193s] Level 1:colcon.colcon_core.package_identification:_identify(worlds/models/actor/thumbnails) by extension 'cmake'
[0.193s] Level 1:colcon.colcon_core.package_identification:_identify(worlds/models/actor/thumbnails) by extension 'python'
[0.193s] Level 1:colcon.colcon_core.package_identification:_identify(worlds/models/actor/thumbnails) by extensions ['python_setup_py']
[0.193s] Level 1:colcon.colcon_core.package_identification:_identify(worlds/models/actor/thumbnails) by extension 'python_setup_py'
[0.193s] Level 1:colcon.colcon_core.package_identification:_identify(worlds/models/bookshelf) by extensions ['ignore', 'ignore_ament_install']
[0.193s] Level 1:colcon.colcon_core.package_identification:_identify(worlds/models/bookshelf) by extension 'ignore'
[0.194s] Level 1:colcon.colcon_core.package_identification:_identify(worlds/models/bookshelf) by extension 'ignore_ament_install'
[0.194s] Level 1:colcon.colcon_core.package_identification:_identify(worlds/models/bookshelf) by extensions ['colcon_pkg']
[0.194s] Level 1:colcon.colcon_core.package_identification:_identify(worlds/models/bookshelf) by extension 'colcon_pkg'
[0.194s] Level 1:colcon.colcon_core.package_identification:_identify(worlds/models/bookshelf) by extensions ['colcon_meta']
[0.194s] Level 1:colcon.colcon_core.package_identification:_identify(worlds/models/bookshelf) by extension 'colcon_meta'
[0.194s] Level 1:colcon.colcon_core.package_identification:_identify(worlds/models/bookshelf) by extensions ['ros']
[0.194s] Level 1:colcon.colcon_core.package_identification:_identify(worlds/models/bookshelf) by extension 'ros'
[0.194s] Level 1:colcon.colcon_core.package_identification:_identify(worlds/models/bookshelf) by extensions ['cmake', 'python']
[0.194s] Level 1:colcon.colcon_core.package_identification:_identify(worlds/models/bookshelf) by extension 'cmake'
[0.194s] Level 1:colcon.colcon_core.package_identification:_identify(worlds/models/bookshelf) by extension 'python'
[0.194s] Level 1:colcon.colcon_core.package_identification:_identify(worlds/models/bookshelf) by extensions ['python_setup_py']
[0.194s] Level 1:colcon.colcon_core.package_identification:_identify(worlds/models/bookshelf) by extension 'python_setup_py'
[0.194s] Level 1:colcon.colcon_core.package_identification:_identify(worlds/models/bookshelf/thumbnails) by extensions ['ignore', 'ignore_ament_install']
[0.194s] Level 1:colcon.colcon_core.package_identification:_identify(worlds/models/bookshelf/thumbnails) by extension 'ignore'
[0.194s] Level 1:colcon.colcon_core.package_identification:_identify(worlds/models/bookshelf/thumbnails) by extension 'ignore_ament_install'
[0.194s] Level 1:colcon.colcon_core.package_identification:_identify(worlds/models/bookshelf/thumbnails) by extensions ['colcon_pkg']
[0.194s] Level 1:colcon.colcon_core.package_identification:_identify(worlds/models/bookshelf/thumbnails) by extension 'colcon_pkg'
[0.194s] Level 1:colcon.colcon_core.package_identification:_identify(worlds/models/bookshelf/thumbnails) by extensions ['colcon_meta']
[0.194s] Level 1:colcon.colcon_core.package_identification:_identify(worlds/models/bookshelf/thumbnails) by extension 'colcon_meta'
[0.194s] Level 1:colcon.colcon_core.package_identification:_identify(worlds/models/bookshelf/thumbnails) by extensions ['ros']
[0.194s] Level 1:colcon.colcon_core.package_identification:_identify(worlds/models/bookshelf/thumbnails) by extension 'ros'
[0.194s] Level 1:colcon.colcon_core.package_identification:_identify(worlds/models/bookshelf/thumbnails) by extensions ['cmake', 'python']
[0.195s] Level 1:colcon.colcon_core.package_identification:_identify(worlds/models/bookshelf/thumbnails) by extension 'cmake'
[0.195s] Level 1:colcon.colcon_core.package_identification:_identify(worlds/models/bookshelf/thumbnails) by extension 'python'
[0.195s] Level 1:colcon.colcon_core.package_identification:_identify(worlds/models/bookshelf/thumbnails) by extensions ['python_setup_py']
[0.195s] Level 1:colcon.colcon_core.package_identification:_identify(worlds/models/bookshelf/thumbnails) by extension 'python_setup_py'
[0.195s] Level 1:colcon.colcon_core.package_identification:_identify(worlds/models/cricket ball) by extensions ['ignore', 'ignore_ament_install']
[0.195s] Level 1:colcon.colcon_core.package_identification:_identify(worlds/models/cricket ball) by extension 'ignore'
[0.195s] Level 1:colcon.colcon_core.package_identification:_identify(worlds/models/cricket ball) by extension 'ignore_ament_install'
[0.195s] Level 1:colcon.colcon_core.package_identification:_identify(worlds/models/cricket ball) by extensions ['colcon_pkg']
[0.195s] Level 1:colcon.colcon_core.package_identification:_identify(worlds/models/cricket ball) by extension 'colcon_pkg'
[0.195s] Level 1:colcon.colcon_core.package_identification:_identify(worlds/models/cricket ball) by extensions ['colcon_meta']
[0.195s] Level 1:colcon.colcon_core.package_identification:_identify(worlds/models/cricket ball) by extension 'colcon_meta'
[0.195s] Level 1:colcon.colcon_core.package_identification:_identify(worlds/models/cricket ball) by extensions ['ros']
[0.195s] Level 1:colcon.colcon_core.package_identification:_identify(worlds/models/cricket ball) by extension 'ros'
[0.195s] Level 1:colcon.colcon_core.package_identification:_identify(worlds/models/cricket ball) by extensions ['cmake', 'python']
[0.195s] Level 1:colcon.colcon_core.package_identification:_identify(worlds/models/cricket ball) by extension 'cmake'
[0.195s] Level 1:colcon.colcon_core.package_identification:_identify(worlds/models/cricket ball) by extension 'python'
[0.195s] Level 1:colcon.colcon_core.package_identification:_identify(worlds/models/cricket ball) by extensions ['python_setup_py']
[0.195s] Level 1:colcon.colcon_core.package_identification:_identify(worlds/models/cricket ball) by extension 'python_setup_py'
[0.195s] Level 1:colcon.colcon_core.package_identification:_identify(worlds/models/cricket ball/thumbnails) by extensions ['ignore', 'ignore_ament_install']
[0.195s] Level 1:colcon.colcon_core.package_identification:_identify(worlds/models/cricket ball/thumbnails) by extension 'ignore'
[0.196s] Level 1:colcon.colcon_core.package_identification:_identify(worlds/models/cricket ball/thumbnails) by extension 'ignore_ament_install'
[0.196s] Level 1:colcon.colcon_core.package_identification:_identify(worlds/models/cricket ball/thumbnails) by extensions ['colcon_pkg']
[0.196s] Level 1:colcon.colcon_core.package_identification:_identify(worlds/models/cricket ball/thumbnails) by extension 'colcon_pkg'
[0.196s] Level 1:colcon.colcon_core.package_identification:_identify(worlds/models/cricket ball/thumbnails) by extensions ['colcon_meta']
[0.196s] Level 1:colcon.colcon_core.package_identification:_identify(worlds/models/cricket ball/thumbnails) by extension 'colcon_meta'
[0.196s] Level 1:colcon.colcon_core.package_identification:_identify(worlds/models/cricket ball/thumbnails) by extensions ['ros']
[0.196s] Level 1:colcon.colcon_core.package_identification:_identify(worlds/models/cricket ball/thumbnails) by extension 'ros'
[0.196s] Level 1:colcon.colcon_core.package_identification:_identify(worlds/models/cricket ball/thumbnails) by extensions ['cmake', 'python']
[0.196s] Level 1:colcon.colcon_core.package_identification:_identify(worlds/models/cricket ball/thumbnails) by extension 'cmake'
[0.196s] Level 1:colcon.colcon_core.package_identification:_identify(worlds/models/cricket ball/thumbnails) by extension 'python'
[0.196s] Level 1:colcon.colcon_core.package_identification:_identify(worlds/models/cricket ball/thumbnails) by extensions ['python_setup_py']
[0.196s] Level 1:colcon.colcon_core.package_identification:_identify(worlds/models/cricket ball/thumbnails) by extension 'python_setup_py'
[0.196s] Level 1:colcon.colcon_core.package_identification:_identify(worlds/models/floor materials) by extensions ['ignore', 'ignore_ament_install']
[0.196s] Level 1:colcon.colcon_core.package_identification:_identify(worlds/models/floor materials) by extension 'ignore'
[0.196s] Level 1:colcon.colcon_core.package_identification:_identify(worlds/models/floor materials) by extension 'ignore_ament_install'
[0.196s] Level 1:colcon.colcon_core.package_identification:_identify(worlds/models/floor materials) by extensions ['colcon_pkg']
[0.196s] Level 1:colcon.colcon_core.package_identification:_identify(worlds/models/floor materials) by extension 'colcon_pkg'
[0.196s] Level 1:colcon.colcon_core.package_identification:_identify(worlds/models/floor materials) by extensions ['colcon_meta']
[0.196s] Level 1:colcon.colcon_core.package_identification:_identify(worlds/models/floor materials) by extension 'colcon_meta'
[0.196s] Level 1:colcon.colcon_core.package_identification:_identify(worlds/models/floor materials) by extensions ['ros']
[0.196s] Level 1:colcon.colcon_core.package_identification:_identify(worlds/models/floor materials) by extension 'ros'
[0.197s] Level 1:colcon.colcon_core.package_identification:_identify(worlds/models/floor materials) by extensions ['cmake', 'python']
[0.197s] Level 1:colcon.colcon_core.package_identification:_identify(worlds/models/floor materials) by extension 'cmake'
[0.197s] Level 1:colcon.colcon_core.package_identification:_identify(worlds/models/floor materials) by extension 'python'
[0.197s] Level 1:colcon.colcon_core.package_identification:_identify(worlds/models/floor materials) by extensions ['python_setup_py']
[0.197s] Level 1:colcon.colcon_core.package_identification:_identify(worlds/models/floor materials) by extension 'python_setup_py'
[0.197s] Level 1:colcon.colcon_core.package_identification:_identify(worlds/models/floor materials/materials) by extensions ['ignore', 'ignore_ament_install']
[0.197s] Level 1:colcon.colcon_core.package_identification:_identify(worlds/models/floor materials/materials) by extension 'ignore'
[0.197s] Level 1:colcon.colcon_core.package_identification:_identify(worlds/models/floor materials/materials) by extension 'ignore_ament_install'
[0.197s] Level 1:colcon.colcon_core.package_identification:_identify(worlds/models/floor materials/materials) by extensions ['colcon_pkg']
[0.197s] Level 1:colcon.colcon_core.package_identification:_identify(worlds/models/floor materials/materials) by extension 'colcon_pkg'
[0.197s] Level 1:colcon.colcon_core.package_identification:_identify(worlds/models/floor materials/materials) by extensions ['colcon_meta']
[0.197s] Level 1:colcon.colcon_core.package_identification:_identify(worlds/models/floor materials/materials) by extension 'colcon_meta'
[0.197s] Level 1:colcon.colcon_core.package_identification:_identify(worlds/models/floor materials/materials) by extensions ['ros']
[0.197s] Level 1:colcon.colcon_core.package_identification:_identify(worlds/models/floor materials/materials) by extension 'ros'
[0.197s] Level 1:colcon.colcon_core.package_identification:_identify(worlds/models/floor materials/materials) by extensions ['cmake', 'python']
[0.197s] Level 1:colcon.colcon_core.package_identification:_identify(worlds/models/floor materials/materials) by extension 'cmake'
[0.197s] Level 1:colcon.colcon_core.package_identification:_identify(worlds/models/floor materials/materials) by extension 'python'
[0.197s] Level 1:colcon.colcon_core.package_identification:_identify(worlds/models/floor materials/materials) by extensions ['python_setup_py']
[0.197s] Level 1:colcon.colcon_core.package_identification:_identify(worlds/models/floor materials/materials) by extension 'python_setup_py'
[0.197s] Level 1:colcon.colcon_core.package_identification:_identify(worlds/models/floor materials/materials/textures) by extensions ['ignore', 'ignore_ament_install']
[0.198s] Level 1:colcon.colcon_core.package_identification:_identify(worlds/models/floor materials/materials/textures) by extension 'ignore'
[0.198s] Level 1:colcon.colcon_core.package_identification:_identify(worlds/models/floor materials/materials/textures) by extension 'ignore_ament_install'
[0.198s] Level 1:colcon.colcon_core.package_identification:_identify(worlds/models/floor materials/materials/textures) by extensions ['colcon_pkg']
[0.198s] Level 1:colcon.colcon_core.package_identification:_identify(worlds/models/floor materials/materials/textures) by extension 'colcon_pkg'
[0.198s] Level 1:colcon.colcon_core.package_identification:_identify(worlds/models/floor materials/materials/textures) by extensions ['colcon_meta']
[0.198s] Level 1:colcon.colcon_core.package_identification:_identify(worlds/models/floor materials/materials/textures) by extension 'colcon_meta'
[0.198s] Level 1:colcon.colcon_core.package_identification:_identify(worlds/models/floor materials/materials/textures) by extensions ['ros']
[0.198s] Level 1:colcon.colcon_core.package_identification:_identify(worlds/models/floor materials/materials/textures) by extension 'ros'
[0.198s] Level 1:colcon.colcon_core.package_identification:_identify(worlds/models/floor materials/materials/textures) by extensions ['cmake', 'python']
[0.198s] Level 1:colcon.colcon_core.package_identification:_identify(worlds/models/floor materials/materials/textures) by extension 'cmake'
[0.198s] Level 1:colcon.colcon_core.package_identification:_identify(worlds/models/floor materials/materials/textures) by extension 'python'
[0.198s] Level 1:colcon.colcon_core.package_identification:_identify(worlds/models/floor materials/materials/textures) by extensions ['python_setup_py']
[0.198s] Level 1:colcon.colcon_core.package_identification:_identify(worlds/models/floor materials/materials/textures) by extension 'python_setup_py'
[0.198s] Level 1:colcon.colcon_core.package_identification:_identify(worlds/models/floor materials/meshes) by extensions ['ignore', 'ignore_ament_install']
[0.198s] Level 1:colcon.colcon_core.package_identification:_identify(worlds/models/floor materials/meshes) by extension 'ignore'
[0.198s] Level 1:colcon.colcon_core.package_identification:_identify(worlds/models/floor materials/meshes) by extension 'ignore_ament_install'
[0.198s] Level 1:colcon.colcon_core.package_identification:_identify(worlds/models/floor materials/meshes) by extensions ['colcon_pkg']
[0.198s] Level 1:colcon.colcon_core.package_identification:_identify(worlds/models/floor materials/meshes) by extension 'colcon_pkg'
[0.198s] Level 1:colcon.colcon_core.package_identification:_identify(worlds/models/floor materials/meshes) by extensions ['colcon_meta']
[0.198s] Level 1:colcon.colcon_core.package_identification:_identify(worlds/models/floor materials/meshes) by extension 'colcon_meta'
[0.198s] Level 1:colcon.colcon_core.package_identification:_identify(worlds/models/floor materials/meshes) by extensions ['ros']
[0.198s] Level 1:colcon.colcon_core.package_identification:_identify(worlds/models/floor materials/meshes) by extension 'ros'
[0.199s] Level 1:colcon.colcon_core.package_identification:_identify(worlds/models/floor materials/meshes) by extensions ['cmake', 'python']
[0.199s] Level 1:colcon.colcon_core.package_identification:_identify(worlds/models/floor materials/meshes) by extension 'cmake'
[0.199s] Level 1:colcon.colcon_core.package_identification:_identify(worlds/models/floor materials/meshes) by extension 'python'
[0.199s] Level 1:colcon.colcon_core.package_identification:_identify(worlds/models/floor materials/meshes) by extensions ['python_setup_py']
[0.199s] Level 1:colcon.colcon_core.package_identification:_identify(worlds/models/floor materials/meshes) by extension 'python_setup_py'
[0.199s] Level 1:colcon.colcon_core.package_identification:_identify(worlds/models/office chair) by extensions ['ignore', 'ignore_ament_install']
[0.199s] Level 1:colcon.colcon_core.package_identification:_identify(worlds/models/office chair) by extension 'ignore'
[0.199s] Level 1:colcon.colcon_core.package_identification:_identify(worlds/models/office chair) by extension 'ignore_ament_install'
[0.199s] Level 1:colcon.colcon_core.package_identification:_identify(worlds/models/office chair) by extensions ['colcon_pkg']
[0.199s] Level 1:colcon.colcon_core.package_identification:_identify(worlds/models/office chair) by extension 'colcon_pkg'
[0.199s] Level 1:colcon.colcon_core.package_identification:_identify(worlds/models/office chair) by extensions ['colcon_meta']
[0.199s] Level 1:colcon.colcon_core.package_identification:_identify(worlds/models/office chair) by extension 'colcon_meta'
[0.199s] Level 1:colcon.colcon_core.package_identification:_identify(worlds/models/office chair) by extensions ['ros']
[0.199s] Level 1:colcon.colcon_core.package_identification:_identify(worlds/models/office chair) by extension 'ros'
[0.199s] Level 1:colcon.colcon_core.package_identification:_identify(worlds/models/office chair) by extensions ['cmake', 'python']
[0.199s] Level 1:colcon.colcon_core.package_identification:_identify(worlds/models/office chair) by extension 'cmake'
[0.199s] Level 1:colcon.colcon_core.package_identification:_identify(worlds/models/office chair) by extension 'python'
[0.199s] Level 1:colcon.colcon_core.package_identification:_identify(worlds/models/office chair) by extensions ['python_setup_py']
[0.199s] Level 1:colcon.colcon_core.package_identification:_identify(worlds/models/office chair) by extension 'python_setup_py'
[0.199s] Level 1:colcon.colcon_core.package_identification:_identify(worlds/models/office chair/materials) by extensions ['ignore', 'ignore_ament_install']
[0.199s] Level 1:colcon.colcon_core.package_identification:_identify(worlds/models/office chair/materials) by extension 'ignore'
[0.200s] Level 1:colcon.colcon_core.package_identification:_identify(worlds/models/office chair/materials) by extension 'ignore_ament_install'
[0.200s] Level 1:colcon.colcon_core.package_identification:_identify(worlds/models/office chair/materials) by extensions ['colcon_pkg']
[0.200s] Level 1:colcon.colcon_core.package_identification:_identify(worlds/models/office chair/materials) by extension 'colcon_pkg'
[0.200s] Level 1:colcon.colcon_core.package_identification:_identify(worlds/models/office chair/materials) by extensions ['colcon_meta']
[0.200s] Level 1:colcon.colcon_core.package_identification:_identify(worlds/models/office chair/materials) by extension 'colcon_meta'
[0.200s] Level 1:colcon.colcon_core.package_identification:_identify(worlds/models/office chair/materials) by extensions ['ros']
[0.200s] Level 1:colcon.colcon_core.package_identification:_identify(worlds/models/office chair/materials) by extension 'ros'
[0.200s] Level 1:colcon.colcon_core.package_identification:_identify(worlds/models/office chair/materials) by extensions ['cmake', 'python']
[0.200s] Level 1:colcon.colcon_core.package_identification:_identify(worlds/models/office chair/materials) by extension 'cmake'
[0.200s] Level 1:colcon.colcon_core.package_identification:_identify(worlds/models/office chair/materials) by extension 'python'
[0.200s] Level 1:colcon.colcon_core.package_identification:_identify(worlds/models/office chair/materials) by extensions ['python_setup_py']
[0.200s] Level 1:colcon.colcon_core.package_identification:_identify(worlds/models/office chair/materials) by extension 'python_setup_py'
[0.200s] Level 1:colcon.colcon_core.package_identification:_identify(worlds/models/office chair/materials/textures) by extensions ['ignore', 'ignore_ament_install']
[0.200s] Level 1:colcon.colcon_core.package_identification:_identify(worlds/models/office chair/materials/textures) by extension 'ignore'
[0.200s] Level 1:colcon.colcon_core.package_identification:_identify(worlds/models/office chair/materials/textures) by extension 'ignore_ament_install'
[0.200s] Level 1:colcon.colcon_core.package_identification:_identify(worlds/models/office chair/materials/textures) by extensions ['colcon_pkg']
[0.200s] Level 1:colcon.colcon_core.package_identification:_identify(worlds/models/office chair/materials/textures) by extension 'colcon_pkg'
[0.200s] Level 1:colcon.colcon_core.package_identification:_identify(worlds/models/office chair/materials/textures) by extensions ['colcon_meta']
[0.200s] Level 1:colcon.colcon_core.package_identification:_identify(worlds/models/office chair/materials/textures) by extension 'colcon_meta'
[0.200s] Level 1:colcon.colcon_core.package_identification:_identify(worlds/models/office chair/materials/textures) by extensions ['ros']
[0.200s] Level 1:colcon.colcon_core.package_identification:_identify(worlds/models/office chair/materials/textures) by extension 'ros'
[0.200s] Level 1:colcon.colcon_core.package_identification:_identify(worlds/models/office chair/materials/textures) by extensions ['cmake', 'python']
[0.201s] Level 1:colcon.colcon_core.package_identification:_identify(worlds/models/office chair/materials/textures) by extension 'cmake'
[0.201s] Level 1:colcon.colcon_core.package_identification:_identify(worlds/models/office chair/materials/textures) by extension 'python'
[0.201s] Level 1:colcon.colcon_core.package_identification:_identify(worlds/models/office chair/materials/textures) by extensions ['python_setup_py']
[0.201s] Level 1:colcon.colcon_core.package_identification:_identify(worlds/models/office chair/materials/textures) by extension 'python_setup_py'
[0.201s] Level 1:colcon.colcon_core.package_identification:_identify(worlds/models/office chair/meshes) by extensions ['ignore', 'ignore_ament_install']
[0.201s] Level 1:colcon.colcon_core.package_identification:_identify(worlds/models/office chair/meshes) by extension 'ignore'
[0.201s] Level 1:colcon.colcon_core.package_identification:_identify(worlds/models/office chair/meshes) by extension 'ignore_ament_install'
[0.201s] Level 1:colcon.colcon_core.package_identification:_identify(worlds/models/office chair/meshes) by extensions ['colcon_pkg']
[0.201s] Level 1:colcon.colcon_core.package_identification:_identify(worlds/models/office chair/meshes) by extension 'colcon_pkg'
[0.201s] Level 1:colcon.colcon_core.package_identification:_identify(worlds/models/office chair/meshes) by extensions ['colcon_meta']
[0.201s] Level 1:colcon.colcon_core.package_identification:_identify(worlds/models/office chair/meshes) by extension 'colcon_meta'
[0.201s] Level 1:colcon.colcon_core.package_identification:_identify(worlds/models/office chair/meshes) by extensions ['ros']
[0.201s] Level 1:colcon.colcon_core.package_identification:_identify(worlds/models/office chair/meshes) by extension 'ros'
[0.201s] Level 1:colcon.colcon_core.package_identification:_identify(worlds/models/office chair/meshes) by extensions ['cmake', 'python']
[0.201s] Level 1:colcon.colcon_core.package_identification:_identify(worlds/models/office chair/meshes) by extension 'cmake'
[0.201s] Level 1:colcon.colcon_core.package_identification:_identify(worlds/models/office chair/meshes) by extension 'python'
[0.201s] Level 1:colcon.colcon_core.package_identification:_identify(worlds/models/office chair/meshes) by extensions ['python_setup_py']
[0.201s] Level 1:colcon.colcon_core.package_identification:_identify(worlds/models/office chair/meshes) by extension 'python_setup_py'
[0.201s] Level 1:colcon.colcon_core.package_identification:_identify(worlds/models/office chair/thumbnails) by extensions ['ignore', 'ignore_ament_install']
[0.201s] Level 1:colcon.colcon_core.package_identification:_identify(worlds/models/office chair/thumbnails) by extension 'ignore'
[0.201s] Level 1:colcon.colcon_core.package_identification:_identify(worlds/models/office chair/thumbnails) by extension 'ignore_ament_install'
[0.202s] Level 1:colcon.colcon_core.package_identification:_identify(worlds/models/office chair/thumbnails) by extensions ['colcon_pkg']
[0.202s] Level 1:colcon.colcon_core.package_identification:_identify(worlds/models/office chair/thumbnails) by extension 'colcon_pkg'
[0.202s] Level 1:colcon.colcon_core.package_identification:_identify(worlds/models/office chair/thumbnails) by extensions ['colcon_meta']
[0.202s] Level 1:colcon.colcon_core.package_identification:_identify(worlds/models/office chair/thumbnails) by extension 'colcon_meta'
[0.202s] Level 1:colcon.colcon_core.package_identification:_identify(worlds/models/office chair/thumbnails) by extensions ['ros']
[0.202s] Level 1:colcon.colcon_core.package_identification:_identify(worlds/models/office chair/thumbnails) by extension 'ros'
[0.202s] Level 1:colcon.colcon_core.package_identification:_identify(worlds/models/office chair/thumbnails) by extensions ['cmake', 'python']
[0.202s] Level 1:colcon.colcon_core.package_identification:_identify(worlds/models/office chair/thumbnails) by extension 'cmake'
[0.202s] Level 1:colcon.colcon_core.package_identification:_identify(worlds/models/office chair/thumbnails) by extension 'python'
[0.202s] Level 1:colcon.colcon_core.package_identification:_identify(worlds/models/office chair/thumbnails) by extensions ['python_setup_py']
[0.202s] Level 1:colcon.colcon_core.package_identification:_identify(worlds/models/office chair/thumbnails) by extension 'python_setup_py'
[0.202s] Level 1:colcon.colcon_core.package_identification:_identify(worlds/models/office desk) by extensions ['ignore', 'ignore_ament_install']
[0.202s] Level 1:colcon.colcon_core.package_identification:_identify(worlds/models/office desk) by extension 'ignore'
[0.202s] Level 1:colcon.colcon_core.package_identification:_identify(worlds/models/office desk) by extension 'ignore_ament_install'
[0.202s] Level 1:colcon.colcon_core.package_identification:_identify(worlds/models/office desk) by extensions ['colcon_pkg']
[0.202s] Level 1:colcon.colcon_core.package_identification:_identify(worlds/models/office desk) by extension 'colcon_pkg'
[0.202s] Level 1:colcon.colcon_core.package_identification:_identify(worlds/models/office desk) by extensions ['colcon_meta']
[0.202s] Level 1:colcon.colcon_core.package_identification:_identify(worlds/models/office desk) by extension 'colcon_meta'
[0.202s] Level 1:colcon.colcon_core.package_identification:_identify(worlds/models/office desk) by extensions ['ros']
[0.202s] Level 1:colcon.colcon_core.package_identification:_identify(worlds/models/office desk) by extension 'ros'
[0.202s] Level 1:colcon.colcon_core.package_identification:_identify(worlds/models/office desk) by extensions ['cmake', 'python']
[0.202s] Level 1:colcon.colcon_core.package_identification:_identify(worlds/models/office desk) by extension 'cmake'
[0.202s] Level 1:colcon.colcon_core.package_identification:_identify(worlds/models/office desk) by extension 'python'
[0.203s] Level 1:colcon.colcon_core.package_identification:_identify(worlds/models/office desk) by extensions ['python_setup_py']
[0.203s] Level 1:colcon.colcon_core.package_identification:_identify(worlds/models/office desk) by extension 'python_setup_py'
[0.203s] Level 1:colcon.colcon_core.package_identification:_identify(worlds/models/office desk/materials) by extensions ['ignore', 'ignore_ament_install']
[0.203s] Level 1:colcon.colcon_core.package_identification:_identify(worlds/models/office desk/materials) by extension 'ignore'
[0.203s] Level 1:colcon.colcon_core.package_identification:_identify(worlds/models/office desk/materials) by extension 'ignore_ament_install'
[0.203s] Level 1:colcon.colcon_core.package_identification:_identify(worlds/models/office desk/materials) by extensions ['colcon_pkg']
[0.203s] Level 1:colcon.colcon_core.package_identification:_identify(worlds/models/office desk/materials) by extension 'colcon_pkg'
[0.203s] Level 1:colcon.colcon_core.package_identification:_identify(worlds/models/office desk/materials) by extensions ['colcon_meta']
[0.203s] Level 1:colcon.colcon_core.package_identification:_identify(worlds/models/office desk/materials) by extension 'colcon_meta'
[0.203s] Level 1:colcon.colcon_core.package_identification:_identify(worlds/models/office desk/materials) by extensions ['ros']
[0.203s] Level 1:colcon.colcon_core.package_identification:_identify(worlds/models/office desk/materials) by extension 'ros'
[0.203s] Level 1:colcon.colcon_core.package_identification:_identify(worlds/models/office desk/materials) by extensions ['cmake', 'python']
[0.203s] Level 1:colcon.colcon_core.package_identification:_identify(worlds/models/office desk/materials) by extension 'cmake'
[0.203s] Level 1:colcon.colcon_core.package_identification:_identify(worlds/models/office desk/materials) by extension 'python'
[0.203s] Level 1:colcon.colcon_core.package_identification:_identify(worlds/models/office desk/materials) by extensions ['python_setup_py']
[0.203s] Level 1:colcon.colcon_core.package_identification:_identify(worlds/models/office desk/materials) by extension 'python_setup_py'
[0.203s] Level 1:colcon.colcon_core.package_identification:_identify(worlds/models/office desk/materials/textures) by extensions ['ignore', 'ignore_ament_install']
[0.203s] Level 1:colcon.colcon_core.package_identification:_identify(worlds/models/office desk/materials/textures) by extension 'ignore'
[0.203s] Level 1:colcon.colcon_core.package_identification:_identify(worlds/models/office desk/materials/textures) by extension 'ignore_ament_install'
[0.204s] Level 1:colcon.colcon_core.package_identification:_identify(worlds/models/office desk/materials/textures) by extensions ['colcon_pkg']
[0.204s] Level 1:colcon.colcon_core.package_identification:_identify(worlds/models/office desk/materials/textures) by extension 'colcon_pkg'
[0.204s] Level 1:colcon.colcon_core.package_identification:_identify(worlds/models/office desk/materials/textures) by extensions ['colcon_meta']
[0.204s] Level 1:colcon.colcon_core.package_identification:_identify(worlds/models/office desk/materials/textures) by extension 'colcon_meta'
[0.204s] Level 1:colcon.colcon_core.package_identification:_identify(worlds/models/office desk/materials/textures) by extensions ['ros']
[0.204s] Level 1:colcon.colcon_core.package_identification:_identify(worlds/models/office desk/materials/textures) by extension 'ros'
[0.204s] Level 1:colcon.colcon_core.package_identification:_identify(worlds/models/office desk/materials/textures) by extensions ['cmake', 'python']
[0.204s] Level 1:colcon.colcon_core.package_identification:_identify(worlds/models/office desk/materials/textures) by extension 'cmake'
[0.204s] Level 1:colcon.colcon_core.package_identification:_identify(worlds/models/office desk/materials/textures) by extension 'python'
[0.204s] Level 1:colcon.colcon_core.package_identification:_identify(worlds/models/office desk/materials/textures) by extensions ['python_setup_py']
[0.204s] Level 1:colcon.colcon_core.package_identification:_identify(worlds/models/office desk/materials/textures) by extension 'python_setup_py'
[0.204s] Level 1:colcon.colcon_core.package_identification:_identify(worlds/models/office desk/meshes) by extensions ['ignore', 'ignore_ament_install']
[0.204s] Level 1:colcon.colcon_core.package_identification:_identify(worlds/models/office desk/meshes) by extension 'ignore'
[0.204s] Level 1:colcon.colcon_core.package_identification:_identify(worlds/models/office desk/meshes) by extension 'ignore_ament_install'
[0.204s] Level 1:colcon.colcon_core.package_identification:_identify(worlds/models/office desk/meshes) by extensions ['colcon_pkg']
[0.204s] Level 1:colcon.colcon_core.package_identification:_identify(worlds/models/office desk/meshes) by extension 'colcon_pkg'
[0.204s] Level 1:colcon.colcon_core.package_identification:_identify(worlds/models/office desk/meshes) by extensions ['colcon_meta']
[0.204s] Level 1:colcon.colcon_core.package_identification:_identify(worlds/models/office desk/meshes) by extension 'colcon_meta'
[0.204s] Level 1:colcon.colcon_core.package_identification:_identify(worlds/models/office desk/meshes) by extensions ['ros']
[0.204s] Level 1:colcon.colcon_core.package_identification:_identify(worlds/models/office desk/meshes) by extension 'ros'
[0.204s] Level 1:colcon.colcon_core.package_identification:_identify(worlds/models/office desk/meshes) by extensions ['cmake', 'python']
[0.204s] Level 1:colcon.colcon_core.package_identification:_identify(worlds/models/office desk/meshes) by extension 'cmake'
[0.205s] Level 1:colcon.colcon_core.package_identification:_identify(worlds/models/office desk/meshes) by extension 'python'
[0.205s] Level 1:colcon.colcon_core.package_identification:_identify(worlds/models/office desk/meshes) by extensions ['python_setup_py']
[0.205s] Level 1:colcon.colcon_core.package_identification:_identify(worlds/models/office desk/meshes) by extension 'python_setup_py'
[0.205s] Level 1:colcon.colcon_core.package_identification:_identify(worlds/models/office desk/thumbnails) by extensions ['ignore', 'ignore_ament_install']
[0.205s] Level 1:colcon.colcon_core.package_identification:_identify(worlds/models/office desk/thumbnails) by extension 'ignore'
[0.205s] Level 1:colcon.colcon_core.package_identification:_identify(worlds/models/office desk/thumbnails) by extension 'ignore_ament_install'
[0.205s] Level 1:colcon.colcon_core.package_identification:_identify(worlds/models/office desk/thumbnails) by extensions ['colcon_pkg']
[0.205s] Level 1:colcon.colcon_core.package_identification:_identify(worlds/models/office desk/thumbnails) by extension 'colcon_pkg'
[0.205s] Level 1:colcon.colcon_core.package_identification:_identify(worlds/models/office desk/thumbnails) by extensions ['colcon_meta']
[0.205s] Level 1:colcon.colcon_core.package_identification:_identify(worlds/models/office desk/thumbnails) by extension 'colcon_meta'
[0.205s] Level 1:colcon.colcon_core.package_identification:_identify(worlds/models/office desk/thumbnails) by extensions ['ros']
[0.205s] Level 1:colcon.colcon_core.package_identification:_identify(worlds/models/office desk/thumbnails) by extension 'ros'
[0.205s] Level 1:colcon.colcon_core.package_identification:_identify(worlds/models/office desk/thumbnails) by extensions ['cmake', 'python']
[0.205s] Level 1:colcon.colcon_core.package_identification:_identify(worlds/models/office desk/thumbnails) by extension 'cmake'
[0.205s] Level 1:colcon.colcon_core.package_identification:_identify(worlds/models/office desk/thumbnails) by extension 'python'
[0.205s] Level 1:colcon.colcon_core.package_identification:_identify(worlds/models/office desk/thumbnails) by extensions ['python_setup_py']
[0.205s] Level 1:colcon.colcon_core.package_identification:_identify(worlds/models/office desk/thumbnails) by extension 'python_setup_py'
[0.205s] Level 1:colcon.colcon_core.package_identification:_identify(worlds/models/trashbin) by extensions ['ignore', 'ignore_ament_install']
[0.205s] Level 1:colcon.colcon_core.package_identification:_identify(worlds/models/trashbin) by extension 'ignore'
[0.205s] Level 1:colcon.colcon_core.package_identification:_identify(worlds/models/trashbin) by extension 'ignore_ament_install'
[0.206s] Level 1:colcon.colcon_core.package_identification:_identify(worlds/models/trashbin) by extensions ['colcon_pkg']
[0.206s] Level 1:colcon.colcon_core.package_identification:_identify(worlds/models/trashbin) by extension 'colcon_pkg'
[0.206s] Level 1:colcon.colcon_core.package_identification:_identify(worlds/models/trashbin) by extensions ['colcon_meta']
[0.206s] Level 1:colcon.colcon_core.package_identification:_identify(worlds/models/trashbin) by extension 'colcon_meta'
[0.206s] Level 1:colcon.colcon_core.package_identification:_identify(worlds/models/trashbin) by extensions ['ros']
[0.206s] Level 1:colcon.colcon_core.package_identification:_identify(worlds/models/trashbin) by extension 'ros'
[0.206s] Level 1:colcon.colcon_core.package_identification:_identify(worlds/models/trashbin) by extensions ['cmake', 'python']
[0.206s] Level 1:colcon.colcon_core.package_identification:_identify(worlds/models/trashbin) by extension 'cmake'
[0.206s] Level 1:colcon.colcon_core.package_identification:_identify(worlds/models/trashbin) by extension 'python'
[0.206s] Level 1:colcon.colcon_core.package_identification:_identify(worlds/models/trashbin) by extensions ['python_setup_py']
[0.206s] Level 1:colcon.colcon_core.package_identification:_identify(worlds/models/trashbin) by extension 'python_setup_py'
[0.206s] Level 1:colcon.colcon_core.package_identification:_identify(worlds/models/trashbin/meshes) by extensions ['ignore', 'ignore_ament_install']
[0.206s] Level 1:colcon.colcon_core.package_identification:_identify(worlds/models/trashbin/meshes) by extension 'ignore'
[0.206s] Level 1:colcon.colcon_core.package_identification:_identify(worlds/models/trashbin/meshes) by extension 'ignore_ament_install'
[0.206s] Level 1:colcon.colcon_core.package_identification:_identify(worlds/models/trashbin/meshes) by extensions ['colcon_pkg']
[0.206s] Level 1:colcon.colcon_core.package_identification:_identify(worlds/models/trashbin/meshes) by extension 'colcon_pkg'
[0.206s] Level 1:colcon.colcon_core.package_identification:_identify(worlds/models/trashbin/meshes) by extensions ['colcon_meta']
[0.206s] Level 1:colcon.colcon_core.package_identification:_identify(worlds/models/trashbin/meshes) by extension 'colcon_meta'
[0.206s] Level 1:colcon.colcon_core.package_identification:_identify(worlds/models/trashbin/meshes) by extensions ['ros']
[0.206s] Level 1:colcon.colcon_core.package_identification:_identify(worlds/models/trashbin/meshes) by extension 'ros'
[0.206s] Level 1:colcon.colcon_core.package_identification:_identify(worlds/models/trashbin/meshes) by extensions ['cmake', 'python']
[0.207s] Level 1:colcon.colcon_core.package_identification:_identify(worlds/models/trashbin/meshes) by extension 'cmake'
[0.207s] Level 1:colcon.colcon_core.package_identification:_identify(worlds/models/trashbin/meshes) by extension 'python'
[0.207s] Level 1:colcon.colcon_core.package_identification:_identify(worlds/models/trashbin/meshes) by extensions ['python_setup_py']
[0.207s] Level 1:colcon.colcon_core.package_identification:_identify(worlds/models/trashbin/meshes) by extension 'python_setup_py'
[0.207s] Level 1:colcon.colcon_core.package_identification:_identify(worlds/models/trashbin/thumbnails) by extensions ['ignore', 'ignore_ament_install']
[0.207s] Level 1:colcon.colcon_core.package_identification:_identify(worlds/models/trashbin/thumbnails) by extension 'ignore'
[0.207s] Level 1:colcon.colcon_core.package_identification:_identify(worlds/models/trashbin/thumbnails) by extension 'ignore_ament_install'
[0.207s] Level 1:colcon.colcon_core.package_identification:_identify(worlds/models/trashbin/thumbnails) by extensions ['colcon_pkg']
[0.207s] Level 1:colcon.colcon_core.package_identification:_identify(worlds/models/trashbin/thumbnails) by extension 'colcon_pkg'
[0.207s] Level 1:colcon.colcon_core.package_identification:_identify(worlds/models/trashbin/thumbnails) by extensions ['colcon_meta']
[0.207s] Level 1:colcon.colcon_core.package_identification:_identify(worlds/models/trashbin/thumbnails) by extension 'colcon_meta'
[0.207s] Level 1:colcon.colcon_core.package_identification:_identify(worlds/models/trashbin/thumbnails) by extensions ['ros']
[0.207s] Level 1:colcon.colcon_core.package_identification:_identify(worlds/models/trashbin/thumbnails) by extension 'ros'
[0.207s] Level 1:colcon.colcon_core.package_identification:_identify(worlds/models/trashbin/thumbnails) by extensions ['cmake', 'python']
[0.207s] Level 1:colcon.colcon_core.package_identification:_identify(worlds/models/trashbin/thumbnails) by extension 'cmake'
[0.207s] Level 1:colcon.colcon_core.package_identification:_identify(worlds/models/trashbin/thumbnails) by extension 'python'
[0.207s] Level 1:colcon.colcon_core.package_identification:_identify(worlds/models/trashbin/thumbnails) by extensions ['python_setup_py']
[0.207s] Level 1:colcon.colcon_core.package_identification:_identify(worlds/models/trashbin/thumbnails) by extension 'python_setup_py'
[0.207s] Level 1:colcon.colcon_core.package_discovery:discover_packages(recursive) using defaults
[0.207s] Level 1:colcon.colcon_core.package_discovery:discover_packages(ignore) discover
[0.207s] Level 1:colcon.colcon_core.package_discovery:discover_packages(ignore) using defaults
[0.207s] Level 1:colcon.colcon_core.package_discovery:discover_packages(path) discover
[0.207s] Level 1:colcon.colcon_core.package_discovery:discover_packages(path) using defaults
[0.225s] Level 1:colcon.colcon_core.package_discovery:discover_packages(prefix_path) check parameters
[0.225s] Level 1:colcon.colcon_core.package_discovery:discover_packages(prefix_path) discover
[0.226s] WARNING:colcon.colcon_core.prefix_path.colcon:The path '/home/group10/ros2_ws/src/install' in the environment variable COLCON_PREFIX_PATH doesn't exist
[0.226s] WARNING:colcon.colcon_ros.prefix_path.ament:The path '/home/group10/ros2_ws/install/cmd_vel_bridge' in the environment variable AMENT_PREFIX_PATH doesn't exist
[0.226s] WARNING:colcon.colcon_ros.prefix_path.ament:The path '/home/group10/ros2_ws/install/r2d10' in the environment variable AMENT_PREFIX_PATH doesn't exist
[0.226s] WARNING:colcon.colcon_ros.prefix_path.ament:The path '/home/group10/ros2_ws/src/install/r2d10' in the environment variable AMENT_PREFIX_PATH doesn't exist
[0.226s] WARNING:colcon.colcon_ros.prefix_path.ament:The path '/home/group10/ros2_ws/src/install/cmd_vel_bridge' in the environment variable AMENT_PREFIX_PATH doesn't exist
[0.227s] WARNING:colcon.colcon_ros.prefix_path.catkin:The path '/home/group10/ros2_ws/install/r2d10' in the environment variable CMAKE_PREFIX_PATH doesn't exist
[0.227s] WARNING:colcon.colcon_ros.prefix_path.catkin:The path '/home/group10/ros2_ws/src/install/r2d10' in the environment variable CMAKE_PREFIX_PATH doesn't exist
[0.228s] DEBUG:colcon.colcon_installed_package_information.package_discovery:Found 0 installed packages in /home/group10/ros2_ws/install
[0.228s] DEBUG:colcon.colcon_installed_package_information.package_discovery:Found 0 installed packages in /home/group10/ros2_ws/src/r2d10/worlds/install
[0.229s] DEBUG:colcon.colcon_installed_package_information.package_discovery:Found 20 installed packages in /home/group10/install
[0.232s] DEBUG:colcon.colcon_installed_package_information.package_discovery:Found 408 installed packages in /opt/ros/jazzy
[0.234s] Level 1:colcon.colcon_core.package_discovery:discover_packages(prefix_path) using defaults
[0.305s] Level 5:colcon.colcon_core.verb:set package 'cmd_vel_bridge' build argument 'cmake_args' from command line to 'None'
[0.305s] Level 5:colcon.colcon_core.verb:set package 'cmd_vel_bridge' build argument 'cmake_target' from command line to 'None'
[0.305s] Level 5:colcon.colcon_core.verb:set package 'cmd_vel_bridge' build argument 'cmake_target_skip_unavailable' from command line to 'False'
[0.305s] Level 5:colcon.colcon_core.verb:set package 'cmd_vel_bridge' build argument 'cmake_clean_cache' from command line to 'False'
[0.305s] Level 5:colcon.colcon_core.verb:set package 'cmd_vel_bridge' build argument 'cmake_clean_first' from command line to 'False'
[0.305s] Level 5:colcon.colcon_core.verb:set package 'cmd_vel_bridge' build argument 'cmake_force_configure' from command line to 'False'
[0.306s] Level 5:colcon.colcon_core.verb:set package 'cmd_vel_bridge' build argument 'ament_cmake_args' from command line to 'None'
[0.306s] Level 5:colcon.colcon_core.verb:set package 'cmd_vel_bridge' build argument 'catkin_cmake_args' from command line to 'None'
[0.306s] Level 5:colcon.colcon_core.verb:set package 'cmd_vel_bridge' build argument 'catkin_skip_building_tests' from command line to 'False'
[0.306s] DEBUG:colcon.colcon_core.verb:Building package 'cmd_vel_bridge' with the following arguments: {'ament_cmake_args': None, 'build_base': '/home/group10/ros2_ws/build/cmd_vel_bridge', 'catkin_cmake_args': None, 'catkin_skip_building_tests': False, 'cmake_args': None, 'cmake_clean_cache': False, 'cmake_clean_first': False, 'cmake_force_configure': False, 'cmake_target': None, 'cmake_target_skip_unavailable': False, 'install_base': '/home/group10/ros2_ws/install/cmd_vel_bridge', 'merge_install': False, 'path': '/home/group10/ros2_ws/src/cmd_vel_bridge', 'symlink_install': False, 'test_result_base': None}
[0.306s] Level 5:colcon.colcon_core.verb:set package 'r2d10' build argument 'cmake_args' from command line to 'None'
[0.306s] Level 5:colcon.colcon_core.verb:set package 'r2d10' build argument 'cmake_target' from command line to 'None'
[0.306s] Level 5:colcon.colcon_core.verb:set package 'r2d10' build argument 'cmake_target_skip_unavailable' from command line to 'False'
[0.306s] Level 5:colcon.colcon_core.verb:set package 'r2d10' build argument 'cmake_clean_cache' from command line to 'False'
[0.306s] Level 5:colcon.colcon_core.verb:set package 'r2d10' build argument 'cmake_clean_first' from command line to 'False'
[0.306s] Level 5:colcon.colcon_core.verb:set package 'r2d10' build argument 'cmake_force_configure' from command line to 'False'
[0.306s] Level 5:colcon.colcon_core.verb:set package 'r2d10' build argument 'ament_cmake_args' from command line to 'None'
[0.306s] Level 5:colcon.colcon_core.verb:set package 'r2d10' build argument 'catkin_cmake_args' from command line to 'None'
[0.306s] Level 5:colcon.colcon_core.verb:set package 'r2d10' build argument 'catkin_skip_building_tests' from command line to 'False'
[0.306s] DEBUG:colcon.colcon_core.verb:Building package 'r2d10' with the following arguments: {'ament_cmake_args': None, 'build_base': '/home/group10/ros2_ws/build/r2d10', 'catkin_cmake_args': None, 'catkin_skip_building_tests': False, 'cmake_args': None, 'cmake_clean_cache': False, 'cmake_clean_first': False, 'cmake_force_configure': False, 'cmake_target': None, 'cmake_target_skip_unavailable': False, 'install_base': '/home/group10/ros2_ws/install/r2d10', 'merge_install': False, 'path': '/home/group10/ros2_ws/src/r2d10', 'symlink_install': False, 'test_result_base': None}
[0.307s] INFO:colcon.colcon_core.executor:Executing jobs using 'parallel' executor
[0.308s] DEBUG:colcon.colcon_parallel_executor.executor.parallel:run_until_complete
[0.308s] INFO:colcon.colcon_ros.task.ament_python.build:Building ROS package in '/home/group10/ros2_ws/src/cmd_vel_bridge' with build type 'ament_python'
[0.308s] Level 1:colcon.colcon_core.shell:create_environment_hook('cmd_vel_bridge', 'ament_prefix_path')
[0.311s] INFO:colcon.colcon_core.plugin_system:Skipping extension 'colcon_core.shell.bat': Not used on non-Windows systems
[0.311s] INFO:colcon.colcon_core.shell:Creating environment hook '/home/group10/ros2_ws/install/cmd_vel_bridge/share/cmd_vel_bridge/hook/ament_prefix_path.ps1'
[0.312s] INFO:colcon.colcon_core.shell:Creating environment descriptor '/home/group10/ros2_ws/install/cmd_vel_bridge/share/cmd_vel_bridge/hook/ament_prefix_path.dsv'
[0.312s] INFO:colcon.colcon_core.shell:Creating environment hook '/home/group10/ros2_ws/install/cmd_vel_bridge/share/cmd_vel_bridge/hook/ament_prefix_path.sh'
[0.313s] INFO:colcon.colcon_core.shell:Skip shell extension 'powershell' for command environment: Not usable outside of PowerShell
[0.313s] DEBUG:colcon.colcon_core.shell:Skip shell extension 'dsv' for command environment
[0.321s] INFO:colcon.colcon_ros.task.ament_cmake.build:Building ROS package in '/home/group10/ros2_ws/src/r2d10' with build type 'ament_cmake'
[0.321s] INFO:colcon.colcon_cmake.task.cmake.build:Building CMake package in '/home/group10/ros2_ws/src/r2d10'
[0.321s] INFO:colcon.colcon_core.shell:Skip shell extension 'powershell' for command environment: Not usable outside of PowerShell
[0.322s] DEBUG:colcon.colcon_core.shell:Skip shell extension 'dsv' for command environment
[0.600s] INFO:colcon.colcon_core.task.python.build:Building Python package in '/home/group10/ros2_ws/src/cmd_vel_bridge'
[0.600s] INFO:colcon.colcon_core.shell:Skip shell extension 'powershell' for command environment: Not usable outside of PowerShell
[0.600s] DEBUG:colcon.colcon_core.shell:Skip shell extension 'dsv' for command environment
[0.609s] DEBUG:colcon.colcon_core.event_handler.log_command:Invoking command in '/home/group10/ros2_ws/build/r2d10': CMAKE_PREFIX_PATH=${CMAKE_PREFIX_PATH}:/home/group10/ros2_ws/install/cmd_vel_bridge:/home/group10/ros2_ws/src/install/cmd_vel_bridge:/home/group10/install/control:/home/group10/install/my_arm_service:/home/group10/install/gst_pipeline:/opt/ros/jazzy DEBUGINFOD_URLS=https://debuginfod.ubuntu.com /usr/bin/cmake /home/group10/ros2_ws/src/r2d10 -DCMAKE_INSTALL_PREFIX=/home/group10/ros2_ws/install/r2d10
[1.333s] DEBUG:colcon.colcon_core.event_handler.log_command:Invoking command in '/home/group10/ros2_ws/src/cmd_vel_bridge': DEBUGINFOD_URLS=https://debuginfod.ubuntu.com PYTHONPATH=/home/group10/ros2_ws/build/cmd_vel_bridge/prefix_override:/usr/lib/python3/dist-packages/colcon_core/task/python/colcon_distutils_commands:/home/group10/ros2_ws/install/cmd_vel_bridge/lib/python3.12/site-packages:${PYTHONPATH} /usr/bin/python3 -W ignore:setup.py install is deprecated -W ignore:easy_install command is deprecated setup.py egg_info --egg-base ../../build/cmd_vel_bridge build --build-base /home/group10/ros2_ws/build/cmd_vel_bridge/build install --record /home/group10/ros2_ws/build/cmd_vel_bridge/install.log --single-version-externally-managed install_data
[2.008s] DEBUG:colcon.colcon_core.event_handler.log_command:Invoked command in '/home/group10/ros2_ws/src/cmd_vel_bridge' returned '0': DEBUGINFOD_URLS=https://debuginfod.ubuntu.com PYTHONPATH=/home/group10/ros2_ws/build/cmd_vel_bridge/prefix_override:/usr/lib/python3/dist-packages/colcon_core/task/python/colcon_distutils_commands:/home/group10/ros2_ws/install/cmd_vel_bridge/lib/python3.12/site-packages:${PYTHONPATH} /usr/bin/python3 -W ignore:setup.py install is deprecated -W ignore:easy_install command is deprecated setup.py egg_info --egg-base ../../build/cmd_vel_bridge build --build-base /home/group10/ros2_ws/build/cmd_vel_bridge/build install --record /home/group10/ros2_ws/build/cmd_vel_bridge/install.log --single-version-externally-managed install_data
[2.012s] Level 1:colcon.colcon_core.environment:checking '/home/group10/ros2_ws/install/cmd_vel_bridge' for CMake module files
[2.013s] Level 1:colcon.colcon_core.environment:checking '/home/group10/ros2_ws/install/cmd_vel_bridge' for CMake config files
[2.014s] Level 1:colcon.colcon_core.environment:checking '/home/group10/ros2_ws/install/cmd_vel_bridge/lib'
[2.015s] Level 1:colcon.colcon_core.environment:checking '/home/group10/ros2_ws/install/cmd_vel_bridge/bin'
[2.015s] Level 1:colcon.colcon_core.environment:checking '/home/group10/ros2_ws/install/cmd_vel_bridge/lib/pkgconfig/cmd_vel_bridge.pc'
[2.015s] Level 1:colcon.colcon_core.environment:checking '/home/group10/ros2_ws/install/cmd_vel_bridge/lib/python3.12/site-packages'
[2.016s] Level 1:colcon.colcon_core.shell:create_environment_hook('cmd_vel_bridge', 'pythonpath')
[2.016s] INFO:colcon.colcon_core.shell:Creating environment hook '/home/group10/ros2_ws/install/cmd_vel_bridge/share/cmd_vel_bridge/hook/pythonpath.ps1'
[2.016s] INFO:colcon.colcon_core.shell:Creating environment descriptor '/home/group10/ros2_ws/install/cmd_vel_bridge/share/cmd_vel_bridge/hook/pythonpath.dsv'
[2.017s] INFO:colcon.colcon_core.shell:Creating environment hook '/home/group10/ros2_ws/install/cmd_vel_bridge/share/cmd_vel_bridge/hook/pythonpath.sh'
[2.018s] Level 1:colcon.colcon_core.environment:checking '/home/group10/ros2_ws/install/cmd_vel_bridge/bin'
[2.018s] Level 1:colcon.colcon_core.environment:create_environment_scripts_only(cmd_vel_bridge)
[2.019s] INFO:colcon.colcon_core.shell:Creating package script '/home/group10/ros2_ws/install/cmd_vel_bridge/share/cmd_vel_bridge/package.ps1'
[2.020s] INFO:colcon.colcon_core.shell:Creating package descriptor '/home/group10/ros2_ws/install/cmd_vel_bridge/share/cmd_vel_bridge/package.dsv'
[2.020s] INFO:colcon.colcon_core.shell:Creating package script '/home/group10/ros2_ws/install/cmd_vel_bridge/share/cmd_vel_bridge/package.sh'
[2.021s] INFO:colcon.colcon_core.shell:Creating package script '/home/group10/ros2_ws/install/cmd_vel_bridge/share/cmd_vel_bridge/package.bash'
[2.021s] INFO:colcon.colcon_core.shell:Creating package script '/home/group10/ros2_ws/install/cmd_vel_bridge/share/cmd_vel_bridge/package.zsh'
[2.022s] Level 1:colcon.colcon_core.environment:create_file_with_runtime_dependencies(/home/group10/ros2_ws/install/cmd_vel_bridge/share/colcon-core/packages/cmd_vel_bridge)
[2.669s] DEBUG:colcon.colcon_core.event_handler.log_command:Invoked command in '/home/group10/ros2_ws/build/r2d10' returned '0': CMAKE_PREFIX_PATH=${CMAKE_PREFIX_PATH}:/home/group10/ros2_ws/install/cmd_vel_bridge:/home/group10/ros2_ws/src/install/cmd_vel_bridge:/home/group10/install/control:/home/group10/install/my_arm_service:/home/group10/install/gst_pipeline:/opt/ros/jazzy DEBUGINFOD_URLS=https://debuginfod.ubuntu.com /usr/bin/cmake /home/group10/ros2_ws/src/r2d10 -DCMAKE_INSTALL_PREFIX=/home/group10/ros2_ws/install/r2d10
[2.670s] DEBUG:colcon.colcon_core.event_handler.log_command:Invoking command in '/home/group10/ros2_ws/build/r2d10': CMAKE_PREFIX_PATH=${CMAKE_PREFIX_PATH}:/home/group10/ros2_ws/install/cmd_vel_bridge:/home/group10/ros2_ws/src/install/cmd_vel_bridge:/home/group10/install/control:/home/group10/install/my_arm_service:/home/group10/install/gst_pipeline:/opt/ros/jazzy DEBUGINFOD_URLS=https://debuginfod.ubuntu.com /usr/bin/cmake --build /home/group10/ros2_ws/build/r2d10 -- -j4 -l4
[2.722s] DEBUG:colcon.colcon_core.event_handler.log_command:Invoked command in '/home/group10/ros2_ws/build/r2d10' returned '0': CMAKE_PREFIX_PATH=${CMAKE_PREFIX_PATH}:/home/group10/ros2_ws/install/cmd_vel_bridge:/home/group10/ros2_ws/src/install/cmd_vel_bridge:/home/group10/install/control:/home/group10/install/my_arm_service:/home/group10/install/gst_pipeline:/opt/ros/jazzy DEBUGINFOD_URLS=https://debuginfod.ubuntu.com /usr/bin/cmake --build /home/group10/ros2_ws/build/r2d10 -- -j4 -l4
[2.735s] DEBUG:colcon.colcon_core.event_handler.log_command:Invoking command in '/home/group10/ros2_ws/build/r2d10': CMAKE_PREFIX_PATH=${CMAKE_PREFIX_PATH}:/home/group10/ros2_ws/install/cmd_vel_bridge:/home/group10/ros2_ws/src/install/cmd_vel_bridge:/home/group10/install/control:/home/group10/install/my_arm_service:/home/group10/install/gst_pipeline:/opt/ros/jazzy DEBUGINFOD_URLS=https://debuginfod.ubuntu.com /usr/bin/cmake --install /home/group10/ros2_ws/build/r2d10
[2.889s] Level 1:colcon.colcon_core.environment:create_environment_scripts_only(r2d10)
[2.889s] Level 1:colcon.colcon_core.environment:checking '/home/group10/ros2_ws/install/r2d10' for CMake module files
[2.890s] DEBUG:colcon.colcon_core.event_handler.log_command:Invoked command in '/home/group10/ros2_ws/build/r2d10' returned '0': CMAKE_PREFIX_PATH=${CMAKE_PREFIX_PATH}:/home/group10/ros2_ws/install/cmd_vel_bridge:/home/group10/ros2_ws/src/install/cmd_vel_bridge:/home/group10/install/control:/home/group10/install/my_arm_service:/home/group10/install/gst_pipeline:/opt/ros/jazzy DEBUGINFOD_URLS=https://debuginfod.ubuntu.com /usr/bin/cmake --install /home/group10/ros2_ws/build/r2d10
[2.890s] Level 1:colcon.colcon_core.environment:checking '/home/group10/ros2_ws/install/r2d10' for CMake config files
[2.890s] Level 1:colcon.colcon_core.shell:create_environment_hook('r2d10', 'cmake_prefix_path')
[2.890s] INFO:colcon.colcon_core.shell:Creating environment hook '/home/group10/ros2_ws/install/r2d10/share/r2d10/hook/cmake_prefix_path.ps1'
[2.891s] INFO:colcon.colcon_core.shell:Creating environment descriptor '/home/group10/ros2_ws/install/r2d10/share/r2d10/hook/cmake_prefix_path.dsv'
[2.891s] INFO:colcon.colcon_core.shell:Creating environment hook '/home/group10/ros2_ws/install/r2d10/share/r2d10/hook/cmake_prefix_path.sh'
[2.892s] Level 1:colcon.colcon_core.environment:checking '/home/group10/ros2_ws/install/r2d10/lib'
[2.892s] Level 1:colcon.colcon_core.environment:checking '/home/group10/ros2_ws/install/r2d10/bin'
[2.892s] Level 1:colcon.colcon_core.environment:checking '/home/group10/ros2_ws/install/r2d10/lib/pkgconfig/r2d10.pc'
[2.892s] Level 1:colcon.colcon_core.environment:checking '/home/group10/ros2_ws/install/r2d10/lib/python3.12/site-packages'
[2.892s] Level 1:colcon.colcon_core.environment:checking '/home/group10/ros2_ws/install/r2d10/bin'
[2.893s] INFO:colcon.colcon_core.shell:Creating package script '/home/group10/ros2_ws/install/r2d10/share/r2d10/package.ps1'
[2.893s] INFO:colcon.colcon_core.shell:Creating package descriptor '/home/group10/ros2_ws/install/r2d10/share/r2d10/package.dsv'
[2.893s] INFO:colcon.colcon_core.shell:Creating package script '/home/group10/ros2_ws/install/r2d10/share/r2d10/package.sh'
[2.894s] INFO:colcon.colcon_core.shell:Creating package script '/home/group10/ros2_ws/install/r2d10/share/r2d10/package.bash'
[2.894s] INFO:colcon.colcon_core.shell:Creating package script '/home/group10/ros2_ws/install/r2d10/share/r2d10/package.zsh'
[2.894s] Level 1:colcon.colcon_core.environment:create_file_with_runtime_dependencies(/home/group10/ros2_ws/install/r2d10/share/colcon-core/packages/r2d10)
[2.895s] Level 1:colcon.colcon_core.environment:create_environment_scripts_only(r2d10)
[2.895s] Level 1:colcon.colcon_core.environment:checking '/home/group10/ros2_ws/install/r2d10' for CMake module files
[2.895s] Level 1:colcon.colcon_core.environment:checking '/home/group10/ros2_ws/install/r2d10' for CMake config files
[2.895s] Level 1:colcon.colcon_core.shell:create_environment_hook('r2d10', 'cmake_prefix_path')
[2.896s] INFO:colcon.colcon_core.shell:Creating environment hook '/home/group10/ros2_ws/install/r2d10/share/r2d10/hook/cmake_prefix_path.ps1'
[2.896s] INFO:colcon.colcon_core.shell:Creating environment descriptor '/home/group10/ros2_ws/install/r2d10/share/r2d10/hook/cmake_prefix_path.dsv'
[2.896s] INFO:colcon.colcon_core.shell:Creating environment hook '/home/group10/ros2_ws/install/r2d10/share/r2d10/hook/cmake_prefix_path.sh'
[2.897s] Level 1:colcon.colcon_core.environment:checking '/home/group10/ros2_ws/install/r2d10/lib'
[2.897s] Level 1:colcon.colcon_core.environment:checking '/home/group10/ros2_ws/install/r2d10/bin'
[2.897s] Level 1:colcon.colcon_core.environment:checking '/home/group10/ros2_ws/install/r2d10/lib/pkgconfig/r2d10.pc'
[2.897s] Level 1:colcon.colcon_core.environment:checking '/home/group10/ros2_ws/install/r2d10/lib/python3.12/site-packages'
[2.897s] Level 1:colcon.colcon_core.environment:checking '/home/group10/ros2_ws/install/r2d10/bin'
[2.898s] INFO:colcon.colcon_core.shell:Creating package script '/home/group10/ros2_ws/install/r2d10/share/r2d10/package.ps1'
[2.898s] INFO:colcon.colcon_core.shell:Creating package descriptor '/home/group10/ros2_ws/install/r2d10/share/r2d10/package.dsv'
[2.898s] INFO:colcon.colcon_core.shell:Creating package script '/home/group10/ros2_ws/install/r2d10/share/r2d10/package.sh'
[2.899s] INFO:colcon.colcon_core.shell:Creating package script '/home/group10/ros2_ws/install/r2d10/share/r2d10/package.bash'
[2.899s] INFO:colcon.colcon_core.shell:Creating package script '/home/group10/ros2_ws/install/r2d10/share/r2d10/package.zsh'
[2.899s] Level 1:colcon.colcon_core.environment:create_file_with_runtime_dependencies(/home/group10/ros2_ws/install/r2d10/share/colcon-core/packages/r2d10)
[2.900s] DEBUG:colcon.colcon_parallel_executor.executor.parallel:closing loop
[2.900s] DEBUG:colcon.colcon_parallel_executor.executor.parallel:loop closed
[2.900s] DEBUG:colcon.colcon_parallel_executor.executor.parallel:run_until_complete finished with '0'
[2.900s] DEBUG:colcon.colcon_core.event_reactor:joining thread
[2.907s] INFO:colcon.colcon_core.plugin_system:Skipping extension 'colcon_notification.desktop_notification.terminal_notifier': Not used on non-Darwin systems
[2.907s] INFO:colcon.colcon_core.plugin_system:Skipping extension 'colcon_notification.desktop_notification.win32': Not used on non-Windows systems
[2.907s] INFO:colcon.colcon_notification.desktop_notification:Sending desktop notification using 'notify2'
[2.920s] DEBUG:colcon.colcon_core.event_reactor:joined thread
[2.921s] INFO:colcon.colcon_core.shell:Creating prefix script '/home/group10/ros2_ws/install/local_setup.ps1'
[2.921s] INFO:colcon.colcon_core.shell:Creating prefix util module '/home/group10/ros2_ws/install/_local_setup_util_ps1.py'
[2.923s] INFO:colcon.colcon_core.shell:Creating prefix chain script '/home/group10/ros2_ws/install/setup.ps1'
[2.926s] INFO:colcon.colcon_core.shell:Creating prefix script '/home/group10/ros2_ws/install/local_setup.sh'
[2.927s] INFO:colcon.colcon_core.shell:Creating prefix util module '/home/group10/ros2_ws/install/_local_setup_util_sh.py'
[2.927s] INFO:colcon.colcon_core.shell:Creating prefix chain script '/home/group10/ros2_ws/install/setup.sh'
[2.930s] INFO:colcon.colcon_core.shell:Creating prefix script '/home/group10/ros2_ws/install/local_setup.bash'
[2.930s] INFO:colcon.colcon_core.shell:Creating prefix chain script '/home/group10/ros2_ws/install/setup.bash'
[2.932s] INFO:colcon.colcon_core.shell:Creating prefix script '/home/group10/ros2_ws/install/local_setup.zsh'
[2.932s] INFO:colcon.colcon_core.shell:Creating prefix chain script '/home/group10/ros2_ws/install/setup.zsh'
