[0.133s] DEBUG:colcon:Command line arguments: ['/usr/bin/colcon', 'build']
[0.133s] DEBUG:colcon:Parsed command line arguments: Namespace(log_base=None, log_level=None, verb_name='build', build_base='build', install_base='install', merge_install=False, symlink_install=False, test_result_base=None, continue_on_error=False, executor='parallel', parallel_workers=4, event_handlers=None, ignore_user_meta=False, metas=['./colcon.meta'], base_paths=['.'], packages_ignore=None, packages_ignore_regex=None, paths=None, packages_up_to=None, packages_up_to_regex=None, packages_above=None, packages_above_and_dependencies=None, packages_above_depth=None, packages_select_by_dep=None, packages_skip_by_dep=None, packages_skip_up_to=None, packages_select_build_failed=False, packages_skip_build_finished=False, packages_select_test_failures=False, packages_skip_test_passed=False, packages_select=None, packages_skip=None, packages_select_regex=None, packages_skip_regex=None, packages_start=None, packages_end=None, allow_overriding=[], cmake_args=None, cmake_target=None, cmake_target_skip_unavailable=False, cmake_clean_cache=False, cmake_clean_first=False, cmake_force_configure=False, ament_cmake_args=None, catkin_cmake_args=None, catkin_skip_building_tests=False, mixin_files=None, mixin=None, verb_parser=<colcon_mixin.mixin.mixin_argument.MixinArgumentDecorator object at 0x7c8c28f99790>, verb_extension=<colcon_core.verb.build.BuildVerb object at 0x7c8c290d1a00>, main=<bound method BuildVerb.main of <colcon_core.verb.build.BuildVerb object at 0x7c8c290d1a00>>, mixin_verb=('build',))
[0.176s] Level 1:colcon.colcon_core.package_discovery:discover_packages(colcon_meta) check parameters
[0.176s] Level 1:colcon.colcon_core.package_discovery:discover_packages(recursive) check parameters
[0.176s] Level 1:colcon.colcon_core.package_discovery:discover_packages(ignore) check parameters
[0.176s] Level 1:colcon.colcon_core.package_discovery:discover_packages(path) check parameters
[0.176s] Level 1:colcon.colcon_core.package_discovery:discover_packages(colcon_meta) discover
[0.176s] Level 1:colcon.colcon_core.package_discovery:discover_packages(recursive) discover
[0.176s] INFO:colcon.colcon_core.package_discovery:Crawling recursively for packages in '/home/group10/ros2_ws'
[0.176s] Level 1:colcon.colcon_core.package_identification:_identify(.) by extensions ['ignore', 'ignore_ament_install']
[0.176s] Level 1:colcon.colcon_core.package_identification:_identify(.) by extension 'ignore'
[0.176s] Level 1:colcon.colcon_core.package_identification:_identify(.) by extension 'ignore_ament_install'
[0.177s] Level 1:colcon.colcon_core.package_identification:_identify(.) by extensions ['colcon_pkg']
[0.177s] Level 1:colcon.colcon_core.package_identification:_identify(.) by extension 'colcon_pkg'
[0.177s] Level 1:colcon.colcon_core.package_identification:_identify(.) by extensions ['colcon_meta']
[0.177s] Level 1:colcon.colcon_core.package_identification:_identify(.) by extension 'colcon_meta'
[0.177s] Level 1:colcon.colcon_core.package_identification:_identify(.) by extensions ['ros']
[0.177s] Level 1:colcon.colcon_core.package_identification:_identify(.) by extension 'ros'
[0.204s] Level 1:colcon.colcon_core.package_identification:_identify(.) by extensions ['cmake', 'python']
[0.205s] Level 1:colcon.colcon_core.package_identification:_identify(.) by extension 'cmake'
[0.205s] Level 1:colcon.colcon_core.package_identification:_identify(.) by extension 'python'
[0.205s] Level 1:colcon.colcon_core.package_identification:_identify(.) by extensions ['python_setup_py']
[0.205s] Level 1:colcon.colcon_core.package_identification:_identify(.) by extension 'python_setup_py'
[0.205s] Level 1:colcon.colcon_core.package_identification:_identify(build) by extensions ['ignore', 'ignore_ament_install']
[0.205s] Level 1:colcon.colcon_core.package_identification:_identify(build) by extension 'ignore'
[0.205s] Level 1:colcon.colcon_core.package_identification:_identify(build) ignored
[0.205s] Level 1:colcon.colcon_core.package_identification:_identify(install) by extensions ['ignore', 'ignore_ament_install']
[0.205s] Level 1:colcon.colcon_core.package_identification:_identify(install) by extension 'ignore'
[0.205s] Level 1:colcon.colcon_core.package_identification:_identify(install) ignored
[0.206s] Level 1:colcon.colcon_core.package_identification:_identify(launch) by extensions ['ignore', 'ignore_ament_install']
[0.206s] Level 1:colcon.colcon_core.package_identification:_identify(launch) by extension 'ignore'
[0.206s] Level 1:colcon.colcon_core.package_identification:_identify(launch) by extension 'ignore_ament_install'
[0.206s] Level 1:colcon.colcon_core.package_identification:_identify(launch) by extensions ['colcon_pkg']
[0.206s] Level 1:colcon.colcon_core.package_identification:_identify(launch) by extension 'colcon_pkg'
[0.206s] Level 1:colcon.colcon_core.package_identification:_identify(launch) by extensions ['colcon_meta']
[0.206s] Level 1:colcon.colcon_core.package_identification:_identify(launch) by extension 'colcon_meta'
[0.206s] Level 1:colcon.colcon_core.package_identification:_identify(launch) by extensions ['ros']
[0.206s] Level 1:colcon.colcon_core.package_identification:_identify(launch) by extension 'ros'
[0.206s] Level 1:colcon.colcon_core.package_identification:_identify(launch) by extensions ['cmake', 'python']
[0.206s] Level 1:colcon.colcon_core.package_identification:_identify(launch) by extension 'cmake'
[0.206s] Level 1:colcon.colcon_core.package_identification:_identify(launch) by extension 'python'
[0.206s] Level 1:colcon.colcon_core.package_identification:_identify(launch) by extensions ['python_setup_py']
[0.206s] Level 1:colcon.colcon_core.package_identification:_identify(launch) by extension 'python_setup_py'
[0.206s] Level 1:colcon.colcon_core.package_identification:_identify(log) by extensions ['ignore', 'ignore_ament_install']
[0.206s] Level 1:colcon.colcon_core.package_identification:_identify(log) by extension 'ignore'
[0.206s] Level 1:colcon.colcon_core.package_identification:_identify(log) ignored
[0.207s] Level 1:colcon.colcon_core.package_identification:_identify(meshes) by extensions ['ignore', 'ignore_ament_install']
[0.207s] Level 1:colcon.colcon_core.package_identification:_identify(meshes) by extension 'ignore'
[0.207s] Level 1:colcon.colcon_core.package_identification:_identify(meshes) by extension 'ignore_ament_install'
[0.207s] Level 1:colcon.colcon_core.package_identification:_identify(meshes) by extensions ['colcon_pkg']
[0.207s] Level 1:colcon.colcon_core.package_identification:_identify(meshes) by extension 'colcon_pkg'
[0.207s] Level 1:colcon.colcon_core.package_identification:_identify(meshes) by extensions ['colcon_meta']
[0.207s] Level 1:colcon.colcon_core.package_identification:_identify(meshes) by extension 'colcon_meta'
[0.207s] Level 1:colcon.colcon_core.package_identification:_identify(meshes) by extensions ['ros']
[0.207s] Level 1:colcon.colcon_core.package_identification:_identify(meshes) by extension 'ros'
[0.207s] Level 1:colcon.colcon_core.package_identification:_identify(meshes) by extensions ['cmake', 'python']
[0.207s] Level 1:colcon.colcon_core.package_identification:_identify(meshes) by extension 'cmake'
[0.207s] Level 1:colcon.colcon_core.package_identification:_identify(meshes) by extension 'python'
[0.207s] Level 1:colcon.colcon_core.package_identification:_identify(meshes) by extensions ['python_setup_py']
[0.207s] Level 1:colcon.colcon_core.package_identification:_identify(meshes) by extension 'python_setup_py'
[0.207s] Level 1:colcon.colcon_core.package_identification:_identify(rviz) by extensions ['ignore', 'ignore_ament_install']
[0.207s] Level 1:colcon.colcon_core.package_identification:_identify(rviz) by extension 'ignore'
[0.207s] Level 1:colcon.colcon_core.package_identification:_identify(rviz) by extension 'ignore_ament_install'
[0.208s] Level 1:colcon.colcon_core.package_identification:_identify(rviz) by extensions ['colcon_pkg']
[0.208s] Level 1:colcon.colcon_core.package_identification:_identify(rviz) by extension 'colcon_pkg'
[0.208s] Level 1:colcon.colcon_core.package_identification:_identify(rviz) by extensions ['colcon_meta']
[0.208s] Level 1:colcon.colcon_core.package_identification:_identify(rviz) by extension 'colcon_meta'
[0.208s] Level 1:colcon.colcon_core.package_identification:_identify(rviz) by extensions ['ros']
[0.208s] Level 1:colcon.colcon_core.package_identification:_identify(rviz) by extension 'ros'
[0.208s] Level 1:colcon.colcon_core.package_identification:_identify(rviz) by extensions ['cmake', 'python']
[0.208s] Level 1:colcon.colcon_core.package_identification:_identify(rviz) by extension 'cmake'
[0.208s] Level 1:colcon.colcon_core.package_identification:_identify(rviz) by extension 'python'
[0.208s] Level 1:colcon.colcon_core.package_identification:_identify(rviz) by extensions ['python_setup_py']
[0.208s] Level 1:colcon.colcon_core.package_identification:_identify(rviz) by extension 'python_setup_py'
[0.208s] Level 1:colcon.colcon_core.package_identification:_identify(src) by extensions ['ignore', 'ignore_ament_install']
[0.208s] Level 1:colcon.colcon_core.package_identification:_identify(src) by extension 'ignore'
[0.208s] Level 1:colcon.colcon_core.package_identification:_identify(src) by extension 'ignore_ament_install'
[0.208s] Level 1:colcon.colcon_core.package_identification:_identify(src) by extensions ['colcon_pkg']
[0.208s] Level 1:colcon.colcon_core.package_identification:_identify(src) by extension 'colcon_pkg'
[0.208s] Level 1:colcon.colcon_core.package_identification:_identify(src) by extensions ['colcon_meta']
[0.208s] Level 1:colcon.colcon_core.package_identification:_identify(src) by extension 'colcon_meta'
[0.208s] Level 1:colcon.colcon_core.package_identification:_identify(src) by extensions ['ros']
[0.208s] Level 1:colcon.colcon_core.package_identification:_identify(src) by extension 'ros'
[0.209s] Level 1:colcon.colcon_core.package_identification:_identify(src) by extensions ['cmake', 'python']
[0.209s] Level 1:colcon.colcon_core.package_identification:_identify(src) by extension 'cmake'
[0.209s] Level 1:colcon.colcon_core.package_identification:_identify(src) by extension 'python'
[0.209s] Level 1:colcon.colcon_core.package_identification:_identify(src) by extensions ['python_setup_py']
[0.209s] Level 1:colcon.colcon_core.package_identification:_identify(src) by extension 'python_setup_py'
[0.209s] Level 1:colcon.colcon_core.package_identification:_identify(src/cmd_vel_bridge) by extensions ['ignore', 'ignore_ament_install']
[0.209s] Level 1:colcon.colcon_core.package_identification:_identify(src/cmd_vel_bridge) by extension 'ignore'
[0.209s] Level 1:colcon.colcon_core.package_identification:_identify(src/cmd_vel_bridge) by extension 'ignore_ament_install'
[0.209s] Level 1:colcon.colcon_core.package_identification:_identify(src/cmd_vel_bridge) by extensions ['colcon_pkg']
[0.209s] Level 1:colcon.colcon_core.package_identification:_identify(src/cmd_vel_bridge) by extension 'colcon_pkg'
[0.209s] Level 1:colcon.colcon_core.package_identification:_identify(src/cmd_vel_bridge) by extensions ['colcon_meta']
[0.209s] Level 1:colcon.colcon_core.package_identification:_identify(src/cmd_vel_bridge) by extension 'colcon_meta'
[0.209s] Level 1:colcon.colcon_core.package_identification:_identify(src/cmd_vel_bridge) by extensions ['ros']
[0.209s] Level 1:colcon.colcon_core.package_identification:_identify(src/cmd_vel_bridge) by extension 'ros'
[0.212s] DEBUG:colcon.colcon_core.package_identification:Package 'src/cmd_vel_bridge' with type 'ros.ament_python' and name 'cmd_vel_bridge'
[0.212s] Level 1:colcon.colcon_core.package_identification:_identify(src/r2d10) by extensions ['ignore', 'ignore_ament_install']
[0.212s] Level 1:colcon.colcon_core.package_identification:_identify(src/r2d10) by extension 'ignore'
[0.212s] Level 1:colcon.colcon_core.package_identification:_identify(src/r2d10) by extension 'ignore_ament_install'
[0.212s] Level 1:colcon.colcon_core.package_identification:_identify(src/r2d10) by extensions ['colcon_pkg']
[0.212s] Level 1:colcon.colcon_core.package_identification:_identify(src/r2d10) by extension 'colcon_pkg'
[0.212s] Level 1:colcon.colcon_core.package_identification:_identify(src/r2d10) by extensions ['colcon_meta']
[0.212s] Level 1:colcon.colcon_core.package_identification:_identify(src/r2d10) by extension 'colcon_meta'
[0.212s] Level 1:colcon.colcon_core.package_identification:_identify(src/r2d10) by extensions ['ros']
[0.212s] Level 1:colcon.colcon_core.package_identification:_identify(src/r2d10) by extension 'ros'
[0.213s] DEBUG:colcon.colcon_core.package_identification:Package 'src/r2d10' with type 'ros.ament_cmake' and name 'r2d10'
[0.213s] Level 1:colcon.colcon_core.package_identification:_identify(urdf) by extensions ['ignore', 'ignore_ament_install']
[0.213s] Level 1:colcon.colcon_core.package_identification:_identify(urdf) by extension 'ignore'
[0.213s] Level 1:colcon.colcon_core.package_identification:_identify(urdf) by extension 'ignore_ament_install'
[0.213s] Level 1:colcon.colcon_core.package_identification:_identify(urdf) by extensions ['colcon_pkg']
[0.214s] Level 1:colcon.colcon_core.package_identification:_identify(urdf) by extension 'colcon_pkg'
[0.214s] Level 1:colcon.colcon_core.package_identification:_identify(urdf) by extensions ['colcon_meta']
[0.214s] Level 1:colcon.colcon_core.package_identification:_identify(urdf) by extension 'colcon_meta'
[0.214s] Level 1:colcon.colcon_core.package_identification:_identify(urdf) by extensions ['ros']
[0.214s] Level 1:colcon.colcon_core.package_identification:_identify(urdf) by extension 'ros'
[0.214s] Level 1:colcon.colcon_core.package_identification:_identify(urdf) by extensions ['cmake', 'python']
[0.214s] Level 1:colcon.colcon_core.package_identification:_identify(urdf) by extension 'cmake'
[0.214s] Level 1:colcon.colcon_core.package_identification:_identify(urdf) by extension 'python'
[0.214s] Level 1:colcon.colcon_core.package_identification:_identify(urdf) by extensions ['python_setup_py']
[0.214s] Level 1:colcon.colcon_core.package_identification:_identify(urdf) by extension 'python_setup_py'
[0.214s] Level 1:colcon.colcon_core.package_identification:_identify(worlds) by extensions ['ignore', 'ignore_ament_install']
[0.214s] Level 1:colcon.colcon_core.package_identification:_identify(worlds) by extension 'ignore'
[0.214s] Level 1:colcon.colcon_core.package_identification:_identify(worlds) by extension 'ignore_ament_install'
[0.214s] Level 1:colcon.colcon_core.package_identification:_identify(worlds) by extensions ['colcon_pkg']
[0.214s] Level 1:colcon.colcon_core.package_identification:_identify(worlds) by extension 'colcon_pkg'
[0.214s] Level 1:colcon.colcon_core.package_identification:_identify(worlds) by extensions ['colcon_meta']
[0.214s] Level 1:colcon.colcon_core.package_identification:_identify(worlds) by extension 'colcon_meta'
[0.214s] Level 1:colcon.colcon_core.package_identification:_identify(worlds) by extensions ['ros']
[0.214s] Level 1:colcon.colcon_core.package_identification:_identify(worlds) by extension 'ros'
[0.215s] Level 1:colcon.colcon_core.package_identification:_identify(worlds) by extensions ['cmake', 'python']
[0.215s] Level 1:colcon.colcon_core.package_identification:_identify(worlds) by extension 'cmake'
[0.215s] Level 1:colcon.colcon_core.package_identification:_identify(worlds) by extension 'python'
[0.215s] Level 1:colcon.colcon_core.package_identification:_identify(worlds) by extensions ['python_setup_py']
[0.215s] Level 1:colcon.colcon_core.package_identification:_identify(worlds) by extension 'python_setup_py'
[0.215s] Level 1:colcon.colcon_core.package_identification:_identify(worlds/build) by extensions ['ignore', 'ignore_ament_install']
[0.215s] Level 1:colcon.colcon_core.package_identification:_identify(worlds/build) by extension 'ignore'
[0.215s] Level 1:colcon.colcon_core.package_identification:_identify(worlds/build) ignored
[0.215s] Level 1:colcon.colcon_core.package_identification:_identify(worlds/install) by extensions ['ignore', 'ignore_ament_install']
[0.215s] Level 1:colcon.colcon_core.package_identification:_identify(worlds/install) by extension 'ignore'
[0.215s] Level 1:colcon.colcon_core.package_identification:_identify(worlds/install) ignored
[0.215s] Level 1:colcon.colcon_core.package_identification:_identify(worlds/log) by extensions ['ignore', 'ignore_ament_install']
[0.215s] Level 1:colcon.colcon_core.package_identification:_identify(worlds/log) by extension 'ignore'
[0.216s] Level 1:colcon.colcon_core.package_identification:_identify(worlds/log) ignored
[0.216s] Level 1:colcon.colcon_core.package_identification:_identify(worlds/models) by extensions ['ignore', 'ignore_ament_install']
[0.216s] Level 1:colcon.colcon_core.package_identification:_identify(worlds/models) by extension 'ignore'
[0.216s] Level 1:colcon.colcon_core.package_identification:_identify(worlds/models) by extension 'ignore_ament_install'
[0.216s] Level 1:colcon.colcon_core.package_identification:_identify(worlds/models) by extensions ['colcon_pkg']
[0.216s] Level 1:colcon.colcon_core.package_identification:_identify(worlds/models) by extension 'colcon_pkg'
[0.216s] Level 1:colcon.colcon_core.package_identification:_identify(worlds/models) by extensions ['colcon_meta']
[0.216s] Level 1:colcon.colcon_core.package_identification:_identify(worlds/models) by extension 'colcon_meta'
[0.216s] Level 1:colcon.colcon_core.package_identification:_identify(worlds/models) by extensions ['ros']
[0.216s] Level 1:colcon.colcon_core.package_identification:_identify(worlds/models) by extension 'ros'
[0.216s] Level 1:colcon.colcon_core.package_identification:_identify(worlds/models) by extensions ['cmake', 'python']
[0.216s] Level 1:colcon.colcon_core.package_identification:_identify(worlds/models) by extension 'cmake'
[0.216s] Level 1:colcon.colcon_core.package_identification:_identify(worlds/models) by extension 'python'
[0.216s] Level 1:colcon.colcon_core.package_identification:_identify(worlds/models) by extensions ['python_setup_py']
[0.216s] Level 1:colcon.colcon_core.package_identification:_identify(worlds/models) by extension 'python_setup_py'
[0.216s] Level 1:colcon.colcon_core.package_identification:_identify(worlds/models/actor) by extensions ['ignore', 'ignore_ament_install']
[0.216s] Level 1:colcon.colcon_core.package_identification:_identify(worlds/models/actor) by extension 'ignore'
[0.217s] Level 1:colcon.colcon_core.package_identification:_identify(worlds/models/actor) by extension 'ignore_ament_install'
[0.217s] Level 1:colcon.colcon_core.package_identification:_identify(worlds/models/actor) by extensions ['colcon_pkg']
[0.217s] Level 1:colcon.colcon_core.package_identification:_identify(worlds/models/actor) by extension 'colcon_pkg'
[0.217s] Level 1:colcon.colcon_core.package_identification:_identify(worlds/models/actor) by extensions ['colcon_meta']
[0.217s] Level 1:colcon.colcon_core.package_identification:_identify(worlds/models/actor) by extension 'colcon_meta'
[0.217s] Level 1:colcon.colcon_core.package_identification:_identify(worlds/models/actor) by extensions ['ros']
[0.217s] Level 1:colcon.colcon_core.package_identification:_identify(worlds/models/actor) by extension 'ros'
[0.217s] Level 1:colcon.colcon_core.package_identification:_identify(worlds/models/actor) by extensions ['cmake', 'python']
[0.217s] Level 1:colcon.colcon_core.package_identification:_identify(worlds/models/actor) by extension 'cmake'
[0.217s] Level 1:colcon.colcon_core.package_identification:_identify(worlds/models/actor) by extension 'python'
[0.217s] Level 1:colcon.colcon_core.package_identification:_identify(worlds/models/actor) by extensions ['python_setup_py']
[0.217s] Level 1:colcon.colcon_core.package_identification:_identify(worlds/models/actor) by extension 'python_setup_py'
[0.217s] Level 1:colcon.colcon_core.package_identification:_identify(worlds/models/actor/meshes) by extensions ['ignore', 'ignore_ament_install']
[0.217s] Level 1:colcon.colcon_core.package_identification:_identify(worlds/models/actor/meshes) by extension 'ignore'
[0.217s] Level 1:colcon.colcon_core.package_identification:_identify(worlds/models/actor/meshes) by extension 'ignore_ament_install'
[0.217s] Level 1:colcon.colcon_core.package_identification:_identify(worlds/models/actor/meshes) by extensions ['colcon_pkg']
[0.217s] Level 1:colcon.colcon_core.package_identification:_identify(worlds/models/actor/meshes) by extension 'colcon_pkg'
[0.217s] Level 1:colcon.colcon_core.package_identification:_identify(worlds/models/actor/meshes) by extensions ['colcon_meta']
[0.218s] Level 1:colcon.colcon_core.package_identification:_identify(worlds/models/actor/meshes) by extension 'colcon_meta'
[0.218s] Level 1:colcon.colcon_core.package_identification:_identify(worlds/models/actor/meshes) by extensions ['ros']
[0.218s] Level 1:colcon.colcon_core.package_identification:_identify(worlds/models/actor/meshes) by extension 'ros'
[0.218s] Level 1:colcon.colcon_core.package_identification:_identify(worlds/models/actor/meshes) by extensions ['cmake', 'python']
[0.218s] Level 1:colcon.colcon_core.package_identification:_identify(worlds/models/actor/meshes) by extension 'cmake'
[0.218s] Level 1:colcon.colcon_core.package_identification:_identify(worlds/models/actor/meshes) by extension 'python'
[0.218s] Level 1:colcon.colcon_core.package_identification:_identify(worlds/models/actor/meshes) by extensions ['python_setup_py']
[0.218s] Level 1:colcon.colcon_core.package_identification:_identify(worlds/models/actor/meshes) by extension 'python_setup_py'
[0.218s] Level 1:colcon.colcon_core.package_identification:_identify(worlds/models/actor/thumbnails) by extensions ['ignore', 'ignore_ament_install']
[0.218s] Level 1:colcon.colcon_core.package_identification:_identify(worlds/models/actor/thumbnails) by extension 'ignore'
[0.218s] Level 1:colcon.colcon_core.package_identification:_identify(worlds/models/actor/thumbnails) by extension 'ignore_ament_install'
[0.218s] Level 1:colcon.colcon_core.package_identification:_identify(worlds/models/actor/thumbnails) by extensions ['colcon_pkg']
[0.218s] Level 1:colcon.colcon_core.package_identification:_identify(worlds/models/actor/thumbnails) by extension 'colcon_pkg'
[0.218s] Level 1:colcon.colcon_core.package_identification:_identify(worlds/models/actor/thumbnails) by extensions ['colcon_meta']
[0.218s] Level 1:colcon.colcon_core.package_identification:_identify(worlds/models/actor/thumbnails) by extension 'colcon_meta'
[0.218s] Level 1:colcon.colcon_core.package_identification:_identify(worlds/models/actor/thumbnails) by extensions ['ros']
[0.218s] Level 1:colcon.colcon_core.package_identification:_identify(worlds/models/actor/thumbnails) by extension 'ros'
[0.218s] Level 1:colcon.colcon_core.package_identification:_identify(worlds/models/actor/thumbnails) by extensions ['cmake', 'python']
[0.218s] Level 1:colcon.colcon_core.package_identification:_identify(worlds/models/actor/thumbnails) by extension 'cmake'
[0.219s] Level 1:colcon.colcon_core.package_identification:_identify(worlds/models/actor/thumbnails) by extension 'python'
[0.219s] Level 1:colcon.colcon_core.package_identification:_identify(worlds/models/actor/thumbnails) by extensions ['python_setup_py']
[0.219s] Level 1:colcon.colcon_core.package_identification:_identify(worlds/models/actor/thumbnails) by extension 'python_setup_py'
[0.219s] Level 1:colcon.colcon_core.package_identification:_identify(worlds/models/bookshelf) by extensions ['ignore', 'ignore_ament_install']
[0.219s] Level 1:colcon.colcon_core.package_identification:_identify(worlds/models/bookshelf) by extension 'ignore'
[0.219s] Level 1:colcon.colcon_core.package_identification:_identify(worlds/models/bookshelf) by extension 'ignore_ament_install'
[0.219s] Level 1:colcon.colcon_core.package_identification:_identify(worlds/models/bookshelf) by extensions ['colcon_pkg']
[0.219s] Level 1:colcon.colcon_core.package_identification:_identify(worlds/models/bookshelf) by extension 'colcon_pkg'
[0.219s] Level 1:colcon.colcon_core.package_identification:_identify(worlds/models/bookshelf) by extensions ['colcon_meta']
[0.219s] Level 1:colcon.colcon_core.package_identification:_identify(worlds/models/bookshelf) by extension 'colcon_meta'
[0.219s] Level 1:colcon.colcon_core.package_identification:_identify(worlds/models/bookshelf) by extensions ['ros']
[0.219s] Level 1:colcon.colcon_core.package_identification:_identify(worlds/models/bookshelf) by extension 'ros'
[0.219s] Level 1:colcon.colcon_core.package_identification:_identify(worlds/models/bookshelf) by extensions ['cmake', 'python']
[0.219s] Level 1:colcon.colcon_core.package_identification:_identify(worlds/models/bookshelf) by extension 'cmake'
[0.219s] Level 1:colcon.colcon_core.package_identification:_identify(worlds/models/bookshelf) by extension 'python'
[0.219s] Level 1:colcon.colcon_core.package_identification:_identify(worlds/models/bookshelf) by extensions ['python_setup_py']
[0.219s] Level 1:colcon.colcon_core.package_identification:_identify(worlds/models/bookshelf) by extension 'python_setup_py'
[0.220s] Level 1:colcon.colcon_core.package_identification:_identify(worlds/models/bookshelf/thumbnails) by extensions ['ignore', 'ignore_ament_install']
[0.220s] Level 1:colcon.colcon_core.package_identification:_identify(worlds/models/bookshelf/thumbnails) by extension 'ignore'
[0.220s] Level 1:colcon.colcon_core.package_identification:_identify(worlds/models/bookshelf/thumbnails) by extension 'ignore_ament_install'
[0.220s] Level 1:colcon.colcon_core.package_identification:_identify(worlds/models/bookshelf/thumbnails) by extensions ['colcon_pkg']
[0.220s] Level 1:colcon.colcon_core.package_identification:_identify(worlds/models/bookshelf/thumbnails) by extension 'colcon_pkg'
[0.220s] Level 1:colcon.colcon_core.package_identification:_identify(worlds/models/bookshelf/thumbnails) by extensions ['colcon_meta']
[0.220s] Level 1:colcon.colcon_core.package_identification:_identify(worlds/models/bookshelf/thumbnails) by extension 'colcon_meta'
[0.220s] Level 1:colcon.colcon_core.package_identification:_identify(worlds/models/bookshelf/thumbnails) by extensions ['ros']
[0.220s] Level 1:colcon.colcon_core.package_identification:_identify(worlds/models/bookshelf/thumbnails) by extension 'ros'
[0.220s] Level 1:colcon.colcon_core.package_identification:_identify(worlds/models/bookshelf/thumbnails) by extensions ['cmake', 'python']
[0.220s] Level 1:colcon.colcon_core.package_identification:_identify(worlds/models/bookshelf/thumbnails) by extension 'cmake'
[0.220s] Level 1:colcon.colcon_core.package_identification:_identify(worlds/models/bookshelf/thumbnails) by extension 'python'
[0.220s] Level 1:colcon.colcon_core.package_identification:_identify(worlds/models/bookshelf/thumbnails) by extensions ['python_setup_py']
[0.220s] Level 1:colcon.colcon_core.package_identification:_identify(worlds/models/bookshelf/thumbnails) by extension 'python_setup_py'
[0.220s] Level 1:colcon.colcon_core.package_identification:_identify(worlds/models/cricket ball) by extensions ['ignore', 'ignore_ament_install']
[0.220s] Level 1:colcon.colcon_core.package_identification:_identify(worlds/models/cricket ball) by extension 'ignore'
[0.220s] Level 1:colcon.colcon_core.package_identification:_identify(worlds/models/cricket ball) by extension 'ignore_ament_install'
[0.221s] Level 1:colcon.colcon_core.package_identification:_identify(worlds/models/cricket ball) by extensions ['colcon_pkg']
[0.221s] Level 1:colcon.colcon_core.package_identification:_identify(worlds/models/cricket ball) by extension 'colcon_pkg'
[0.221s] Level 1:colcon.colcon_core.package_identification:_identify(worlds/models/cricket ball) by extensions ['colcon_meta']
[0.221s] Level 1:colcon.colcon_core.package_identification:_identify(worlds/models/cricket ball) by extension 'colcon_meta'
[0.221s] Level 1:colcon.colcon_core.package_identification:_identify(worlds/models/cricket ball) by extensions ['ros']
[0.221s] Level 1:colcon.colcon_core.package_identification:_identify(worlds/models/cricket ball) by extension 'ros'
[0.221s] Level 1:colcon.colcon_core.package_identification:_identify(worlds/models/cricket ball) by extensions ['cmake', 'python']
[0.221s] Level 1:colcon.colcon_core.package_identification:_identify(worlds/models/cricket ball) by extension 'cmake'
[0.221s] Level 1:colcon.colcon_core.package_identification:_identify(worlds/models/cricket ball) by extension 'python'
[0.221s] Level 1:colcon.colcon_core.package_identification:_identify(worlds/models/cricket ball) by extensions ['python_setup_py']
[0.221s] Level 1:colcon.colcon_core.package_identification:_identify(worlds/models/cricket ball) by extension 'python_setup_py'
[0.221s] Level 1:colcon.colcon_core.package_identification:_identify(worlds/models/cricket ball/thumbnails) by extensions ['ignore', 'ignore_ament_install']
[0.221s] Level 1:colcon.colcon_core.package_identification:_identify(worlds/models/cricket ball/thumbnails) by extension 'ignore'
[0.221s] Level 1:colcon.colcon_core.package_identification:_identify(worlds/models/cricket ball/thumbnails) by extension 'ignore_ament_install'
[0.221s] Level 1:colcon.colcon_core.package_identification:_identify(worlds/models/cricket ball/thumbnails) by extensions ['colcon_pkg']
[0.221s] Level 1:colcon.colcon_core.package_identification:_identify(worlds/models/cricket ball/thumbnails) by extension 'colcon_pkg'
[0.221s] Level 1:colcon.colcon_core.package_identification:_identify(worlds/models/cricket ball/thumbnails) by extensions ['colcon_meta']
[0.221s] Level 1:colcon.colcon_core.package_identification:_identify(worlds/models/cricket ball/thumbnails) by extension 'colcon_meta'
[0.221s] Level 1:colcon.colcon_core.package_identification:_identify(worlds/models/cricket ball/thumbnails) by extensions ['ros']
[0.221s] Level 1:colcon.colcon_core.package_identification:_identify(worlds/models/cricket ball/thumbnails) by extension 'ros'
[0.222s] Level 1:colcon.colcon_core.package_identification:_identify(worlds/models/cricket ball/thumbnails) by extensions ['cmake', 'python']
[0.222s] Level 1:colcon.colcon_core.package_identification:_identify(worlds/models/cricket ball/thumbnails) by extension 'cmake'
[0.222s] Level 1:colcon.colcon_core.package_identification:_identify(worlds/models/cricket ball/thumbnails) by extension 'python'
[0.222s] Level 1:colcon.colcon_core.package_identification:_identify(worlds/models/cricket ball/thumbnails) by extensions ['python_setup_py']
[0.222s] Level 1:colcon.colcon_core.package_identification:_identify(worlds/models/cricket ball/thumbnails) by extension 'python_setup_py'
[0.222s] Level 1:colcon.colcon_core.package_identification:_identify(worlds/models/floor materials) by extensions ['ignore', 'ignore_ament_install']
[0.222s] Level 1:colcon.colcon_core.package_identification:_identify(worlds/models/floor materials) by extension 'ignore'
[0.222s] Level 1:colcon.colcon_core.package_identification:_identify(worlds/models/floor materials) by extension 'ignore_ament_install'
[0.222s] Level 1:colcon.colcon_core.package_identification:_identify(worlds/models/floor materials) by extensions ['colcon_pkg']
[0.222s] Level 1:colcon.colcon_core.package_identification:_identify(worlds/models/floor materials) by extension 'colcon_pkg'
[0.222s] Level 1:colcon.colcon_core.package_identification:_identify(worlds/models/floor materials) by extensions ['colcon_meta']
[0.222s] Level 1:colcon.colcon_core.package_identification:_identify(worlds/models/floor materials) by extension 'colcon_meta'
[0.222s] Level 1:colcon.colcon_core.package_identification:_identify(worlds/models/floor materials) by extensions ['ros']
[0.222s] Level 1:colcon.colcon_core.package_identification:_identify(worlds/models/floor materials) by extension 'ros'
[0.222s] Level 1:colcon.colcon_core.package_identification:_identify(worlds/models/floor materials) by extensions ['cmake', 'python']
[0.222s] Level 1:colcon.colcon_core.package_identification:_identify(worlds/models/floor materials) by extension 'cmake'
[0.222s] Level 1:colcon.colcon_core.package_identification:_identify(worlds/models/floor materials) by extension 'python'
[0.222s] Level 1:colcon.colcon_core.package_identification:_identify(worlds/models/floor materials) by extensions ['python_setup_py']
[0.222s] Level 1:colcon.colcon_core.package_identification:_identify(worlds/models/floor materials) by extension 'python_setup_py'
[0.223s] Level 1:colcon.colcon_core.package_identification:_identify(worlds/models/floor materials/materials) by extensions ['ignore', 'ignore_ament_install']
[0.223s] Level 1:colcon.colcon_core.package_identification:_identify(worlds/models/floor materials/materials) by extension 'ignore'
[0.223s] Level 1:colcon.colcon_core.package_identification:_identify(worlds/models/floor materials/materials) by extension 'ignore_ament_install'
[0.223s] Level 1:colcon.colcon_core.package_identification:_identify(worlds/models/floor materials/materials) by extensions ['colcon_pkg']
[0.223s] Level 1:colcon.colcon_core.package_identification:_identify(worlds/models/floor materials/materials) by extension 'colcon_pkg'
[0.223s] Level 1:colcon.colcon_core.package_identification:_identify(worlds/models/floor materials/materials) by extensions ['colcon_meta']
[0.223s] Level 1:colcon.colcon_core.package_identification:_identify(worlds/models/floor materials/materials) by extension 'colcon_meta'
[0.223s] Level 1:colcon.colcon_core.package_identification:_identify(worlds/models/floor materials/materials) by extensions ['ros']
[0.223s] Level 1:colcon.colcon_core.package_identification:_identify(worlds/models/floor materials/materials) by extension 'ros'
[0.223s] Level 1:colcon.colcon_core.package_identification:_identify(worlds/models/floor materials/materials) by extensions ['cmake', 'python']
[0.223s] Level 1:colcon.colcon_core.package_identification:_identify(worlds/models/floor materials/materials) by extension 'cmake'
[0.223s] Level 1:colcon.colcon_core.package_identification:_identify(worlds/models/floor materials/materials) by extension 'python'
[0.223s] Level 1:colcon.colcon_core.package_identification:_identify(worlds/models/floor materials/materials) by extensions ['python_setup_py']
[0.223s] Level 1:colcon.colcon_core.package_identification:_identify(worlds/models/floor materials/materials) by extension 'python_setup_py'
[0.223s] Level 1:colcon.colcon_core.package_identification:_identify(worlds/models/floor materials/materials/textures) by extensions ['ignore', 'ignore_ament_install']
[0.223s] Level 1:colcon.colcon_core.package_identification:_identify(worlds/models/floor materials/materials/textures) by extension 'ignore'
[0.224s] Level 1:colcon.colcon_core.package_identification:_identify(worlds/models/floor materials/materials/textures) by extension 'ignore_ament_install'
[0.224s] Level 1:colcon.colcon_core.package_identification:_identify(worlds/models/floor materials/materials/textures) by extensions ['colcon_pkg']
[0.224s] Level 1:colcon.colcon_core.package_identification:_identify(worlds/models/floor materials/materials/textures) by extension 'colcon_pkg'
[0.224s] Level 1:colcon.colcon_core.package_identification:_identify(worlds/models/floor materials/materials/textures) by extensions ['colcon_meta']
[0.224s] Level 1:colcon.colcon_core.package_identification:_identify(worlds/models/floor materials/materials/textures) by extension 'colcon_meta'
[0.224s] Level 1:colcon.colcon_core.package_identification:_identify(worlds/models/floor materials/materials/textures) by extensions ['ros']
[0.224s] Level 1:colcon.colcon_core.package_identification:_identify(worlds/models/floor materials/materials/textures) by extension 'ros'
[0.224s] Level 1:colcon.colcon_core.package_identification:_identify(worlds/models/floor materials/materials/textures) by extensions ['cmake', 'python']
[0.224s] Level 1:colcon.colcon_core.package_identification:_identify(worlds/models/floor materials/materials/textures) by extension 'cmake'
[0.224s] Level 1:colcon.colcon_core.package_identification:_identify(worlds/models/floor materials/materials/textures) by extension 'python'
[0.224s] Level 1:colcon.colcon_core.package_identification:_identify(worlds/models/floor materials/materials/textures) by extensions ['python_setup_py']
[0.224s] Level 1:colcon.colcon_core.package_identification:_identify(worlds/models/floor materials/materials/textures) by extension 'python_setup_py'
[0.224s] Level 1:colcon.colcon_core.package_identification:_identify(worlds/models/floor materials/meshes) by extensions ['ignore', 'ignore_ament_install']
[0.224s] Level 1:colcon.colcon_core.package_identification:_identify(worlds/models/floor materials/meshes) by extension 'ignore'
[0.224s] Level 1:colcon.colcon_core.package_identification:_identify(worlds/models/floor materials/meshes) by extension 'ignore_ament_install'
[0.224s] Level 1:colcon.colcon_core.package_identification:_identify(worlds/models/floor materials/meshes) by extensions ['colcon_pkg']
[0.224s] Level 1:colcon.colcon_core.package_identification:_identify(worlds/models/floor materials/meshes) by extension 'colcon_pkg'
[0.225s] Level 1:colcon.colcon_core.package_identification:_identify(worlds/models/floor materials/meshes) by extensions ['colcon_meta']
[0.225s] Level 1:colcon.colcon_core.package_identification:_identify(worlds/models/floor materials/meshes) by extension 'colcon_meta'
[0.225s] Level 1:colcon.colcon_core.package_identification:_identify(worlds/models/floor materials/meshes) by extensions ['ros']
[0.225s] Level 1:colcon.colcon_core.package_identification:_identify(worlds/models/floor materials/meshes) by extension 'ros'
[0.225s] Level 1:colcon.colcon_core.package_identification:_identify(worlds/models/floor materials/meshes) by extensions ['cmake', 'python']
[0.225s] Level 1:colcon.colcon_core.package_identification:_identify(worlds/models/floor materials/meshes) by extension 'cmake'
[0.225s] Level 1:colcon.colcon_core.package_identification:_identify(worlds/models/floor materials/meshes) by extension 'python'
[0.225s] Level 1:colcon.colcon_core.package_identification:_identify(worlds/models/floor materials/meshes) by extensions ['python_setup_py']
[0.225s] Level 1:colcon.colcon_core.package_identification:_identify(worlds/models/floor materials/meshes) by extension 'python_setup_py'
[0.225s] Level 1:colcon.colcon_core.package_identification:_identify(worlds/models/office chair) by extensions ['ignore', 'ignore_ament_install']
[0.225s] Level 1:colcon.colcon_core.package_identification:_identify(worlds/models/office chair) by extension 'ignore'
[0.225s] Level 1:colcon.colcon_core.package_identification:_identify(worlds/models/office chair) by extension 'ignore_ament_install'
[0.225s] Level 1:colcon.colcon_core.package_identification:_identify(worlds/models/office chair) by extensions ['colcon_pkg']
[0.225s] Level 1:colcon.colcon_core.package_identification:_identify(worlds/models/office chair) by extension 'colcon_pkg'
[0.225s] Level 1:colcon.colcon_core.package_identification:_identify(worlds/models/office chair) by extensions ['colcon_meta']
[0.225s] Level 1:colcon.colcon_core.package_identification:_identify(worlds/models/office chair) by extension 'colcon_meta'
[0.225s] Level 1:colcon.colcon_core.package_identification:_identify(worlds/models/office chair) by extensions ['ros']
[0.225s] Level 1:colcon.colcon_core.package_identification:_identify(worlds/models/office chair) by extension 'ros'
[0.225s] Level 1:colcon.colcon_core.package_identification:_identify(worlds/models/office chair) by extensions ['cmake', 'python']
[0.226s] Level 1:colcon.colcon_core.package_identification:_identify(worlds/models/office chair) by extension 'cmake'
[0.226s] Level 1:colcon.colcon_core.package_identification:_identify(worlds/models/office chair) by extension 'python'
[0.226s] Level 1:colcon.colcon_core.package_identification:_identify(worlds/models/office chair) by extensions ['python_setup_py']
[0.226s] Level 1:colcon.colcon_core.package_identification:_identify(worlds/models/office chair) by extension 'python_setup_py'
[0.226s] Level 1:colcon.colcon_core.package_identification:_identify(worlds/models/office chair/materials) by extensions ['ignore', 'ignore_ament_install']
[0.226s] Level 1:colcon.colcon_core.package_identification:_identify(worlds/models/office chair/materials) by extension 'ignore'
[0.226s] Level 1:colcon.colcon_core.package_identification:_identify(worlds/models/office chair/materials) by extension 'ignore_ament_install'
[0.226s] Level 1:colcon.colcon_core.package_identification:_identify(worlds/models/office chair/materials) by extensions ['colcon_pkg']
[0.226s] Level 1:colcon.colcon_core.package_identification:_identify(worlds/models/office chair/materials) by extension 'colcon_pkg'
[0.226s] Level 1:colcon.colcon_core.package_identification:_identify(worlds/models/office chair/materials) by extensions ['colcon_meta']
[0.226s] Level 1:colcon.colcon_core.package_identification:_identify(worlds/models/office chair/materials) by extension 'colcon_meta'
[0.226s] Level 1:colcon.colcon_core.package_identification:_identify(worlds/models/office chair/materials) by extensions ['ros']
[0.226s] Level 1:colcon.colcon_core.package_identification:_identify(worlds/models/office chair/materials) by extension 'ros'
[0.226s] Level 1:colcon.colcon_core.package_identification:_identify(worlds/models/office chair/materials) by extensions ['cmake', 'python']
[0.226s] Level 1:colcon.colcon_core.package_identification:_identify(worlds/models/office chair/materials) by extension 'cmake'
[0.226s] Level 1:colcon.colcon_core.package_identification:_identify(worlds/models/office chair/materials) by extension 'python'
[0.226s] Level 1:colcon.colcon_core.package_identification:_identify(worlds/models/office chair/materials) by extensions ['python_setup_py']
[0.226s] Level 1:colcon.colcon_core.package_identification:_identify(worlds/models/office chair/materials) by extension 'python_setup_py'
[0.227s] Level 1:colcon.colcon_core.package_identification:_identify(worlds/models/office chair/materials/textures) by extensions ['ignore', 'ignore_ament_install']
[0.227s] Level 1:colcon.colcon_core.package_identification:_identify(worlds/models/office chair/materials/textures) by extension 'ignore'
[0.227s] Level 1:colcon.colcon_core.package_identification:_identify(worlds/models/office chair/materials/textures) by extension 'ignore_ament_install'
[0.227s] Level 1:colcon.colcon_core.package_identification:_identify(worlds/models/office chair/materials/textures) by extensions ['colcon_pkg']
[0.227s] Level 1:colcon.colcon_core.package_identification:_identify(worlds/models/office chair/materials/textures) by extension 'colcon_pkg'
[0.227s] Level 1:colcon.colcon_core.package_identification:_identify(worlds/models/office chair/materials/textures) by extensions ['colcon_meta']
[0.227s] Level 1:colcon.colcon_core.package_identification:_identify(worlds/models/office chair/materials/textures) by extension 'colcon_meta'
[0.227s] Level 1:colcon.colcon_core.package_identification:_identify(worlds/models/office chair/materials/textures) by extensions ['ros']
[0.227s] Level 1:colcon.colcon_core.package_identification:_identify(worlds/models/office chair/materials/textures) by extension 'ros'
[0.227s] Level 1:colcon.colcon_core.package_identification:_identify(worlds/models/office chair/materials/textures) by extensions ['cmake', 'python']
[0.227s] Level 1:colcon.colcon_core.package_identification:_identify(worlds/models/office chair/materials/textures) by extension 'cmake'
[0.227s] Level 1:colcon.colcon_core.package_identification:_identify(worlds/models/office chair/materials/textures) by extension 'python'
[0.227s] Level 1:colcon.colcon_core.package_identification:_identify(worlds/models/office chair/materials/textures) by extensions ['python_setup_py']
[0.227s] Level 1:colcon.colcon_core.package_identification:_identify(worlds/models/office chair/materials/textures) by extension 'python_setup_py'
[0.227s] Level 1:colcon.colcon_core.package_identification:_identify(worlds/models/office chair/meshes) by extensions ['ignore', 'ignore_ament_install']
[0.227s] Level 1:colcon.colcon_core.package_identification:_identify(worlds/models/office chair/meshes) by extension 'ignore'
[0.228s] Level 1:colcon.colcon_core.package_identification:_identify(worlds/models/office chair/meshes) by extension 'ignore_ament_install'
[0.228s] Level 1:colcon.colcon_core.package_identification:_identify(worlds/models/office chair/meshes) by extensions ['colcon_pkg']
[0.228s] Level 1:colcon.colcon_core.package_identification:_identify(worlds/models/office chair/meshes) by extension 'colcon_pkg'
[0.228s] Level 1:colcon.colcon_core.package_identification:_identify(worlds/models/office chair/meshes) by extensions ['colcon_meta']
[0.228s] Level 1:colcon.colcon_core.package_identification:_identify(worlds/models/office chair/meshes) by extension 'colcon_meta'
[0.228s] Level 1:colcon.colcon_core.package_identification:_identify(worlds/models/office chair/meshes) by extensions ['ros']
[0.228s] Level 1:colcon.colcon_core.package_identification:_identify(worlds/models/office chair/meshes) by extension 'ros'
[0.228s] Level 1:colcon.colcon_core.package_identification:_identify(worlds/models/office chair/meshes) by extensions ['cmake', 'python']
[0.228s] Level 1:colcon.colcon_core.package_identification:_identify(worlds/models/office chair/meshes) by extension 'cmake'
[0.228s] Level 1:colcon.colcon_core.package_identification:_identify(worlds/models/office chair/meshes) by extension 'python'
[0.228s] Level 1:colcon.colcon_core.package_identification:_identify(worlds/models/office chair/meshes) by extensions ['python_setup_py']
[0.228s] Level 1:colcon.colcon_core.package_identification:_identify(worlds/models/office chair/meshes) by extension 'python_setup_py'
[0.228s] Level 1:colcon.colcon_core.package_identification:_identify(worlds/models/office chair/thumbnails) by extensions ['ignore', 'ignore_ament_install']
[0.228s] Level 1:colcon.colcon_core.package_identification:_identify(worlds/models/office chair/thumbnails) by extension 'ignore'
[0.228s] Level 1:colcon.colcon_core.package_identification:_identify(worlds/models/office chair/thumbnails) by extension 'ignore_ament_install'
[0.228s] Level 1:colcon.colcon_core.package_identification:_identify(worlds/models/office chair/thumbnails) by extensions ['colcon_pkg']
[0.228s] Level 1:colcon.colcon_core.package_identification:_identify(worlds/models/office chair/thumbnails) by extension 'colcon_pkg'
[0.228s] Level 1:colcon.colcon_core.package_identification:_identify(worlds/models/office chair/thumbnails) by extensions ['colcon_meta']
[0.228s] Level 1:colcon.colcon_core.package_identification:_identify(worlds/models/office chair/thumbnails) by extension 'colcon_meta'
[0.229s] Level 1:colcon.colcon_core.package_identification:_identify(worlds/models/office chair/thumbnails) by extensions ['ros']
[0.229s] Level 1:colcon.colcon_core.package_identification:_identify(worlds/models/office chair/thumbnails) by extension 'ros'
[0.229s] Level 1:colcon.colcon_core.package_identification:_identify(worlds/models/office chair/thumbnails) by extensions ['cmake', 'python']
[0.229s] Level 1:colcon.colcon_core.package_identification:_identify(worlds/models/office chair/thumbnails) by extension 'cmake'
[0.229s] Level 1:colcon.colcon_core.package_identification:_identify(worlds/models/office chair/thumbnails) by extension 'python'
[0.229s] Level 1:colcon.colcon_core.package_identification:_identify(worlds/models/office chair/thumbnails) by extensions ['python_setup_py']
[0.229s] Level 1:colcon.colcon_core.package_identification:_identify(worlds/models/office chair/thumbnails) by extension 'python_setup_py'
[0.229s] Level 1:colcon.colcon_core.package_identification:_identify(worlds/models/office desk) by extensions ['ignore', 'ignore_ament_install']
[0.229s] Level 1:colcon.colcon_core.package_identification:_identify(worlds/models/office desk) by extension 'ignore'
[0.229s] Level 1:colcon.colcon_core.package_identification:_identify(worlds/models/office desk) by extension 'ignore_ament_install'
[0.229s] Level 1:colcon.colcon_core.package_identification:_identify(worlds/models/office desk) by extensions ['colcon_pkg']
[0.229s] Level 1:colcon.colcon_core.package_identification:_identify(worlds/models/office desk) by extension 'colcon_pkg'
[0.229s] Level 1:colcon.colcon_core.package_identification:_identify(worlds/models/office desk) by extensions ['colcon_meta']
[0.229s] Level 1:colcon.colcon_core.package_identification:_identify(worlds/models/office desk) by extension 'colcon_meta'
[0.229s] Level 1:colcon.colcon_core.package_identification:_identify(worlds/models/office desk) by extensions ['ros']
[0.229s] Level 1:colcon.colcon_core.package_identification:_identify(worlds/models/office desk) by extension 'ros'
[0.229s] Level 1:colcon.colcon_core.package_identification:_identify(worlds/models/office desk) by extensions ['cmake', 'python']
[0.229s] Level 1:colcon.colcon_core.package_identification:_identify(worlds/models/office desk) by extension 'cmake'
[0.230s] Level 1:colcon.colcon_core.package_identification:_identify(worlds/models/office desk) by extension 'python'
[0.230s] Level 1:colcon.colcon_core.package_identification:_identify(worlds/models/office desk) by extensions ['python_setup_py']
[0.230s] Level 1:colcon.colcon_core.package_identification:_identify(worlds/models/office desk) by extension 'python_setup_py'
[0.230s] Level 1:colcon.colcon_core.package_identification:_identify(worlds/models/office desk/materials) by extensions ['ignore', 'ignore_ament_install']
[0.230s] Level 1:colcon.colcon_core.package_identification:_identify(worlds/models/office desk/materials) by extension 'ignore'
[0.230s] Level 1:colcon.colcon_core.package_identification:_identify(worlds/models/office desk/materials) by extension 'ignore_ament_install'
[0.230s] Level 1:colcon.colcon_core.package_identification:_identify(worlds/models/office desk/materials) by extensions ['colcon_pkg']
[0.230s] Level 1:colcon.colcon_core.package_identification:_identify(worlds/models/office desk/materials) by extension 'colcon_pkg'
[0.230s] Level 1:colcon.colcon_core.package_identification:_identify(worlds/models/office desk/materials) by extensions ['colcon_meta']
[0.230s] Level 1:colcon.colcon_core.package_identification:_identify(worlds/models/office desk/materials) by extension 'colcon_meta'
[0.230s] Level 1:colcon.colcon_core.package_identification:_identify(worlds/models/office desk/materials) by extensions ['ros']
[0.230s] Level 1:colcon.colcon_core.package_identification:_identify(worlds/models/office desk/materials) by extension 'ros'
[0.230s] Level 1:colcon.colcon_core.package_identification:_identify(worlds/models/office desk/materials) by extensions ['cmake', 'python']
[0.230s] Level 1:colcon.colcon_core.package_identification:_identify(worlds/models/office desk/materials) by extension 'cmake'
[0.230s] Level 1:colcon.colcon_core.package_identification:_identify(worlds/models/office desk/materials) by extension 'python'
[0.230s] Level 1:colcon.colcon_core.package_identification:_identify(worlds/models/office desk/materials) by extensions ['python_setup_py']
[0.230s] Level 1:colcon.colcon_core.package_identification:_identify(worlds/models/office desk/materials) by extension 'python_setup_py'
[0.230s] Level 1:colcon.colcon_core.package_identification:_identify(worlds/models/office desk/materials/textures) by extensions ['ignore', 'ignore_ament_install']
[0.231s] Level 1:colcon.colcon_core.package_identification:_identify(worlds/models/office desk/materials/textures) by extension 'ignore'
[0.231s] Level 1:colcon.colcon_core.package_identification:_identify(worlds/models/office desk/materials/textures) by extension 'ignore_ament_install'
[0.231s] Level 1:colcon.colcon_core.package_identification:_identify(worlds/models/office desk/materials/textures) by extensions ['colcon_pkg']
[0.231s] Level 1:colcon.colcon_core.package_identification:_identify(worlds/models/office desk/materials/textures) by extension 'colcon_pkg'
[0.231s] Level 1:colcon.colcon_core.package_identification:_identify(worlds/models/office desk/materials/textures) by extensions ['colcon_meta']
[0.231s] Level 1:colcon.colcon_core.package_identification:_identify(worlds/models/office desk/materials/textures) by extension 'colcon_meta'
[0.231s] Level 1:colcon.colcon_core.package_identification:_identify(worlds/models/office desk/materials/textures) by extensions ['ros']
[0.231s] Level 1:colcon.colcon_core.package_identification:_identify(worlds/models/office desk/materials/textures) by extension 'ros'
[0.231s] Level 1:colcon.colcon_core.package_identification:_identify(worlds/models/office desk/materials/textures) by extensions ['cmake', 'python']
[0.231s] Level 1:colcon.colcon_core.package_identification:_identify(worlds/models/office desk/materials/textures) by extension 'cmake'
[0.231s] Level 1:colcon.colcon_core.package_identification:_identify(worlds/models/office desk/materials/textures) by extension 'python'
[0.231s] Level 1:colcon.colcon_core.package_identification:_identify(worlds/models/office desk/materials/textures) by extensions ['python_setup_py']
[0.231s] Level 1:colcon.colcon_core.package_identification:_identify(worlds/models/office desk/materials/textures) by extension 'python_setup_py'
[0.231s] Level 1:colcon.colcon_core.package_identification:_identify(worlds/models/office desk/meshes) by extensions ['ignore', 'ignore_ament_install']
[0.231s] Level 1:colcon.colcon_core.package_identification:_identify(worlds/models/office desk/meshes) by extension 'ignore'
[0.231s] Level 1:colcon.colcon_core.package_identification:_identify(worlds/models/office desk/meshes) by extension 'ignore_ament_install'
[0.231s] Level 1:colcon.colcon_core.package_identification:_identify(worlds/models/office desk/meshes) by extensions ['colcon_pkg']
[0.232s] Level 1:colcon.colcon_core.package_identification:_identify(worlds/models/office desk/meshes) by extension 'colcon_pkg'
[0.232s] Level 1:colcon.colcon_core.package_identification:_identify(worlds/models/office desk/meshes) by extensions ['colcon_meta']
[0.232s] Level 1:colcon.colcon_core.package_identification:_identify(worlds/models/office desk/meshes) by extension 'colcon_meta'
[0.232s] Level 1:colcon.colcon_core.package_identification:_identify(worlds/models/office desk/meshes) by extensions ['ros']
[0.232s] Level 1:colcon.colcon_core.package_identification:_identify(worlds/models/office desk/meshes) by extension 'ros'
[0.232s] Level 1:colcon.colcon_core.package_identification:_identify(worlds/models/office desk/meshes) by extensions ['cmake', 'python']
[0.232s] Level 1:colcon.colcon_core.package_identification:_identify(worlds/models/office desk/meshes) by extension 'cmake'
[0.232s] Level 1:colcon.colcon_core.package_identification:_identify(worlds/models/office desk/meshes) by extension 'python'
[0.232s] Level 1:colcon.colcon_core.package_identification:_identify(worlds/models/office desk/meshes) by extensions ['python_setup_py']
[0.232s] Level 1:colcon.colcon_core.package_identification:_identify(worlds/models/office desk/meshes) by extension 'python_setup_py'
[0.232s] Level 1:colcon.colcon_core.package_identification:_identify(worlds/models/office desk/thumbnails) by extensions ['ignore', 'ignore_ament_install']
[0.232s] Level 1:colcon.colcon_core.package_identification:_identify(worlds/models/office desk/thumbnails) by extension 'ignore'
[0.232s] Level 1:colcon.colcon_core.package_identification:_identify(worlds/models/office desk/thumbnails) by extension 'ignore_ament_install'
[0.232s] Level 1:colcon.colcon_core.package_identification:_identify(worlds/models/office desk/thumbnails) by extensions ['colcon_pkg']
[0.232s] Level 1:colcon.colcon_core.package_identification:_identify(worlds/models/office desk/thumbnails) by extension 'colcon_pkg'
[0.232s] Level 1:colcon.colcon_core.package_identification:_identify(worlds/models/office desk/thumbnails) by extensions ['colcon_meta']
[0.232s] Level 1:colcon.colcon_core.package_identification:_identify(worlds/models/office desk/thumbnails) by extension 'colcon_meta'
[0.232s] Level 1:colcon.colcon_core.package_identification:_identify(worlds/models/office desk/thumbnails) by extensions ['ros']
[0.232s] Level 1:colcon.colcon_core.package_identification:_identify(worlds/models/office desk/thumbnails) by extension 'ros'
[0.233s] Level 1:colcon.colcon_core.package_identification:_identify(worlds/models/office desk/thumbnails) by extensions ['cmake', 'python']
[0.233s] Level 1:colcon.colcon_core.package_identification:_identify(worlds/models/office desk/thumbnails) by extension 'cmake'
[0.233s] Level 1:colcon.colcon_core.package_identification:_identify(worlds/models/office desk/thumbnails) by extension 'python'
[0.233s] Level 1:colcon.colcon_core.package_identification:_identify(worlds/models/office desk/thumbnails) by extensions ['python_setup_py']
[0.233s] Level 1:colcon.colcon_core.package_identification:_identify(worlds/models/office desk/thumbnails) by extension 'python_setup_py'
[0.233s] Level 1:colcon.colcon_core.package_identification:_identify(worlds/models/trashbin) by extensions ['ignore', 'ignore_ament_install']
[0.233s] Level 1:colcon.colcon_core.package_identification:_identify(worlds/models/trashbin) by extension 'ignore'
[0.233s] Level 1:colcon.colcon_core.package_identification:_identify(worlds/models/trashbin) by extension 'ignore_ament_install'
[0.233s] Level 1:colcon.colcon_core.package_identification:_identify(worlds/models/trashbin) by extensions ['colcon_pkg']
[0.233s] Level 1:colcon.colcon_core.package_identification:_identify(worlds/models/trashbin) by extension 'colcon_pkg'
[0.233s] Level 1:colcon.colcon_core.package_identification:_identify(worlds/models/trashbin) by extensions ['colcon_meta']
[0.233s] Level 1:colcon.colcon_core.package_identification:_identify(worlds/models/trashbin) by extension 'colcon_meta'
[0.233s] Level 1:colcon.colcon_core.package_identification:_identify(worlds/models/trashbin) by extensions ['ros']
[0.233s] Level 1:colcon.colcon_core.package_identification:_identify(worlds/models/trashbin) by extension 'ros'
[0.233s] Level 1:colcon.colcon_core.package_identification:_identify(worlds/models/trashbin) by extensions ['cmake', 'python']
[0.233s] Level 1:colcon.colcon_core.package_identification:_identify(worlds/models/trashbin) by extension 'cmake'
[0.233s] Level 1:colcon.colcon_core.package_identification:_identify(worlds/models/trashbin) by extension 'python'
[0.233s] Level 1:colcon.colcon_core.package_identification:_identify(worlds/models/trashbin) by extensions ['python_setup_py']
[0.233s] Level 1:colcon.colcon_core.package_identification:_identify(worlds/models/trashbin) by extension 'python_setup_py'
[0.234s] Level 1:colcon.colcon_core.package_identification:_identify(worlds/models/trashbin/meshes) by extensions ['ignore', 'ignore_ament_install']
[0.234s] Level 1:colcon.colcon_core.package_identification:_identify(worlds/models/trashbin/meshes) by extension 'ignore'
[0.234s] Level 1:colcon.colcon_core.package_identification:_identify(worlds/models/trashbin/meshes) by extension 'ignore_ament_install'
[0.234s] Level 1:colcon.colcon_core.package_identification:_identify(worlds/models/trashbin/meshes) by extensions ['colcon_pkg']
[0.234s] Level 1:colcon.colcon_core.package_identification:_identify(worlds/models/trashbin/meshes) by extension 'colcon_pkg'
[0.234s] Level 1:colcon.colcon_core.package_identification:_identify(worlds/models/trashbin/meshes) by extensions ['colcon_meta']
[0.234s] Level 1:colcon.colcon_core.package_identification:_identify(worlds/models/trashbin/meshes) by extension 'colcon_meta'
[0.234s] Level 1:colcon.colcon_core.package_identification:_identify(worlds/models/trashbin/meshes) by extensions ['ros']
[0.234s] Level 1:colcon.colcon_core.package_identification:_identify(worlds/models/trashbin/meshes) by extension 'ros'
[0.234s] Level 1:colcon.colcon_core.package_identification:_identify(worlds/models/trashbin/meshes) by extensions ['cmake', 'python']
[0.234s] Level 1:colcon.colcon_core.package_identification:_identify(worlds/models/trashbin/meshes) by extension 'cmake'
[0.234s] Level 1:colcon.colcon_core.package_identification:_identify(worlds/models/trashbin/meshes) by extension 'python'
[0.234s] Level 1:colcon.colcon_core.package_identification:_identify(worlds/models/trashbin/meshes) by extensions ['python_setup_py']
[0.234s] Level 1:colcon.colcon_core.package_identification:_identify(worlds/models/trashbin/meshes) by extension 'python_setup_py'
[0.234s] Level 1:colcon.colcon_core.package_identification:_identify(worlds/models/trashbin/thumbnails) by extensions ['ignore', 'ignore_ament_install']
[0.234s] Level 1:colcon.colcon_core.package_identification:_identify(worlds/models/trashbin/thumbnails) by extension 'ignore'
[0.235s] Level 1:colcon.colcon_core.package_identification:_identify(worlds/models/trashbin/thumbnails) by extension 'ignore_ament_install'
[0.235s] Level 1:colcon.colcon_core.package_identification:_identify(worlds/models/trashbin/thumbnails) by extensions ['colcon_pkg']
[0.235s] Level 1:colcon.colcon_core.package_identification:_identify(worlds/models/trashbin/thumbnails) by extension 'colcon_pkg'
[0.235s] Level 1:colcon.colcon_core.package_identification:_identify(worlds/models/trashbin/thumbnails) by extensions ['colcon_meta']
[0.235s] Level 1:colcon.colcon_core.package_identification:_identify(worlds/models/trashbin/thumbnails) by extension 'colcon_meta'
[0.235s] Level 1:colcon.colcon_core.package_identification:_identify(worlds/models/trashbin/thumbnails) by extensions ['ros']
[0.235s] Level 1:colcon.colcon_core.package_identification:_identify(worlds/models/trashbin/thumbnails) by extension 'ros'
[0.235s] Level 1:colcon.colcon_core.package_identification:_identify(worlds/models/trashbin/thumbnails) by extensions ['cmake', 'python']
[0.235s] Level 1:colcon.colcon_core.package_identification:_identify(worlds/models/trashbin/thumbnails) by extension 'cmake'
[0.235s] Level 1:colcon.colcon_core.package_identification:_identify(worlds/models/trashbin/thumbnails) by extension 'python'
[0.235s] Level 1:colcon.colcon_core.package_identification:_identify(worlds/models/trashbin/thumbnails) by extensions ['python_setup_py']
[0.235s] Level 1:colcon.colcon_core.package_identification:_identify(worlds/models/trashbin/thumbnails) by extension 'python_setup_py'
[0.235s] Level 1:colcon.colcon_core.package_discovery:discover_packages(recursive) using defaults
[0.235s] Level 1:colcon.colcon_core.package_discovery:discover_packages(ignore) discover
[0.235s] Level 1:colcon.colcon_core.package_discovery:discover_packages(ignore) using defaults
[0.235s] Level 1:colcon.colcon_core.package_discovery:discover_packages(path) discover
[0.235s] Level 1:colcon.colcon_core.package_discovery:discover_packages(path) using defaults
[0.255s] Level 1:colcon.colcon_core.package_discovery:discover_packages(prefix_path) check parameters
[0.255s] Level 1:colcon.colcon_core.package_discovery:discover_packages(prefix_path) discover
[0.260s] DEBUG:colcon.colcon_installed_package_information.package_discovery:Found 2 installed packages in /home/group10/ros2_ws/install
[0.260s] DEBUG:colcon.colcon_installed_package_information.package_discovery:Found 0 installed packages in /home/group10/ros2_ws/src/r2d10/worlds/install
[0.261s] DEBUG:colcon.colcon_installed_package_information.package_discovery:Found 20 installed packages in /home/group10/install
[0.264s] DEBUG:colcon.colcon_installed_package_information.package_discovery:Found 408 installed packages in /opt/ros/jazzy
[0.265s] Level 1:colcon.colcon_core.package_discovery:discover_packages(prefix_path) using defaults
[0.331s] Level 5:colcon.colcon_core.verb:set package 'cmd_vel_bridge' build argument 'cmake_args' from command line to 'None'
[0.331s] Level 5:colcon.colcon_core.verb:set package 'cmd_vel_bridge' build argument 'cmake_target' from command line to 'None'
[0.331s] Level 5:colcon.colcon_core.verb:set package 'cmd_vel_bridge' build argument 'cmake_target_skip_unavailable' from command line to 'False'
[0.331s] Level 5:colcon.colcon_core.verb:set package 'cmd_vel_bridge' build argument 'cmake_clean_cache' from command line to 'False'
[0.331s] Level 5:colcon.colcon_core.verb:set package 'cmd_vel_bridge' build argument 'cmake_clean_first' from command line to 'False'
[0.331s] Level 5:colcon.colcon_core.verb:set package 'cmd_vel_bridge' build argument 'cmake_force_configure' from command line to 'False'
[0.331s] Level 5:colcon.colcon_core.verb:set package 'cmd_vel_bridge' build argument 'ament_cmake_args' from command line to 'None'
[0.331s] Level 5:colcon.colcon_core.verb:set package 'cmd_vel_bridge' build argument 'catkin_cmake_args' from command line to 'None'
[0.331s] Level 5:colcon.colcon_core.verb:set package 'cmd_vel_bridge' build argument 'catkin_skip_building_tests' from command line to 'False'
[0.331s] DEBUG:colcon.colcon_core.verb:Building package 'cmd_vel_bridge' with the following arguments: {'ament_cmake_args': None, 'build_base': '/home/group10/ros2_ws/build/cmd_vel_bridge', 'catkin_cmake_args': None, 'catkin_skip_building_tests': False, 'cmake_args': None, 'cmake_clean_cache': False, 'cmake_clean_first': False, 'cmake_force_configure': False, 'cmake_target': None, 'cmake_target_skip_unavailable': False, 'install_base': '/home/group10/ros2_ws/install/cmd_vel_bridge', 'merge_install': False, 'path': '/home/group10/ros2_ws/src/cmd_vel_bridge', 'symlink_install': False, 'test_result_base': None}
[0.332s] Level 5:colcon.colcon_core.verb:set package 'r2d10' build argument 'cmake_args' from command line to 'None'
[0.332s] Level 5:colcon.colcon_core.verb:set package 'r2d10' build argument 'cmake_target' from command line to 'None'
[0.332s] Level 5:colcon.colcon_core.verb:set package 'r2d10' build argument 'cmake_target_skip_unavailable' from command line to 'False'
[0.332s] Level 5:colcon.colcon_core.verb:set package 'r2d10' build argument 'cmake_clean_cache' from command line to 'False'
[0.332s] Level 5:colcon.colcon_core.verb:set package 'r2d10' build argument 'cmake_clean_first' from command line to 'False'
[0.332s] Level 5:colcon.colcon_core.verb:set package 'r2d10' build argument 'cmake_force_configure' from command line to 'False'
[0.332s] Level 5:colcon.colcon_core.verb:set package 'r2d10' build argument 'ament_cmake_args' from command line to 'None'
[0.332s] Level 5:colcon.colcon_core.verb:set package 'r2d10' build argument 'catkin_cmake_args' from command line to 'None'
[0.332s] Level 5:colcon.colcon_core.verb:set package 'r2d10' build argument 'catkin_skip_building_tests' from command line to 'False'
[0.332s] DEBUG:colcon.colcon_core.verb:Building package 'r2d10' with the following arguments: {'ament_cmake_args': None, 'build_base': '/home/group10/ros2_ws/build/r2d10', 'catkin_cmake_args': None, 'catkin_skip_building_tests': False, 'cmake_args': None, 'cmake_clean_cache': False, 'cmake_clean_first': False, 'cmake_force_configure': False, 'cmake_target': None, 'cmake_target_skip_unavailable': False, 'install_base': '/home/group10/ros2_ws/install/r2d10', 'merge_install': False, 'path': '/home/group10/ros2_ws/src/r2d10', 'symlink_install': False, 'test_result_base': None}
[0.332s] INFO:colcon.colcon_core.executor:Executing jobs using 'parallel' executor
[0.333s] DEBUG:colcon.colcon_parallel_executor.executor.parallel:run_until_complete
[0.333s] INFO:colcon.colcon_ros.task.ament_python.build:Building ROS package in '/home/group10/ros2_ws/src/cmd_vel_bridge' with build type 'ament_python'
[0.333s] Level 1:colcon.colcon_core.shell:create_environment_hook('cmd_vel_bridge', 'ament_prefix_path')
[0.336s] INFO:colcon.colcon_core.plugin_system:Skipping extension 'colcon_core.shell.bat': Not used on non-Windows systems
[0.336s] INFO:colcon.colcon_core.shell:Creating environment hook '/home/group10/ros2_ws/install/cmd_vel_bridge/share/cmd_vel_bridge/hook/ament_prefix_path.ps1'
[0.337s] INFO:colcon.colcon_core.shell:Creating environment descriptor '/home/group10/ros2_ws/install/cmd_vel_bridge/share/cmd_vel_bridge/hook/ament_prefix_path.dsv'
[0.338s] INFO:colcon.colcon_core.shell:Creating environment hook '/home/group10/ros2_ws/install/cmd_vel_bridge/share/cmd_vel_bridge/hook/ament_prefix_path.sh'
[0.338s] INFO:colcon.colcon_core.shell:Skip shell extension 'powershell' for command environment: Not usable outside of PowerShell
[0.338s] DEBUG:colcon.colcon_core.shell:Skip shell extension 'dsv' for command environment
[0.345s] INFO:colcon.colcon_ros.task.ament_cmake.build:Building ROS package in '/home/group10/ros2_ws/src/r2d10' with build type 'ament_cmake'
[0.345s] INFO:colcon.colcon_cmake.task.cmake.build:Building CMake package in '/home/group10/ros2_ws/src/r2d10'
[0.345s] INFO:colcon.colcon_core.shell:Skip shell extension 'powershell' for command environment: Not usable outside of PowerShell
[0.345s] DEBUG:colcon.colcon_core.shell:Skip shell extension 'dsv' for command environment
[0.600s] INFO:colcon.colcon_core.task.python.build:Building Python package in '/home/group10/ros2_ws/src/cmd_vel_bridge'
[0.600s] INFO:colcon.colcon_core.shell:Skip shell extension 'powershell' for command environment: Not usable outside of PowerShell
[0.600s] DEBUG:colcon.colcon_core.shell:Skip shell extension 'dsv' for command environment
[0.610s] DEBUG:colcon.colcon_core.event_handler.log_command:Invoking command in '/home/group10/ros2_ws/build/r2d10': CMAKE_PREFIX_PATH=${CMAKE_PREFIX_PATH}:/home/group10/ros2_ws/install/cmd_vel_bridge:/home/group10/install/control:/home/group10/install/my_arm_service:/home/group10/install/gst_pipeline:/opt/ros/jazzy DEBUGINFOD_URLS=https://debuginfod.ubuntu.com /usr/bin/cmake --build /home/group10/ros2_ws/build/r2d10 -- -j4 -l4
[0.689s] DEBUG:colcon.colcon_core.event_handler.log_command:Invoked command in '/home/group10/ros2_ws/build/r2d10' returned '0': CMAKE_PREFIX_PATH=${CMAKE_PREFIX_PATH}:/home/group10/ros2_ws/install/cmd_vel_bridge:/home/group10/install/control:/home/group10/install/my_arm_service:/home/group10/install/gst_pipeline:/opt/ros/jazzy DEBUGINFOD_URLS=https://debuginfod.ubuntu.com /usr/bin/cmake --build /home/group10/ros2_ws/build/r2d10 -- -j4 -l4
[0.702s] DEBUG:colcon.colcon_core.event_handler.log_command:Invoking command in '/home/group10/ros2_ws/build/r2d10': CMAKE_PREFIX_PATH=${CMAKE_PREFIX_PATH}:/home/group10/ros2_ws/install/cmd_vel_bridge:/home/group10/install/control:/home/group10/install/my_arm_service:/home/group10/install/gst_pipeline:/opt/ros/jazzy DEBUGINFOD_URLS=https://debuginfod.ubuntu.com /usr/bin/cmake --install /home/group10/ros2_ws/build/r2d10
[0.767s] Level 1:colcon.colcon_core.environment:create_environment_scripts_only(r2d10)
[0.767s] DEBUG:colcon.colcon_core.event_handler.log_command:Invoked command in '/home/group10/ros2_ws/build/r2d10' returned '0': CMAKE_PREFIX_PATH=${CMAKE_PREFIX_PATH}:/home/group10/ros2_ws/install/cmd_vel_bridge:/home/group10/install/control:/home/group10/install/my_arm_service:/home/group10/install/gst_pipeline:/opt/ros/jazzy DEBUGINFOD_URLS=https://debuginfod.ubuntu.com /usr/bin/cmake --install /home/group10/ros2_ws/build/r2d10
[0.770s] Level 1:colcon.colcon_core.environment:checking '/home/group10/ros2_ws/install/r2d10' for CMake module files
[0.771s] Level 1:colcon.colcon_core.environment:checking '/home/group10/ros2_ws/install/r2d10' for CMake config files
[0.771s] Level 1:colcon.colcon_core.shell:create_environment_hook('r2d10', 'cmake_prefix_path')
[0.771s] INFO:colcon.colcon_core.shell:Creating environment hook '/home/group10/ros2_ws/install/r2d10/share/r2d10/hook/cmake_prefix_path.ps1'
[0.772s] INFO:colcon.colcon_core.shell:Creating environment descriptor '/home/group10/ros2_ws/install/r2d10/share/r2d10/hook/cmake_prefix_path.dsv'
[0.772s] INFO:colcon.colcon_core.shell:Creating environment hook '/home/group10/ros2_ws/install/r2d10/share/r2d10/hook/cmake_prefix_path.sh'
[0.773s] Level 1:colcon.colcon_core.environment:checking '/home/group10/ros2_ws/install/r2d10/lib'
[0.773s] Level 1:colcon.colcon_core.environment:checking '/home/group10/ros2_ws/install/r2d10/bin'
[0.773s] Level 1:colcon.colcon_core.environment:checking '/home/group10/ros2_ws/install/r2d10/lib/pkgconfig/r2d10.pc'
[0.773s] Level 1:colcon.colcon_core.environment:checking '/home/group10/ros2_ws/install/r2d10/lib/python3.12/site-packages'
[0.774s] Level 1:colcon.colcon_core.environment:checking '/home/group10/ros2_ws/install/r2d10/bin'
[0.774s] INFO:colcon.colcon_core.shell:Creating package script '/home/group10/ros2_ws/install/r2d10/share/r2d10/package.ps1'
[0.775s] INFO:colcon.colcon_core.shell:Creating package descriptor '/home/group10/ros2_ws/install/r2d10/share/r2d10/package.dsv'
[0.775s] INFO:colcon.colcon_core.shell:Creating package script '/home/group10/ros2_ws/install/r2d10/share/r2d10/package.sh'
[0.776s] INFO:colcon.colcon_core.shell:Creating package script '/home/group10/ros2_ws/install/r2d10/share/r2d10/package.bash'
[0.776s] INFO:colcon.colcon_core.shell:Creating package script '/home/group10/ros2_ws/install/r2d10/share/r2d10/package.zsh'
[0.777s] Level 1:colcon.colcon_core.environment:create_file_with_runtime_dependencies(/home/group10/ros2_ws/install/r2d10/share/colcon-core/packages/r2d10)
[0.778s] Level 1:colcon.colcon_core.environment:create_environment_scripts_only(r2d10)
[0.778s] Level 1:colcon.colcon_core.environment:checking '/home/group10/ros2_ws/install/r2d10' for CMake module files
[0.778s] Level 1:colcon.colcon_core.environment:checking '/home/group10/ros2_ws/install/r2d10' for CMake config files
[0.779s] Level 1:colcon.colcon_core.shell:create_environment_hook('r2d10', 'cmake_prefix_path')
[0.779s] INFO:colcon.colcon_core.shell:Creating environment hook '/home/group10/ros2_ws/install/r2d10/share/r2d10/hook/cmake_prefix_path.ps1'
[0.779s] INFO:colcon.colcon_core.shell:Creating environment descriptor '/home/group10/ros2_ws/install/r2d10/share/r2d10/hook/cmake_prefix_path.dsv'
[0.780s] INFO:colcon.colcon_core.shell:Creating environment hook '/home/group10/ros2_ws/install/r2d10/share/r2d10/hook/cmake_prefix_path.sh'
[0.780s] Level 1:colcon.colcon_core.environment:checking '/home/group10/ros2_ws/install/r2d10/lib'
[0.780s] Level 1:colcon.colcon_core.environment:checking '/home/group10/ros2_ws/install/r2d10/bin'
[0.780s] Level 1:colcon.colcon_core.environment:checking '/home/group10/ros2_ws/install/r2d10/lib/pkgconfig/r2d10.pc'
[0.781s] Level 1:colcon.colcon_core.environment:checking '/home/group10/ros2_ws/install/r2d10/lib/python3.12/site-packages'
[0.781s] Level 1:colcon.colcon_core.environment:checking '/home/group10/ros2_ws/install/r2d10/bin'
[0.781s] INFO:colcon.colcon_core.shell:Creating package script '/home/group10/ros2_ws/install/r2d10/share/r2d10/package.ps1'
[0.782s] INFO:colcon.colcon_core.shell:Creating package descriptor '/home/group10/ros2_ws/install/r2d10/share/r2d10/package.dsv'
[0.782s] INFO:colcon.colcon_core.shell:Creating package script '/home/group10/ros2_ws/install/r2d10/share/r2d10/package.sh'
[0.783s] INFO:colcon.colcon_core.shell:Creating package script '/home/group10/ros2_ws/install/r2d10/share/r2d10/package.bash'
[0.783s] INFO:colcon.colcon_core.shell:Creating package script '/home/group10/ros2_ws/install/r2d10/share/r2d10/package.zsh'
[0.783s] Level 1:colcon.colcon_core.environment:create_file_with_runtime_dependencies(/home/group10/ros2_ws/install/r2d10/share/colcon-core/packages/r2d10)
[1.426s] DEBUG:colcon.colcon_core.event_handler.log_command:Invoking command in '/home/group10/ros2_ws/src/cmd_vel_bridge': DEBUGINFOD_URLS=https://debuginfod.ubuntu.com PYTHONPATH=/home/group10/ros2_ws/build/cmd_vel_bridge/prefix_override:/usr/lib/python3/dist-packages/colcon_core/task/python/colcon_distutils_commands:/home/group10/ros2_ws/install/cmd_vel_bridge/lib/python3.12/site-packages:${PYTHONPATH} /usr/bin/python3 -W ignore:setup.py install is deprecated -W ignore:easy_install command is deprecated setup.py egg_info --egg-base ../../build/cmd_vel_bridge build --build-base /home/group10/ros2_ws/build/cmd_vel_bridge/build install --record /home/group10/ros2_ws/build/cmd_vel_bridge/install.log --single-version-externally-managed install_data
[2.068s] Level 1:colcon.colcon_core.environment:checking '/home/group10/ros2_ws/install/cmd_vel_bridge' for CMake module files
[2.069s] DEBUG:colcon.colcon_core.event_handler.log_command:Invoked command in '/home/group10/ros2_ws/src/cmd_vel_bridge' returned '0': DEBUGINFOD_URLS=https://debuginfod.ubuntu.com PYTHONPATH=/home/group10/ros2_ws/build/cmd_vel_bridge/prefix_override:/usr/lib/python3/dist-packages/colcon_core/task/python/colcon_distutils_commands:/home/group10/ros2_ws/install/cmd_vel_bridge/lib/python3.12/site-packages:${PYTHONPATH} /usr/bin/python3 -W ignore:setup.py install is deprecated -W ignore:easy_install command is deprecated setup.py egg_info --egg-base ../../build/cmd_vel_bridge build --build-base /home/group10/ros2_ws/build/cmd_vel_bridge/build install --record /home/group10/ros2_ws/build/cmd_vel_bridge/install.log --single-version-externally-managed install_data
[2.069s] Level 1:colcon.colcon_core.environment:checking '/home/group10/ros2_ws/install/cmd_vel_bridge' for CMake config files
[2.070s] Level 1:colcon.colcon_core.environment:checking '/home/group10/ros2_ws/install/cmd_vel_bridge/lib'
[2.070s] Level 1:colcon.colcon_core.environment:checking '/home/group10/ros2_ws/install/cmd_vel_bridge/bin'
[2.070s] Level 1:colcon.colcon_core.environment:checking '/home/group10/ros2_ws/install/cmd_vel_bridge/lib/pkgconfig/cmd_vel_bridge.pc'
[2.070s] Level 1:colcon.colcon_core.environment:checking '/home/group10/ros2_ws/install/cmd_vel_bridge/lib/python3.12/site-packages'
[2.070s] Level 1:colcon.colcon_core.shell:create_environment_hook('cmd_vel_bridge', 'pythonpath')
[2.071s] INFO:colcon.colcon_core.shell:Creating environment hook '/home/group10/ros2_ws/install/cmd_vel_bridge/share/cmd_vel_bridge/hook/pythonpath.ps1'
[2.071s] INFO:colcon.colcon_core.shell:Creating environment descriptor '/home/group10/ros2_ws/install/cmd_vel_bridge/share/cmd_vel_bridge/hook/pythonpath.dsv'
[2.071s] INFO:colcon.colcon_core.shell:Creating environment hook '/home/group10/ros2_ws/install/cmd_vel_bridge/share/cmd_vel_bridge/hook/pythonpath.sh'
[2.072s] Level 1:colcon.colcon_core.environment:checking '/home/group10/ros2_ws/install/cmd_vel_bridge/bin'
[2.072s] Level 1:colcon.colcon_core.environment:create_environment_scripts_only(cmd_vel_bridge)
[2.072s] INFO:colcon.colcon_core.shell:Creating package script '/home/group10/ros2_ws/install/cmd_vel_bridge/share/cmd_vel_bridge/package.ps1'
[2.073s] INFO:colcon.colcon_core.shell:Creating package descriptor '/home/group10/ros2_ws/install/cmd_vel_bridge/share/cmd_vel_bridge/package.dsv'
[2.073s] INFO:colcon.colcon_core.shell:Creating package script '/home/group10/ros2_ws/install/cmd_vel_bridge/share/cmd_vel_bridge/package.sh'
[2.074s] INFO:colcon.colcon_core.shell:Creating package script '/home/group10/ros2_ws/install/cmd_vel_bridge/share/cmd_vel_bridge/package.bash'
[2.074s] INFO:colcon.colcon_core.shell:Creating package script '/home/group10/ros2_ws/install/cmd_vel_bridge/share/cmd_vel_bridge/package.zsh'
[2.074s] Level 1:colcon.colcon_core.environment:create_file_with_runtime_dependencies(/home/group10/ros2_ws/install/cmd_vel_bridge/share/colcon-core/packages/cmd_vel_bridge)
[2.075s] DEBUG:colcon.colcon_parallel_executor.executor.parallel:closing loop
[2.075s] DEBUG:colcon.colcon_parallel_executor.executor.parallel:loop closed
[2.075s] DEBUG:colcon.colcon_parallel_executor.executor.parallel:run_until_complete finished with '0'
[2.075s] DEBUG:colcon.colcon_core.event_reactor:joining thread
[2.085s] INFO:colcon.colcon_core.plugin_system:Skipping extension 'colcon_notification.desktop_notification.terminal_notifier': Not used on non-Darwin systems
[2.085s] INFO:colcon.colcon_core.plugin_system:Skipping extension 'colcon_notification.desktop_notification.win32': Not used on non-Windows systems
[2.085s] INFO:colcon.colcon_notification.desktop_notification:Sending desktop notification using 'notify2'
[2.099s] DEBUG:colcon.colcon_core.event_reactor:joined thread
[2.099s] INFO:colcon.colcon_core.shell:Creating prefix script '/home/group10/ros2_ws/install/local_setup.ps1'
[2.100s] INFO:colcon.colcon_core.shell:Creating prefix util module '/home/group10/ros2_ws/install/_local_setup_util_ps1.py'
[2.101s] INFO:colcon.colcon_core.shell:Creating prefix chain script '/home/group10/ros2_ws/install/setup.ps1'
[2.104s] INFO:colcon.colcon_core.shell:Creating prefix script '/home/group10/ros2_ws/install/local_setup.sh'
[2.105s] INFO:colcon.colcon_core.shell:Creating prefix util module '/home/group10/ros2_ws/install/_local_setup_util_sh.py'
[2.106s] INFO:colcon.colcon_core.shell:Creating prefix chain script '/home/group10/ros2_ws/install/setup.sh'
[2.108s] INFO:colcon.colcon_core.shell:Creating prefix script '/home/group10/ros2_ws/install/local_setup.bash'
[2.109s] INFO:colcon.colcon_core.shell:Creating prefix chain script '/home/group10/ros2_ws/install/setup.bash'
[2.111s] INFO:colcon.colcon_core.shell:Creating prefix script '/home/group10/ros2_ws/install/local_setup.zsh'
[2.112s] INFO:colcon.colcon_core.shell:Creating prefix chain script '/home/group10/ros2_ws/install/setup.zsh'
