[0.014s] Invoking command in '/home/group10/ros2_ws/build/r2d10': CMAKE_PREFIX_PATH=${CMAKE_PREFIX_PATH}:/home/group10/ros2_ws/install/cmd_vel_bridge:/home/group10/install/control:/home/group10/install/my_arm_service:/home/group10/install/gst_pipeline:/opt/ros/jazzy DEBUGINFOD_URLS=https://debuginfod.ubuntu.com /usr/bin/cmake /home/group10/ros2_ws/src/r2d10 -DCMAKE_INSTALL_PREFIX=/home/group10/ros2_ws/install/r2d10
[0.171s] -- The C compiler identification is GNU 13.3.0
[0.297s] -- The CXX compiler identification is GNU 13.3.0
[0.323s] -- Detecting C compiler ABI info
[0.432s] -- Detecting C compiler ABI info - done
[0.442s] -- Check for working C compiler: /usr/bin/cc - skipped
[0.442s] -- Detecting C compile features
[0.443s] -- Detecting C compile features - done
[0.455s] -- Detecting CXX compiler ABI info
[0.568s] -- Detecting CXX compiler ABI info - done
[0.578s] -- Check for working CXX compiler: /usr/bin/c++ - skipped
[0.579s] -- Detecting CXX compile features
[0.579s] -- Detecting CXX compile features - done
[0.609s] -- Found ament_cmake: 2.5.4 (/opt/ros/jazzy/share/ament_cmake/cmake)
[0.804s] -- Found Python3: /usr/bin/python3 (found version "3.12.3") found components: Interpreter 
[0.971s] -- Found rclcpp: 28.1.13 (/opt/ros/jazzy/share/rclcpp/cmake)
[1.053s] -- Found rosidl_generator_c: 4.6.6 (/opt/ros/jazzy/share/rosidl_generator_c/cmake)
[1.078s] -- Found rosidl_generator_cpp: 4.6.6 (/opt/ros/jazzy/share/rosidl_generator_cpp/cmake)
[1.109s] -- Using all available rosidl_typesupport_c: rosidl_typesupport_fastrtps_c;rosidl_typesupport_introspection_c
[1.141s] -- Using all available rosidl_typesupport_cpp: rosidl_typesupport_fastrtps_cpp;rosidl_typesupport_introspection_cpp
[1.277s] -- Found rmw_implementation_cmake: 7.3.2 (/opt/ros/jazzy/share/rmw_implementation_cmake/cmake)
[1.285s] -- Found rmw_fastrtps_cpp: 8.4.3 (/opt/ros/jazzy/share/rmw_fastrtps_cpp/cmake)
[1.430s] -- Found OpenSSL: /usr/lib/x86_64-linux-gnu/libcrypto.so (found version "3.0.13")  
[1.454s] -- Found FastRTPS: /opt/ros/jazzy/include (Required is at least version "2.13") 
[1.481s] -- Using RMW implementation 'rmw_fastrtps_cpp' as default
[1.606s] -- Found xacro: 2.1.1 (/opt/ros/jazzy/share/xacro/cmake)
[1.613s] -- Found robot_state_publisher: 3.3.3 (/opt/ros/jazzy/share/robot_state_publisher/cmake)
[2.000s] -- Found ros_gz_sim: 1.0.16 (/opt/ros/jazzy/share/ros_gz_sim/cmake)
[2.099s] -- Configuring done (2.1s)
[2.106s] -- Generating done (0.0s)
[2.109s] -- Build files have been written to: /home/group10/ros2_ws/build/r2d10
[2.120s] Invoked command in '/home/group10/ros2_ws/build/r2d10' returned '0': CMAKE_PREFIX_PATH=${CMAKE_PREFIX_PATH}:/home/group10/ros2_ws/install/cmd_vel_bridge:/home/group10/install/control:/home/group10/install/my_arm_service:/home/group10/install/gst_pipeline:/opt/ros/jazzy DEBUGINFOD_URLS=https://debuginfod.ubuntu.com /usr/bin/cmake /home/group10/ros2_ws/src/r2d10 -DCMAKE_INSTALL_PREFIX=/home/group10/ros2_ws/install/r2d10
[2.121s] Invoking command in '/home/group10/ros2_ws/build/r2d10': CMAKE_PREFIX_PATH=${CMAKE_PREFIX_PATH}:/home/group10/ros2_ws/install/cmd_vel_bridge:/home/group10/install/control:/home/group10/install/my_arm_service:/home/group10/install/gst_pipeline:/opt/ros/jazzy DEBUGINFOD_URLS=https://debuginfod.ubuntu.com /usr/bin/cmake --build /home/group10/ros2_ws/build/r2d10 -- -j4 -l4
[2.172s] Invoked command in '/home/group10/ros2_ws/build/r2d10' returned '0': CMAKE_PREFIX_PATH=${CMAKE_PREFIX_PATH}:/home/group10/ros2_ws/install/cmd_vel_bridge:/home/group10/install/control:/home/group10/install/my_arm_service:/home/group10/install/gst_pipeline:/opt/ros/jazzy DEBUGINFOD_URLS=https://debuginfod.ubuntu.com /usr/bin/cmake --build /home/group10/ros2_ws/build/r2d10 -- -j4 -l4
[2.185s] Invoking command in '/home/group10/ros2_ws/build/r2d10': CMAKE_PREFIX_PATH=${CMAKE_PREFIX_PATH}:/home/group10/ros2_ws/install/cmd_vel_bridge:/home/group10/install/control:/home/group10/install/my_arm_service:/home/group10/install/gst_pipeline:/opt/ros/jazzy DEBUGINFOD_URLS=https://debuginfod.ubuntu.com /usr/bin/cmake --install /home/group10/ros2_ws/build/r2d10
[2.195s] -- Install configuration: ""
[2.195s] -- Installing: /home/group10/ros2_ws/install/r2d10/share/r2d10//meshes
[2.195s] -- Installing: /home/group10/ros2_ws/install/r2d10/share/r2d10//meshes/caster_1.stl
[2.195s] -- Installing: /home/group10/ros2_ws/install/r2d10/share/r2d10//meshes/ultrasonic_left_1.stl
[2.195s] -- Installing: /home/group10/ros2_ws/install/r2d10/share/r2d10//meshes/ultrasonic_right_1.stl
[2.196s] -- Installing: /home/group10/ros2_ws/install/r2d10/share/r2d10//meshes/right_wheel_1.stl
[2.196s] -- Installing: /home/group10/ros2_ws/install/r2d10/share/r2d10//meshes/base_link.stl
[2.196s] -- Installing: /home/group10/ros2_ws/install/r2d10/share/r2d10//meshes/lidar_1.stl
[2.196s] -- Installing: /home/group10/ros2_ws/install/r2d10/share/r2d10//meshes/ultrasonic_forward_1.stl
[2.196s] -- Installing: /home/group10/ros2_ws/install/r2d10/share/r2d10//meshes/left_wheel_1.stl
[2.196s] -- Installing: /home/group10/ros2_ws/install/r2d10/share/r2d10//urdf
[2.196s] -- Installing: /home/group10/ros2_ws/install/r2d10/share/r2d10//urdf/materials.xacro
[2.196s] -- Installing: /home/group10/ros2_ws/install/r2d10/share/r2d10//urdf/assembly_3.urdf
[2.197s] -- Installing: /home/group10/ros2_ws/install/r2d10/share/r2d10//urdf/assembly_3.urdf.xacro
[2.197s] -- Installing: /home/group10/ros2_ws/install/r2d10/share/r2d10//rviz
[2.197s] -- Installing: /home/group10/ros2_ws/install/r2d10/share/r2d10//rviz/default.rviz
[2.197s] -- Installing: /home/group10/ros2_ws/install/r2d10/share/r2d10//worlds
[2.197s] -- Installing: /home/group10/ros2_ws/install/r2d10/share/r2d10//worlds/install
[2.197s] -- Installing: /home/group10/ros2_ws/install/r2d10/share/r2d10//worlds/install/setup.bash
[2.197s] -- Installing: /home/group10/ros2_ws/install/r2d10/share/r2d10//worlds/install/local_setup.bash
[2.197s] -- Installing: /home/group10/ros2_ws/install/r2d10/share/r2d10//worlds/install/_local_setup_util_ps1.py
[2.197s] -- Installing: /home/group10/ros2_ws/install/r2d10/share/r2d10//worlds/install/.colcon_install_layout
[2.197s] -- Installing: /home/group10/ros2_ws/install/r2d10/share/r2d10//worlds/install/setup.sh
[2.197s] -- Installing: /home/group10/ros2_ws/install/r2d10/share/r2d10//worlds/install/local_setup.sh
[2.198s] -- Installing: /home/group10/ros2_ws/install/r2d10/share/r2d10//worlds/install/setup.ps1
[2.198s] -- Installing: /home/group10/ros2_ws/install/r2d10/share/r2d10//worlds/install/local_setup.ps1
[2.198s] -- Installing: /home/group10/ros2_ws/install/r2d10/share/r2d10//worlds/install/setup.zsh
[2.198s] -- Installing: /home/group10/ros2_ws/install/r2d10/share/r2d10//worlds/install/COLCON_IGNORE
[2.198s] -- Installing: /home/group10/ros2_ws/install/r2d10/share/r2d10//worlds/install/_local_setup_util_sh.py
[2.198s] -- Installing: /home/group10/ros2_ws/install/r2d10/share/r2d10//worlds/install/local_setup.zsh
[2.198s] -- Installing: /home/group10/ros2_ws/install/r2d10/share/r2d10//worlds/models
[2.198s] -- Installing: /home/group10/ros2_ws/install/r2d10/share/r2d10//worlds/models/floor materials
[2.198s] -- Installing: /home/group10/ros2_ws/install/r2d10/share/r2d10//worlds/models/floor materials/meshes
[2.198s] -- Installing: /home/group10/ros2_ws/install/r2d10/share/r2d10//worlds/models/floor materials/meshes/未命名.dae
[2.198s] -- Installing: /home/group10/ros2_ws/install/r2d10/share/r2d10//worlds/models/floor materials/materials
[2.199s] -- Installing: /home/group10/ros2_ws/install/r2d10/share/r2d10//worlds/models/floor materials/materials/textures
[2.199s] -- Installing: /home/group10/ros2_ws/install/r2d10/share/r2d10//worlds/models/floor materials/materials/textures/floor_texture.png
[2.199s] -- Installing: /home/group10/ros2_ws/install/r2d10/share/r2d10//worlds/models/kitchencountertop
[2.199s] -- Installing: /home/group10/ros2_ws/install/r2d10/share/r2d10//worlds/models/kitchencountertop/meshes
[2.199s] -- Installing: /home/group10/ros2_ws/install/r2d10/share/r2d10//worlds/models/kitchencountertop/meshes/KitchenCountertop_Diffuse.png
[2.207s] -- Installing: /home/group10/ros2_ws/install/r2d10/share/r2d10//worlds/models/kitchencountertop/meshes/KitchenCountertop.mtl
[2.207s] -- Installing: /home/group10/ros2_ws/install/r2d10/share/r2d10//worlds/models/kitchencountertop/meshes/KitchenCountertop.obj
[2.207s] -- Installing: /home/group10/ros2_ws/install/r2d10/share/r2d10//worlds/models/kitchencountertop/thumbnails
[2.207s] -- Installing: /home/group10/ros2_ws/install/r2d10/share/r2d10//worlds/models/kitchencountertop/thumbnails/4.png
[2.207s] -- Installing: /home/group10/ros2_ws/install/r2d10/share/r2d10//worlds/models/kitchencountertop/thumbnails/5.png
[2.207s] -- Installing: /home/group10/ros2_ws/install/r2d10/share/r2d10//worlds/models/kitchencountertop/thumbnails/3.png
[2.208s] -- Installing: /home/group10/ros2_ws/install/r2d10/share/r2d10//worlds/models/kitchencountertop/thumbnails/2.png
[2.208s] -- Installing: /home/group10/ros2_ws/install/r2d10/share/r2d10//worlds/models/kitchencountertop/thumbnails/1.png
[2.208s] -- Installing: /home/group10/ros2_ws/install/r2d10/share/r2d10//worlds/models/kitchencountertop/model.sdf
[2.208s] -- Installing: /home/group10/ros2_ws/install/r2d10/share/r2d10//worlds/models/kitchencountertop/model.config
[2.208s] -- Installing: /home/group10/ros2_ws/install/r2d10/share/r2d10//worlds/models/fridge
[2.208s] -- Installing: /home/group10/ros2_ws/install/r2d10/share/r2d10//worlds/models/fridge/meshes
[2.208s] -- Installing: /home/group10/ros2_ws/install/r2d10/share/r2d10//worlds/models/fridge/meshes/Fridge.obj
[2.208s] -- Installing: /home/group10/ros2_ws/install/r2d10/share/r2d10//worlds/models/fridge/meshes/Fridge_Col.obj
[2.208s] -- Installing: /home/group10/ros2_ws/install/r2d10/share/r2d10//worlds/models/fridge/meshes/Fridge_Col.mtl
[2.208s] -- Installing: /home/group10/ros2_ws/install/r2d10/share/r2d10//worlds/models/fridge/meshes/Fridge_Diffuse.png
[2.209s] -- Installing: /home/group10/ros2_ws/install/r2d10/share/r2d10//worlds/models/fridge/meshes/Fridge.mtl
[2.209s] -- Installing: /home/group10/ros2_ws/install/r2d10/share/r2d10//worlds/models/fridge/thumbnails
[2.209s] -- Installing: /home/group10/ros2_ws/install/r2d10/share/r2d10//worlds/models/fridge/thumbnails/4.png
[2.209s] -- Installing: /home/group10/ros2_ws/install/r2d10/share/r2d10//worlds/models/fridge/thumbnails/5.png
[2.209s] -- Installing: /home/group10/ros2_ws/install/r2d10/share/r2d10//worlds/models/fridge/thumbnails/3.png
[2.209s] -- Installing: /home/group10/ros2_ws/install/r2d10/share/r2d10//worlds/models/fridge/thumbnails/2.png
[2.209s] -- Installing: /home/group10/ros2_ws/install/r2d10/share/r2d10//worlds/models/fridge/thumbnails/1.png
[2.210s] -- Installing: /home/group10/ros2_ws/install/r2d10/share/r2d10//worlds/models/fridge/model.sdf
[2.210s] -- Installing: /home/group10/ros2_ws/install/r2d10/share/r2d10//worlds/models/fridge/model.config
[2.210s] -- Installing: /home/group10/ros2_ws/install/r2d10/share/r2d10//worlds/models/shower
[2.210s] -- Installing: /home/group10/ros2_ws/install/r2d10/share/r2d10//worlds/models/shower/meshes
[2.210s] -- Installing: /home/group10/ros2_ws/install/r2d10/share/r2d10//worlds/models/shower/meshes/Shower.mtl
[2.210s] -- Installing: /home/group10/ros2_ws/install/r2d10/share/r2d10//worlds/models/shower/meshes/Shower.obj
[2.210s] -- Installing: /home/group10/ros2_ws/install/r2d10/share/r2d10//worlds/models/shower/meshes/ShowerDiffuse.png
[2.211s] -- Installing: /home/group10/ros2_ws/install/r2d10/share/r2d10//worlds/models/shower/thumbnails
[2.211s] -- Installing: /home/group10/ros2_ws/install/r2d10/share/r2d10//worlds/models/shower/thumbnails/4.png
[2.211s] -- Installing: /home/group10/ros2_ws/install/r2d10/share/r2d10//worlds/models/shower/thumbnails/5.png
[2.211s] -- Installing: /home/group10/ros2_ws/install/r2d10/share/r2d10//worlds/models/shower/thumbnails/3.png
[2.211s] -- Installing: /home/group10/ros2_ws/install/r2d10/share/r2d10//worlds/models/shower/thumbnails/2.png
[2.211s] -- Installing: /home/group10/ros2_ws/install/r2d10/share/r2d10//worlds/models/shower/thumbnails/1.png
[2.211s] -- Installing: /home/group10/ros2_ws/install/r2d10/share/r2d10//worlds/models/shower/model.sdf
[2.211s] -- Installing: /home/group10/ros2_ws/install/r2d10/share/r2d10//worlds/models/shower/model.config
[2.211s] -- Installing: /home/group10/ros2_ws/install/r2d10/share/r2d10//worlds/models/cricket ball
[2.212s] -- Installing: /home/group10/ros2_ws/install/r2d10/share/r2d10//worlds/models/cricket ball/thumbnails
[2.212s] -- Installing: /home/group10/ros2_ws/install/r2d10/share/r2d10//worlds/models/cricket ball/thumbnails/4.png
[2.212s] -- Installing: /home/group10/ros2_ws/install/r2d10/share/r2d10//worlds/models/cricket ball/thumbnails/5.png
[2.212s] -- Installing: /home/group10/ros2_ws/install/r2d10/share/r2d10//worlds/models/cricket ball/thumbnails/3.png
[2.212s] -- Installing: /home/group10/ros2_ws/install/r2d10/share/r2d10//worlds/models/cricket ball/thumbnails/2.png
[2.212s] -- Installing: /home/group10/ros2_ws/install/r2d10/share/r2d10//worlds/models/cricket ball/thumbnails/1.png
[2.212s] -- Installing: /home/group10/ros2_ws/install/r2d10/share/r2d10//worlds/models/cricket ball/model.sdf
[2.212s] -- Installing: /home/group10/ros2_ws/install/r2d10/share/r2d10//worlds/models/cricket ball/model.rsdf
[2.212s] -- Installing: /home/group10/ros2_ws/install/r2d10/share/r2d10//worlds/models/cricket ball/model.config
[2.213s] -- Installing: /home/group10/ros2_ws/install/r2d10/share/r2d10//worlds/models/bathroomsink
[2.213s] -- Installing: /home/group10/ros2_ws/install/r2d10/share/r2d10//worlds/models/bathroomsink/meshes
[2.213s] -- Installing: /home/group10/ros2_ws/install/r2d10/share/r2d10//worlds/models/bathroomsink/meshes/BathroomSink_Col.obj
[2.213s] -- Installing: /home/group10/ros2_ws/install/r2d10/share/r2d10//worlds/models/bathroomsink/meshes/BathroomSink_Col.mtl
[2.213s] -- Installing: /home/group10/ros2_ws/install/r2d10/share/r2d10//worlds/models/bathroomsink/meshes/BathroomSink_Metal.png
[2.213s] -- Installing: /home/group10/ros2_ws/install/r2d10/share/r2d10//worlds/models/bathroomsink/meshes/BathroomSink_Diffuse.png
[2.213s] -- Installing: /home/group10/ros2_ws/install/r2d10/share/r2d10//worlds/models/bathroomsink/meshes/BathroomSink_Rough.png
[2.213s] -- Installing: /home/group10/ros2_ws/install/r2d10/share/r2d10//worlds/models/bathroomsink/meshes/BathroomSink.mtl
[2.213s] -- Installing: /home/group10/ros2_ws/install/r2d10/share/r2d10//worlds/models/bathroomsink/meshes/BathroomSink.obj
[2.213s] -- Installing: /home/group10/ros2_ws/install/r2d10/share/r2d10//worlds/models/bathroomsink/thumbnails
[2.214s] -- Installing: /home/group10/ros2_ws/install/r2d10/share/r2d10//worlds/models/bathroomsink/thumbnails/4.png
[2.214s] -- Installing: /home/group10/ros2_ws/install/r2d10/share/r2d10//worlds/models/bathroomsink/thumbnails/5.png
[2.214s] -- Installing: /home/group10/ros2_ws/install/r2d10/share/r2d10//worlds/models/bathroomsink/thumbnails/3.png
[2.214s] -- Installing: /home/group10/ros2_ws/install/r2d10/share/r2d10//worlds/models/bathroomsink/thumbnails/2.png
[2.214s] -- Installing: /home/group10/ros2_ws/install/r2d10/share/r2d10//worlds/models/bathroomsink/thumbnails/1.png
[2.214s] -- Installing: /home/group10/ros2_ws/install/r2d10/share/r2d10//worlds/models/bathroomsink/model.sdf
[2.214s] -- Installing: /home/group10/ros2_ws/install/r2d10/share/r2d10//worlds/models/bathroomsink/model.config
[2.215s] -- Installing: /home/group10/ros2_ws/install/r2d10/share/r2d10//worlds/models/trashbin
[2.215s] -- Installing: /home/group10/ros2_ws/install/r2d10/share/r2d10//worlds/models/trashbin/meshes
[2.215s] -- Installing: /home/group10/ros2_ws/install/r2d10/share/r2d10//worlds/models/trashbin/meshes/TrashBin_Diffuse.png
[2.215s] -- Installing: /home/group10/ros2_ws/install/r2d10/share/r2d10//worlds/models/trashbin/meshes/TrashBin.obj
[2.215s] -- Installing: /home/group10/ros2_ws/install/r2d10/share/r2d10//worlds/models/trashbin/meshes/TrashBin.mtl
[2.216s] -- Installing: /home/group10/ros2_ws/install/r2d10/share/r2d10//worlds/models/trashbin/thumbnails
[2.216s] -- Installing: /home/group10/ros2_ws/install/r2d10/share/r2d10//worlds/models/trashbin/thumbnails/4.png
[2.216s] -- Installing: /home/group10/ros2_ws/install/r2d10/share/r2d10//worlds/models/trashbin/thumbnails/5.png
[2.216s] -- Installing: /home/group10/ros2_ws/install/r2d10/share/r2d10//worlds/models/trashbin/thumbnails/3.png
[2.216s] -- Installing: /home/group10/ros2_ws/install/r2d10/share/r2d10//worlds/models/trashbin/thumbnails/2.png
[2.216s] -- Installing: /home/group10/ros2_ws/install/r2d10/share/r2d10//worlds/models/trashbin/thumbnails/1.png
[2.216s] -- Installing: /home/group10/ros2_ws/install/r2d10/share/r2d10//worlds/models/trashbin/model.sdf
[2.217s] -- Installing: /home/group10/ros2_ws/install/r2d10/share/r2d10//worlds/models/trashbin/model.config
[2.217s] -- Installing: /home/group10/ros2_ws/install/r2d10/share/r2d10//worlds/models/actor
[2.217s] -- Installing: /home/group10/ros2_ws/install/r2d10/share/r2d10//worlds/models/actor/meshes
[2.217s] -- Installing: /home/group10/ros2_ws/install/r2d10/share/r2d10//worlds/models/actor/meshes/walk.dae
[2.219s] -- Installing: /home/group10/ros2_ws/install/r2d10/share/r2d10//worlds/models/actor/thumbnails
[2.219s] -- Installing: /home/group10/ros2_ws/install/r2d10/share/r2d10//worlds/models/actor/thumbnails/4.png
[2.219s] -- Installing: /home/group10/ros2_ws/install/r2d10/share/r2d10//worlds/models/actor/thumbnails/5.png
[2.219s] -- Installing: /home/group10/ros2_ws/install/r2d10/share/r2d10//worlds/models/actor/thumbnails/3.png
[2.219s] -- Installing: /home/group10/ros2_ws/install/r2d10/share/r2d10//worlds/models/actor/thumbnails/2.png
[2.220s] -- Installing: /home/group10/ros2_ws/install/r2d10/share/r2d10//worlds/models/actor/thumbnails/1.png
[2.220s] -- Installing: /home/group10/ros2_ws/install/r2d10/share/r2d10//worlds/models/actor/model.sdf
[2.220s] -- Installing: /home/group10/ros2_ws/install/r2d10/share/r2d10//worlds/models/actor/model.config
[2.220s] -- Installing: /home/group10/ros2_ws/install/r2d10/share/r2d10//worlds/models/kitchensink
[2.220s] -- Installing: /home/group10/ros2_ws/install/r2d10/share/r2d10//worlds/models/kitchensink/meshes
[2.220s] -- Installing: /home/group10/ros2_ws/install/r2d10/share/r2d10//worlds/models/kitchensink/meshes/kitchenSink.mtl
[2.220s] -- Installing: /home/group10/ros2_ws/install/r2d10/share/r2d10//worlds/models/kitchensink/meshes/kitchenSink.obj
[2.220s] -- Installing: /home/group10/ros2_ws/install/r2d10/share/r2d10//worlds/models/kitchensink/thumbnails
[2.220s] -- Installing: /home/group10/ros2_ws/install/r2d10/share/r2d10//worlds/models/kitchensink/thumbnails/4.png
[2.221s] -- Installing: /home/group10/ros2_ws/install/r2d10/share/r2d10//worlds/models/kitchensink/thumbnails/5.png
[2.221s] -- Installing: /home/group10/ros2_ws/install/r2d10/share/r2d10//worlds/models/kitchensink/thumbnails/3.png
[2.221s] -- Installing: /home/group10/ros2_ws/install/r2d10/share/r2d10//worlds/models/kitchensink/thumbnails/2.png
[2.221s] -- Installing: /home/group10/ros2_ws/install/r2d10/share/r2d10//worlds/models/kitchensink/thumbnails/1.png
[2.221s] -- Installing: /home/group10/ros2_ws/install/r2d10/share/r2d10//worlds/models/kitchensink/model.sdf
[2.221s] -- Installing: /home/group10/ros2_ws/install/r2d10/share/r2d10//worlds/models/kitchensink/model.config
[2.221s] -- Installing: /home/group10/ros2_ws/install/r2d10/share/r2d10//worlds/models/standard toilet
[2.221s] -- Installing: /home/group10/ros2_ws/install/r2d10/share/r2d10//worlds/models/standard toilet/meshes
[2.221s] -- Installing: /home/group10/ros2_ws/install/r2d10/share/r2d10//worlds/models/standard toilet/meshes/toilet.dae
[2.222s] -- Installing: /home/group10/ros2_ws/install/r2d10/share/r2d10//worlds/models/standard toilet/thumbnails
[2.222s] -- Installing: /home/group10/ros2_ws/install/r2d10/share/r2d10//worlds/models/standard toilet/thumbnails/Toilet.png
[2.224s] -- Installing: /home/group10/ros2_ws/install/r2d10/share/r2d10//worlds/models/standard toilet/materials
[2.224s] -- Installing: /home/group10/ros2_ws/install/r2d10/share/r2d10//worlds/models/standard toilet/materials/textures
[2.224s] -- Installing: /home/group10/ros2_ws/install/r2d10/share/r2d10//worlds/models/standard toilet/materials/textures/Toilet_Albedo.png
[2.224s] -- Installing: /home/group10/ros2_ws/install/r2d10/share/r2d10//worlds/models/standard toilet/materials/textures/Toilet_Metalness.png
[2.225s] -- Installing: /home/group10/ros2_ws/install/r2d10/share/r2d10//worlds/models/standard toilet/materials/textures/Toilet_Roughness.png
[2.225s] -- Installing: /home/group10/ros2_ws/install/r2d10/share/r2d10//worlds/models/standard toilet/materials/textures/Toilet_Normal.png
[2.228s] -- Installing: /home/group10/ros2_ws/install/r2d10/share/r2d10//worlds/models/standard toilet/model.sdf
[2.228s] -- Installing: /home/group10/ros2_ws/install/r2d10/share/r2d10//worlds/models/standard toilet/model.config
[2.228s] -- Installing: /home/group10/ros2_ws/install/r2d10/share/r2d10//worlds/models/whitecabinet
[2.228s] -- Installing: /home/group10/ros2_ws/install/r2d10/share/r2d10//worlds/models/whitecabinet/meshes
[2.229s] -- Installing: /home/group10/ros2_ws/install/r2d10/share/r2d10//worlds/models/whitecabinet/meshes/WhiteCabinet.png
[2.229s] -- Installing: /home/group10/ros2_ws/install/r2d10/share/r2d10//worlds/models/whitecabinet/meshes/WhiteCabinet.mtl
[2.229s] -- Installing: /home/group10/ros2_ws/install/r2d10/share/r2d10//worlds/models/whitecabinet/meshes/WhiteCabinet.obj
[2.229s] -- Installing: /home/group10/ros2_ws/install/r2d10/share/r2d10//worlds/models/whitecabinet/thumbnails
[2.229s] -- Installing: /home/group10/ros2_ws/install/r2d10/share/r2d10//worlds/models/whitecabinet/thumbnails/4.png
[2.229s] -- Installing: /home/group10/ros2_ws/install/r2d10/share/r2d10//worlds/models/whitecabinet/thumbnails/5.png
[2.229s] -- Installing: /home/group10/ros2_ws/install/r2d10/share/r2d10//worlds/models/whitecabinet/thumbnails/3.png
[2.229s] -- Installing: /home/group10/ros2_ws/install/r2d10/share/r2d10//worlds/models/whitecabinet/thumbnails/2.png
[2.229s] -- Installing: /home/group10/ros2_ws/install/r2d10/share/r2d10//worlds/models/whitecabinet/thumbnails/1.png
[2.230s] -- Installing: /home/group10/ros2_ws/install/r2d10/share/r2d10//worlds/models/whitecabinet/model.sdf
[2.230s] -- Installing: /home/group10/ros2_ws/install/r2d10/share/r2d10//worlds/models/whitecabinet/model.config
[2.230s] -- Installing: /home/group10/ros2_ws/install/r2d10/share/r2d10//worlds/models/office desk
[2.230s] -- Installing: /home/group10/ros2_ws/install/r2d10/share/r2d10//worlds/models/office desk/meshes
[2.230s] -- Installing: /home/group10/ros2_ws/install/r2d10/share/r2d10//worlds/models/office desk/meshes/desk.dae
[2.231s] -- Installing: /home/group10/ros2_ws/install/r2d10/share/r2d10//worlds/models/office desk/thumbnails
[2.231s] -- Installing: /home/group10/ros2_ws/install/r2d10/share/r2d10//worlds/models/office desk/thumbnails/Desk.png
[2.233s] -- Installing: /home/group10/ros2_ws/install/r2d10/share/r2d10//worlds/models/office desk/materials
[2.234s] -- Installing: /home/group10/ros2_ws/install/r2d10/share/r2d10//worlds/models/office desk/materials/textures
[2.234s] -- Installing: /home/group10/ros2_ws/install/r2d10/share/r2d10//worlds/models/office desk/materials/textures/Desk_Roughness.png
[2.234s] -- Installing: /home/group10/ros2_ws/install/r2d10/share/r2d10//worlds/models/office desk/materials/textures/Desk_Albedo.png
[2.237s] -- Installing: /home/group10/ros2_ws/install/r2d10/share/r2d10//worlds/models/office desk/materials/textures/Desk_Normal.png
[2.237s] -- Installing: /home/group10/ros2_ws/install/r2d10/share/r2d10//worlds/models/office desk/model.sdf
[2.238s] -- Installing: /home/group10/ros2_ws/install/r2d10/share/r2d10//worlds/models/office desk/model.config
[2.238s] -- Installing: /home/group10/ros2_ws/install/r2d10/share/r2d10//worlds/models/bookshelf
[2.238s] -- Installing: /home/group10/ros2_ws/install/r2d10/share/r2d10//worlds/models/bookshelf/thumbnails
[2.238s] -- Installing: /home/group10/ros2_ws/install/r2d10/share/r2d10//worlds/models/bookshelf/thumbnails/4.png
[2.238s] -- Installing: /home/group10/ros2_ws/install/r2d10/share/r2d10//worlds/models/bookshelf/thumbnails/5.png
[2.238s] -- Installing: /home/group10/ros2_ws/install/r2d10/share/r2d10//worlds/models/bookshelf/thumbnails/3.png
[2.238s] -- Installing: /home/group10/ros2_ws/install/r2d10/share/r2d10//worlds/models/bookshelf/thumbnails/2.png
[2.238s] -- Installing: /home/group10/ros2_ws/install/r2d10/share/r2d10//worlds/models/bookshelf/thumbnails/1.png
[2.239s] -- Installing: /home/group10/ros2_ws/install/r2d10/share/r2d10//worlds/models/bookshelf/model-1_3.sdf
[2.239s] -- Installing: /home/group10/ros2_ws/install/r2d10/share/r2d10//worlds/models/bookshelf/bookshelf_diffuse.jpg
[2.239s] -- Installing: /home/group10/ros2_ws/install/r2d10/share/r2d10//worlds/models/bookshelf/model-1_4.sdf
[2.239s] -- Installing: /home/group10/ros2_ws/install/r2d10/share/r2d10//worlds/models/bookshelf/model.sdf
[2.239s] -- Installing: /home/group10/ros2_ws/install/r2d10/share/r2d10//worlds/models/bookshelf/model.config
[2.239s] -- Installing: /home/group10/ros2_ws/install/r2d10/share/r2d10//worlds/models/bookshelf/model-1_2.sdf
[2.240s] -- Installing: /home/group10/ros2_ws/install/r2d10/share/r2d10//worlds/models/office chair
[2.240s] -- Installing: /home/group10/ros2_ws/install/r2d10/share/r2d10//worlds/models/office chair/meshes
[2.240s] -- Installing: /home/group10/ros2_ws/install/r2d10/share/r2d10//worlds/models/office chair/meshes/officechair.dae
[2.240s] -- Installing: /home/group10/ros2_ws/install/r2d10/share/r2d10//worlds/models/office chair/thumbnails
[2.240s] -- Installing: /home/group10/ros2_ws/install/r2d10/share/r2d10//worlds/models/office chair/thumbnails/OfficeChair.png
[2.242s] -- Installing: /home/group10/ros2_ws/install/r2d10/share/r2d10//worlds/models/office chair/materials
[2.242s] -- Installing: /home/group10/ros2_ws/install/r2d10/share/r2d10//worlds/models/office chair/materials/textures
[2.242s] -- Installing: /home/group10/ros2_ws/install/r2d10/share/r2d10//worlds/models/office chair/materials/textures/OfficeChair_Normal.png
[2.245s] -- Installing: /home/group10/ros2_ws/install/r2d10/share/r2d10//worlds/models/office chair/materials/textures/OfficeChair_Metalness.png
[2.246s] -- Installing: /home/group10/ros2_ws/install/r2d10/share/r2d10//worlds/models/office chair/materials/textures/OfficeChair_Roughness.png
[2.249s] -- Installing: /home/group10/ros2_ws/install/r2d10/share/r2d10//worlds/models/office chair/materials/textures/OfficeChair_Albedo.png
[2.250s] -- Installing: /home/group10/ros2_ws/install/r2d10/share/r2d10//worlds/models/office chair/model.sdf
[2.250s] -- Installing: /home/group10/ros2_ws/install/r2d10/share/r2d10//worlds/models/office chair/model.config
[2.251s] -- Installing: /home/group10/ros2_ws/install/r2d10/share/r2d10//worlds/church_simple.sdf
[2.251s] -- Installing: /home/group10/ros2_ws/install/r2d10/share/r2d10//worlds/log
[2.251s] -- Installing: /home/group10/ros2_ws/install/r2d10/share/r2d10//worlds/log/build_2025-10-29_10-49-16
[2.251s] -- Installing: /home/group10/ros2_ws/install/r2d10/share/r2d10//worlds/log/build_2025-10-29_10-49-16/logger_all.log
[2.251s] -- Installing: /home/group10/ros2_ws/install/r2d10/share/r2d10//worlds/log/build_2025-10-29_10-49-16/events.log
[2.251s] -- Installing: /home/group10/ros2_ws/install/r2d10/share/r2d10//worlds/log/latest_build
[2.251s] -- Installing: /home/group10/ros2_ws/install/r2d10/share/r2d10//worlds/log/COLCON_IGNORE
[2.251s] -- Installing: /home/group10/ros2_ws/install/r2d10/share/r2d10//worlds/log/latest
[2.251s] -- Installing: /home/group10/ros2_ws/install/r2d10/share/r2d10//worlds/church.sdf
[2.251s] -- Installing: /home/group10/ros2_ws/install/r2d10/share/r2d10//worlds/build
[2.252s] -- Installing: /home/group10/ros2_ws/install/r2d10/share/r2d10//worlds/build/.built_by
[2.252s] -- Installing: /home/group10/ros2_ws/install/r2d10/share/r2d10//worlds/build/COLCON_IGNORE
[2.252s] -- Installing: /home/group10/ros2_ws/install/r2d10/share/r2d10//launch
[2.252s] -- Installing: /home/group10/ros2_ws/install/r2d10/share/r2d10//launch/updated_launchfile.py
[2.252s] -- Installing: /home/group10/ros2_ws/install/r2d10/share/r2d10//launch/worldlaunch2.py
[2.252s] -- Installing: /home/group10/ros2_ws/install/r2d10/share/r2d10//launch/__pycache__
[2.252s] -- Installing: /home/group10/ros2_ws/install/r2d10/share/r2d10//launch/__pycache__/worldlaunch2_updated.cpython-312.pyc
[2.252s] -- Installing: /home/group10/ros2_ws/install/r2d10/share/r2d10//launch/world.launch.py
[2.252s] -- Installing: /home/group10/ros2_ws/install/r2d10/share/r2d10//launch/launchfile2.py
[2.252s] -- Installing: /home/group10/ros2_ws/install/r2d10/lib/r2d10/odom_to_tf.py
[2.252s] -- Installing: /home/group10/ros2_ws/install/r2d10/share/ament_index/resource_index/package_run_dependencies/r2d10
[2.253s] -- Installing: /home/group10/ros2_ws/install/r2d10/share/ament_index/resource_index/parent_prefix_path/r2d10
[2.253s] -- Installing: /home/group10/ros2_ws/install/r2d10/share/r2d10/environment/ament_prefix_path.sh
[2.253s] -- Installing: /home/group10/ros2_ws/install/r2d10/share/r2d10/environment/ament_prefix_path.dsv
[2.253s] -- Installing: /home/group10/ros2_ws/install/r2d10/share/r2d10/environment/path.sh
[2.253s] -- Installing: /home/group10/ros2_ws/install/r2d10/share/r2d10/environment/path.dsv
[2.253s] -- Installing: /home/group10/ros2_ws/install/r2d10/share/r2d10/local_setup.bash
[2.253s] -- Installing: /home/group10/ros2_ws/install/r2d10/share/r2d10/local_setup.sh
[2.254s] -- Installing: /home/group10/ros2_ws/install/r2d10/share/r2d10/local_setup.zsh
[2.254s] -- Installing: /home/group10/ros2_ws/install/r2d10/share/r2d10/local_setup.dsv
[2.254s] -- Installing: /home/group10/ros2_ws/install/r2d10/share/r2d10/package.dsv
[2.254s] -- Installing: /home/group10/ros2_ws/install/r2d10/share/ament_index/resource_index/packages/r2d10
[2.254s] -- Installing: /home/group10/ros2_ws/install/r2d10/share/r2d10/cmake/r2d10Config.cmake
[2.254s] -- Installing: /home/group10/ros2_ws/install/r2d10/share/r2d10/cmake/r2d10Config-version.cmake
[2.254s] -- Installing: /home/group10/ros2_ws/install/r2d10/share/r2d10/package.xml
[2.257s] Invoked command in '/home/group10/ros2_ws/build/r2d10' returned '0': CMAKE_PREFIX_PATH=${CMAKE_PREFIX_PATH}:/home/group10/ros2_ws/install/cmd_vel_bridge:/home/group10/install/control:/home/group10/install/my_arm_service:/home/group10/install/gst_pipeline:/opt/ros/jazzy DEBUGINFOD_URLS=https://debuginfod.ubuntu.com /usr/bin/cmake --install /home/group10/ros2_ws/build/r2d10
