[0.912s] Invoking command in '/home/group10/ros2_ws/src/cmd_vel_bridge': DEBUGINFOD_URLS=https://debuginfod.ubuntu.com PYTHONPATH=/home/group10/ros2_ws/build/cmd_vel_bridge/prefix_override:/usr/lib/python3/dist-packages/colcon_core/task/python/colcon_distutils_commands:/home/group10/ros2_ws/install/cmd_vel_bridge/lib/python3.12/site-packages:${PYTHONPATH} /usr/bin/python3 -W ignore:setup.py install is deprecated -W ignore:easy_install command is deprecated setup.py egg_info --egg-base ../../build/cmd_vel_bridge build --build-base /home/group10/ros2_ws/build/cmd_vel_bridge/build install --record /home/group10/ros2_ws/build/cmd_vel_bridge/install.log --single-version-externally-managed install_data
[1.215s] running egg_info
[1.238s] writing ../../build/cmd_vel_bridge/cmd_vel_bridge.egg-info/PKG-INFO
[1.238s] writing dependency_links to ../../build/cmd_vel_bridge/cmd_vel_bridge.egg-info/dependency_links.txt
[1.239s] writing entry points to ../../build/cmd_vel_bridge/cmd_vel_bridge.egg-info/entry_points.txt
[1.239s] writing requirements to ../../build/cmd_vel_bridge/cmd_vel_bridge.egg-info/requires.txt
[1.239s] writing top-level names to ../../build/cmd_vel_bridge/cmd_vel_bridge.egg-info/top_level.txt
[1.285s] reading manifest file '../../build/cmd_vel_bridge/cmd_vel_bridge.egg-info/SOURCES.txt'
[1.286s] writing manifest file '../../build/cmd_vel_bridge/cmd_vel_bridge.egg-info/SOURCES.txt'
[1.286s] running build
[1.286s] running build_py
[1.287s] running install
[1.293s] running install_lib
[1.318s] running install_data
[1.318s] running install_egg_info
[1.342s] removing '/home/group10/ros2_ws/install/cmd_vel_bridge/lib/python3.12/site-packages/cmd_vel_bridge-0.0.0-py3.12.egg-info' (and everything under it)
[1.344s] Copying ../../build/cmd_vel_bridge/cmd_vel_bridge.egg-info to /home/group10/ros2_ws/install/cmd_vel_bridge/lib/python3.12/site-packages/cmd_vel_bridge-0.0.0-py3.12.egg-info
[1.344s] running install_scripts
[1.496s] Installing cmd_vel_bridge script to /home/group10/ros2_ws/install/cmd_vel_bridge/lib/cmd_vel_bridge
[1.497s] writing list of installed files to '/home/group10/ros2_ws/build/cmd_vel_bridge/install.log'
[1.528s] Invoked command in '/home/group10/ros2_ws/src/cmd_vel_bridge' returned '0': DEBUGINFOD_URLS=https://debuginfod.ubuntu.com PYTHONPATH=/home/group10/ros2_ws/build/cmd_vel_bridge/prefix_override:/usr/lib/python3/dist-packages/colcon_core/task/python/colcon_distutils_commands:/home/group10/ros2_ws/install/cmd_vel_bridge/lib/python3.12/site-packages:${PYTHONPATH} /usr/bin/python3 -W ignore:setup.py install is deprecated -W ignore:easy_install command is deprecated setup.py egg_info --egg-base ../../build/cmd_vel_bridge build --build-base /home/group10/ros2_ws/build/cmd_vel_bridge/build install --record /home/group10/ros2_ws/build/cmd_vel_bridge/install.log --single-version-externally-managed install_data
