-- Found ament_cmake: 2.5.4 (/opt/ros/jazzy/share/ament_cmake/cmake)
-- Override CMake install command with custom implementation using symlinks instead of copying resources
-- Found rclcpp: 28.1.13 (/opt/ros/jazzy/share/rclcpp/cmake)
-- Found rosidl_generator_c: 4.6.6 (/opt/ros/jazzy/share/rosidl_generator_c/cmake)
-- Found rosidl_generator_cpp: 4.6.6 (/opt/ros/jazzy/share/rosidl_generator_cpp/cmake)
-- Using all available rosidl_typesupport_c: rosidl_typesupport_fastrtps_c;rosidl_typesupport_introspection_c
-- Using all available rosidl_typesupport_cpp: rosidl_typesupport_fastrtps_cpp;rosidl_typesupport_introspection_cpp
-- Found rmw_implementation_cmake: 7.3.2 (/opt/ros/jazzy/share/rmw_implementation_cmake/cmake)
-- Found rmw_fastrtps_cpp: 8.4.3 (/opt/ros/jazzy/share/rmw_fastrtps_cpp/cmake)
-- Using RMW implementation 'rmw_fastrtps_cpp' as default
-- Found xacro: 2.1.1 (/opt/ros/jazzy/share/xacro/cmake)
-- Found robot_state_publisher: 3.3.3 (/opt/ros/jazzy/share/robot_state_publisher/cmake)
-- Found ros_gz_sim: 1.0.16 (/opt/ros/jazzy/share/ros_gz_sim/cmake)
-- Configuring done (0.9s)
-- Generating done (0.0s)
-- Build files have been written to: /home/group10/ros2_ws/build/r2d10
-- Install configuration: ""
-- Execute custom install script
-- Up-to-date symlink: /home/group10/ros2_ws/install/r2d10/share/r2d10//meshes/base_link.stl
-- Up-to-date symlink: /home/group10/ros2_ws/install/r2d10/share/r2d10//meshes/caster_1.stl
-- Up-to-date symlink: /home/group10/ros2_ws/install/r2d10/share/r2d10//meshes/left_wheel_1.stl
-- Up-to-date symlink: /home/group10/ros2_ws/install/r2d10/share/r2d10//meshes/lidar_1.stl
-- Up-to-date symlink: /home/group10/ros2_ws/install/r2d10/share/r2d10//meshes/right_wheel_1.stl
-- Up-to-date symlink: /home/group10/ros2_ws/install/r2d10/share/r2d10//meshes/ultrasonic_forward_1.stl
-- Up-to-date symlink: /home/group10/ros2_ws/install/r2d10/share/r2d10//meshes/ultrasonic_left_1.stl
-- Up-to-date symlink: /home/group10/ros2_ws/install/r2d10/share/r2d10//meshes/ultrasonic_right_1.stl
-- Up-to-date symlink: /home/group10/ros2_ws/install/r2d10/share/r2d10//urdf/assembly_3.urdf
-- Up-to-date symlink: /home/group10/ros2_ws/install/r2d10/share/r2d10//urdf/assembly_3.urdf.xacro
-- Up-to-date symlink: /home/group10/ros2_ws/install/r2d10/share/r2d10//urdf/materials.xacro
-- Up-to-date symlink: /home/group10/ros2_ws/install/r2d10/share/r2d10//rviz/default.rviz
-- Up-to-date symlink: /home/group10/ros2_ws/install/r2d10/share/r2d10//worlds/build/.built_by
-- Up-to-date symlink: /home/group10/ros2_ws/install/r2d10/share/r2d10//worlds/build/COLCON_IGNORE
-- Up-to-date symlink: /home/group10/ros2_ws/install/r2d10/share/r2d10//worlds/church.sdf
-- Up-to-date symlink: /home/group10/ros2_ws/install/r2d10/share/r2d10//worlds/church_simple.sdf
-- Up-to-date symlink: /home/group10/ros2_ws/install/r2d10/share/r2d10//worlds/install/.colcon_install_layout
-- Up-to-date symlink: /home/group10/ros2_ws/install/r2d10/share/r2d10//worlds/install/COLCON_IGNORE
-- Up-to-date symlink: /home/group10/ros2_ws/install/r2d10/share/r2d10//worlds/install/_local_setup_util_ps1.py
-- Up-to-date symlink: /home/group10/ros2_ws/install/r2d10/share/r2d10//worlds/install/_local_setup_util_sh.py
-- Up-to-date symlink: /home/group10/ros2_ws/install/r2d10/share/r2d10//worlds/install/local_setup.bash
-- Up-to-date symlink: /home/group10/ros2_ws/install/r2d10/share/r2d10//worlds/install/local_setup.ps1
-- Up-to-date symlink: /home/group10/ros2_ws/install/r2d10/share/r2d10//worlds/install/local_setup.sh
-- Up-to-date symlink: /home/group10/ros2_ws/install/r2d10/share/r2d10//worlds/install/local_setup.zsh
-- Up-to-date symlink: /home/group10/ros2_ws/install/r2d10/share/r2d10//worlds/install/setup.bash
-- Up-to-date symlink: /home/group10/ros2_ws/install/r2d10/share/r2d10//worlds/install/setup.ps1
-- Up-to-date symlink: /home/group10/ros2_ws/install/r2d10/share/r2d10//worlds/install/setup.sh
-- Up-to-date symlink: /home/group10/ros2_ws/install/r2d10/share/r2d10//worlds/install/setup.zsh
-- Up-to-date symlink: /home/group10/ros2_ws/install/r2d10/share/r2d10//worlds/log/COLCON_IGNORE
-- Up-to-date symlink: /home/group10/ros2_ws/install/r2d10/share/r2d10//worlds/log/build_2025-10-29_10-49-16/events.log
-- Up-to-date symlink: /home/group10/ros2_ws/install/r2d10/share/r2d10//worlds/log/build_2025-10-29_10-49-16/logger_all.log
-- Up-to-date symlink: /home/group10/ros2_ws/install/r2d10/share/r2d10//worlds/log/latest/events.log
-- Up-to-date symlink: /home/group10/ros2_ws/install/r2d10/share/r2d10//worlds/log/latest/logger_all.log
-- Up-to-date symlink: /home/group10/ros2_ws/install/r2d10/share/r2d10//worlds/log/latest_build/events.log
-- Up-to-date symlink: /home/group10/ros2_ws/install/r2d10/share/r2d10//worlds/log/latest_build/logger_all.log
-- Up-to-date symlink: /home/group10/ros2_ws/install/r2d10/share/r2d10//worlds/models/actor/meshes/walk.dae
-- Up-to-date symlink: /home/group10/ros2_ws/install/r2d10/share/r2d10//worlds/models/actor/model.config
-- Up-to-date symlink: /home/group10/ros2_ws/install/r2d10/share/r2d10//worlds/models/actor/model.sdf
-- Up-to-date symlink: /home/group10/ros2_ws/install/r2d10/share/r2d10//worlds/models/actor/thumbnails/1.png
-- Up-to-date symlink: /home/group10/ros2_ws/install/r2d10/share/r2d10//worlds/models/actor/thumbnails/2.png
-- Up-to-date symlink: /home/group10/ros2_ws/install/r2d10/share/r2d10//worlds/models/actor/thumbnails/3.png
-- Up-to-date symlink: /home/group10/ros2_ws/install/r2d10/share/r2d10//worlds/models/actor/thumbnails/4.png
-- Up-to-date symlink: /home/group10/ros2_ws/install/r2d10/share/r2d10//worlds/models/actor/thumbnails/5.png
-- Up-to-date symlink: /home/group10/ros2_ws/install/r2d10/share/r2d10//worlds/models/bathroomsink/meshes/BathroomSink.mtl
-- Up-to-date symlink: /home/group10/ros2_ws/install/r2d10/share/r2d10//worlds/models/bathroomsink/meshes/BathroomSink.obj
-- Up-to-date symlink: /home/group10/ros2_ws/install/r2d10/share/r2d10//worlds/models/bathroomsink/meshes/BathroomSink_Col.mtl
-- Up-to-date symlink: /home/group10/ros2_ws/install/r2d10/share/r2d10//worlds/models/bathroomsink/meshes/BathroomSink_Col.obj
-- Up-to-date symlink: /home/group10/ros2_ws/install/r2d10/share/r2d10//worlds/models/bathroomsink/meshes/BathroomSink_Diffuse.png
-- Up-to-date symlink: /home/group10/ros2_ws/install/r2d10/share/r2d10//worlds/models/bathroomsink/meshes/BathroomSink_Metal.png
-- Up-to-date symlink: /home/group10/ros2_ws/install/r2d10/share/r2d10//worlds/models/bathroomsink/meshes/BathroomSink_Rough.png
-- Up-to-date symlink: /home/group10/ros2_ws/install/r2d10/share/r2d10//worlds/models/bathroomsink/model.config
-- Up-to-date symlink: /home/group10/ros2_ws/install/r2d10/share/r2d10//worlds/models/bathroomsink/model.sdf
-- Up-to-date symlink: /home/group10/ros2_ws/install/r2d10/share/r2d10//worlds/models/bathroomsink/thumbnails/1.png
-- Up-to-date symlink: /home/group10/ros2_ws/install/r2d10/share/r2d10//worlds/models/bathroomsink/thumbnails/2.png
-- Up-to-date symlink: /home/group10/ros2_ws/install/r2d10/share/r2d10//worlds/models/bathroomsink/thumbnails/3.png
-- Up-to-date symlink: /home/group10/ros2_ws/install/r2d10/share/r2d10//worlds/models/bathroomsink/thumbnails/4.png
-- Up-to-date symlink: /home/group10/ros2_ws/install/r2d10/share/r2d10//worlds/models/bathroomsink/thumbnails/5.png
-- Up-to-date symlink: /home/group10/ros2_ws/install/r2d10/share/r2d10//worlds/models/bookshelf/bookshelf_diffuse.jpg
-- Up-to-date symlink: /home/group10/ros2_ws/install/r2d10/share/r2d10//worlds/models/bookshelf/model-1_2.sdf
-- Up-to-date symlink: /home/group10/ros2_ws/install/r2d10/share/r2d10//worlds/models/bookshelf/model-1_3.sdf
-- Up-to-date symlink: /home/group10/ros2_ws/install/r2d10/share/r2d10//worlds/models/bookshelf/model-1_4.sdf
-- Up-to-date symlink: /home/group10/ros2_ws/install/r2d10/share/r2d10//worlds/models/bookshelf/model.config
-- Up-to-date symlink: /home/group10/ros2_ws/install/r2d10/share/r2d10//worlds/models/bookshelf/model.sdf
-- Up-to-date symlink: /home/group10/ros2_ws/install/r2d10/share/r2d10//worlds/models/bookshelf/thumbnails/1.png
-- Up-to-date symlink: /home/group10/ros2_ws/install/r2d10/share/r2d10//worlds/models/bookshelf/thumbnails/2.png
-- Up-to-date symlink: /home/group10/ros2_ws/install/r2d10/share/r2d10//worlds/models/bookshelf/thumbnails/3.png
-- Up-to-date symlink: /home/group10/ros2_ws/install/r2d10/share/r2d10//worlds/models/bookshelf/thumbnails/4.png
-- Up-to-date symlink: /home/group10/ros2_ws/install/r2d10/share/r2d10//worlds/models/bookshelf/thumbnails/5.png
-- Up-to-date symlink: /home/group10/ros2_ws/install/r2d10/share/r2d10//worlds/models/cricket ball/model.config
-- Up-to-date symlink: /home/group10/ros2_ws/install/r2d10/share/r2d10//worlds/models/cricket ball/model.rsdf
-- Up-to-date symlink: /home/group10/ros2_ws/install/r2d10/share/r2d10//worlds/models/cricket ball/model.sdf
-- Up-to-date symlink: /home/group10/ros2_ws/install/r2d10/share/r2d10//worlds/models/cricket ball/thumbnails/1.png
-- Up-to-date symlink: /home/group10/ros2_ws/install/r2d10/share/r2d10//worlds/models/cricket ball/thumbnails/2.png
-- Up-to-date symlink: /home/group10/ros2_ws/install/r2d10/share/r2d10//worlds/models/cricket ball/thumbnails/3.png
-- Up-to-date symlink: /home/group10/ros2_ws/install/r2d10/share/r2d10//worlds/models/cricket ball/thumbnails/4.png
-- Up-to-date symlink: /home/group10/ros2_ws/install/r2d10/share/r2d10//worlds/models/cricket ball/thumbnails/5.png
-- Up-to-date symlink: /home/group10/ros2_ws/install/r2d10/share/r2d10//worlds/models/floor materials/materials/textures/floor_texture.png
-- Up-to-date symlink: /home/group10/ros2_ws/install/r2d10/share/r2d10//worlds/models/floor materials/meshes/未命名.dae
-- Up-to-date symlink: /home/group10/ros2_ws/install/r2d10/share/r2d10//worlds/models/fridge/meshes/Fridge.mtl
-- Up-to-date symlink: /home/group10/ros2_ws/install/r2d10/share/r2d10//worlds/models/fridge/meshes/Fridge.obj
-- Up-to-date symlink: /home/group10/ros2_ws/install/r2d10/share/r2d10//worlds/models/fridge/meshes/Fridge_Col.mtl
-- Up-to-date symlink: /home/group10/ros2_ws/install/r2d10/share/r2d10//worlds/models/fridge/meshes/Fridge_Col.obj
-- Up-to-date symlink: /home/group10/ros2_ws/install/r2d10/share/r2d10//worlds/models/fridge/meshes/Fridge_Diffuse.png
-- Up-to-date symlink: /home/group10/ros2_ws/install/r2d10/share/r2d10//worlds/models/fridge/model.config
-- Up-to-date symlink: /home/group10/ros2_ws/install/r2d10/share/r2d10//worlds/models/fridge/model.sdf
-- Up-to-date symlink: /home/group10/ros2_ws/install/r2d10/share/r2d10//worlds/models/fridge/thumbnails/1.png
-- Up-to-date symlink: /home/group10/ros2_ws/install/r2d10/share/r2d10//worlds/models/fridge/thumbnails/2.png
-- Up-to-date symlink: /home/group10/ros2_ws/install/r2d10/share/r2d10//worlds/models/fridge/thumbnails/3.png
-- Up-to-date symlink: /home/group10/ros2_ws/install/r2d10/share/r2d10//worlds/models/fridge/thumbnails/4.png
-- Up-to-date symlink: /home/group10/ros2_ws/install/r2d10/share/r2d10//worlds/models/fridge/thumbnails/5.png
-- Up-to-date symlink: /home/group10/ros2_ws/install/r2d10/share/r2d10//worlds/models/kitchencountertop/meshes/KitchenCountertop.mtl
-- Up-to-date symlink: /home/group10/ros2_ws/install/r2d10/share/r2d10//worlds/models/kitchencountertop/meshes/KitchenCountertop.obj
-- Up-to-date symlink: /home/group10/ros2_ws/install/r2d10/share/r2d10//worlds/models/kitchencountertop/meshes/KitchenCountertop_Diffuse.png
-- Up-to-date symlink: /home/group10/ros2_ws/install/r2d10/share/r2d10//worlds/models/kitchencountertop/model.config
-- Up-to-date symlink: /home/group10/ros2_ws/install/r2d10/share/r2d10//worlds/models/kitchencountertop/model.sdf
-- Up-to-date symlink: /home/group10/ros2_ws/install/r2d10/share/r2d10//worlds/models/kitchencountertop/thumbnails/1.png
-- Up-to-date symlink: /home/group10/ros2_ws/install/r2d10/share/r2d10//worlds/models/kitchencountertop/thumbnails/2.png
-- Up-to-date symlink: /home/group10/ros2_ws/install/r2d10/share/r2d10//worlds/models/kitchencountertop/thumbnails/3.png
-- Up-to-date symlink: /home/group10/ros2_ws/install/r2d10/share/r2d10//worlds/models/kitchencountertop/thumbnails/4.png
-- Up-to-date symlink: /home/group10/ros2_ws/install/r2d10/share/r2d10//worlds/models/kitchencountertop/thumbnails/5.png
-- Up-to-date symlink: /home/group10/ros2_ws/install/r2d10/share/r2d10//worlds/models/kitchensink/meshes/kitchenSink.mtl
-- Up-to-date symlink: /home/group10/ros2_ws/install/r2d10/share/r2d10//worlds/models/kitchensink/meshes/kitchenSink.obj
-- Up-to-date symlink: /home/group10/ros2_ws/install/r2d10/share/r2d10//worlds/models/kitchensink/model.config
-- Up-to-date symlink: /home/group10/ros2_ws/install/r2d10/share/r2d10//worlds/models/kitchensink/model.sdf
-- Up-to-date symlink: /home/group10/ros2_ws/install/r2d10/share/r2d10//worlds/models/kitchensink/thumbnails/1.png
-- Up-to-date symlink: /home/group10/ros2_ws/install/r2d10/share/r2d10//worlds/models/kitchensink/thumbnails/2.png
-- Up-to-date symlink: /home/group10/ros2_ws/install/r2d10/share/r2d10//worlds/models/kitchensink/thumbnails/3.png
-- Up-to-date symlink: /home/group10/ros2_ws/install/r2d10/share/r2d10//worlds/models/kitchensink/thumbnails/4.png
-- Up-to-date symlink: /home/group10/ros2_ws/install/r2d10/share/r2d10//worlds/models/kitchensink/thumbnails/5.png
-- Up-to-date symlink: /home/group10/ros2_ws/install/r2d10/share/r2d10//worlds/models/office chair/materials/textures/OfficeChair_Albedo.png
-- Up-to-date symlink: /home/group10/ros2_ws/install/r2d10/share/r2d10//worlds/models/office chair/materials/textures/OfficeChair_Metalness.png
-- Up-to-date symlink: /home/group10/ros2_ws/install/r2d10/share/r2d10//worlds/models/office chair/materials/textures/OfficeChair_Normal.png
-- Up-to-date symlink: /home/group10/ros2_ws/install/r2d10/share/r2d10//worlds/models/office chair/materials/textures/OfficeChair_Roughness.png
-- Up-to-date symlink: /home/group10/ros2_ws/install/r2d10/share/r2d10//worlds/models/office chair/meshes/officechair.dae
-- Up-to-date symlink: /home/group10/ros2_ws/install/r2d10/share/r2d10//worlds/models/office chair/model.config
-- Up-to-date symlink: /home/group10/ros2_ws/install/r2d10/share/r2d10//worlds/models/office chair/model.sdf
-- Up-to-date symlink: /home/group10/ros2_ws/install/r2d10/share/r2d10//worlds/models/office chair/thumbnails/OfficeChair.png
-- Up-to-date symlink: /home/group10/ros2_ws/install/r2d10/share/r2d10//worlds/models/office desk/materials/textures/Desk_Albedo.png
-- Up-to-date symlink: /home/group10/ros2_ws/install/r2d10/share/r2d10//worlds/models/office desk/materials/textures/Desk_Normal.png
-- Up-to-date symlink: /home/group10/ros2_ws/install/r2d10/share/r2d10//worlds/models/office desk/materials/textures/Desk_Roughness.png
-- Up-to-date symlink: /home/group10/ros2_ws/install/r2d10/share/r2d10//worlds/models/office desk/meshes/desk.dae
-- Up-to-date symlink: /home/group10/ros2_ws/install/r2d10/share/r2d10//worlds/models/office desk/model.config
-- Up-to-date symlink: /home/group10/ros2_ws/install/r2d10/share/r2d10//worlds/models/office desk/model.sdf
-- Up-to-date symlink: /home/group10/ros2_ws/install/r2d10/share/r2d10//worlds/models/office desk/thumbnails/Desk.png
-- Up-to-date symlink: /home/group10/ros2_ws/install/r2d10/share/r2d10//worlds/models/shower/meshes/Shower.mtl
-- Up-to-date symlink: /home/group10/ros2_ws/install/r2d10/share/r2d10//worlds/models/shower/meshes/Shower.obj
-- Up-to-date symlink: /home/group10/ros2_ws/install/r2d10/share/r2d10//worlds/models/shower/meshes/ShowerDiffuse.png
-- Up-to-date symlink: /home/group10/ros2_ws/install/r2d10/share/r2d10//worlds/models/shower/model.config
-- Up-to-date symlink: /home/group10/ros2_ws/install/r2d10/share/r2d10//worlds/models/shower/model.sdf
-- Up-to-date symlink: /home/group10/ros2_ws/install/r2d10/share/r2d10//worlds/models/shower/thumbnails/1.png
-- Up-to-date symlink: /home/group10/ros2_ws/install/r2d10/share/r2d10//worlds/models/shower/thumbnails/2.png
-- Up-to-date symlink: /home/group10/ros2_ws/install/r2d10/share/r2d10//worlds/models/shower/thumbnails/3.png
-- Up-to-date symlink: /home/group10/ros2_ws/install/r2d10/share/r2d10//worlds/models/shower/thumbnails/4.png
-- Up-to-date symlink: /home/group10/ros2_ws/install/r2d10/share/r2d10//worlds/models/shower/thumbnails/5.png
-- Up-to-date symlink: /home/group10/ros2_ws/install/r2d10/share/r2d10//worlds/models/standard toilet/materials/textures/Toilet_Albedo.png
-- Up-to-date symlink: /home/group10/ros2_ws/install/r2d10/share/r2d10//worlds/models/standard toilet/materials/textures/Toilet_Metalness.png
-- Up-to-date symlink: /home/group10/ros2_ws/install/r2d10/share/r2d10//worlds/models/standard toilet/materials/textures/Toilet_Normal.png
-- Up-to-date symlink: /home/group10/ros2_ws/install/r2d10/share/r2d10//worlds/models/standard toilet/materials/textures/Toilet_Roughness.png
-- Up-to-date symlink: /home/group10/ros2_ws/install/r2d10/share/r2d10//worlds/models/standard toilet/meshes/toilet.dae
-- Up-to-date symlink: /home/group10/ros2_ws/install/r2d10/share/r2d10//worlds/models/standard toilet/model.config
-- Up-to-date symlink: /home/group10/ros2_ws/install/r2d10/share/r2d10//worlds/models/standard toilet/model.sdf
-- Up-to-date symlink: /home/group10/ros2_ws/install/r2d10/share/r2d10//worlds/models/standard toilet/thumbnails/Toilet.png
-- Up-to-date symlink: /home/group10/ros2_ws/install/r2d10/share/r2d10//worlds/models/trashbin/meshes/TrashBin.mtl
-- Up-to-date symlink: /home/group10/ros2_ws/install/r2d10/share/r2d10//worlds/models/trashbin/meshes/TrashBin.obj
-- Up-to-date symlink: /home/group10/ros2_ws/install/r2d10/share/r2d10//worlds/models/trashbin/meshes/TrashBin_Diffuse.png
-- Up-to-date symlink: /home/group10/ros2_ws/install/r2d10/share/r2d10//worlds/models/trashbin/model.config
-- Up-to-date symlink: /home/group10/ros2_ws/install/r2d10/share/r2d10//worlds/models/trashbin/model.sdf
-- Up-to-date symlink: /home/group10/ros2_ws/install/r2d10/share/r2d10//worlds/models/trashbin/thumbnails/1.png
-- Up-to-date symlink: /home/group10/ros2_ws/install/r2d10/share/r2d10//worlds/models/trashbin/thumbnails/2.png
-- Up-to-date symlink: /home/group10/ros2_ws/install/r2d10/share/r2d10//worlds/models/trashbin/thumbnails/3.png
-- Up-to-date symlink: /home/group10/ros2_ws/install/r2d10/share/r2d10//worlds/models/trashbin/thumbnails/4.png
-- Up-to-date symlink: /home/group10/ros2_ws/install/r2d10/share/r2d10//worlds/models/trashbin/thumbnails/5.png
-- Up-to-date symlink: /home/group10/ros2_ws/install/r2d10/share/r2d10//worlds/models/whitecabinet/meshes/WhiteCabinet.mtl
-- Up-to-date symlink: /home/group10/ros2_ws/install/r2d10/share/r2d10//worlds/models/whitecabinet/meshes/WhiteCabinet.obj
-- Up-to-date symlink: /home/group10/ros2_ws/install/r2d10/share/r2d10//worlds/models/whitecabinet/meshes/WhiteCabinet.png
-- Up-to-date symlink: /home/group10/ros2_ws/install/r2d10/share/r2d10//worlds/models/whitecabinet/model.config
-- Up-to-date symlink: /home/group10/ros2_ws/install/r2d10/share/r2d10//worlds/models/whitecabinet/model.sdf
-- Up-to-date symlink: /home/group10/ros2_ws/install/r2d10/share/r2d10//worlds/models/whitecabinet/thumbnails/1.png
-- Up-to-date symlink: /home/group10/ros2_ws/install/r2d10/share/r2d10//worlds/models/whitecabinet/thumbnails/2.png
-- Up-to-date symlink: /home/group10/ros2_ws/install/r2d10/share/r2d10//worlds/models/whitecabinet/thumbnails/3.png
-- Up-to-date symlink: /home/group10/ros2_ws/install/r2d10/share/r2d10//worlds/models/whitecabinet/thumbnails/4.png
-- Up-to-date symlink: /home/group10/ros2_ws/install/r2d10/share/r2d10//worlds/models/whitecabinet/thumbnails/5.png
-- Up-to-date symlink: /home/group10/ros2_ws/install/r2d10/share/r2d10//launch/__pycache__/worldlaunch2_updated.cpython-312.pyc
-- Up-to-date symlink: /home/group10/ros2_ws/install/r2d10/share/r2d10//launch/launchfile2.py
-- Up-to-date symlink: /home/group10/ros2_ws/install/r2d10/share/r2d10//launch/updated_launchfile.py
-- Up-to-date symlink: /home/group10/ros2_ws/install/r2d10/share/r2d10//launch/world.launch.py
-- Up-to-date symlink: /home/group10/ros2_ws/install/r2d10/share/r2d10//launch/worldlaunch2.py
-- Up-to-date symlink: /home/group10/ros2_ws/install/r2d10/lib/r2d10/odom_to_tf.py
-- Up-to-date symlink: /home/group10/ros2_ws/install/r2d10/share/ament_index/resource_index/package_run_dependencies/r2d10
-- Up-to-date symlink: /home/group10/ros2_ws/install/r2d10/share/ament_index/resource_index/parent_prefix_path/r2d10
-- Up-to-date symlink: /home/group10/ros2_ws/install/r2d10/share/r2d10/environment/ament_prefix_path.sh
-- Up-to-date symlink: /home/group10/ros2_ws/install/r2d10/share/r2d10/environment/ament_prefix_path.dsv
-- Up-to-date symlink: /home/group10/ros2_ws/install/r2d10/share/r2d10/environment/path.sh
-- Up-to-date symlink: /home/group10/ros2_ws/install/r2d10/share/r2d10/environment/path.dsv
-- Up-to-date symlink: /home/group10/ros2_ws/install/r2d10/share/r2d10/local_setup.bash
-- Up-to-date symlink: /home/group10/ros2_ws/install/r2d10/share/r2d10/local_setup.sh
-- Up-to-date symlink: /home/group10/ros2_ws/install/r2d10/share/r2d10/local_setup.zsh
-- Up-to-date symlink: /home/group10/ros2_ws/install/r2d10/share/r2d10/local_setup.dsv
-- Symlinking: /home/group10/ros2_ws/install/r2d10/share/r2d10/package.dsv
-- Up-to-date symlink: /home/group10/ros2_ws/install/r2d10/share/ament_index/resource_index/packages/r2d10
-- Up-to-date symlink: /home/group10/ros2_ws/install/r2d10/share/r2d10/cmake/r2d10Config.cmake
-- Up-to-date symlink: /home/group10/ros2_ws/install/r2d10/share/r2d10/cmake/r2d10Config-version.cmake
-- Up-to-date symlink: /home/group10/ros2_ws/install/r2d10/share/r2d10/package.xml
