[0.016s] Invoking command in '/home/group10/ros2_ws/build/r2d10': CMAKE_PREFIX_PATH=${CMAKE_PREFIX_PATH}:/home/group10/ros2_ws/install/cmd_vel_bridge:/home/group10/install/control:/home/group10/install/my_arm_service:/home/group10/install/gst_pipeline:/opt/ros/jazzy DEBUGINFOD_URLS=https://debuginfod.ubuntu.com /usr/bin/cmake /home/group10/ros2_ws/src/r2d10 -DAMENT_CMAKE_SYMLINK_INSTALL=1 -DCMAKE_INSTALL_PREFIX=/home/group10/ros2_ws/install/r2d10
[0.096s] -- The C compiler identification is GNU 13.3.0
[0.166s] -- The CXX compiler identification is GNU 13.3.0
[0.191s] -- Detecting C compiler ABI info
[0.321s] -- Detecting C compiler ABI info - done
[0.332s] -- Check for working C compiler: /usr/bin/cc - skipped
[0.333s] -- Detecting C compile features
[0.333s] -- Detecting C compile features - done
[0.344s] -- Detecting CXX compiler ABI info
[0.469s] -- Detecting CXX compiler ABI info - done
[0.479s] -- Check for working CXX compiler: /usr/bin/c++ - skipped
[0.480s] -- Detecting CXX compile features
[0.480s] -- Detecting CXX compile features - done
[0.488s] -- Found ament_cmake: 2.5.4 (/opt/ros/jazzy/share/ament_cmake/cmake)
[0.697s] -- Found Python3: /usr/bin/python3 (found version "3.12.3") found components: Interpreter 
[0.778s] -- Override CMake install command with custom implementation using symlinks instead of copying resources
[0.872s] -- Found rclcpp: 28.1.13 (/opt/ros/jazzy/share/rclcpp/cmake)
[0.958s] -- Found rosidl_generator_c: 4.6.6 (/opt/ros/jazzy/share/rosidl_generator_c/cmake)
[0.986s] -- Found rosidl_generator_cpp: 4.6.6 (/opt/ros/jazzy/share/rosidl_generator_cpp/cmake)
[1.018s] -- Using all available rosidl_typesupport_c: rosidl_typesupport_fastrtps_c;rosidl_typesupport_introspection_c
[1.052s] -- Using all available rosidl_typesupport_cpp: rosidl_typesupport_fastrtps_cpp;rosidl_typesupport_introspection_cpp
[1.182s] -- Found rmw_implementation_cmake: 7.3.2 (/opt/ros/jazzy/share/rmw_implementation_cmake/cmake)
[1.190s] -- Found rmw_fastrtps_cpp: 8.4.3 (/opt/ros/jazzy/share/rmw_fastrtps_cpp/cmake)
[1.320s] -- Found OpenSSL: /usr/lib/x86_64-linux-gnu/libcrypto.so (found version "3.0.13")  
[1.346s] -- Found FastRTPS: /opt/ros/jazzy/include (Required is at least version "2.13") 
[1.376s] -- Using RMW implementation 'rmw_fastrtps_cpp' as default
[1.496s] -- Found xacro: 2.1.1 (/opt/ros/jazzy/share/xacro/cmake)
[1.502s] -- Found robot_state_publisher: 3.3.3 (/opt/ros/jazzy/share/robot_state_publisher/cmake)
[1.866s] -- Found ros_gz_sim: 1.0.16 (/opt/ros/jazzy/share/ros_gz_sim/cmake)
[1.986s] -- Configuring done (2.0s)
[1.992s] -- Generating done (0.0s)
[1.995s] -- Build files have been written to: /home/group10/ros2_ws/build/r2d10
[2.009s] Invoked command in '/home/group10/ros2_ws/build/r2d10' returned '0': CMAKE_PREFIX_PATH=${CMAKE_PREFIX_PATH}:/home/group10/ros2_ws/install/cmd_vel_bridge:/home/group10/install/control:/home/group10/install/my_arm_service:/home/group10/install/gst_pipeline:/opt/ros/jazzy DEBUGINFOD_URLS=https://debuginfod.ubuntu.com /usr/bin/cmake /home/group10/ros2_ws/src/r2d10 -DAMENT_CMAKE_SYMLINK_INSTALL=1 -DCMAKE_INSTALL_PREFIX=/home/group10/ros2_ws/install/r2d10
[2.011s] Invoking command in '/home/group10/ros2_ws/build/r2d10': CMAKE_PREFIX_PATH=${CMAKE_PREFIX_PATH}:/home/group10/ros2_ws/install/cmd_vel_bridge:/home/group10/install/control:/home/group10/install/my_arm_service:/home/group10/install/gst_pipeline:/opt/ros/jazzy DEBUGINFOD_URLS=https://debuginfod.ubuntu.com /usr/bin/cmake --build /home/group10/ros2_ws/build/r2d10 -- -j4 -l4
[2.069s] Invoked command in '/home/group10/ros2_ws/build/r2d10' returned '0': CMAKE_PREFIX_PATH=${CMAKE_PREFIX_PATH}:/home/group10/ros2_ws/install/cmd_vel_bridge:/home/group10/install/control:/home/group10/install/my_arm_service:/home/group10/install/gst_pipeline:/opt/ros/jazzy DEBUGINFOD_URLS=https://debuginfod.ubuntu.com /usr/bin/cmake --build /home/group10/ros2_ws/build/r2d10 -- -j4 -l4
[2.083s] Invoking command in '/home/group10/ros2_ws/build/r2d10': CMAKE_PREFIX_PATH=${CMAKE_PREFIX_PATH}:/home/group10/ros2_ws/install/cmd_vel_bridge:/home/group10/install/control:/home/group10/install/my_arm_service:/home/group10/install/gst_pipeline:/opt/ros/jazzy DEBUGINFOD_URLS=https://debuginfod.ubuntu.com /usr/bin/cmake --install /home/group10/ros2_ws/build/r2d10
[2.094s] -- Install configuration: ""
[2.094s] -- Execute custom install script
[2.095s] -- Symlinking: /home/group10/ros2_ws/install/r2d10/share/r2d10//meshes/base_link.stl
[2.107s] -- Symlinking: /home/group10/ros2_ws/install/r2d10/share/r2d10//meshes/caster_1.stl
[2.120s] -- Symlinking: /home/group10/ros2_ws/install/r2d10/share/r2d10//meshes/left_wheel_1.stl
[2.132s] -- Symlinking: /home/group10/ros2_ws/install/r2d10/share/r2d10//meshes/lidar_1.stl
[2.145s] -- Symlinking: /home/group10/ros2_ws/install/r2d10/share/r2d10//meshes/right_wheel_1.stl
[2.157s] -- Symlinking: /home/group10/ros2_ws/install/r2d10/share/r2d10//meshes/ultrasonic_forward_1.stl
[2.170s] -- Symlinking: /home/group10/ros2_ws/install/r2d10/share/r2d10//meshes/ultrasonic_left_1.stl
[2.182s] -- Symlinking: /home/group10/ros2_ws/install/r2d10/share/r2d10//meshes/ultrasonic_right_1.stl
[2.194s] -- Symlinking: /home/group10/ros2_ws/install/r2d10/share/r2d10//urdf/assembly_3.urdf
[2.206s] -- Symlinking: /home/group10/ros2_ws/install/r2d10/share/r2d10//urdf/assembly_3.urdf.xacro
[2.219s] -- Symlinking: /home/group10/ros2_ws/install/r2d10/share/r2d10//urdf/materials.xacro
[2.231s] -- Symlinking: /home/group10/ros2_ws/install/r2d10/share/r2d10//rviz/default.rviz
[2.245s] [33mCMake Warning (dev) at ament_cmake_symlink_install/ament_cmake_symlink_install.cmake:62 (file):
[2.246s]   Policy CMP0009 is not set: FILE GLOB_RECURSE calls should not follow
[2.246s]   symlinks by default.  Run "cmake --help-policy CMP0009" for policy details.
[2.246s]   Use the cmake_policy command to set the policy and suppress this warning.
[2.246s] Call Stack (most recent call first):
[2.246s]   ament_cmake_symlink_install/ament_cmake_symlink_install.cmake:314 (ament_cmake_symlink_install_directory)
[2.246s]   cmake_install.cmake:46 (include)
[2.246s] This warning is for project developers.  Use -Wno-dev to suppress it.
[2.246s] [0m
[2.247s] -- Symlinking: /home/group10/ros2_ws/install/r2d10/share/r2d10//worlds/build/.built_by
[2.258s] -- Symlinking: /home/group10/ros2_ws/install/r2d10/share/r2d10//worlds/build/COLCON_IGNORE
[2.270s] -- Symlinking: /home/group10/ros2_ws/install/r2d10/share/r2d10//worlds/church.sdf
[2.281s] -- Symlinking: /home/group10/ros2_ws/install/r2d10/share/r2d10//worlds/church_simple.sdf
[2.293s] -- Symlinking: /home/group10/ros2_ws/install/r2d10/share/r2d10//worlds/install/.colcon_install_layout
[2.305s] -- Symlinking: /home/group10/ros2_ws/install/r2d10/share/r2d10//worlds/install/COLCON_IGNORE
[2.319s] -- Symlinking: /home/group10/ros2_ws/install/r2d10/share/r2d10//worlds/install/_local_setup_util_ps1.py
[2.331s] -- Symlinking: /home/group10/ros2_ws/install/r2d10/share/r2d10//worlds/install/_local_setup_util_sh.py
[2.343s] -- Symlinking: /home/group10/ros2_ws/install/r2d10/share/r2d10//worlds/install/local_setup.bash
[2.355s] -- Symlinking: /home/group10/ros2_ws/install/r2d10/share/r2d10//worlds/install/local_setup.ps1
[2.367s] -- Symlinking: /home/group10/ros2_ws/install/r2d10/share/r2d10//worlds/install/local_setup.sh
[2.380s] -- Symlinking: /home/group10/ros2_ws/install/r2d10/share/r2d10//worlds/install/local_setup.zsh
[2.392s] -- Symlinking: /home/group10/ros2_ws/install/r2d10/share/r2d10//worlds/install/setup.bash
[2.405s] -- Symlinking: /home/group10/ros2_ws/install/r2d10/share/r2d10//worlds/install/setup.ps1
[2.419s] -- Symlinking: /home/group10/ros2_ws/install/r2d10/share/r2d10//worlds/install/setup.sh
[2.431s] -- Symlinking: /home/group10/ros2_ws/install/r2d10/share/r2d10//worlds/install/setup.zsh
[2.444s] -- Symlinking: /home/group10/ros2_ws/install/r2d10/share/r2d10//worlds/log/COLCON_IGNORE
[2.456s] -- Symlinking: /home/group10/ros2_ws/install/r2d10/share/r2d10//worlds/log/build_2025-10-29_10-49-16/events.log
[2.468s] -- Symlinking: /home/group10/ros2_ws/install/r2d10/share/r2d10//worlds/log/build_2025-10-29_10-49-16/logger_all.log
[2.480s] -- Symlinking: /home/group10/ros2_ws/install/r2d10/share/r2d10//worlds/log/latest/events.log
[2.492s] -- Symlinking: /home/group10/ros2_ws/install/r2d10/share/r2d10//worlds/log/latest/logger_all.log
[2.504s] -- Symlinking: /home/group10/ros2_ws/install/r2d10/share/r2d10//worlds/log/latest_build/events.log
[2.517s] -- Symlinking: /home/group10/ros2_ws/install/r2d10/share/r2d10//worlds/log/latest_build/logger_all.log
[2.529s] -- Symlinking: /home/group10/ros2_ws/install/r2d10/share/r2d10//worlds/models/actor/meshes/walk.dae
[2.541s] -- Symlinking: /home/group10/ros2_ws/install/r2d10/share/r2d10//worlds/models/actor/model.config
[2.553s] -- Symlinking: /home/group10/ros2_ws/install/r2d10/share/r2d10//worlds/models/actor/model.sdf
[2.566s] -- Symlinking: /home/group10/ros2_ws/install/r2d10/share/r2d10//worlds/models/actor/thumbnails/1.png
[2.579s] -- Symlinking: /home/group10/ros2_ws/install/r2d10/share/r2d10//worlds/models/actor/thumbnails/2.png
[2.591s] -- Symlinking: /home/group10/ros2_ws/install/r2d10/share/r2d10//worlds/models/actor/thumbnails/3.png
[2.603s] -- Symlinking: /home/group10/ros2_ws/install/r2d10/share/r2d10//worlds/models/actor/thumbnails/4.png
[2.616s] -- Symlinking: /home/group10/ros2_ws/install/r2d10/share/r2d10//worlds/models/actor/thumbnails/5.png
[2.629s] -- Symlinking: /home/group10/ros2_ws/install/r2d10/share/r2d10//worlds/models/bathroomsink/meshes/BathroomSink.mtl
[2.641s] -- Symlinking: /home/group10/ros2_ws/install/r2d10/share/r2d10//worlds/models/bathroomsink/meshes/BathroomSink.obj
[2.653s] -- Symlinking: /home/group10/ros2_ws/install/r2d10/share/r2d10//worlds/models/bathroomsink/meshes/BathroomSink_Col.mtl
[2.666s] -- Symlinking: /home/group10/ros2_ws/install/r2d10/share/r2d10//worlds/models/bathroomsink/meshes/BathroomSink_Col.obj
[2.679s] -- Symlinking: /home/group10/ros2_ws/install/r2d10/share/r2d10//worlds/models/bathroomsink/meshes/BathroomSink_Diffuse.png
[2.691s] -- Symlinking: /home/group10/ros2_ws/install/r2d10/share/r2d10//worlds/models/bathroomsink/meshes/BathroomSink_Metal.png
[2.703s] -- Symlinking: /home/group10/ros2_ws/install/r2d10/share/r2d10//worlds/models/bathroomsink/meshes/BathroomSink_Rough.png
[2.718s] -- Symlinking: /home/group10/ros2_ws/install/r2d10/share/r2d10//worlds/models/bathroomsink/model.config
[2.731s] -- Symlinking: /home/group10/ros2_ws/install/r2d10/share/r2d10//worlds/models/bathroomsink/model.sdf
[2.743s] -- Symlinking: /home/group10/ros2_ws/install/r2d10/share/r2d10//worlds/models/bathroomsink/thumbnails/1.png
[2.755s] -- Symlinking: /home/group10/ros2_ws/install/r2d10/share/r2d10//worlds/models/bathroomsink/thumbnails/2.png
[2.767s] -- Symlinking: /home/group10/ros2_ws/install/r2d10/share/r2d10//worlds/models/bathroomsink/thumbnails/3.png
[2.780s] -- Symlinking: /home/group10/ros2_ws/install/r2d10/share/r2d10//worlds/models/bathroomsink/thumbnails/4.png
[2.792s] -- Symlinking: /home/group10/ros2_ws/install/r2d10/share/r2d10//worlds/models/bathroomsink/thumbnails/5.png
[2.804s] -- Symlinking: /home/group10/ros2_ws/install/r2d10/share/r2d10//worlds/models/bookshelf/bookshelf_diffuse.jpg
[2.817s] -- Symlinking: /home/group10/ros2_ws/install/r2d10/share/r2d10//worlds/models/bookshelf/model-1_2.sdf
[2.829s] -- Symlinking: /home/group10/ros2_ws/install/r2d10/share/r2d10//worlds/models/bookshelf/model-1_3.sdf
[2.841s] -- Symlinking: /home/group10/ros2_ws/install/r2d10/share/r2d10//worlds/models/bookshelf/model-1_4.sdf
[2.852s] -- Symlinking: /home/group10/ros2_ws/install/r2d10/share/r2d10//worlds/models/bookshelf/model.config
[2.864s] -- Symlinking: /home/group10/ros2_ws/install/r2d10/share/r2d10//worlds/models/bookshelf/model.sdf
[2.876s] -- Symlinking: /home/group10/ros2_ws/install/r2d10/share/r2d10//worlds/models/bookshelf/thumbnails/1.png
[2.887s] -- Symlinking: /home/group10/ros2_ws/install/r2d10/share/r2d10//worlds/models/bookshelf/thumbnails/2.png
[2.899s] -- Symlinking: /home/group10/ros2_ws/install/r2d10/share/r2d10//worlds/models/bookshelf/thumbnails/3.png
[2.910s] -- Symlinking: /home/group10/ros2_ws/install/r2d10/share/r2d10//worlds/models/bookshelf/thumbnails/4.png
[2.923s] -- Symlinking: /home/group10/ros2_ws/install/r2d10/share/r2d10//worlds/models/bookshelf/thumbnails/5.png
[2.935s] -- Symlinking: /home/group10/ros2_ws/install/r2d10/share/r2d10//worlds/models/cricket ball/model.config
[2.946s] -- Symlinking: /home/group10/ros2_ws/install/r2d10/share/r2d10//worlds/models/cricket ball/model.rsdf
[2.958s] -- Symlinking: /home/group10/ros2_ws/install/r2d10/share/r2d10//worlds/models/cricket ball/model.sdf
[2.971s] -- Symlinking: /home/group10/ros2_ws/install/r2d10/share/r2d10//worlds/models/cricket ball/thumbnails/1.png
[2.982s] -- Symlinking: /home/group10/ros2_ws/install/r2d10/share/r2d10//worlds/models/cricket ball/thumbnails/2.png
[2.994s] -- Symlinking: /home/group10/ros2_ws/install/r2d10/share/r2d10//worlds/models/cricket ball/thumbnails/3.png
[3.006s] -- Symlinking: /home/group10/ros2_ws/install/r2d10/share/r2d10//worlds/models/cricket ball/thumbnails/4.png
[3.020s] -- Symlinking: /home/group10/ros2_ws/install/r2d10/share/r2d10//worlds/models/cricket ball/thumbnails/5.png
[3.032s] -- Symlinking: /home/group10/ros2_ws/install/r2d10/share/r2d10//worlds/models/floor materials/materials/textures/floor_texture.png
[3.044s] -- Symlinking: /home/group10/ros2_ws/install/r2d10/share/r2d10//worlds/models/floor materials/meshes/未命名.dae
[3.055s] -- Symlinking: /home/group10/ros2_ws/install/r2d10/share/r2d10//worlds/models/fridge/meshes/Fridge.mtl
[3.068s] -- Symlinking: /home/group10/ros2_ws/install/r2d10/share/r2d10//worlds/models/fridge/meshes/Fridge.obj
[3.079s] -- Symlinking: /home/group10/ros2_ws/install/r2d10/share/r2d10//worlds/models/fridge/meshes/Fridge_Col.mtl
[3.091s] -- Symlinking: /home/group10/ros2_ws/install/r2d10/share/r2d10//worlds/models/fridge/meshes/Fridge_Col.obj
[3.102s] -- Symlinking: /home/group10/ros2_ws/install/r2d10/share/r2d10//worlds/models/fridge/meshes/Fridge_Diffuse.png
[3.115s] -- Symlinking: /home/group10/ros2_ws/install/r2d10/share/r2d10//worlds/models/fridge/model.config
[3.126s] -- Symlinking: /home/group10/ros2_ws/install/r2d10/share/r2d10//worlds/models/fridge/model.sdf
[3.138s] -- Symlinking: /home/group10/ros2_ws/install/r2d10/share/r2d10//worlds/models/fridge/thumbnails/1.png
[3.152s] -- Symlinking: /home/group10/ros2_ws/install/r2d10/share/r2d10//worlds/models/fridge/thumbnails/2.png
[3.166s] -- Symlinking: /home/group10/ros2_ws/install/r2d10/share/r2d10//worlds/models/fridge/thumbnails/3.png
[3.179s] -- Symlinking: /home/group10/ros2_ws/install/r2d10/share/r2d10//worlds/models/fridge/thumbnails/4.png
[3.192s] -- Symlinking: /home/group10/ros2_ws/install/r2d10/share/r2d10//worlds/models/fridge/thumbnails/5.png
[3.205s] -- Symlinking: /home/group10/ros2_ws/install/r2d10/share/r2d10//worlds/models/kitchencountertop/meshes/KitchenCountertop.mtl
[3.218s] -- Symlinking: /home/group10/ros2_ws/install/r2d10/share/r2d10//worlds/models/kitchencountertop/meshes/KitchenCountertop.obj
[3.230s] -- Symlinking: /home/group10/ros2_ws/install/r2d10/share/r2d10//worlds/models/kitchencountertop/meshes/KitchenCountertop_Diffuse.png
[3.243s] -- Symlinking: /home/group10/ros2_ws/install/r2d10/share/r2d10//worlds/models/kitchencountertop/model.config
[3.255s] -- Symlinking: /home/group10/ros2_ws/install/r2d10/share/r2d10//worlds/models/kitchencountertop/model.sdf
[3.269s] -- Symlinking: /home/group10/ros2_ws/install/r2d10/share/r2d10//worlds/models/kitchencountertop/thumbnails/1.png
[3.282s] -- Symlinking: /home/group10/ros2_ws/install/r2d10/share/r2d10//worlds/models/kitchencountertop/thumbnails/2.png
[3.295s] -- Symlinking: /home/group10/ros2_ws/install/r2d10/share/r2d10//worlds/models/kitchencountertop/thumbnails/3.png
[3.308s] -- Symlinking: /home/group10/ros2_ws/install/r2d10/share/r2d10//worlds/models/kitchencountertop/thumbnails/4.png
[3.322s] -- Symlinking: /home/group10/ros2_ws/install/r2d10/share/r2d10//worlds/models/kitchencountertop/thumbnails/5.png
[3.335s] -- Symlinking: /home/group10/ros2_ws/install/r2d10/share/r2d10//worlds/models/kitchensink/meshes/kitchenSink.mtl
[3.347s] -- Symlinking: /home/group10/ros2_ws/install/r2d10/share/r2d10//worlds/models/kitchensink/meshes/kitchenSink.obj
[3.359s] -- Symlinking: /home/group10/ros2_ws/install/r2d10/share/r2d10//worlds/models/kitchensink/model.config
[3.371s] -- Symlinking: /home/group10/ros2_ws/install/r2d10/share/r2d10//worlds/models/kitchensink/model.sdf
[3.384s] -- Symlinking: /home/group10/ros2_ws/install/r2d10/share/r2d10//worlds/models/kitchensink/thumbnails/1.png
[3.396s] -- Symlinking: /home/group10/ros2_ws/install/r2d10/share/r2d10//worlds/models/kitchensink/thumbnails/2.png
[3.408s] -- Symlinking: /home/group10/ros2_ws/install/r2d10/share/r2d10//worlds/models/kitchensink/thumbnails/3.png
[3.423s] -- Symlinking: /home/group10/ros2_ws/install/r2d10/share/r2d10//worlds/models/kitchensink/thumbnails/4.png
[3.438s] -- Symlinking: /home/group10/ros2_ws/install/r2d10/share/r2d10//worlds/models/kitchensink/thumbnails/5.png
[3.450s] -- Symlinking: /home/group10/ros2_ws/install/r2d10/share/r2d10//worlds/models/office chair/materials/textures/OfficeChair_Albedo.png
[3.462s] -- Symlinking: /home/group10/ros2_ws/install/r2d10/share/r2d10//worlds/models/office chair/materials/textures/OfficeChair_Metalness.png
[3.474s] -- Symlinking: /home/group10/ros2_ws/install/r2d10/share/r2d10//worlds/models/office chair/materials/textures/OfficeChair_Normal.png
[3.486s] -- Symlinking: /home/group10/ros2_ws/install/r2d10/share/r2d10//worlds/models/office chair/materials/textures/OfficeChair_Roughness.png
[3.498s] -- Symlinking: /home/group10/ros2_ws/install/r2d10/share/r2d10//worlds/models/office chair/meshes/officechair.dae
[3.510s] -- Symlinking: /home/group10/ros2_ws/install/r2d10/share/r2d10//worlds/models/office chair/model.config
[3.523s] -- Symlinking: /home/group10/ros2_ws/install/r2d10/share/r2d10//worlds/models/office chair/model.sdf
[3.535s] -- Symlinking: /home/group10/ros2_ws/install/r2d10/share/r2d10//worlds/models/office chair/thumbnails/OfficeChair.png
[3.547s] -- Symlinking: /home/group10/ros2_ws/install/r2d10/share/r2d10//worlds/models/office desk/materials/textures/Desk_Albedo.png
[3.558s] -- Symlinking: /home/group10/ros2_ws/install/r2d10/share/r2d10//worlds/models/office desk/materials/textures/Desk_Normal.png
[3.570s] -- Symlinking: /home/group10/ros2_ws/install/r2d10/share/r2d10//worlds/models/office desk/materials/textures/Desk_Roughness.png
[3.581s] -- Symlinking: /home/group10/ros2_ws/install/r2d10/share/r2d10//worlds/models/office desk/meshes/desk.dae
[3.593s] -- Symlinking: /home/group10/ros2_ws/install/r2d10/share/r2d10//worlds/models/office desk/model.config
[3.604s] -- Symlinking: /home/group10/ros2_ws/install/r2d10/share/r2d10//worlds/models/office desk/model.sdf
[3.616s] -- Symlinking: /home/group10/ros2_ws/install/r2d10/share/r2d10//worlds/models/office desk/thumbnails/Desk.png
[3.627s] -- Symlinking: /home/group10/ros2_ws/install/r2d10/share/r2d10//worlds/models/shower/meshes/Shower.mtl
[3.638s] -- Symlinking: /home/group10/ros2_ws/install/r2d10/share/r2d10//worlds/models/shower/meshes/Shower.obj
[3.649s] -- Symlinking: /home/group10/ros2_ws/install/r2d10/share/r2d10//worlds/models/shower/meshes/ShowerDiffuse.png
[3.661s] -- Symlinking: /home/group10/ros2_ws/install/r2d10/share/r2d10//worlds/models/shower/model.config
[3.672s] -- Symlinking: /home/group10/ros2_ws/install/r2d10/share/r2d10//worlds/models/shower/model.sdf
[3.683s] -- Symlinking: /home/group10/ros2_ws/install/r2d10/share/r2d10//worlds/models/shower/thumbnails/1.png
[3.694s] -- Symlinking: /home/group10/ros2_ws/install/r2d10/share/r2d10//worlds/models/shower/thumbnails/2.png
[3.705s] -- Symlinking: /home/group10/ros2_ws/install/r2d10/share/r2d10//worlds/models/shower/thumbnails/3.png
[3.717s] -- Symlinking: /home/group10/ros2_ws/install/r2d10/share/r2d10//worlds/models/shower/thumbnails/4.png
[3.728s] -- Symlinking: /home/group10/ros2_ws/install/r2d10/share/r2d10//worlds/models/shower/thumbnails/5.png
[3.739s] -- Symlinking: /home/group10/ros2_ws/install/r2d10/share/r2d10//worlds/models/standard toilet/materials/textures/Toilet_Albedo.png
[3.750s] -- Symlinking: /home/group10/ros2_ws/install/r2d10/share/r2d10//worlds/models/standard toilet/materials/textures/Toilet_Metalness.png
[3.762s] -- Symlinking: /home/group10/ros2_ws/install/r2d10/share/r2d10//worlds/models/standard toilet/materials/textures/Toilet_Normal.png
[3.773s] -- Symlinking: /home/group10/ros2_ws/install/r2d10/share/r2d10//worlds/models/standard toilet/materials/textures/Toilet_Roughness.png
[3.784s] -- Symlinking: /home/group10/ros2_ws/install/r2d10/share/r2d10//worlds/models/standard toilet/meshes/toilet.dae
[3.795s] -- Symlinking: /home/group10/ros2_ws/install/r2d10/share/r2d10//worlds/models/standard toilet/model.config
[3.806s] -- Symlinking: /home/group10/ros2_ws/install/r2d10/share/r2d10//worlds/models/standard toilet/model.sdf
[3.818s] -- Symlinking: /home/group10/ros2_ws/install/r2d10/share/r2d10//worlds/models/standard toilet/thumbnails/Toilet.png
[3.830s] -- Symlinking: /home/group10/ros2_ws/install/r2d10/share/r2d10//worlds/models/trashbin/meshes/TrashBin.mtl
[3.841s] -- Symlinking: /home/group10/ros2_ws/install/r2d10/share/r2d10//worlds/models/trashbin/meshes/TrashBin.obj
[3.851s] -- Symlinking: /home/group10/ros2_ws/install/r2d10/share/r2d10//worlds/models/trashbin/meshes/TrashBin_Diffuse.png
[3.863s] -- Symlinking: /home/group10/ros2_ws/install/r2d10/share/r2d10//worlds/models/trashbin/model.config
[3.874s] -- Symlinking: /home/group10/ros2_ws/install/r2d10/share/r2d10//worlds/models/trashbin/model.sdf
[3.885s] -- Symlinking: /home/group10/ros2_ws/install/r2d10/share/r2d10//worlds/models/trashbin/thumbnails/1.png
[3.896s] -- Symlinking: /home/group10/ros2_ws/install/r2d10/share/r2d10//worlds/models/trashbin/thumbnails/2.png
[3.907s] -- Symlinking: /home/group10/ros2_ws/install/r2d10/share/r2d10//worlds/models/trashbin/thumbnails/3.png
[3.919s] -- Symlinking: /home/group10/ros2_ws/install/r2d10/share/r2d10//worlds/models/trashbin/thumbnails/4.png
[3.931s] -- Symlinking: /home/group10/ros2_ws/install/r2d10/share/r2d10//worlds/models/trashbin/thumbnails/5.png
[3.942s] -- Symlinking: /home/group10/ros2_ws/install/r2d10/share/r2d10//worlds/models/whitecabinet/meshes/WhiteCabinet.mtl
[3.953s] -- Symlinking: /home/group10/ros2_ws/install/r2d10/share/r2d10//worlds/models/whitecabinet/meshes/WhiteCabinet.obj
[3.964s] -- Symlinking: /home/group10/ros2_ws/install/r2d10/share/r2d10//worlds/models/whitecabinet/meshes/WhiteCabinet.png
[3.975s] -- Symlinking: /home/group10/ros2_ws/install/r2d10/share/r2d10//worlds/models/whitecabinet/model.config
[3.986s] -- Symlinking: /home/group10/ros2_ws/install/r2d10/share/r2d10//worlds/models/whitecabinet/model.sdf
[3.997s] -- Symlinking: /home/group10/ros2_ws/install/r2d10/share/r2d10//worlds/models/whitecabinet/thumbnails/1.png
[4.008s] -- Symlinking: /home/group10/ros2_ws/install/r2d10/share/r2d10//worlds/models/whitecabinet/thumbnails/2.png
[4.020s] -- Symlinking: /home/group10/ros2_ws/install/r2d10/share/r2d10//worlds/models/whitecabinet/thumbnails/3.png
[4.031s] -- Symlinking: /home/group10/ros2_ws/install/r2d10/share/r2d10//worlds/models/whitecabinet/thumbnails/4.png
[4.042s] -- Symlinking: /home/group10/ros2_ws/install/r2d10/share/r2d10//worlds/models/whitecabinet/thumbnails/5.png
[4.053s] -- Symlinking: /home/group10/ros2_ws/install/r2d10/share/r2d10//launch/__pycache__/worldlaunch2_updated.cpython-312.pyc
[4.064s] -- Symlinking: /home/group10/ros2_ws/install/r2d10/share/r2d10//launch/launchfile2.py
[4.075s] -- Symlinking: /home/group10/ros2_ws/install/r2d10/share/r2d10//launch/updated_launchfile.py
[4.086s] -- Symlinking: /home/group10/ros2_ws/install/r2d10/share/r2d10//launch/world.launch.py
[4.097s] -- Symlinking: /home/group10/ros2_ws/install/r2d10/share/r2d10//launch/worldlaunch2.py
[4.108s] -- Symlinking: /home/group10/ros2_ws/install/r2d10/lib/r2d10/odom_to_tf.py
[4.121s] -- Symlinking: /home/group10/ros2_ws/install/r2d10/share/ament_index/resource_index/package_run_dependencies/r2d10
[4.132s] -- Symlinking: /home/group10/ros2_ws/install/r2d10/share/ament_index/resource_index/parent_prefix_path/r2d10
[4.143s] -- Symlinking: /home/group10/ros2_ws/install/r2d10/share/r2d10/environment/ament_prefix_path.sh
[4.154s] -- Symlinking: /home/group10/ros2_ws/install/r2d10/share/r2d10/environment/ament_prefix_path.dsv
[4.166s] -- Symlinking: /home/group10/ros2_ws/install/r2d10/share/r2d10/environment/path.sh
[4.177s] -- Symlinking: /home/group10/ros2_ws/install/r2d10/share/r2d10/environment/path.dsv
[4.190s] -- Symlinking: /home/group10/ros2_ws/install/r2d10/share/r2d10/local_setup.bash
[4.202s] -- Symlinking: /home/group10/ros2_ws/install/r2d10/share/r2d10/local_setup.sh
[4.216s] -- Symlinking: /home/group10/ros2_ws/install/r2d10/share/r2d10/local_setup.zsh
[4.229s] -- Symlinking: /home/group10/ros2_ws/install/r2d10/share/r2d10/local_setup.dsv
[4.241s] -- Symlinking: /home/group10/ros2_ws/install/r2d10/share/r2d10/package.dsv
[4.254s] -- Symlinking: /home/group10/ros2_ws/install/r2d10/share/ament_index/resource_index/packages/r2d10
[4.266s] -- Symlinking: /home/group10/ros2_ws/install/r2d10/share/r2d10/cmake/r2d10Config.cmake
[4.279s] -- Symlinking: /home/group10/ros2_ws/install/r2d10/share/r2d10/cmake/r2d10Config-version.cmake
[4.294s] -- Symlinking: /home/group10/ros2_ws/install/r2d10/share/r2d10/package.xml
[4.310s] Invoked command in '/home/group10/ros2_ws/build/r2d10' returned '0': CMAKE_PREFIX_PATH=${CMAKE_PREFIX_PATH}:/home/group10/ros2_ws/install/cmd_vel_bridge:/home/group10/install/control:/home/group10/install/my_arm_service:/home/group10/install/gst_pipeline:/opt/ros/jazzy DEBUGINFOD_URLS=https://debuginfod.ubuntu.com /usr/bin/cmake --install /home/group10/ros2_ws/build/r2d10
