[0.130s] DEBUG:colcon:Command line arguments: ['/usr/bin/colcon', 'build', '--packages-select', 'r2d10', '--symlink-install']
[0.130s] DEBUG:colcon:Parsed command line arguments: Namespace(log_base=None, log_level=None, verb_name='build', build_base='build', install_base='install', merge_install=False, symlink_install=True, test_result_base=None, continue_on_error=False, executor='parallel', parallel_workers=4, event_handlers=None, ignore_user_meta=False, metas=['./colcon.meta'], base_paths=['.'], packages_ignore=None, packages_ignore_regex=None, paths=None, packages_up_to=None, packages_up_to_regex=None, packages_above=None, packages_above_and_dependencies=None, packages_above_depth=None, packages_select_by_dep=None, packages_skip_by_dep=None, packages_skip_up_to=None, packages_select_build_failed=False, packages_skip_build_finished=False, packages_select_test_failures=False, packages_skip_test_passed=False, packages_select=['r2d10'], packages_skip=None, packages_select_regex=None, packages_skip_regex=None, packages_start=None, packages_end=None, allow_overriding=[], cmake_args=None, cmake_target=None, cmake_target_skip_unavailable=False, cmake_clean_cache=False, cmake_clean_first=False, cmake_force_configure=False, ament_cmake_args=None, catkin_cmake_args=None, catkin_skip_building_tests=False, mixin_files=None, mixin=None, verb_parser=<colcon_mixin.mixin.mixin_argument.MixinArgumentDecorator object at 0x7d4512099700>, verb_extension=<colcon_core.verb.build.BuildVerb object at 0x7d45121d1dc0>, main=<bound method BuildVerb.main of <colcon_core.verb.build.BuildVerb object at 0x7d45121d1dc0>>, mixin_verb=('build',))
[0.175s] Level 1:colcon.colcon_core.package_discovery:discover_packages(colcon_meta) check parameters
[0.175s] Level 1:colcon.colcon_core.package_discovery:discover_packages(recursive) check parameters
[0.175s] Level 1:colcon.colcon_core.package_discovery:discover_packages(ignore) check parameters
[0.175s] Level 1:colcon.colcon_core.package_discovery:discover_packages(path) check parameters
[0.175s] Level 1:colcon.colcon_core.package_discovery:discover_packages(colcon_meta) discover
[0.175s] Level 1:colcon.colcon_core.package_discovery:discover_packages(recursive) discover
[0.175s] INFO:colcon.colcon_core.package_discovery:Crawling recursively for packages in '/home/group10/ros2_ws'
[0.175s] Level 1:colcon.colcon_core.package_identification:_identify(.) by extensions ['ignore', 'ignore_ament_install']
[0.175s] Level 1:colcon.colcon_core.package_identification:_identify(.) by extension 'ignore'
[0.175s] Level 1:colcon.colcon_core.package_identification:_identify(.) by extension 'ignore_ament_install'
[0.175s] Level 1:colcon.colcon_core.package_identification:_identify(.) by extensions ['colcon_pkg']
[0.175s] Level 1:colcon.colcon_core.package_identification:_identify(.) by extension 'colcon_pkg'
[0.175s] Level 1:colcon.colcon_core.package_identification:_identify(.) by extensions ['colcon_meta']
[0.176s] Level 1:colcon.colcon_core.package_identification:_identify(.) by extension 'colcon_meta'
[0.176s] Level 1:colcon.colcon_core.package_identification:_identify(.) by extensions ['ros']
[0.176s] Level 1:colcon.colcon_core.package_identification:_identify(.) by extension 'ros'
[0.206s] Level 1:colcon.colcon_core.package_identification:_identify(.) by extensions ['cmake', 'python']
[0.206s] Level 1:colcon.colcon_core.package_identification:_identify(.) by extension 'cmake'
[0.206s] Level 1:colcon.colcon_core.package_identification:_identify(.) by extension 'python'
[0.206s] Level 1:colcon.colcon_core.package_identification:_identify(.) by extensions ['python_setup_py']
[0.206s] Level 1:colcon.colcon_core.package_identification:_identify(.) by extension 'python_setup_py'
[0.206s] Level 1:colcon.colcon_core.package_identification:_identify(build) by extensions ['ignore', 'ignore_ament_install']
[0.207s] Level 1:colcon.colcon_core.package_identification:_identify(build) by extension 'ignore'
[0.207s] Level 1:colcon.colcon_core.package_identification:_identify(build) ignored
[0.207s] Level 1:colcon.colcon_core.package_identification:_identify(install) by extensions ['ignore', 'ignore_ament_install']
[0.207s] Level 1:colcon.colcon_core.package_identification:_identify(install) by extension 'ignore'
[0.207s] Level 1:colcon.colcon_core.package_identification:_identify(install) ignored
[0.207s] Level 1:colcon.colcon_core.package_identification:_identify(launch) by extensions ['ignore', 'ignore_ament_install']
[0.207s] Level 1:colcon.colcon_core.package_identification:_identify(launch) by extension 'ignore'
[0.207s] Level 1:colcon.colcon_core.package_identification:_identify(launch) by extension 'ignore_ament_install'
[0.207s] Level 1:colcon.colcon_core.package_identification:_identify(launch) by extensions ['colcon_pkg']
[0.207s] Level 1:colcon.colcon_core.package_identification:_identify(launch) by extension 'colcon_pkg'
[0.207s] Level 1:colcon.colcon_core.package_identification:_identify(launch) by extensions ['colcon_meta']
[0.207s] Level 1:colcon.colcon_core.package_identification:_identify(launch) by extension 'colcon_meta'
[0.208s] Level 1:colcon.colcon_core.package_identification:_identify(launch) by extensions ['ros']
[0.208s] Level 1:colcon.colcon_core.package_identification:_identify(launch) by extension 'ros'
[0.208s] Level 1:colcon.colcon_core.package_identification:_identify(launch) by extensions ['cmake', 'python']
[0.208s] Level 1:colcon.colcon_core.package_identification:_identify(launch) by extension 'cmake'
[0.208s] Level 1:colcon.colcon_core.package_identification:_identify(launch) by extension 'python'
[0.208s] Level 1:colcon.colcon_core.package_identification:_identify(launch) by extensions ['python_setup_py']
[0.208s] Level 1:colcon.colcon_core.package_identification:_identify(launch) by extension 'python_setup_py'
[0.208s] Level 1:colcon.colcon_core.package_identification:_identify(log) by extensions ['ignore', 'ignore_ament_install']
[0.208s] Level 1:colcon.colcon_core.package_identification:_identify(log) by extension 'ignore'
[0.208s] Level 1:colcon.colcon_core.package_identification:_identify(log) ignored
[0.208s] Level 1:colcon.colcon_core.package_identification:_identify(meshes) by extensions ['ignore', 'ignore_ament_install']
[0.208s] Level 1:colcon.colcon_core.package_identification:_identify(meshes) by extension 'ignore'
[0.208s] Level 1:colcon.colcon_core.package_identification:_identify(meshes) by extension 'ignore_ament_install'
[0.208s] Level 1:colcon.colcon_core.package_identification:_identify(meshes) by extensions ['colcon_pkg']
[0.208s] Level 1:colcon.colcon_core.package_identification:_identify(meshes) by extension 'colcon_pkg'
[0.208s] Level 1:colcon.colcon_core.package_identification:_identify(meshes) by extensions ['colcon_meta']
[0.208s] Level 1:colcon.colcon_core.package_identification:_identify(meshes) by extension 'colcon_meta'
[0.209s] Level 1:colcon.colcon_core.package_identification:_identify(meshes) by extensions ['ros']
[0.209s] Level 1:colcon.colcon_core.package_identification:_identify(meshes) by extension 'ros'
[0.209s] Level 1:colcon.colcon_core.package_identification:_identify(meshes) by extensions ['cmake', 'python']
[0.209s] Level 1:colcon.colcon_core.package_identification:_identify(meshes) by extension 'cmake'
[0.209s] Level 1:colcon.colcon_core.package_identification:_identify(meshes) by extension 'python'
[0.209s] Level 1:colcon.colcon_core.package_identification:_identify(meshes) by extensions ['python_setup_py']
[0.209s] Level 1:colcon.colcon_core.package_identification:_identify(meshes) by extension 'python_setup_py'
[0.209s] Level 1:colcon.colcon_core.package_identification:_identify(rviz) by extensions ['ignore', 'ignore_ament_install']
[0.209s] Level 1:colcon.colcon_core.package_identification:_identify(rviz) by extension 'ignore'
[0.209s] Level 1:colcon.colcon_core.package_identification:_identify(rviz) by extension 'ignore_ament_install'
[0.209s] Level 1:colcon.colcon_core.package_identification:_identify(rviz) by extensions ['colcon_pkg']
[0.209s] Level 1:colcon.colcon_core.package_identification:_identify(rviz) by extension 'colcon_pkg'
[0.209s] Level 1:colcon.colcon_core.package_identification:_identify(rviz) by extensions ['colcon_meta']
[0.209s] Level 1:colcon.colcon_core.package_identification:_identify(rviz) by extension 'colcon_meta'
[0.209s] Level 1:colcon.colcon_core.package_identification:_identify(rviz) by extensions ['ros']
[0.209s] Level 1:colcon.colcon_core.package_identification:_identify(rviz) by extension 'ros'
[0.209s] Level 1:colcon.colcon_core.package_identification:_identify(rviz) by extensions ['cmake', 'python']
[0.209s] Level 1:colcon.colcon_core.package_identification:_identify(rviz) by extension 'cmake'
[0.209s] Level 1:colcon.colcon_core.package_identification:_identify(rviz) by extension 'python'
[0.210s] Level 1:colcon.colcon_core.package_identification:_identify(rviz) by extensions ['python_setup_py']
[0.210s] Level 1:colcon.colcon_core.package_identification:_identify(rviz) by extension 'python_setup_py'
[0.210s] Level 1:colcon.colcon_core.package_identification:_identify(src) by extensions ['ignore', 'ignore_ament_install']
[0.210s] Level 1:colcon.colcon_core.package_identification:_identify(src) by extension 'ignore'
[0.210s] Level 1:colcon.colcon_core.package_identification:_identify(src) by extension 'ignore_ament_install'
[0.210s] Level 1:colcon.colcon_core.package_identification:_identify(src) by extensions ['colcon_pkg']
[0.210s] Level 1:colcon.colcon_core.package_identification:_identify(src) by extension 'colcon_pkg'
[0.210s] Level 1:colcon.colcon_core.package_identification:_identify(src) by extensions ['colcon_meta']
[0.210s] Level 1:colcon.colcon_core.package_identification:_identify(src) by extension 'colcon_meta'
[0.210s] Level 1:colcon.colcon_core.package_identification:_identify(src) by extensions ['ros']
[0.210s] Level 1:colcon.colcon_core.package_identification:_identify(src) by extension 'ros'
[0.210s] Level 1:colcon.colcon_core.package_identification:_identify(src) by extensions ['cmake', 'python']
[0.210s] Level 1:colcon.colcon_core.package_identification:_identify(src) by extension 'cmake'
[0.210s] Level 1:colcon.colcon_core.package_identification:_identify(src) by extension 'python'
[0.210s] Level 1:colcon.colcon_core.package_identification:_identify(src) by extensions ['python_setup_py']
[0.210s] Level 1:colcon.colcon_core.package_identification:_identify(src) by extension 'python_setup_py'
[0.211s] Level 1:colcon.colcon_core.package_identification:_identify(src/cmd_vel_bridge) by extensions ['ignore', 'ignore_ament_install']
[0.211s] Level 1:colcon.colcon_core.package_identification:_identify(src/cmd_vel_bridge) by extension 'ignore'
[0.211s] Level 1:colcon.colcon_core.package_identification:_identify(src/cmd_vel_bridge) by extension 'ignore_ament_install'
[0.211s] Level 1:colcon.colcon_core.package_identification:_identify(src/cmd_vel_bridge) by extensions ['colcon_pkg']
[0.211s] Level 1:colcon.colcon_core.package_identification:_identify(src/cmd_vel_bridge) by extension 'colcon_pkg'
[0.211s] Level 1:colcon.colcon_core.package_identification:_identify(src/cmd_vel_bridge) by extensions ['colcon_meta']
[0.211s] Level 1:colcon.colcon_core.package_identification:_identify(src/cmd_vel_bridge) by extension 'colcon_meta'
[0.211s] Level 1:colcon.colcon_core.package_identification:_identify(src/cmd_vel_bridge) by extensions ['ros']
[0.211s] Level 1:colcon.colcon_core.package_identification:_identify(src/cmd_vel_bridge) by extension 'ros'
[0.214s] DEBUG:colcon.colcon_core.package_identification:Package 'src/cmd_vel_bridge' with type 'ros.ament_python' and name 'cmd_vel_bridge'
[0.214s] Level 1:colcon.colcon_core.package_identification:_identify(src/r2d10) by extensions ['ignore', 'ignore_ament_install']
[0.214s] Level 1:colcon.colcon_core.package_identification:_identify(src/r2d10) by extension 'ignore'
[0.214s] Level 1:colcon.colcon_core.package_identification:_identify(src/r2d10) by extension 'ignore_ament_install'
[0.214s] Level 1:colcon.colcon_core.package_identification:_identify(src/r2d10) by extensions ['colcon_pkg']
[0.214s] Level 1:colcon.colcon_core.package_identification:_identify(src/r2d10) by extension 'colcon_pkg'
[0.214s] Level 1:colcon.colcon_core.package_identification:_identify(src/r2d10) by extensions ['colcon_meta']
[0.214s] Level 1:colcon.colcon_core.package_identification:_identify(src/r2d10) by extension 'colcon_meta'
[0.214s] Level 1:colcon.colcon_core.package_identification:_identify(src/r2d10) by extensions ['ros']
[0.214s] Level 1:colcon.colcon_core.package_identification:_identify(src/r2d10) by extension 'ros'
[0.215s] DEBUG:colcon.colcon_core.package_identification:Package 'src/r2d10' with type 'ros.ament_cmake' and name 'r2d10'
[0.215s] Level 1:colcon.colcon_core.package_identification:_identify(urdf) by extensions ['ignore', 'ignore_ament_install']
[0.216s] Level 1:colcon.colcon_core.package_identification:_identify(urdf) by extension 'ignore'
[0.216s] Level 1:colcon.colcon_core.package_identification:_identify(urdf) by extension 'ignore_ament_install'
[0.216s] Level 1:colcon.colcon_core.package_identification:_identify(urdf) by extensions ['colcon_pkg']
[0.216s] Level 1:colcon.colcon_core.package_identification:_identify(urdf) by extension 'colcon_pkg'
[0.216s] Level 1:colcon.colcon_core.package_identification:_identify(urdf) by extensions ['colcon_meta']
[0.216s] Level 1:colcon.colcon_core.package_identification:_identify(urdf) by extension 'colcon_meta'
[0.216s] Level 1:colcon.colcon_core.package_identification:_identify(urdf) by extensions ['ros']
[0.216s] Level 1:colcon.colcon_core.package_identification:_identify(urdf) by extension 'ros'
[0.216s] Level 1:colcon.colcon_core.package_identification:_identify(urdf) by extensions ['cmake', 'python']
[0.216s] Level 1:colcon.colcon_core.package_identification:_identify(urdf) by extension 'cmake'
[0.216s] Level 1:colcon.colcon_core.package_identification:_identify(urdf) by extension 'python'
[0.216s] Level 1:colcon.colcon_core.package_identification:_identify(urdf) by extensions ['python_setup_py']
[0.216s] Level 1:colcon.colcon_core.package_identification:_identify(urdf) by extension 'python_setup_py'
[0.216s] Level 1:colcon.colcon_core.package_identification:_identify(worlds) by extensions ['ignore', 'ignore_ament_install']
[0.216s] Level 1:colcon.colcon_core.package_identification:_identify(worlds) by extension 'ignore'
[0.217s] Level 1:colcon.colcon_core.package_identification:_identify(worlds) by extension 'ignore_ament_install'
[0.217s] Level 1:colcon.colcon_core.package_identification:_identify(worlds) by extensions ['colcon_pkg']
[0.217s] Level 1:colcon.colcon_core.package_identification:_identify(worlds) by extension 'colcon_pkg'
[0.217s] Level 1:colcon.colcon_core.package_identification:_identify(worlds) by extensions ['colcon_meta']
[0.217s] Level 1:colcon.colcon_core.package_identification:_identify(worlds) by extension 'colcon_meta'
[0.217s] Level 1:colcon.colcon_core.package_identification:_identify(worlds) by extensions ['ros']
[0.217s] Level 1:colcon.colcon_core.package_identification:_identify(worlds) by extension 'ros'
[0.217s] Level 1:colcon.colcon_core.package_identification:_identify(worlds) by extensions ['cmake', 'python']
[0.217s] Level 1:colcon.colcon_core.package_identification:_identify(worlds) by extension 'cmake'
[0.217s] Level 1:colcon.colcon_core.package_identification:_identify(worlds) by extension 'python'
[0.217s] Level 1:colcon.colcon_core.package_identification:_identify(worlds) by extensions ['python_setup_py']
[0.217s] Level 1:colcon.colcon_core.package_identification:_identify(worlds) by extension 'python_setup_py'
[0.217s] Level 1:colcon.colcon_core.package_identification:_identify(worlds/build) by extensions ['ignore', 'ignore_ament_install']
[0.217s] Level 1:colcon.colcon_core.package_identification:_identify(worlds/build) by extension 'ignore'
[0.217s] Level 1:colcon.colcon_core.package_identification:_identify(worlds/build) ignored
[0.217s] Level 1:colcon.colcon_core.package_identification:_identify(worlds/install) by extensions ['ignore', 'ignore_ament_install']
[0.218s] Level 1:colcon.colcon_core.package_identification:_identify(worlds/install) by extension 'ignore'
[0.218s] Level 1:colcon.colcon_core.package_identification:_identify(worlds/install) ignored
[0.218s] Level 1:colcon.colcon_core.package_identification:_identify(worlds/log) by extensions ['ignore', 'ignore_ament_install']
[0.218s] Level 1:colcon.colcon_core.package_identification:_identify(worlds/log) by extension 'ignore'
[0.218s] Level 1:colcon.colcon_core.package_identification:_identify(worlds/log) ignored
[0.218s] Level 1:colcon.colcon_core.package_identification:_identify(worlds/models) by extensions ['ignore', 'ignore_ament_install']
[0.218s] Level 1:colcon.colcon_core.package_identification:_identify(worlds/models) by extension 'ignore'
[0.218s] Level 1:colcon.colcon_core.package_identification:_identify(worlds/models) by extension 'ignore_ament_install'
[0.218s] Level 1:colcon.colcon_core.package_identification:_identify(worlds/models) by extensions ['colcon_pkg']
[0.218s] Level 1:colcon.colcon_core.package_identification:_identify(worlds/models) by extension 'colcon_pkg'
[0.218s] Level 1:colcon.colcon_core.package_identification:_identify(worlds/models) by extensions ['colcon_meta']
[0.218s] Level 1:colcon.colcon_core.package_identification:_identify(worlds/models) by extension 'colcon_meta'
[0.218s] Level 1:colcon.colcon_core.package_identification:_identify(worlds/models) by extensions ['ros']
[0.218s] Level 1:colcon.colcon_core.package_identification:_identify(worlds/models) by extension 'ros'
[0.218s] Level 1:colcon.colcon_core.package_identification:_identify(worlds/models) by extensions ['cmake', 'python']
[0.219s] Level 1:colcon.colcon_core.package_identification:_identify(worlds/models) by extension 'cmake'
[0.219s] Level 1:colcon.colcon_core.package_identification:_identify(worlds/models) by extension 'python'
[0.219s] Level 1:colcon.colcon_core.package_identification:_identify(worlds/models) by extensions ['python_setup_py']
[0.219s] Level 1:colcon.colcon_core.package_identification:_identify(worlds/models) by extension 'python_setup_py'
[0.219s] Level 1:colcon.colcon_core.package_identification:_identify(worlds/models/actor) by extensions ['ignore', 'ignore_ament_install']
[0.219s] Level 1:colcon.colcon_core.package_identification:_identify(worlds/models/actor) by extension 'ignore'
[0.219s] Level 1:colcon.colcon_core.package_identification:_identify(worlds/models/actor) by extension 'ignore_ament_install'
[0.219s] Level 1:colcon.colcon_core.package_identification:_identify(worlds/models/actor) by extensions ['colcon_pkg']
[0.219s] Level 1:colcon.colcon_core.package_identification:_identify(worlds/models/actor) by extension 'colcon_pkg'
[0.219s] Level 1:colcon.colcon_core.package_identification:_identify(worlds/models/actor) by extensions ['colcon_meta']
[0.219s] Level 1:colcon.colcon_core.package_identification:_identify(worlds/models/actor) by extension 'colcon_meta'
[0.219s] Level 1:colcon.colcon_core.package_identification:_identify(worlds/models/actor) by extensions ['ros']
[0.219s] Level 1:colcon.colcon_core.package_identification:_identify(worlds/models/actor) by extension 'ros'
[0.219s] Level 1:colcon.colcon_core.package_identification:_identify(worlds/models/actor) by extensions ['cmake', 'python']
[0.219s] Level 1:colcon.colcon_core.package_identification:_identify(worlds/models/actor) by extension 'cmake'
[0.219s] Level 1:colcon.colcon_core.package_identification:_identify(worlds/models/actor) by extension 'python'
[0.220s] Level 1:colcon.colcon_core.package_identification:_identify(worlds/models/actor) by extensions ['python_setup_py']
[0.220s] Level 1:colcon.colcon_core.package_identification:_identify(worlds/models/actor) by extension 'python_setup_py'
[0.220s] Level 1:colcon.colcon_core.package_identification:_identify(worlds/models/actor/meshes) by extensions ['ignore', 'ignore_ament_install']
[0.220s] Level 1:colcon.colcon_core.package_identification:_identify(worlds/models/actor/meshes) by extension 'ignore'
[0.220s] Level 1:colcon.colcon_core.package_identification:_identify(worlds/models/actor/meshes) by extension 'ignore_ament_install'
[0.220s] Level 1:colcon.colcon_core.package_identification:_identify(worlds/models/actor/meshes) by extensions ['colcon_pkg']
[0.220s] Level 1:colcon.colcon_core.package_identification:_identify(worlds/models/actor/meshes) by extension 'colcon_pkg'
[0.220s] Level 1:colcon.colcon_core.package_identification:_identify(worlds/models/actor/meshes) by extensions ['colcon_meta']
[0.220s] Level 1:colcon.colcon_core.package_identification:_identify(worlds/models/actor/meshes) by extension 'colcon_meta'
[0.220s] Level 1:colcon.colcon_core.package_identification:_identify(worlds/models/actor/meshes) by extensions ['ros']
[0.220s] Level 1:colcon.colcon_core.package_identification:_identify(worlds/models/actor/meshes) by extension 'ros'
[0.220s] Level 1:colcon.colcon_core.package_identification:_identify(worlds/models/actor/meshes) by extensions ['cmake', 'python']
[0.220s] Level 1:colcon.colcon_core.package_identification:_identify(worlds/models/actor/meshes) by extension 'cmake'
[0.220s] Level 1:colcon.colcon_core.package_identification:_identify(worlds/models/actor/meshes) by extension 'python'
[0.220s] Level 1:colcon.colcon_core.package_identification:_identify(worlds/models/actor/meshes) by extensions ['python_setup_py']
[0.220s] Level 1:colcon.colcon_core.package_identification:_identify(worlds/models/actor/meshes) by extension 'python_setup_py'
[0.221s] Level 1:colcon.colcon_core.package_identification:_identify(worlds/models/actor/thumbnails) by extensions ['ignore', 'ignore_ament_install']
[0.221s] Level 1:colcon.colcon_core.package_identification:_identify(worlds/models/actor/thumbnails) by extension 'ignore'
[0.221s] Level 1:colcon.colcon_core.package_identification:_identify(worlds/models/actor/thumbnails) by extension 'ignore_ament_install'
[0.221s] Level 1:colcon.colcon_core.package_identification:_identify(worlds/models/actor/thumbnails) by extensions ['colcon_pkg']
[0.221s] Level 1:colcon.colcon_core.package_identification:_identify(worlds/models/actor/thumbnails) by extension 'colcon_pkg'
[0.221s] Level 1:colcon.colcon_core.package_identification:_identify(worlds/models/actor/thumbnails) by extensions ['colcon_meta']
[0.221s] Level 1:colcon.colcon_core.package_identification:_identify(worlds/models/actor/thumbnails) by extension 'colcon_meta'
[0.221s] Level 1:colcon.colcon_core.package_identification:_identify(worlds/models/actor/thumbnails) by extensions ['ros']
[0.221s] Level 1:colcon.colcon_core.package_identification:_identify(worlds/models/actor/thumbnails) by extension 'ros'
[0.221s] Level 1:colcon.colcon_core.package_identification:_identify(worlds/models/actor/thumbnails) by extensions ['cmake', 'python']
[0.221s] Level 1:colcon.colcon_core.package_identification:_identify(worlds/models/actor/thumbnails) by extension 'cmake'
[0.221s] Level 1:colcon.colcon_core.package_identification:_identify(worlds/models/actor/thumbnails) by extension 'python'
[0.221s] Level 1:colcon.colcon_core.package_identification:_identify(worlds/models/actor/thumbnails) by extensions ['python_setup_py']
[0.221s] Level 1:colcon.colcon_core.package_identification:_identify(worlds/models/actor/thumbnails) by extension 'python_setup_py'
[0.221s] Level 1:colcon.colcon_core.package_identification:_identify(worlds/models/bookshelf) by extensions ['ignore', 'ignore_ament_install']
[0.222s] Level 1:colcon.colcon_core.package_identification:_identify(worlds/models/bookshelf) by extension 'ignore'
[0.222s] Level 1:colcon.colcon_core.package_identification:_identify(worlds/models/bookshelf) by extension 'ignore_ament_install'
[0.222s] Level 1:colcon.colcon_core.package_identification:_identify(worlds/models/bookshelf) by extensions ['colcon_pkg']
[0.222s] Level 1:colcon.colcon_core.package_identification:_identify(worlds/models/bookshelf) by extension 'colcon_pkg'
[0.222s] Level 1:colcon.colcon_core.package_identification:_identify(worlds/models/bookshelf) by extensions ['colcon_meta']
[0.222s] Level 1:colcon.colcon_core.package_identification:_identify(worlds/models/bookshelf) by extension 'colcon_meta'
[0.222s] Level 1:colcon.colcon_core.package_identification:_identify(worlds/models/bookshelf) by extensions ['ros']
[0.222s] Level 1:colcon.colcon_core.package_identification:_identify(worlds/models/bookshelf) by extension 'ros'
[0.222s] Level 1:colcon.colcon_core.package_identification:_identify(worlds/models/bookshelf) by extensions ['cmake', 'python']
[0.222s] Level 1:colcon.colcon_core.package_identification:_identify(worlds/models/bookshelf) by extension 'cmake'
[0.222s] Level 1:colcon.colcon_core.package_identification:_identify(worlds/models/bookshelf) by extension 'python'
[0.222s] Level 1:colcon.colcon_core.package_identification:_identify(worlds/models/bookshelf) by extensions ['python_setup_py']
[0.222s] Level 1:colcon.colcon_core.package_identification:_identify(worlds/models/bookshelf) by extension 'python_setup_py'
[0.222s] Level 1:colcon.colcon_core.package_identification:_identify(worlds/models/bookshelf/thumbnails) by extensions ['ignore', 'ignore_ament_install']
[0.222s] Level 1:colcon.colcon_core.package_identification:_identify(worlds/models/bookshelf/thumbnails) by extension 'ignore'
[0.223s] Level 1:colcon.colcon_core.package_identification:_identify(worlds/models/bookshelf/thumbnails) by extension 'ignore_ament_install'
[0.223s] Level 1:colcon.colcon_core.package_identification:_identify(worlds/models/bookshelf/thumbnails) by extensions ['colcon_pkg']
[0.223s] Level 1:colcon.colcon_core.package_identification:_identify(worlds/models/bookshelf/thumbnails) by extension 'colcon_pkg'
[0.223s] Level 1:colcon.colcon_core.package_identification:_identify(worlds/models/bookshelf/thumbnails) by extensions ['colcon_meta']
[0.223s] Level 1:colcon.colcon_core.package_identification:_identify(worlds/models/bookshelf/thumbnails) by extension 'colcon_meta'
[0.223s] Level 1:colcon.colcon_core.package_identification:_identify(worlds/models/bookshelf/thumbnails) by extensions ['ros']
[0.223s] Level 1:colcon.colcon_core.package_identification:_identify(worlds/models/bookshelf/thumbnails) by extension 'ros'
[0.223s] Level 1:colcon.colcon_core.package_identification:_identify(worlds/models/bookshelf/thumbnails) by extensions ['cmake', 'python']
[0.223s] Level 1:colcon.colcon_core.package_identification:_identify(worlds/models/bookshelf/thumbnails) by extension 'cmake'
[0.223s] Level 1:colcon.colcon_core.package_identification:_identify(worlds/models/bookshelf/thumbnails) by extension 'python'
[0.223s] Level 1:colcon.colcon_core.package_identification:_identify(worlds/models/bookshelf/thumbnails) by extensions ['python_setup_py']
[0.223s] Level 1:colcon.colcon_core.package_identification:_identify(worlds/models/bookshelf/thumbnails) by extension 'python_setup_py'
[0.223s] Level 1:colcon.colcon_core.package_identification:_identify(worlds/models/cricket ball) by extensions ['ignore', 'ignore_ament_install']
[0.223s] Level 1:colcon.colcon_core.package_identification:_identify(worlds/models/cricket ball) by extension 'ignore'
[0.223s] Level 1:colcon.colcon_core.package_identification:_identify(worlds/models/cricket ball) by extension 'ignore_ament_install'
[0.224s] Level 1:colcon.colcon_core.package_identification:_identify(worlds/models/cricket ball) by extensions ['colcon_pkg']
[0.224s] Level 1:colcon.colcon_core.package_identification:_identify(worlds/models/cricket ball) by extension 'colcon_pkg'
[0.224s] Level 1:colcon.colcon_core.package_identification:_identify(worlds/models/cricket ball) by extensions ['colcon_meta']
[0.224s] Level 1:colcon.colcon_core.package_identification:_identify(worlds/models/cricket ball) by extension 'colcon_meta'
[0.224s] Level 1:colcon.colcon_core.package_identification:_identify(worlds/models/cricket ball) by extensions ['ros']
[0.224s] Level 1:colcon.colcon_core.package_identification:_identify(worlds/models/cricket ball) by extension 'ros'
[0.224s] Level 1:colcon.colcon_core.package_identification:_identify(worlds/models/cricket ball) by extensions ['cmake', 'python']
[0.224s] Level 1:colcon.colcon_core.package_identification:_identify(worlds/models/cricket ball) by extension 'cmake'
[0.224s] Level 1:colcon.colcon_core.package_identification:_identify(worlds/models/cricket ball) by extension 'python'
[0.224s] Level 1:colcon.colcon_core.package_identification:_identify(worlds/models/cricket ball) by extensions ['python_setup_py']
[0.224s] Level 1:colcon.colcon_core.package_identification:_identify(worlds/models/cricket ball) by extension 'python_setup_py'
[0.224s] Level 1:colcon.colcon_core.package_identification:_identify(worlds/models/cricket ball/thumbnails) by extensions ['ignore', 'ignore_ament_install']
[0.224s] Level 1:colcon.colcon_core.package_identification:_identify(worlds/models/cricket ball/thumbnails) by extension 'ignore'
[0.224s] Level 1:colcon.colcon_core.package_identification:_identify(worlds/models/cricket ball/thumbnails) by extension 'ignore_ament_install'
[0.224s] Level 1:colcon.colcon_core.package_identification:_identify(worlds/models/cricket ball/thumbnails) by extensions ['colcon_pkg']
[0.224s] Level 1:colcon.colcon_core.package_identification:_identify(worlds/models/cricket ball/thumbnails) by extension 'colcon_pkg'
[0.224s] Level 1:colcon.colcon_core.package_identification:_identify(worlds/models/cricket ball/thumbnails) by extensions ['colcon_meta']
[0.224s] Level 1:colcon.colcon_core.package_identification:_identify(worlds/models/cricket ball/thumbnails) by extension 'colcon_meta'
[0.224s] Level 1:colcon.colcon_core.package_identification:_identify(worlds/models/cricket ball/thumbnails) by extensions ['ros']
[0.225s] Level 1:colcon.colcon_core.package_identification:_identify(worlds/models/cricket ball/thumbnails) by extension 'ros'
[0.225s] Level 1:colcon.colcon_core.package_identification:_identify(worlds/models/cricket ball/thumbnails) by extensions ['cmake', 'python']
[0.225s] Level 1:colcon.colcon_core.package_identification:_identify(worlds/models/cricket ball/thumbnails) by extension 'cmake'
[0.225s] Level 1:colcon.colcon_core.package_identification:_identify(worlds/models/cricket ball/thumbnails) by extension 'python'
[0.225s] Level 1:colcon.colcon_core.package_identification:_identify(worlds/models/cricket ball/thumbnails) by extensions ['python_setup_py']
[0.225s] Level 1:colcon.colcon_core.package_identification:_identify(worlds/models/cricket ball/thumbnails) by extension 'python_setup_py'
[0.225s] Level 1:colcon.colcon_core.package_identification:_identify(worlds/models/floor materials) by extensions ['ignore', 'ignore_ament_install']
[0.225s] Level 1:colcon.colcon_core.package_identification:_identify(worlds/models/floor materials) by extension 'ignore'
[0.225s] Level 1:colcon.colcon_core.package_identification:_identify(worlds/models/floor materials) by extension 'ignore_ament_install'
[0.225s] Level 1:colcon.colcon_core.package_identification:_identify(worlds/models/floor materials) by extensions ['colcon_pkg']
[0.225s] Level 1:colcon.colcon_core.package_identification:_identify(worlds/models/floor materials) by extension 'colcon_pkg'
[0.225s] Level 1:colcon.colcon_core.package_identification:_identify(worlds/models/floor materials) by extensions ['colcon_meta']
[0.225s] Level 1:colcon.colcon_core.package_identification:_identify(worlds/models/floor materials) by extension 'colcon_meta'
[0.225s] Level 1:colcon.colcon_core.package_identification:_identify(worlds/models/floor materials) by extensions ['ros']
[0.225s] Level 1:colcon.colcon_core.package_identification:_identify(worlds/models/floor materials) by extension 'ros'
[0.225s] Level 1:colcon.colcon_core.package_identification:_identify(worlds/models/floor materials) by extensions ['cmake', 'python']
[0.225s] Level 1:colcon.colcon_core.package_identification:_identify(worlds/models/floor materials) by extension 'cmake'
[0.225s] Level 1:colcon.colcon_core.package_identification:_identify(worlds/models/floor materials) by extension 'python'
[0.225s] Level 1:colcon.colcon_core.package_identification:_identify(worlds/models/floor materials) by extensions ['python_setup_py']
[0.226s] Level 1:colcon.colcon_core.package_identification:_identify(worlds/models/floor materials) by extension 'python_setup_py'
[0.226s] Level 1:colcon.colcon_core.package_identification:_identify(worlds/models/floor materials/materials) by extensions ['ignore', 'ignore_ament_install']
[0.226s] Level 1:colcon.colcon_core.package_identification:_identify(worlds/models/floor materials/materials) by extension 'ignore'
[0.226s] Level 1:colcon.colcon_core.package_identification:_identify(worlds/models/floor materials/materials) by extension 'ignore_ament_install'
[0.226s] Level 1:colcon.colcon_core.package_identification:_identify(worlds/models/floor materials/materials) by extensions ['colcon_pkg']
[0.226s] Level 1:colcon.colcon_core.package_identification:_identify(worlds/models/floor materials/materials) by extension 'colcon_pkg'
[0.226s] Level 1:colcon.colcon_core.package_identification:_identify(worlds/models/floor materials/materials) by extensions ['colcon_meta']
[0.226s] Level 1:colcon.colcon_core.package_identification:_identify(worlds/models/floor materials/materials) by extension 'colcon_meta'
[0.226s] Level 1:colcon.colcon_core.package_identification:_identify(worlds/models/floor materials/materials) by extensions ['ros']
[0.226s] Level 1:colcon.colcon_core.package_identification:_identify(worlds/models/floor materials/materials) by extension 'ros'
[0.226s] Level 1:colcon.colcon_core.package_identification:_identify(worlds/models/floor materials/materials) by extensions ['cmake', 'python']
[0.226s] Level 1:colcon.colcon_core.package_identification:_identify(worlds/models/floor materials/materials) by extension 'cmake'
[0.226s] Level 1:colcon.colcon_core.package_identification:_identify(worlds/models/floor materials/materials) by extension 'python'
[0.226s] Level 1:colcon.colcon_core.package_identification:_identify(worlds/models/floor materials/materials) by extensions ['python_setup_py']
[0.226s] Level 1:colcon.colcon_core.package_identification:_identify(worlds/models/floor materials/materials) by extension 'python_setup_py'
[0.226s] Level 1:colcon.colcon_core.package_identification:_identify(worlds/models/floor materials/materials/textures) by extensions ['ignore', 'ignore_ament_install']
[0.226s] Level 1:colcon.colcon_core.package_identification:_identify(worlds/models/floor materials/materials/textures) by extension 'ignore'
[0.227s] Level 1:colcon.colcon_core.package_identification:_identify(worlds/models/floor materials/materials/textures) by extension 'ignore_ament_install'
[0.227s] Level 1:colcon.colcon_core.package_identification:_identify(worlds/models/floor materials/materials/textures) by extensions ['colcon_pkg']
[0.227s] Level 1:colcon.colcon_core.package_identification:_identify(worlds/models/floor materials/materials/textures) by extension 'colcon_pkg'
[0.227s] Level 1:colcon.colcon_core.package_identification:_identify(worlds/models/floor materials/materials/textures) by extensions ['colcon_meta']
[0.227s] Level 1:colcon.colcon_core.package_identification:_identify(worlds/models/floor materials/materials/textures) by extension 'colcon_meta'
[0.227s] Level 1:colcon.colcon_core.package_identification:_identify(worlds/models/floor materials/materials/textures) by extensions ['ros']
[0.227s] Level 1:colcon.colcon_core.package_identification:_identify(worlds/models/floor materials/materials/textures) by extension 'ros'
[0.227s] Level 1:colcon.colcon_core.package_identification:_identify(worlds/models/floor materials/materials/textures) by extensions ['cmake', 'python']
[0.227s] Level 1:colcon.colcon_core.package_identification:_identify(worlds/models/floor materials/materials/textures) by extension 'cmake'
[0.227s] Level 1:colcon.colcon_core.package_identification:_identify(worlds/models/floor materials/materials/textures) by extension 'python'
[0.227s] Level 1:colcon.colcon_core.package_identification:_identify(worlds/models/floor materials/materials/textures) by extensions ['python_setup_py']
[0.227s] Level 1:colcon.colcon_core.package_identification:_identify(worlds/models/floor materials/materials/textures) by extension 'python_setup_py'
[0.227s] Level 1:colcon.colcon_core.package_identification:_identify(worlds/models/floor materials/meshes) by extensions ['ignore', 'ignore_ament_install']
[0.227s] Level 1:colcon.colcon_core.package_identification:_identify(worlds/models/floor materials/meshes) by extension 'ignore'
[0.227s] Level 1:colcon.colcon_core.package_identification:_identify(worlds/models/floor materials/meshes) by extension 'ignore_ament_install'
[0.227s] Level 1:colcon.colcon_core.package_identification:_identify(worlds/models/floor materials/meshes) by extensions ['colcon_pkg']
[0.227s] Level 1:colcon.colcon_core.package_identification:_identify(worlds/models/floor materials/meshes) by extension 'colcon_pkg'
[0.227s] Level 1:colcon.colcon_core.package_identification:_identify(worlds/models/floor materials/meshes) by extensions ['colcon_meta']
[0.228s] Level 1:colcon.colcon_core.package_identification:_identify(worlds/models/floor materials/meshes) by extension 'colcon_meta'
[0.228s] Level 1:colcon.colcon_core.package_identification:_identify(worlds/models/floor materials/meshes) by extensions ['ros']
[0.228s] Level 1:colcon.colcon_core.package_identification:_identify(worlds/models/floor materials/meshes) by extension 'ros'
[0.228s] Level 1:colcon.colcon_core.package_identification:_identify(worlds/models/floor materials/meshes) by extensions ['cmake', 'python']
[0.228s] Level 1:colcon.colcon_core.package_identification:_identify(worlds/models/floor materials/meshes) by extension 'cmake'
[0.228s] Level 1:colcon.colcon_core.package_identification:_identify(worlds/models/floor materials/meshes) by extension 'python'
[0.228s] Level 1:colcon.colcon_core.package_identification:_identify(worlds/models/floor materials/meshes) by extensions ['python_setup_py']
[0.228s] Level 1:colcon.colcon_core.package_identification:_identify(worlds/models/floor materials/meshes) by extension 'python_setup_py'
[0.228s] Level 1:colcon.colcon_core.package_identification:_identify(worlds/models/office chair) by extensions ['ignore', 'ignore_ament_install']
[0.228s] Level 1:colcon.colcon_core.package_identification:_identify(worlds/models/office chair) by extension 'ignore'
[0.228s] Level 1:colcon.colcon_core.package_identification:_identify(worlds/models/office chair) by extension 'ignore_ament_install'
[0.228s] Level 1:colcon.colcon_core.package_identification:_identify(worlds/models/office chair) by extensions ['colcon_pkg']
[0.228s] Level 1:colcon.colcon_core.package_identification:_identify(worlds/models/office chair) by extension 'colcon_pkg'
[0.228s] Level 1:colcon.colcon_core.package_identification:_identify(worlds/models/office chair) by extensions ['colcon_meta']
[0.228s] Level 1:colcon.colcon_core.package_identification:_identify(worlds/models/office chair) by extension 'colcon_meta'
[0.228s] Level 1:colcon.colcon_core.package_identification:_identify(worlds/models/office chair) by extensions ['ros']
[0.228s] Level 1:colcon.colcon_core.package_identification:_identify(worlds/models/office chair) by extension 'ros'
[0.228s] Level 1:colcon.colcon_core.package_identification:_identify(worlds/models/office chair) by extensions ['cmake', 'python']
[0.229s] Level 1:colcon.colcon_core.package_identification:_identify(worlds/models/office chair) by extension 'cmake'
[0.229s] Level 1:colcon.colcon_core.package_identification:_identify(worlds/models/office chair) by extension 'python'
[0.229s] Level 1:colcon.colcon_core.package_identification:_identify(worlds/models/office chair) by extensions ['python_setup_py']
[0.229s] Level 1:colcon.colcon_core.package_identification:_identify(worlds/models/office chair) by extension 'python_setup_py'
[0.229s] Level 1:colcon.colcon_core.package_identification:_identify(worlds/models/office chair/materials) by extensions ['ignore', 'ignore_ament_install']
[0.229s] Level 1:colcon.colcon_core.package_identification:_identify(worlds/models/office chair/materials) by extension 'ignore'
[0.229s] Level 1:colcon.colcon_core.package_identification:_identify(worlds/models/office chair/materials) by extension 'ignore_ament_install'
[0.229s] Level 1:colcon.colcon_core.package_identification:_identify(worlds/models/office chair/materials) by extensions ['colcon_pkg']
[0.229s] Level 1:colcon.colcon_core.package_identification:_identify(worlds/models/office chair/materials) by extension 'colcon_pkg'
[0.229s] Level 1:colcon.colcon_core.package_identification:_identify(worlds/models/office chair/materials) by extensions ['colcon_meta']
[0.229s] Level 1:colcon.colcon_core.package_identification:_identify(worlds/models/office chair/materials) by extension 'colcon_meta'
[0.229s] Level 1:colcon.colcon_core.package_identification:_identify(worlds/models/office chair/materials) by extensions ['ros']
[0.229s] Level 1:colcon.colcon_core.package_identification:_identify(worlds/models/office chair/materials) by extension 'ros'
[0.229s] Level 1:colcon.colcon_core.package_identification:_identify(worlds/models/office chair/materials) by extensions ['cmake', 'python']
[0.229s] Level 1:colcon.colcon_core.package_identification:_identify(worlds/models/office chair/materials) by extension 'cmake'
[0.229s] Level 1:colcon.colcon_core.package_identification:_identify(worlds/models/office chair/materials) by extension 'python'
[0.229s] Level 1:colcon.colcon_core.package_identification:_identify(worlds/models/office chair/materials) by extensions ['python_setup_py']
[0.229s] Level 1:colcon.colcon_core.package_identification:_identify(worlds/models/office chair/materials) by extension 'python_setup_py'
[0.230s] Level 1:colcon.colcon_core.package_identification:_identify(worlds/models/office chair/materials/textures) by extensions ['ignore', 'ignore_ament_install']
[0.230s] Level 1:colcon.colcon_core.package_identification:_identify(worlds/models/office chair/materials/textures) by extension 'ignore'
[0.230s] Level 1:colcon.colcon_core.package_identification:_identify(worlds/models/office chair/materials/textures) by extension 'ignore_ament_install'
[0.230s] Level 1:colcon.colcon_core.package_identification:_identify(worlds/models/office chair/materials/textures) by extensions ['colcon_pkg']
[0.230s] Level 1:colcon.colcon_core.package_identification:_identify(worlds/models/office chair/materials/textures) by extension 'colcon_pkg'
[0.230s] Level 1:colcon.colcon_core.package_identification:_identify(worlds/models/office chair/materials/textures) by extensions ['colcon_meta']
[0.230s] Level 1:colcon.colcon_core.package_identification:_identify(worlds/models/office chair/materials/textures) by extension 'colcon_meta'
[0.230s] Level 1:colcon.colcon_core.package_identification:_identify(worlds/models/office chair/materials/textures) by extensions ['ros']
[0.230s] Level 1:colcon.colcon_core.package_identification:_identify(worlds/models/office chair/materials/textures) by extension 'ros'
[0.230s] Level 1:colcon.colcon_core.package_identification:_identify(worlds/models/office chair/materials/textures) by extensions ['cmake', 'python']
[0.230s] Level 1:colcon.colcon_core.package_identification:_identify(worlds/models/office chair/materials/textures) by extension 'cmake'
[0.230s] Level 1:colcon.colcon_core.package_identification:_identify(worlds/models/office chair/materials/textures) by extension 'python'
[0.230s] Level 1:colcon.colcon_core.package_identification:_identify(worlds/models/office chair/materials/textures) by extensions ['python_setup_py']
[0.230s] Level 1:colcon.colcon_core.package_identification:_identify(worlds/models/office chair/materials/textures) by extension 'python_setup_py'
[0.230s] Level 1:colcon.colcon_core.package_identification:_identify(worlds/models/office chair/meshes) by extensions ['ignore', 'ignore_ament_install']
[0.230s] Level 1:colcon.colcon_core.package_identification:_identify(worlds/models/office chair/meshes) by extension 'ignore'
[0.230s] Level 1:colcon.colcon_core.package_identification:_identify(worlds/models/office chair/meshes) by extension 'ignore_ament_install'
[0.231s] Level 1:colcon.colcon_core.package_identification:_identify(worlds/models/office chair/meshes) by extensions ['colcon_pkg']
[0.231s] Level 1:colcon.colcon_core.package_identification:_identify(worlds/models/office chair/meshes) by extension 'colcon_pkg'
[0.231s] Level 1:colcon.colcon_core.package_identification:_identify(worlds/models/office chair/meshes) by extensions ['colcon_meta']
[0.231s] Level 1:colcon.colcon_core.package_identification:_identify(worlds/models/office chair/meshes) by extension 'colcon_meta'
[0.231s] Level 1:colcon.colcon_core.package_identification:_identify(worlds/models/office chair/meshes) by extensions ['ros']
[0.231s] Level 1:colcon.colcon_core.package_identification:_identify(worlds/models/office chair/meshes) by extension 'ros'
[0.231s] Level 1:colcon.colcon_core.package_identification:_identify(worlds/models/office chair/meshes) by extensions ['cmake', 'python']
[0.231s] Level 1:colcon.colcon_core.package_identification:_identify(worlds/models/office chair/meshes) by extension 'cmake'
[0.231s] Level 1:colcon.colcon_core.package_identification:_identify(worlds/models/office chair/meshes) by extension 'python'
[0.231s] Level 1:colcon.colcon_core.package_identification:_identify(worlds/models/office chair/meshes) by extensions ['python_setup_py']
[0.231s] Level 1:colcon.colcon_core.package_identification:_identify(worlds/models/office chair/meshes) by extension 'python_setup_py'
[0.231s] Level 1:colcon.colcon_core.package_identification:_identify(worlds/models/office chair/thumbnails) by extensions ['ignore', 'ignore_ament_install']
[0.231s] Level 1:colcon.colcon_core.package_identification:_identify(worlds/models/office chair/thumbnails) by extension 'ignore'
[0.231s] Level 1:colcon.colcon_core.package_identification:_identify(worlds/models/office chair/thumbnails) by extension 'ignore_ament_install'
[0.231s] Level 1:colcon.colcon_core.package_identification:_identify(worlds/models/office chair/thumbnails) by extensions ['colcon_pkg']
[0.231s] Level 1:colcon.colcon_core.package_identification:_identify(worlds/models/office chair/thumbnails) by extension 'colcon_pkg'
[0.231s] Level 1:colcon.colcon_core.package_identification:_identify(worlds/models/office chair/thumbnails) by extensions ['colcon_meta']
[0.231s] Level 1:colcon.colcon_core.package_identification:_identify(worlds/models/office chair/thumbnails) by extension 'colcon_meta'
[0.231s] Level 1:colcon.colcon_core.package_identification:_identify(worlds/models/office chair/thumbnails) by extensions ['ros']
[0.232s] Level 1:colcon.colcon_core.package_identification:_identify(worlds/models/office chair/thumbnails) by extension 'ros'
[0.232s] Level 1:colcon.colcon_core.package_identification:_identify(worlds/models/office chair/thumbnails) by extensions ['cmake', 'python']
[0.232s] Level 1:colcon.colcon_core.package_identification:_identify(worlds/models/office chair/thumbnails) by extension 'cmake'
[0.232s] Level 1:colcon.colcon_core.package_identification:_identify(worlds/models/office chair/thumbnails) by extension 'python'
[0.232s] Level 1:colcon.colcon_core.package_identification:_identify(worlds/models/office chair/thumbnails) by extensions ['python_setup_py']
[0.232s] Level 1:colcon.colcon_core.package_identification:_identify(worlds/models/office chair/thumbnails) by extension 'python_setup_py'
[0.232s] Level 1:colcon.colcon_core.package_identification:_identify(worlds/models/office desk) by extensions ['ignore', 'ignore_ament_install']
[0.232s] Level 1:colcon.colcon_core.package_identification:_identify(worlds/models/office desk) by extension 'ignore'
[0.232s] Level 1:colcon.colcon_core.package_identification:_identify(worlds/models/office desk) by extension 'ignore_ament_install'
[0.232s] Level 1:colcon.colcon_core.package_identification:_identify(worlds/models/office desk) by extensions ['colcon_pkg']
[0.232s] Level 1:colcon.colcon_core.package_identification:_identify(worlds/models/office desk) by extension 'colcon_pkg'
[0.232s] Level 1:colcon.colcon_core.package_identification:_identify(worlds/models/office desk) by extensions ['colcon_meta']
[0.232s] Level 1:colcon.colcon_core.package_identification:_identify(worlds/models/office desk) by extension 'colcon_meta'
[0.232s] Level 1:colcon.colcon_core.package_identification:_identify(worlds/models/office desk) by extensions ['ros']
[0.232s] Level 1:colcon.colcon_core.package_identification:_identify(worlds/models/office desk) by extension 'ros'
[0.232s] Level 1:colcon.colcon_core.package_identification:_identify(worlds/models/office desk) by extensions ['cmake', 'python']
[0.232s] Level 1:colcon.colcon_core.package_identification:_identify(worlds/models/office desk) by extension 'cmake'
[0.232s] Level 1:colcon.colcon_core.package_identification:_identify(worlds/models/office desk) by extension 'python'
[0.233s] Level 1:colcon.colcon_core.package_identification:_identify(worlds/models/office desk) by extensions ['python_setup_py']
[0.233s] Level 1:colcon.colcon_core.package_identification:_identify(worlds/models/office desk) by extension 'python_setup_py'
[0.233s] Level 1:colcon.colcon_core.package_identification:_identify(worlds/models/office desk/materials) by extensions ['ignore', 'ignore_ament_install']
[0.233s] Level 1:colcon.colcon_core.package_identification:_identify(worlds/models/office desk/materials) by extension 'ignore'
[0.233s] Level 1:colcon.colcon_core.package_identification:_identify(worlds/models/office desk/materials) by extension 'ignore_ament_install'
[0.233s] Level 1:colcon.colcon_core.package_identification:_identify(worlds/models/office desk/materials) by extensions ['colcon_pkg']
[0.233s] Level 1:colcon.colcon_core.package_identification:_identify(worlds/models/office desk/materials) by extension 'colcon_pkg'
[0.233s] Level 1:colcon.colcon_core.package_identification:_identify(worlds/models/office desk/materials) by extensions ['colcon_meta']
[0.233s] Level 1:colcon.colcon_core.package_identification:_identify(worlds/models/office desk/materials) by extension 'colcon_meta'
[0.233s] Level 1:colcon.colcon_core.package_identification:_identify(worlds/models/office desk/materials) by extensions ['ros']
[0.233s] Level 1:colcon.colcon_core.package_identification:_identify(worlds/models/office desk/materials) by extension 'ros'
[0.233s] Level 1:colcon.colcon_core.package_identification:_identify(worlds/models/office desk/materials) by extensions ['cmake', 'python']
[0.233s] Level 1:colcon.colcon_core.package_identification:_identify(worlds/models/office desk/materials) by extension 'cmake'
[0.233s] Level 1:colcon.colcon_core.package_identification:_identify(worlds/models/office desk/materials) by extension 'python'
[0.233s] Level 1:colcon.colcon_core.package_identification:_identify(worlds/models/office desk/materials) by extensions ['python_setup_py']
[0.233s] Level 1:colcon.colcon_core.package_identification:_identify(worlds/models/office desk/materials) by extension 'python_setup_py'
[0.233s] Level 1:colcon.colcon_core.package_identification:_identify(worlds/models/office desk/materials/textures) by extensions ['ignore', 'ignore_ament_install']
[0.234s] Level 1:colcon.colcon_core.package_identification:_identify(worlds/models/office desk/materials/textures) by extension 'ignore'
[0.234s] Level 1:colcon.colcon_core.package_identification:_identify(worlds/models/office desk/materials/textures) by extension 'ignore_ament_install'
[0.234s] Level 1:colcon.colcon_core.package_identification:_identify(worlds/models/office desk/materials/textures) by extensions ['colcon_pkg']
[0.234s] Level 1:colcon.colcon_core.package_identification:_identify(worlds/models/office desk/materials/textures) by extension 'colcon_pkg'
[0.234s] Level 1:colcon.colcon_core.package_identification:_identify(worlds/models/office desk/materials/textures) by extensions ['colcon_meta']
[0.234s] Level 1:colcon.colcon_core.package_identification:_identify(worlds/models/office desk/materials/textures) by extension 'colcon_meta'
[0.234s] Level 1:colcon.colcon_core.package_identification:_identify(worlds/models/office desk/materials/textures) by extensions ['ros']
[0.234s] Level 1:colcon.colcon_core.package_identification:_identify(worlds/models/office desk/materials/textures) by extension 'ros'
[0.234s] Level 1:colcon.colcon_core.package_identification:_identify(worlds/models/office desk/materials/textures) by extensions ['cmake', 'python']
[0.234s] Level 1:colcon.colcon_core.package_identification:_identify(worlds/models/office desk/materials/textures) by extension 'cmake'
[0.234s] Level 1:colcon.colcon_core.package_identification:_identify(worlds/models/office desk/materials/textures) by extension 'python'
[0.234s] Level 1:colcon.colcon_core.package_identification:_identify(worlds/models/office desk/materials/textures) by extensions ['python_setup_py']
[0.234s] Level 1:colcon.colcon_core.package_identification:_identify(worlds/models/office desk/materials/textures) by extension 'python_setup_py'
[0.234s] Level 1:colcon.colcon_core.package_identification:_identify(worlds/models/office desk/meshes) by extensions ['ignore', 'ignore_ament_install']
[0.234s] Level 1:colcon.colcon_core.package_identification:_identify(worlds/models/office desk/meshes) by extension 'ignore'
[0.234s] Level 1:colcon.colcon_core.package_identification:_identify(worlds/models/office desk/meshes) by extension 'ignore_ament_install'
[0.234s] Level 1:colcon.colcon_core.package_identification:_identify(worlds/models/office desk/meshes) by extensions ['colcon_pkg']
[0.235s] Level 1:colcon.colcon_core.package_identification:_identify(worlds/models/office desk/meshes) by extension 'colcon_pkg'
[0.235s] Level 1:colcon.colcon_core.package_identification:_identify(worlds/models/office desk/meshes) by extensions ['colcon_meta']
[0.235s] Level 1:colcon.colcon_core.package_identification:_identify(worlds/models/office desk/meshes) by extension 'colcon_meta'
[0.235s] Level 1:colcon.colcon_core.package_identification:_identify(worlds/models/office desk/meshes) by extensions ['ros']
[0.235s] Level 1:colcon.colcon_core.package_identification:_identify(worlds/models/office desk/meshes) by extension 'ros'
[0.235s] Level 1:colcon.colcon_core.package_identification:_identify(worlds/models/office desk/meshes) by extensions ['cmake', 'python']
[0.235s] Level 1:colcon.colcon_core.package_identification:_identify(worlds/models/office desk/meshes) by extension 'cmake'
[0.235s] Level 1:colcon.colcon_core.package_identification:_identify(worlds/models/office desk/meshes) by extension 'python'
[0.235s] Level 1:colcon.colcon_core.package_identification:_identify(worlds/models/office desk/meshes) by extensions ['python_setup_py']
[0.235s] Level 1:colcon.colcon_core.package_identification:_identify(worlds/models/office desk/meshes) by extension 'python_setup_py'
[0.235s] Level 1:colcon.colcon_core.package_identification:_identify(worlds/models/office desk/thumbnails) by extensions ['ignore', 'ignore_ament_install']
[0.235s] Level 1:colcon.colcon_core.package_identification:_identify(worlds/models/office desk/thumbnails) by extension 'ignore'
[0.235s] Level 1:colcon.colcon_core.package_identification:_identify(worlds/models/office desk/thumbnails) by extension 'ignore_ament_install'
[0.235s] Level 1:colcon.colcon_core.package_identification:_identify(worlds/models/office desk/thumbnails) by extensions ['colcon_pkg']
[0.235s] Level 1:colcon.colcon_core.package_identification:_identify(worlds/models/office desk/thumbnails) by extension 'colcon_pkg'
[0.235s] Level 1:colcon.colcon_core.package_identification:_identify(worlds/models/office desk/thumbnails) by extensions ['colcon_meta']
[0.235s] Level 1:colcon.colcon_core.package_identification:_identify(worlds/models/office desk/thumbnails) by extension 'colcon_meta'
[0.235s] Level 1:colcon.colcon_core.package_identification:_identify(worlds/models/office desk/thumbnails) by extensions ['ros']
[0.235s] Level 1:colcon.colcon_core.package_identification:_identify(worlds/models/office desk/thumbnails) by extension 'ros'
[0.236s] Level 1:colcon.colcon_core.package_identification:_identify(worlds/models/office desk/thumbnails) by extensions ['cmake', 'python']
[0.236s] Level 1:colcon.colcon_core.package_identification:_identify(worlds/models/office desk/thumbnails) by extension 'cmake'
[0.236s] Level 1:colcon.colcon_core.package_identification:_identify(worlds/models/office desk/thumbnails) by extension 'python'
[0.236s] Level 1:colcon.colcon_core.package_identification:_identify(worlds/models/office desk/thumbnails) by extensions ['python_setup_py']
[0.236s] Level 1:colcon.colcon_core.package_identification:_identify(worlds/models/office desk/thumbnails) by extension 'python_setup_py'
[0.236s] Level 1:colcon.colcon_core.package_identification:_identify(worlds/models/trashbin) by extensions ['ignore', 'ignore_ament_install']
[0.236s] Level 1:colcon.colcon_core.package_identification:_identify(worlds/models/trashbin) by extension 'ignore'
[0.236s] Level 1:colcon.colcon_core.package_identification:_identify(worlds/models/trashbin) by extension 'ignore_ament_install'
[0.236s] Level 1:colcon.colcon_core.package_identification:_identify(worlds/models/trashbin) by extensions ['colcon_pkg']
[0.236s] Level 1:colcon.colcon_core.package_identification:_identify(worlds/models/trashbin) by extension 'colcon_pkg'
[0.236s] Level 1:colcon.colcon_core.package_identification:_identify(worlds/models/trashbin) by extensions ['colcon_meta']
[0.236s] Level 1:colcon.colcon_core.package_identification:_identify(worlds/models/trashbin) by extension 'colcon_meta'
[0.236s] Level 1:colcon.colcon_core.package_identification:_identify(worlds/models/trashbin) by extensions ['ros']
[0.236s] Level 1:colcon.colcon_core.package_identification:_identify(worlds/models/trashbin) by extension 'ros'
[0.236s] Level 1:colcon.colcon_core.package_identification:_identify(worlds/models/trashbin) by extensions ['cmake', 'python']
[0.236s] Level 1:colcon.colcon_core.package_identification:_identify(worlds/models/trashbin) by extension 'cmake'
[0.236s] Level 1:colcon.colcon_core.package_identification:_identify(worlds/models/trashbin) by extension 'python'
[0.236s] Level 1:colcon.colcon_core.package_identification:_identify(worlds/models/trashbin) by extensions ['python_setup_py']
[0.236s] Level 1:colcon.colcon_core.package_identification:_identify(worlds/models/trashbin) by extension 'python_setup_py'
[0.237s] Level 1:colcon.colcon_core.package_identification:_identify(worlds/models/trashbin/meshes) by extensions ['ignore', 'ignore_ament_install']
[0.237s] Level 1:colcon.colcon_core.package_identification:_identify(worlds/models/trashbin/meshes) by extension 'ignore'
[0.237s] Level 1:colcon.colcon_core.package_identification:_identify(worlds/models/trashbin/meshes) by extension 'ignore_ament_install'
[0.237s] Level 1:colcon.colcon_core.package_identification:_identify(worlds/models/trashbin/meshes) by extensions ['colcon_pkg']
[0.237s] Level 1:colcon.colcon_core.package_identification:_identify(worlds/models/trashbin/meshes) by extension 'colcon_pkg'
[0.237s] Level 1:colcon.colcon_core.package_identification:_identify(worlds/models/trashbin/meshes) by extensions ['colcon_meta']
[0.237s] Level 1:colcon.colcon_core.package_identification:_identify(worlds/models/trashbin/meshes) by extension 'colcon_meta'
[0.237s] Level 1:colcon.colcon_core.package_identification:_identify(worlds/models/trashbin/meshes) by extensions ['ros']
[0.237s] Level 1:colcon.colcon_core.package_identification:_identify(worlds/models/trashbin/meshes) by extension 'ros'
[0.237s] Level 1:colcon.colcon_core.package_identification:_identify(worlds/models/trashbin/meshes) by extensions ['cmake', 'python']
[0.237s] Level 1:colcon.colcon_core.package_identification:_identify(worlds/models/trashbin/meshes) by extension 'cmake'
[0.237s] Level 1:colcon.colcon_core.package_identification:_identify(worlds/models/trashbin/meshes) by extension 'python'
[0.237s] Level 1:colcon.colcon_core.package_identification:_identify(worlds/models/trashbin/meshes) by extensions ['python_setup_py']
[0.237s] Level 1:colcon.colcon_core.package_identification:_identify(worlds/models/trashbin/meshes) by extension 'python_setup_py'
[0.237s] Level 1:colcon.colcon_core.package_identification:_identify(worlds/models/trashbin/thumbnails) by extensions ['ignore', 'ignore_ament_install']
[0.237s] Level 1:colcon.colcon_core.package_identification:_identify(worlds/models/trashbin/thumbnails) by extension 'ignore'
[0.238s] Level 1:colcon.colcon_core.package_identification:_identify(worlds/models/trashbin/thumbnails) by extension 'ignore_ament_install'
[0.238s] Level 1:colcon.colcon_core.package_identification:_identify(worlds/models/trashbin/thumbnails) by extensions ['colcon_pkg']
[0.238s] Level 1:colcon.colcon_core.package_identification:_identify(worlds/models/trashbin/thumbnails) by extension 'colcon_pkg'
[0.238s] Level 1:colcon.colcon_core.package_identification:_identify(worlds/models/trashbin/thumbnails) by extensions ['colcon_meta']
[0.238s] Level 1:colcon.colcon_core.package_identification:_identify(worlds/models/trashbin/thumbnails) by extension 'colcon_meta'
[0.238s] Level 1:colcon.colcon_core.package_identification:_identify(worlds/models/trashbin/thumbnails) by extensions ['ros']
[0.238s] Level 1:colcon.colcon_core.package_identification:_identify(worlds/models/trashbin/thumbnails) by extension 'ros'
[0.238s] Level 1:colcon.colcon_core.package_identification:_identify(worlds/models/trashbin/thumbnails) by extensions ['cmake', 'python']
[0.238s] Level 1:colcon.colcon_core.package_identification:_identify(worlds/models/trashbin/thumbnails) by extension 'cmake'
[0.238s] Level 1:colcon.colcon_core.package_identification:_identify(worlds/models/trashbin/thumbnails) by extension 'python'
[0.238s] Level 1:colcon.colcon_core.package_identification:_identify(worlds/models/trashbin/thumbnails) by extensions ['python_setup_py']
[0.238s] Level 1:colcon.colcon_core.package_identification:_identify(worlds/models/trashbin/thumbnails) by extension 'python_setup_py'
[0.238s] Level 1:colcon.colcon_core.package_discovery:discover_packages(recursive) using defaults
[0.238s] Level 1:colcon.colcon_core.package_discovery:discover_packages(ignore) discover
[0.238s] Level 1:colcon.colcon_core.package_discovery:discover_packages(ignore) using defaults
[0.238s] Level 1:colcon.colcon_core.package_discovery:discover_packages(path) discover
[0.238s] Level 1:colcon.colcon_core.package_discovery:discover_packages(path) using defaults
[0.258s] INFO:colcon.colcon_core.package_selection:Skipping not selected package 'cmd_vel_bridge' in 'src/cmd_vel_bridge'
[0.259s] Level 1:colcon.colcon_core.package_discovery:discover_packages(prefix_path) check parameters
[0.259s] Level 1:colcon.colcon_core.package_discovery:discover_packages(prefix_path) discover
[0.260s] WARNING:colcon.colcon_ros.prefix_path.ament:The path '/home/group10/ros2_ws/install/r2d10' in the environment variable AMENT_PREFIX_PATH doesn't exist
[0.261s] WARNING:colcon.colcon_ros.prefix_path.catkin:The path '/home/group10/ros2_ws/install/r2d10' in the environment variable CMAKE_PREFIX_PATH doesn't exist
[0.262s] DEBUG:colcon.colcon_installed_package_information.package_discovery:Found 1 installed packages in /home/group10/ros2_ws/install
[0.263s] DEBUG:colcon.colcon_installed_package_information.package_discovery:Found 0 installed packages in /home/group10/ros2_ws/src/r2d10/worlds/install
[0.265s] DEBUG:colcon.colcon_installed_package_information.package_discovery:Found 20 installed packages in /home/group10/install
[0.267s] DEBUG:colcon.colcon_installed_package_information.package_discovery:Found 408 installed packages in /opt/ros/jazzy
[0.270s] Level 1:colcon.colcon_core.package_discovery:discover_packages(prefix_path) using defaults
[0.336s] Level 5:colcon.colcon_core.verb:set package 'r2d10' build argument 'cmake_args' from command line to 'None'
[0.336s] Level 5:colcon.colcon_core.verb:set package 'r2d10' build argument 'cmake_target' from command line to 'None'
[0.336s] Level 5:colcon.colcon_core.verb:set package 'r2d10' build argument 'cmake_target_skip_unavailable' from command line to 'False'
[0.336s] Level 5:colcon.colcon_core.verb:set package 'r2d10' build argument 'cmake_clean_cache' from command line to 'False'
[0.336s] Level 5:colcon.colcon_core.verb:set package 'r2d10' build argument 'cmake_clean_first' from command line to 'False'
[0.336s] Level 5:colcon.colcon_core.verb:set package 'r2d10' build argument 'cmake_force_configure' from command line to 'False'
[0.336s] Level 5:colcon.colcon_core.verb:set package 'r2d10' build argument 'ament_cmake_args' from command line to 'None'
[0.336s] Level 5:colcon.colcon_core.verb:set package 'r2d10' build argument 'catkin_cmake_args' from command line to 'None'
[0.336s] Level 5:colcon.colcon_core.verb:set package 'r2d10' build argument 'catkin_skip_building_tests' from command line to 'False'
[0.336s] DEBUG:colcon.colcon_core.verb:Building package 'r2d10' with the following arguments: {'ament_cmake_args': None, 'build_base': '/home/group10/ros2_ws/build/r2d10', 'catkin_cmake_args': None, 'catkin_skip_building_tests': False, 'cmake_args': None, 'cmake_clean_cache': False, 'cmake_clean_first': False, 'cmake_force_configure': False, 'cmake_target': None, 'cmake_target_skip_unavailable': False, 'install_base': '/home/group10/ros2_ws/install/r2d10', 'merge_install': False, 'path': '/home/group10/ros2_ws/src/r2d10', 'symlink_install': True, 'test_result_base': None}
[0.336s] INFO:colcon.colcon_core.executor:Executing jobs using 'parallel' executor
[0.337s] DEBUG:colcon.colcon_parallel_executor.executor.parallel:run_until_complete
[0.338s] INFO:colcon.colcon_ros.task.ament_cmake.build:Building ROS package in '/home/group10/ros2_ws/src/r2d10' with build type 'ament_cmake'
[0.338s] INFO:colcon.colcon_cmake.task.cmake.build:Building CMake package in '/home/group10/ros2_ws/src/r2d10'
[0.341s] INFO:colcon.colcon_core.plugin_system:Skipping extension 'colcon_core.shell.bat': Not used on non-Windows systems
[0.341s] INFO:colcon.colcon_core.shell:Skip shell extension 'powershell' for command environment: Not usable outside of PowerShell
[0.341s] DEBUG:colcon.colcon_core.shell:Skip shell extension 'dsv' for command environment
[0.354s] DEBUG:colcon.colcon_core.event_handler.log_command:Invoking command in '/home/group10/ros2_ws/build/r2d10': CMAKE_PREFIX_PATH=${CMAKE_PREFIX_PATH}:/home/group10/ros2_ws/install/cmd_vel_bridge:/home/group10/install/control:/home/group10/install/my_arm_service:/home/group10/install/gst_pipeline:/opt/ros/jazzy DEBUGINFOD_URLS=https://debuginfod.ubuntu.com /usr/bin/cmake /home/group10/ros2_ws/src/r2d10 -DAMENT_CMAKE_SYMLINK_INSTALL=1 -DCMAKE_INSTALL_PREFIX=/home/group10/ros2_ws/install/r2d10
[2.347s] DEBUG:colcon.colcon_core.event_handler.log_command:Invoked command in '/home/group10/ros2_ws/build/r2d10' returned '0': CMAKE_PREFIX_PATH=${CMAKE_PREFIX_PATH}:/home/group10/ros2_ws/install/cmd_vel_bridge:/home/group10/install/control:/home/group10/install/my_arm_service:/home/group10/install/gst_pipeline:/opt/ros/jazzy DEBUGINFOD_URLS=https://debuginfod.ubuntu.com /usr/bin/cmake /home/group10/ros2_ws/src/r2d10 -DAMENT_CMAKE_SYMLINK_INSTALL=1 -DCMAKE_INSTALL_PREFIX=/home/group10/ros2_ws/install/r2d10
[2.348s] DEBUG:colcon.colcon_core.event_handler.log_command:Invoking command in '/home/group10/ros2_ws/build/r2d10': CMAKE_PREFIX_PATH=${CMAKE_PREFIX_PATH}:/home/group10/ros2_ws/install/cmd_vel_bridge:/home/group10/install/control:/home/group10/install/my_arm_service:/home/group10/install/gst_pipeline:/opt/ros/jazzy DEBUGINFOD_URLS=https://debuginfod.ubuntu.com /usr/bin/cmake --build /home/group10/ros2_ws/build/r2d10 -- -j4 -l4
[2.407s] DEBUG:colcon.colcon_core.event_handler.log_command:Invoked command in '/home/group10/ros2_ws/build/r2d10' returned '0': CMAKE_PREFIX_PATH=${CMAKE_PREFIX_PATH}:/home/group10/ros2_ws/install/cmd_vel_bridge:/home/group10/install/control:/home/group10/install/my_arm_service:/home/group10/install/gst_pipeline:/opt/ros/jazzy DEBUGINFOD_URLS=https://debuginfod.ubuntu.com /usr/bin/cmake --build /home/group10/ros2_ws/build/r2d10 -- -j4 -l4
[2.420s] DEBUG:colcon.colcon_core.event_handler.log_command:Invoking command in '/home/group10/ros2_ws/build/r2d10': CMAKE_PREFIX_PATH=${CMAKE_PREFIX_PATH}:/home/group10/ros2_ws/install/cmd_vel_bridge:/home/group10/install/control:/home/group10/install/my_arm_service:/home/group10/install/gst_pipeline:/opt/ros/jazzy DEBUGINFOD_URLS=https://debuginfod.ubuntu.com /usr/bin/cmake --install /home/group10/ros2_ws/build/r2d10
[4.647s] Level 1:colcon.colcon_core.environment:create_environment_scripts_only(r2d10)
[4.648s] DEBUG:colcon.colcon_core.event_handler.log_command:Invoked command in '/home/group10/ros2_ws/build/r2d10' returned '0': CMAKE_PREFIX_PATH=${CMAKE_PREFIX_PATH}:/home/group10/ros2_ws/install/cmd_vel_bridge:/home/group10/install/control:/home/group10/install/my_arm_service:/home/group10/install/gst_pipeline:/opt/ros/jazzy DEBUGINFOD_URLS=https://debuginfod.ubuntu.com /usr/bin/cmake --install /home/group10/ros2_ws/build/r2d10
[4.650s] Level 1:colcon.colcon_core.environment:checking '/home/group10/ros2_ws/install/r2d10' for CMake module files
[4.651s] Level 1:colcon.colcon_core.environment:checking '/home/group10/ros2_ws/install/r2d10' for CMake config files
[4.652s] Level 1:colcon.colcon_core.shell:create_environment_hook('r2d10', 'cmake_prefix_path')
[4.652s] INFO:colcon.colcon_core.shell:Creating environment hook '/home/group10/ros2_ws/install/r2d10/share/r2d10/hook/cmake_prefix_path.ps1'
[4.653s] INFO:colcon.colcon_core.shell:Creating environment descriptor '/home/group10/ros2_ws/install/r2d10/share/r2d10/hook/cmake_prefix_path.dsv'
[4.653s] INFO:colcon.colcon_core.shell:Creating environment hook '/home/group10/ros2_ws/install/r2d10/share/r2d10/hook/cmake_prefix_path.sh'
[4.654s] Level 1:colcon.colcon_core.environment:checking '/home/group10/ros2_ws/install/r2d10/lib'
[4.654s] Level 1:colcon.colcon_core.environment:checking '/home/group10/ros2_ws/install/r2d10/bin'
[4.654s] Level 1:colcon.colcon_core.environment:checking '/home/group10/ros2_ws/install/r2d10/lib/pkgconfig/r2d10.pc'
[4.655s] Level 1:colcon.colcon_core.environment:checking '/home/group10/ros2_ws/install/r2d10/lib/python3.12/site-packages'
[4.655s] Level 1:colcon.colcon_core.environment:checking '/home/group10/ros2_ws/install/r2d10/bin'
[4.657s] INFO:colcon.colcon_core.shell:Creating package script '/home/group10/ros2_ws/install/r2d10/share/r2d10/package.ps1'
[4.658s] INFO:colcon.colcon_core.shell:Creating package descriptor '/home/group10/ros2_ws/install/r2d10/share/r2d10/package.dsv'
[4.660s] INFO:colcon.colcon_core.shell:Creating package script '/home/group10/ros2_ws/install/r2d10/share/r2d10/package.sh'
[4.660s] INFO:colcon.colcon_core.shell:Creating package script '/home/group10/ros2_ws/install/r2d10/share/r2d10/package.bash'
[4.661s] INFO:colcon.colcon_core.shell:Creating package script '/home/group10/ros2_ws/install/r2d10/share/r2d10/package.zsh'
[4.662s] Level 1:colcon.colcon_core.environment:create_file_with_runtime_dependencies(/home/group10/ros2_ws/install/r2d10/share/colcon-core/packages/r2d10)
[4.662s] Level 1:colcon.colcon_core.environment:create_environment_scripts_only(r2d10)
[4.662s] Level 1:colcon.colcon_core.environment:checking '/home/group10/ros2_ws/install/r2d10' for CMake module files
[4.663s] Level 1:colcon.colcon_core.environment:checking '/home/group10/ros2_ws/install/r2d10' for CMake config files
[4.663s] Level 1:colcon.colcon_core.shell:create_environment_hook('r2d10', 'cmake_prefix_path')
[4.664s] INFO:colcon.colcon_core.shell:Creating environment hook '/home/group10/ros2_ws/install/r2d10/share/r2d10/hook/cmake_prefix_path.ps1'
[4.664s] INFO:colcon.colcon_core.shell:Creating environment descriptor '/home/group10/ros2_ws/install/r2d10/share/r2d10/hook/cmake_prefix_path.dsv'
[4.665s] INFO:colcon.colcon_core.shell:Creating environment hook '/home/group10/ros2_ws/install/r2d10/share/r2d10/hook/cmake_prefix_path.sh'
[4.665s] Level 1:colcon.colcon_core.environment:checking '/home/group10/ros2_ws/install/r2d10/lib'
[4.665s] Level 1:colcon.colcon_core.environment:checking '/home/group10/ros2_ws/install/r2d10/bin'
[4.666s] Level 1:colcon.colcon_core.environment:checking '/home/group10/ros2_ws/install/r2d10/lib/pkgconfig/r2d10.pc'
[4.666s] Level 1:colcon.colcon_core.environment:checking '/home/group10/ros2_ws/install/r2d10/lib/python3.12/site-packages'
[4.666s] Level 1:colcon.colcon_core.environment:checking '/home/group10/ros2_ws/install/r2d10/bin'
[4.666s] INFO:colcon.colcon_core.shell:Creating package script '/home/group10/ros2_ws/install/r2d10/share/r2d10/package.ps1'
[4.667s] INFO:colcon.colcon_core.shell:Creating package descriptor '/home/group10/ros2_ws/install/r2d10/share/r2d10/package.dsv'
[4.667s] INFO:colcon.colcon_core.shell:Creating package script '/home/group10/ros2_ws/install/r2d10/share/r2d10/package.sh'
[4.668s] INFO:colcon.colcon_core.shell:Creating package script '/home/group10/ros2_ws/install/r2d10/share/r2d10/package.bash'
[4.668s] INFO:colcon.colcon_core.shell:Creating package script '/home/group10/ros2_ws/install/r2d10/share/r2d10/package.zsh'
[4.669s] Level 1:colcon.colcon_core.environment:create_file_with_runtime_dependencies(/home/group10/ros2_ws/install/r2d10/share/colcon-core/packages/r2d10)
[4.669s] DEBUG:colcon.colcon_parallel_executor.executor.parallel:closing loop
[4.669s] DEBUG:colcon.colcon_parallel_executor.executor.parallel:loop closed
[4.670s] DEBUG:colcon.colcon_parallel_executor.executor.parallel:run_until_complete finished with '0'
[4.670s] DEBUG:colcon.colcon_core.event_reactor:joining thread
[4.685s] INFO:colcon.colcon_core.plugin_system:Skipping extension 'colcon_notification.desktop_notification.terminal_notifier': Not used on non-Darwin systems
[4.685s] INFO:colcon.colcon_core.plugin_system:Skipping extension 'colcon_notification.desktop_notification.win32': Not used on non-Windows systems
[4.686s] INFO:colcon.colcon_notification.desktop_notification:Sending desktop notification using 'notify2'
[4.708s] DEBUG:colcon.colcon_core.event_reactor:joined thread
[4.709s] INFO:colcon.colcon_core.shell:Creating prefix script '/home/group10/ros2_ws/install/local_setup.ps1'
[4.710s] INFO:colcon.colcon_core.shell:Creating prefix util module '/home/group10/ros2_ws/install/_local_setup_util_ps1.py'
[4.712s] INFO:colcon.colcon_core.shell:Creating prefix chain script '/home/group10/ros2_ws/install/setup.ps1'
[4.716s] INFO:colcon.colcon_core.shell:Creating prefix script '/home/group10/ros2_ws/install/local_setup.sh'
[4.718s] INFO:colcon.colcon_core.shell:Creating prefix util module '/home/group10/ros2_ws/install/_local_setup_util_sh.py'
[4.719s] INFO:colcon.colcon_core.shell:Creating prefix chain script '/home/group10/ros2_ws/install/setup.sh'
[4.722s] INFO:colcon.colcon_core.shell:Creating prefix script '/home/group10/ros2_ws/install/local_setup.bash'
[4.724s] INFO:colcon.colcon_core.shell:Creating prefix chain script '/home/group10/ros2_ws/install/setup.bash'
[4.727s] INFO:colcon.colcon_core.shell:Creating prefix script '/home/group10/ros2_ws/install/local_setup.zsh'
[4.729s] INFO:colcon.colcon_core.shell:Creating prefix chain script '/home/group10/ros2_ws/install/setup.zsh'
