[0.164s] DEBUG:colcon:Command line arguments: ['/usr/bin/colcon', 'build']
[0.164s] DEBUG:colcon:Parsed command line arguments: Namespace(log_base=None, log_level=None, verb_name='build', build_base='build', install_base='install', merge_install=False, symlink_install=False, test_result_base=None, continue_on_error=False, executor='parallel', parallel_workers=4, event_handlers=None, ignore_user_meta=False, metas=['./colcon.meta'], base_paths=['.'], packages_ignore=None, packages_ignore_regex=None, paths=None, packages_up_to=None, packages_up_to_regex=None, packages_above=None, packages_above_and_dependencies=None, packages_above_depth=None, packages_select_by_dep=None, packages_skip_by_dep=None, packages_skip_up_to=None, packages_select_build_failed=False, packages_skip_build_finished=False, packages_select_test_failures=False, packages_skip_test_passed=False, packages_select=None, packages_skip=None, packages_select_regex=None, packages_skip_regex=None, packages_start=None, packages_end=None, allow_overriding=[], cmake_args=None, cmake_target=None, cmake_target_skip_unavailable=False, cmake_clean_cache=False, cmake_clean_first=False, cmake_force_configure=False, ament_cmake_args=None, catkin_cmake_args=None, catkin_skip_building_tests=False, mixin_files=None, mixin=None, verb_parser=<colcon_mixin.mixin.mixin_argument.MixinArgumentDecorator object at 0x73b3033a19a0>, verb_extension=<colcon_core.verb.build.BuildVerb object at 0x73b3034d6390>, main=<bound method BuildVerb.main of <colcon_core.verb.build.BuildVerb object at 0x73b3034d6390>>, mixin_verb=('build',))
[0.210s] Level 1:colcon.colcon_core.package_discovery:discover_packages(colcon_meta) check parameters
[0.210s] Level 1:colcon.colcon_core.package_discovery:discover_packages(recursive) check parameters
[0.210s] Level 1:colcon.colcon_core.package_discovery:discover_packages(ignore) check parameters
[0.210s] Level 1:colcon.colcon_core.package_discovery:discover_packages(path) check parameters
[0.210s] Level 1:colcon.colcon_core.package_discovery:discover_packages(colcon_meta) discover
[0.210s] Level 1:colcon.colcon_core.package_discovery:discover_packages(recursive) discover
[0.210s] INFO:colcon.colcon_core.package_discovery:Crawling recursively for packages in '/home/group10/ros2_ws'
[0.210s] Level 1:colcon.colcon_core.package_identification:_identify(.) by extensions ['ignore', 'ignore_ament_install']
[0.210s] Level 1:colcon.colcon_core.package_identification:_identify(.) by extension 'ignore'
[0.210s] Level 1:colcon.colcon_core.package_identification:_identify(.) by extension 'ignore_ament_install'
[0.210s] Level 1:colcon.colcon_core.package_identification:_identify(.) by extensions ['colcon_pkg']
[0.210s] Level 1:colcon.colcon_core.package_identification:_identify(.) by extension 'colcon_pkg'
[0.210s] Level 1:colcon.colcon_core.package_identification:_identify(.) by extensions ['colcon_meta']
[0.211s] Level 1:colcon.colcon_core.package_identification:_identify(.) by extension 'colcon_meta'
[0.211s] Level 1:colcon.colcon_core.package_identification:_identify(.) by extensions ['ros']
[0.211s] Level 1:colcon.colcon_core.package_identification:_identify(.) by extension 'ros'
[0.243s] Level 1:colcon.colcon_core.package_identification:_identify(.) by extensions ['cmake', 'python']
[0.243s] Level 1:colcon.colcon_core.package_identification:_identify(.) by extension 'cmake'
[0.243s] Level 1:colcon.colcon_core.package_identification:_identify(.) by extension 'python'
[0.243s] Level 1:colcon.colcon_core.package_identification:_identify(.) by extensions ['python_setup_py']
[0.243s] Level 1:colcon.colcon_core.package_identification:_identify(.) by extension 'python_setup_py'
[0.243s] Level 1:colcon.colcon_core.package_identification:_identify(build) by extensions ['ignore', 'ignore_ament_install']
[0.244s] Level 1:colcon.colcon_core.package_identification:_identify(build) by extension 'ignore'
[0.244s] Level 1:colcon.colcon_core.package_identification:_identify(build) ignored
[0.244s] Level 1:colcon.colcon_core.package_identification:_identify(install) by extensions ['ignore', 'ignore_ament_install']
[0.244s] Level 1:colcon.colcon_core.package_identification:_identify(install) by extension 'ignore'
[0.244s] Level 1:colcon.colcon_core.package_identification:_identify(install) ignored
[0.244s] Level 1:colcon.colcon_core.package_identification:_identify(launch) by extensions ['ignore', 'ignore_ament_install']
[0.244s] Level 1:colcon.colcon_core.package_identification:_identify(launch) by extension 'ignore'
[0.244s] Level 1:colcon.colcon_core.package_identification:_identify(launch) by extension 'ignore_ament_install'
[0.244s] Level 1:colcon.colcon_core.package_identification:_identify(launch) by extensions ['colcon_pkg']
[0.244s] Level 1:colcon.colcon_core.package_identification:_identify(launch) by extension 'colcon_pkg'
[0.244s] Level 1:colcon.colcon_core.package_identification:_identify(launch) by extensions ['colcon_meta']
[0.244s] Level 1:colcon.colcon_core.package_identification:_identify(launch) by extension 'colcon_meta'
[0.244s] Level 1:colcon.colcon_core.package_identification:_identify(launch) by extensions ['ros']
[0.244s] Level 1:colcon.colcon_core.package_identification:_identify(launch) by extension 'ros'
[0.245s] Level 1:colcon.colcon_core.package_identification:_identify(launch) by extensions ['cmake', 'python']
[0.245s] Level 1:colcon.colcon_core.package_identification:_identify(launch) by extension 'cmake'
[0.245s] Level 1:colcon.colcon_core.package_identification:_identify(launch) by extension 'python'
[0.245s] Level 1:colcon.colcon_core.package_identification:_identify(launch) by extensions ['python_setup_py']
[0.245s] Level 1:colcon.colcon_core.package_identification:_identify(launch) by extension 'python_setup_py'
[0.245s] Level 1:colcon.colcon_core.package_identification:_identify(log) by extensions ['ignore', 'ignore_ament_install']
[0.245s] Level 1:colcon.colcon_core.package_identification:_identify(log) by extension 'ignore'
[0.245s] Level 1:colcon.colcon_core.package_identification:_identify(log) ignored
[0.245s] Level 1:colcon.colcon_core.package_identification:_identify(meshes) by extensions ['ignore', 'ignore_ament_install']
[0.245s] Level 1:colcon.colcon_core.package_identification:_identify(meshes) by extension 'ignore'
[0.245s] Level 1:colcon.colcon_core.package_identification:_identify(meshes) by extension 'ignore_ament_install'
[0.245s] Level 1:colcon.colcon_core.package_identification:_identify(meshes) by extensions ['colcon_pkg']
[0.245s] Level 1:colcon.colcon_core.package_identification:_identify(meshes) by extension 'colcon_pkg'
[0.245s] Level 1:colcon.colcon_core.package_identification:_identify(meshes) by extensions ['colcon_meta']
[0.245s] Level 1:colcon.colcon_core.package_identification:_identify(meshes) by extension 'colcon_meta'
[0.245s] Level 1:colcon.colcon_core.package_identification:_identify(meshes) by extensions ['ros']
[0.245s] Level 1:colcon.colcon_core.package_identification:_identify(meshes) by extension 'ros'
[0.246s] Level 1:colcon.colcon_core.package_identification:_identify(meshes) by extensions ['cmake', 'python']
[0.246s] Level 1:colcon.colcon_core.package_identification:_identify(meshes) by extension 'cmake'
[0.246s] Level 1:colcon.colcon_core.package_identification:_identify(meshes) by extension 'python'
[0.246s] Level 1:colcon.colcon_core.package_identification:_identify(meshes) by extensions ['python_setup_py']
[0.246s] Level 1:colcon.colcon_core.package_identification:_identify(meshes) by extension 'python_setup_py'
[0.246s] Level 1:colcon.colcon_core.package_identification:_identify(rviz) by extensions ['ignore', 'ignore_ament_install']
[0.246s] Level 1:colcon.colcon_core.package_identification:_identify(rviz) by extension 'ignore'
[0.246s] Level 1:colcon.colcon_core.package_identification:_identify(rviz) by extension 'ignore_ament_install'
[0.246s] Level 1:colcon.colcon_core.package_identification:_identify(rviz) by extensions ['colcon_pkg']
[0.246s] Level 1:colcon.colcon_core.package_identification:_identify(rviz) by extension 'colcon_pkg'
[0.246s] Level 1:colcon.colcon_core.package_identification:_identify(rviz) by extensions ['colcon_meta']
[0.246s] Level 1:colcon.colcon_core.package_identification:_identify(rviz) by extension 'colcon_meta'
[0.246s] Level 1:colcon.colcon_core.package_identification:_identify(rviz) by extensions ['ros']
[0.246s] Level 1:colcon.colcon_core.package_identification:_identify(rviz) by extension 'ros'
[0.246s] Level 1:colcon.colcon_core.package_identification:_identify(rviz) by extensions ['cmake', 'python']
[0.246s] Level 1:colcon.colcon_core.package_identification:_identify(rviz) by extension 'cmake'
[0.246s] Level 1:colcon.colcon_core.package_identification:_identify(rviz) by extension 'python'
[0.246s] Level 1:colcon.colcon_core.package_identification:_identify(rviz) by extensions ['python_setup_py']
[0.246s] Level 1:colcon.colcon_core.package_identification:_identify(rviz) by extension 'python_setup_py'
[0.246s] Level 1:colcon.colcon_core.package_identification:_identify(src) by extensions ['ignore', 'ignore_ament_install']
[0.247s] Level 1:colcon.colcon_core.package_identification:_identify(src) by extension 'ignore'
[0.247s] Level 1:colcon.colcon_core.package_identification:_identify(src) by extension 'ignore_ament_install'
[0.247s] Level 1:colcon.colcon_core.package_identification:_identify(src) by extensions ['colcon_pkg']
[0.247s] Level 1:colcon.colcon_core.package_identification:_identify(src) by extension 'colcon_pkg'
[0.247s] Level 1:colcon.colcon_core.package_identification:_identify(src) by extensions ['colcon_meta']
[0.247s] Level 1:colcon.colcon_core.package_identification:_identify(src) by extension 'colcon_meta'
[0.247s] Level 1:colcon.colcon_core.package_identification:_identify(src) by extensions ['ros']
[0.247s] Level 1:colcon.colcon_core.package_identification:_identify(src) by extension 'ros'
[0.247s] Level 1:colcon.colcon_core.package_identification:_identify(src) by extensions ['cmake', 'python']
[0.247s] Level 1:colcon.colcon_core.package_identification:_identify(src) by extension 'cmake'
[0.247s] Level 1:colcon.colcon_core.package_identification:_identify(src) by extension 'python'
[0.247s] Level 1:colcon.colcon_core.package_identification:_identify(src) by extensions ['python_setup_py']
[0.247s] Level 1:colcon.colcon_core.package_identification:_identify(src) by extension 'python_setup_py'
[0.247s] Level 1:colcon.colcon_core.package_identification:_identify(src/cmd_vel_bridge) by extensions ['ignore', 'ignore_ament_install']
[0.247s] Level 1:colcon.colcon_core.package_identification:_identify(src/cmd_vel_bridge) by extension 'ignore'
[0.247s] Level 1:colcon.colcon_core.package_identification:_identify(src/cmd_vel_bridge) by extension 'ignore_ament_install'
[0.247s] Level 1:colcon.colcon_core.package_identification:_identify(src/cmd_vel_bridge) by extensions ['colcon_pkg']
[0.247s] Level 1:colcon.colcon_core.package_identification:_identify(src/cmd_vel_bridge) by extension 'colcon_pkg'
[0.248s] Level 1:colcon.colcon_core.package_identification:_identify(src/cmd_vel_bridge) by extensions ['colcon_meta']
[0.248s] Level 1:colcon.colcon_core.package_identification:_identify(src/cmd_vel_bridge) by extension 'colcon_meta'
[0.248s] Level 1:colcon.colcon_core.package_identification:_identify(src/cmd_vel_bridge) by extensions ['ros']
[0.248s] Level 1:colcon.colcon_core.package_identification:_identify(src/cmd_vel_bridge) by extension 'ros'
[0.251s] DEBUG:colcon.colcon_core.package_identification:Package 'src/cmd_vel_bridge' with type 'ros.ament_python' and name 'cmd_vel_bridge'
[0.251s] Level 1:colcon.colcon_core.package_identification:_identify(src/r2d10) by extensions ['ignore', 'ignore_ament_install']
[0.251s] Level 1:colcon.colcon_core.package_identification:_identify(src/r2d10) by extension 'ignore'
[0.251s] Level 1:colcon.colcon_core.package_identification:_identify(src/r2d10) by extension 'ignore_ament_install'
[0.251s] Level 1:colcon.colcon_core.package_identification:_identify(src/r2d10) by extensions ['colcon_pkg']
[0.251s] Level 1:colcon.colcon_core.package_identification:_identify(src/r2d10) by extension 'colcon_pkg'
[0.251s] Level 1:colcon.colcon_core.package_identification:_identify(src/r2d10) by extensions ['colcon_meta']
[0.251s] Level 1:colcon.colcon_core.package_identification:_identify(src/r2d10) by extension 'colcon_meta'
[0.252s] Level 1:colcon.colcon_core.package_identification:_identify(src/r2d10) by extensions ['ros']
[0.252s] Level 1:colcon.colcon_core.package_identification:_identify(src/r2d10) by extension 'ros'
[0.252s] DEBUG:colcon.colcon_core.package_identification:Package 'src/r2d10' with type 'ros.ament_cmake' and name 'r2d10'
[0.253s] Level 1:colcon.colcon_core.package_identification:_identify(urdf) by extensions ['ignore', 'ignore_ament_install']
[0.253s] Level 1:colcon.colcon_core.package_identification:_identify(urdf) by extension 'ignore'
[0.253s] Level 1:colcon.colcon_core.package_identification:_identify(urdf) by extension 'ignore_ament_install'
[0.253s] Level 1:colcon.colcon_core.package_identification:_identify(urdf) by extensions ['colcon_pkg']
[0.253s] Level 1:colcon.colcon_core.package_identification:_identify(urdf) by extension 'colcon_pkg'
[0.253s] Level 1:colcon.colcon_core.package_identification:_identify(urdf) by extensions ['colcon_meta']
[0.253s] Level 1:colcon.colcon_core.package_identification:_identify(urdf) by extension 'colcon_meta'
[0.253s] Level 1:colcon.colcon_core.package_identification:_identify(urdf) by extensions ['ros']
[0.253s] Level 1:colcon.colcon_core.package_identification:_identify(urdf) by extension 'ros'
[0.253s] Level 1:colcon.colcon_core.package_identification:_identify(urdf) by extensions ['cmake', 'python']
[0.253s] Level 1:colcon.colcon_core.package_identification:_identify(urdf) by extension 'cmake'
[0.253s] Level 1:colcon.colcon_core.package_identification:_identify(urdf) by extension 'python'
[0.253s] Level 1:colcon.colcon_core.package_identification:_identify(urdf) by extensions ['python_setup_py']
[0.253s] Level 1:colcon.colcon_core.package_identification:_identify(urdf) by extension 'python_setup_py'
[0.253s] Level 1:colcon.colcon_core.package_identification:_identify(worlds) by extensions ['ignore', 'ignore_ament_install']
[0.253s] Level 1:colcon.colcon_core.package_identification:_identify(worlds) by extension 'ignore'
[0.253s] Level 1:colcon.colcon_core.package_identification:_identify(worlds) by extension 'ignore_ament_install'
[0.254s] Level 1:colcon.colcon_core.package_identification:_identify(worlds) by extensions ['colcon_pkg']
[0.254s] Level 1:colcon.colcon_core.package_identification:_identify(worlds) by extension 'colcon_pkg'
[0.254s] Level 1:colcon.colcon_core.package_identification:_identify(worlds) by extensions ['colcon_meta']
[0.254s] Level 1:colcon.colcon_core.package_identification:_identify(worlds) by extension 'colcon_meta'
[0.254s] Level 1:colcon.colcon_core.package_identification:_identify(worlds) by extensions ['ros']
[0.254s] Level 1:colcon.colcon_core.package_identification:_identify(worlds) by extension 'ros'
[0.254s] Level 1:colcon.colcon_core.package_identification:_identify(worlds) by extensions ['cmake', 'python']
[0.254s] Level 1:colcon.colcon_core.package_identification:_identify(worlds) by extension 'cmake'
[0.254s] Level 1:colcon.colcon_core.package_identification:_identify(worlds) by extension 'python'
[0.254s] Level 1:colcon.colcon_core.package_identification:_identify(worlds) by extensions ['python_setup_py']
[0.254s] Level 1:colcon.colcon_core.package_identification:_identify(worlds) by extension 'python_setup_py'
[0.254s] Level 1:colcon.colcon_core.package_identification:_identify(worlds/build) by extensions ['ignore', 'ignore_ament_install']
[0.254s] Level 1:colcon.colcon_core.package_identification:_identify(worlds/build) by extension 'ignore'
[0.254s] Level 1:colcon.colcon_core.package_identification:_identify(worlds/build) ignored
[0.254s] Level 1:colcon.colcon_core.package_identification:_identify(worlds/install) by extensions ['ignore', 'ignore_ament_install']
[0.254s] Level 1:colcon.colcon_core.package_identification:_identify(worlds/install) by extension 'ignore'
[0.254s] Level 1:colcon.colcon_core.package_identification:_identify(worlds/install) ignored
[0.255s] Level 1:colcon.colcon_core.package_identification:_identify(worlds/log) by extensions ['ignore', 'ignore_ament_install']
[0.255s] Level 1:colcon.colcon_core.package_identification:_identify(worlds/log) by extension 'ignore'
[0.255s] Level 1:colcon.colcon_core.package_identification:_identify(worlds/log) ignored
[0.255s] Level 1:colcon.colcon_core.package_identification:_identify(worlds/models) by extensions ['ignore', 'ignore_ament_install']
[0.255s] Level 1:colcon.colcon_core.package_identification:_identify(worlds/models) by extension 'ignore'
[0.255s] Level 1:colcon.colcon_core.package_identification:_identify(worlds/models) by extension 'ignore_ament_install'
[0.255s] Level 1:colcon.colcon_core.package_identification:_identify(worlds/models) by extensions ['colcon_pkg']
[0.255s] Level 1:colcon.colcon_core.package_identification:_identify(worlds/models) by extension 'colcon_pkg'
[0.255s] Level 1:colcon.colcon_core.package_identification:_identify(worlds/models) by extensions ['colcon_meta']
[0.255s] Level 1:colcon.colcon_core.package_identification:_identify(worlds/models) by extension 'colcon_meta'
[0.255s] Level 1:colcon.colcon_core.package_identification:_identify(worlds/models) by extensions ['ros']
[0.255s] Level 1:colcon.colcon_core.package_identification:_identify(worlds/models) by extension 'ros'
[0.255s] Level 1:colcon.colcon_core.package_identification:_identify(worlds/models) by extensions ['cmake', 'python']
[0.255s] Level 1:colcon.colcon_core.package_identification:_identify(worlds/models) by extension 'cmake'
[0.255s] Level 1:colcon.colcon_core.package_identification:_identify(worlds/models) by extension 'python'
[0.255s] Level 1:colcon.colcon_core.package_identification:_identify(worlds/models) by extensions ['python_setup_py']
[0.255s] Level 1:colcon.colcon_core.package_identification:_identify(worlds/models) by extension 'python_setup_py'
[0.256s] Level 1:colcon.colcon_core.package_identification:_identify(worlds/models/actor) by extensions ['ignore', 'ignore_ament_install']
[0.256s] Level 1:colcon.colcon_core.package_identification:_identify(worlds/models/actor) by extension 'ignore'
[0.256s] Level 1:colcon.colcon_core.package_identification:_identify(worlds/models/actor) by extension 'ignore_ament_install'
[0.256s] Level 1:colcon.colcon_core.package_identification:_identify(worlds/models/actor) by extensions ['colcon_pkg']
[0.256s] Level 1:colcon.colcon_core.package_identification:_identify(worlds/models/actor) by extension 'colcon_pkg'
[0.256s] Level 1:colcon.colcon_core.package_identification:_identify(worlds/models/actor) by extensions ['colcon_meta']
[0.256s] Level 1:colcon.colcon_core.package_identification:_identify(worlds/models/actor) by extension 'colcon_meta'
[0.256s] Level 1:colcon.colcon_core.package_identification:_identify(worlds/models/actor) by extensions ['ros']
[0.256s] Level 1:colcon.colcon_core.package_identification:_identify(worlds/models/actor) by extension 'ros'
[0.256s] Level 1:colcon.colcon_core.package_identification:_identify(worlds/models/actor) by extensions ['cmake', 'python']
[0.256s] Level 1:colcon.colcon_core.package_identification:_identify(worlds/models/actor) by extension 'cmake'
[0.256s] Level 1:colcon.colcon_core.package_identification:_identify(worlds/models/actor) by extension 'python'
[0.256s] Level 1:colcon.colcon_core.package_identification:_identify(worlds/models/actor) by extensions ['python_setup_py']
[0.256s] Level 1:colcon.colcon_core.package_identification:_identify(worlds/models/actor) by extension 'python_setup_py'
[0.256s] Level 1:colcon.colcon_core.package_identification:_identify(worlds/models/actor/meshes) by extensions ['ignore', 'ignore_ament_install']
[0.256s] Level 1:colcon.colcon_core.package_identification:_identify(worlds/models/actor/meshes) by extension 'ignore'
[0.256s] Level 1:colcon.colcon_core.package_identification:_identify(worlds/models/actor/meshes) by extension 'ignore_ament_install'
[0.257s] Level 1:colcon.colcon_core.package_identification:_identify(worlds/models/actor/meshes) by extensions ['colcon_pkg']
[0.257s] Level 1:colcon.colcon_core.package_identification:_identify(worlds/models/actor/meshes) by extension 'colcon_pkg'
[0.257s] Level 1:colcon.colcon_core.package_identification:_identify(worlds/models/actor/meshes) by extensions ['colcon_meta']
[0.257s] Level 1:colcon.colcon_core.package_identification:_identify(worlds/models/actor/meshes) by extension 'colcon_meta'
[0.257s] Level 1:colcon.colcon_core.package_identification:_identify(worlds/models/actor/meshes) by extensions ['ros']
[0.257s] Level 1:colcon.colcon_core.package_identification:_identify(worlds/models/actor/meshes) by extension 'ros'
[0.257s] Level 1:colcon.colcon_core.package_identification:_identify(worlds/models/actor/meshes) by extensions ['cmake', 'python']
[0.257s] Level 1:colcon.colcon_core.package_identification:_identify(worlds/models/actor/meshes) by extension 'cmake'
[0.257s] Level 1:colcon.colcon_core.package_identification:_identify(worlds/models/actor/meshes) by extension 'python'
[0.257s] Level 1:colcon.colcon_core.package_identification:_identify(worlds/models/actor/meshes) by extensions ['python_setup_py']
[0.257s] Level 1:colcon.colcon_core.package_identification:_identify(worlds/models/actor/meshes) by extension 'python_setup_py'
[0.257s] Level 1:colcon.colcon_core.package_identification:_identify(worlds/models/actor/thumbnails) by extensions ['ignore', 'ignore_ament_install']
[0.257s] Level 1:colcon.colcon_core.package_identification:_identify(worlds/models/actor/thumbnails) by extension 'ignore'
[0.257s] Level 1:colcon.colcon_core.package_identification:_identify(worlds/models/actor/thumbnails) by extension 'ignore_ament_install'
[0.257s] Level 1:colcon.colcon_core.package_identification:_identify(worlds/models/actor/thumbnails) by extensions ['colcon_pkg']
[0.257s] Level 1:colcon.colcon_core.package_identification:_identify(worlds/models/actor/thumbnails) by extension 'colcon_pkg'
[0.257s] Level 1:colcon.colcon_core.package_identification:_identify(worlds/models/actor/thumbnails) by extensions ['colcon_meta']
[0.257s] Level 1:colcon.colcon_core.package_identification:_identify(worlds/models/actor/thumbnails) by extension 'colcon_meta'
[0.257s] Level 1:colcon.colcon_core.package_identification:_identify(worlds/models/actor/thumbnails) by extensions ['ros']
[0.257s] Level 1:colcon.colcon_core.package_identification:_identify(worlds/models/actor/thumbnails) by extension 'ros'
[0.258s] Level 1:colcon.colcon_core.package_identification:_identify(worlds/models/actor/thumbnails) by extensions ['cmake', 'python']
[0.258s] Level 1:colcon.colcon_core.package_identification:_identify(worlds/models/actor/thumbnails) by extension 'cmake'
[0.258s] Level 1:colcon.colcon_core.package_identification:_identify(worlds/models/actor/thumbnails) by extension 'python'
[0.258s] Level 1:colcon.colcon_core.package_identification:_identify(worlds/models/actor/thumbnails) by extensions ['python_setup_py']
[0.258s] Level 1:colcon.colcon_core.package_identification:_identify(worlds/models/actor/thumbnails) by extension 'python_setup_py'
[0.258s] Level 1:colcon.colcon_core.package_identification:_identify(worlds/models/bookshelf) by extensions ['ignore', 'ignore_ament_install']
[0.258s] Level 1:colcon.colcon_core.package_identification:_identify(worlds/models/bookshelf) by extension 'ignore'
[0.258s] Level 1:colcon.colcon_core.package_identification:_identify(worlds/models/bookshelf) by extension 'ignore_ament_install'
[0.258s] Level 1:colcon.colcon_core.package_identification:_identify(worlds/models/bookshelf) by extensions ['colcon_pkg']
[0.258s] Level 1:colcon.colcon_core.package_identification:_identify(worlds/models/bookshelf) by extension 'colcon_pkg'
[0.258s] Level 1:colcon.colcon_core.package_identification:_identify(worlds/models/bookshelf) by extensions ['colcon_meta']
[0.258s] Level 1:colcon.colcon_core.package_identification:_identify(worlds/models/bookshelf) by extension 'colcon_meta'
[0.258s] Level 1:colcon.colcon_core.package_identification:_identify(worlds/models/bookshelf) by extensions ['ros']
[0.258s] Level 1:colcon.colcon_core.package_identification:_identify(worlds/models/bookshelf) by extension 'ros'
[0.258s] Level 1:colcon.colcon_core.package_identification:_identify(worlds/models/bookshelf) by extensions ['cmake', 'python']
[0.258s] Level 1:colcon.colcon_core.package_identification:_identify(worlds/models/bookshelf) by extension 'cmake'
[0.258s] Level 1:colcon.colcon_core.package_identification:_identify(worlds/models/bookshelf) by extension 'python'
[0.258s] Level 1:colcon.colcon_core.package_identification:_identify(worlds/models/bookshelf) by extensions ['python_setup_py']
[0.258s] Level 1:colcon.colcon_core.package_identification:_identify(worlds/models/bookshelf) by extension 'python_setup_py'
[0.259s] Level 1:colcon.colcon_core.package_identification:_identify(worlds/models/bookshelf/thumbnails) by extensions ['ignore', 'ignore_ament_install']
[0.259s] Level 1:colcon.colcon_core.package_identification:_identify(worlds/models/bookshelf/thumbnails) by extension 'ignore'
[0.259s] Level 1:colcon.colcon_core.package_identification:_identify(worlds/models/bookshelf/thumbnails) by extension 'ignore_ament_install'
[0.259s] Level 1:colcon.colcon_core.package_identification:_identify(worlds/models/bookshelf/thumbnails) by extensions ['colcon_pkg']
[0.259s] Level 1:colcon.colcon_core.package_identification:_identify(worlds/models/bookshelf/thumbnails) by extension 'colcon_pkg'
[0.259s] Level 1:colcon.colcon_core.package_identification:_identify(worlds/models/bookshelf/thumbnails) by extensions ['colcon_meta']
[0.259s] Level 1:colcon.colcon_core.package_identification:_identify(worlds/models/bookshelf/thumbnails) by extension 'colcon_meta'
[0.259s] Level 1:colcon.colcon_core.package_identification:_identify(worlds/models/bookshelf/thumbnails) by extensions ['ros']
[0.259s] Level 1:colcon.colcon_core.package_identification:_identify(worlds/models/bookshelf/thumbnails) by extension 'ros'
[0.259s] Level 1:colcon.colcon_core.package_identification:_identify(worlds/models/bookshelf/thumbnails) by extensions ['cmake', 'python']
[0.259s] Level 1:colcon.colcon_core.package_identification:_identify(worlds/models/bookshelf/thumbnails) by extension 'cmake'
[0.259s] Level 1:colcon.colcon_core.package_identification:_identify(worlds/models/bookshelf/thumbnails) by extension 'python'
[0.259s] Level 1:colcon.colcon_core.package_identification:_identify(worlds/models/bookshelf/thumbnails) by extensions ['python_setup_py']
[0.259s] Level 1:colcon.colcon_core.package_identification:_identify(worlds/models/bookshelf/thumbnails) by extension 'python_setup_py'
[0.259s] Level 1:colcon.colcon_core.package_identification:_identify(worlds/models/cricket ball) by extensions ['ignore', 'ignore_ament_install']
[0.259s] Level 1:colcon.colcon_core.package_identification:_identify(worlds/models/cricket ball) by extension 'ignore'
[0.259s] Level 1:colcon.colcon_core.package_identification:_identify(worlds/models/cricket ball) by extension 'ignore_ament_install'
[0.260s] Level 1:colcon.colcon_core.package_identification:_identify(worlds/models/cricket ball) by extensions ['colcon_pkg']
[0.260s] Level 1:colcon.colcon_core.package_identification:_identify(worlds/models/cricket ball) by extension 'colcon_pkg'
[0.260s] Level 1:colcon.colcon_core.package_identification:_identify(worlds/models/cricket ball) by extensions ['colcon_meta']
[0.260s] Level 1:colcon.colcon_core.package_identification:_identify(worlds/models/cricket ball) by extension 'colcon_meta'
[0.260s] Level 1:colcon.colcon_core.package_identification:_identify(worlds/models/cricket ball) by extensions ['ros']
[0.260s] Level 1:colcon.colcon_core.package_identification:_identify(worlds/models/cricket ball) by extension 'ros'
[0.260s] Level 1:colcon.colcon_core.package_identification:_identify(worlds/models/cricket ball) by extensions ['cmake', 'python']
[0.260s] Level 1:colcon.colcon_core.package_identification:_identify(worlds/models/cricket ball) by extension 'cmake'
[0.260s] Level 1:colcon.colcon_core.package_identification:_identify(worlds/models/cricket ball) by extension 'python'
[0.260s] Level 1:colcon.colcon_core.package_identification:_identify(worlds/models/cricket ball) by extensions ['python_setup_py']
[0.260s] Level 1:colcon.colcon_core.package_identification:_identify(worlds/models/cricket ball) by extension 'python_setup_py'
[0.260s] Level 1:colcon.colcon_core.package_identification:_identify(worlds/models/cricket ball/thumbnails) by extensions ['ignore', 'ignore_ament_install']
[0.260s] Level 1:colcon.colcon_core.package_identification:_identify(worlds/models/cricket ball/thumbnails) by extension 'ignore'
[0.260s] Level 1:colcon.colcon_core.package_identification:_identify(worlds/models/cricket ball/thumbnails) by extension 'ignore_ament_install'
[0.260s] Level 1:colcon.colcon_core.package_identification:_identify(worlds/models/cricket ball/thumbnails) by extensions ['colcon_pkg']
[0.260s] Level 1:colcon.colcon_core.package_identification:_identify(worlds/models/cricket ball/thumbnails) by extension 'colcon_pkg'
[0.260s] Level 1:colcon.colcon_core.package_identification:_identify(worlds/models/cricket ball/thumbnails) by extensions ['colcon_meta']
[0.260s] Level 1:colcon.colcon_core.package_identification:_identify(worlds/models/cricket ball/thumbnails) by extension 'colcon_meta'
[0.260s] Level 1:colcon.colcon_core.package_identification:_identify(worlds/models/cricket ball/thumbnails) by extensions ['ros']
[0.260s] Level 1:colcon.colcon_core.package_identification:_identify(worlds/models/cricket ball/thumbnails) by extension 'ros'
[0.261s] Level 1:colcon.colcon_core.package_identification:_identify(worlds/models/cricket ball/thumbnails) by extensions ['cmake', 'python']
[0.261s] Level 1:colcon.colcon_core.package_identification:_identify(worlds/models/cricket ball/thumbnails) by extension 'cmake'
[0.261s] Level 1:colcon.colcon_core.package_identification:_identify(worlds/models/cricket ball/thumbnails) by extension 'python'
[0.261s] Level 1:colcon.colcon_core.package_identification:_identify(worlds/models/cricket ball/thumbnails) by extensions ['python_setup_py']
[0.261s] Level 1:colcon.colcon_core.package_identification:_identify(worlds/models/cricket ball/thumbnails) by extension 'python_setup_py'
[0.261s] Level 1:colcon.colcon_core.package_identification:_identify(worlds/models/floor materials) by extensions ['ignore', 'ignore_ament_install']
[0.261s] Level 1:colcon.colcon_core.package_identification:_identify(worlds/models/floor materials) by extension 'ignore'
[0.261s] Level 1:colcon.colcon_core.package_identification:_identify(worlds/models/floor materials) by extension 'ignore_ament_install'
[0.261s] Level 1:colcon.colcon_core.package_identification:_identify(worlds/models/floor materials) by extensions ['colcon_pkg']
[0.261s] Level 1:colcon.colcon_core.package_identification:_identify(worlds/models/floor materials) by extension 'colcon_pkg'
[0.261s] Level 1:colcon.colcon_core.package_identification:_identify(worlds/models/floor materials) by extensions ['colcon_meta']
[0.261s] Level 1:colcon.colcon_core.package_identification:_identify(worlds/models/floor materials) by extension 'colcon_meta'
[0.261s] Level 1:colcon.colcon_core.package_identification:_identify(worlds/models/floor materials) by extensions ['ros']
[0.261s] Level 1:colcon.colcon_core.package_identification:_identify(worlds/models/floor materials) by extension 'ros'
[0.261s] Level 1:colcon.colcon_core.package_identification:_identify(worlds/models/floor materials) by extensions ['cmake', 'python']
[0.261s] Level 1:colcon.colcon_core.package_identification:_identify(worlds/models/floor materials) by extension 'cmake'
[0.261s] Level 1:colcon.colcon_core.package_identification:_identify(worlds/models/floor materials) by extension 'python'
[0.261s] Level 1:colcon.colcon_core.package_identification:_identify(worlds/models/floor materials) by extensions ['python_setup_py']
[0.261s] Level 1:colcon.colcon_core.package_identification:_identify(worlds/models/floor materials) by extension 'python_setup_py'
[0.262s] Level 1:colcon.colcon_core.package_identification:_identify(worlds/models/floor materials/materials) by extensions ['ignore', 'ignore_ament_install']
[0.262s] Level 1:colcon.colcon_core.package_identification:_identify(worlds/models/floor materials/materials) by extension 'ignore'
[0.262s] Level 1:colcon.colcon_core.package_identification:_identify(worlds/models/floor materials/materials) by extension 'ignore_ament_install'
[0.262s] Level 1:colcon.colcon_core.package_identification:_identify(worlds/models/floor materials/materials) by extensions ['colcon_pkg']
[0.262s] Level 1:colcon.colcon_core.package_identification:_identify(worlds/models/floor materials/materials) by extension 'colcon_pkg'
[0.262s] Level 1:colcon.colcon_core.package_identification:_identify(worlds/models/floor materials/materials) by extensions ['colcon_meta']
[0.262s] Level 1:colcon.colcon_core.package_identification:_identify(worlds/models/floor materials/materials) by extension 'colcon_meta'
[0.262s] Level 1:colcon.colcon_core.package_identification:_identify(worlds/models/floor materials/materials) by extensions ['ros']
[0.262s] Level 1:colcon.colcon_core.package_identification:_identify(worlds/models/floor materials/materials) by extension 'ros'
[0.262s] Level 1:colcon.colcon_core.package_identification:_identify(worlds/models/floor materials/materials) by extensions ['cmake', 'python']
[0.262s] Level 1:colcon.colcon_core.package_identification:_identify(worlds/models/floor materials/materials) by extension 'cmake'
[0.262s] Level 1:colcon.colcon_core.package_identification:_identify(worlds/models/floor materials/materials) by extension 'python'
[0.262s] Level 1:colcon.colcon_core.package_identification:_identify(worlds/models/floor materials/materials) by extensions ['python_setup_py']
[0.262s] Level 1:colcon.colcon_core.package_identification:_identify(worlds/models/floor materials/materials) by extension 'python_setup_py'
[0.262s] Level 1:colcon.colcon_core.package_identification:_identify(worlds/models/floor materials/materials/textures) by extensions ['ignore', 'ignore_ament_install']
[0.262s] Level 1:colcon.colcon_core.package_identification:_identify(worlds/models/floor materials/materials/textures) by extension 'ignore'
[0.262s] Level 1:colcon.colcon_core.package_identification:_identify(worlds/models/floor materials/materials/textures) by extension 'ignore_ament_install'
[0.262s] Level 1:colcon.colcon_core.package_identification:_identify(worlds/models/floor materials/materials/textures) by extensions ['colcon_pkg']
[0.263s] Level 1:colcon.colcon_core.package_identification:_identify(worlds/models/floor materials/materials/textures) by extension 'colcon_pkg'
[0.263s] Level 1:colcon.colcon_core.package_identification:_identify(worlds/models/floor materials/materials/textures) by extensions ['colcon_meta']
[0.263s] Level 1:colcon.colcon_core.package_identification:_identify(worlds/models/floor materials/materials/textures) by extension 'colcon_meta'
[0.263s] Level 1:colcon.colcon_core.package_identification:_identify(worlds/models/floor materials/materials/textures) by extensions ['ros']
[0.263s] Level 1:colcon.colcon_core.package_identification:_identify(worlds/models/floor materials/materials/textures) by extension 'ros'
[0.263s] Level 1:colcon.colcon_core.package_identification:_identify(worlds/models/floor materials/materials/textures) by extensions ['cmake', 'python']
[0.263s] Level 1:colcon.colcon_core.package_identification:_identify(worlds/models/floor materials/materials/textures) by extension 'cmake'
[0.263s] Level 1:colcon.colcon_core.package_identification:_identify(worlds/models/floor materials/materials/textures) by extension 'python'
[0.263s] Level 1:colcon.colcon_core.package_identification:_identify(worlds/models/floor materials/materials/textures) by extensions ['python_setup_py']
[0.263s] Level 1:colcon.colcon_core.package_identification:_identify(worlds/models/floor materials/materials/textures) by extension 'python_setup_py'
[0.263s] Level 1:colcon.colcon_core.package_identification:_identify(worlds/models/floor materials/meshes) by extensions ['ignore', 'ignore_ament_install']
[0.263s] Level 1:colcon.colcon_core.package_identification:_identify(worlds/models/floor materials/meshes) by extension 'ignore'
[0.263s] Level 1:colcon.colcon_core.package_identification:_identify(worlds/models/floor materials/meshes) by extension 'ignore_ament_install'
[0.263s] Level 1:colcon.colcon_core.package_identification:_identify(worlds/models/floor materials/meshes) by extensions ['colcon_pkg']
[0.263s] Level 1:colcon.colcon_core.package_identification:_identify(worlds/models/floor materials/meshes) by extension 'colcon_pkg'
[0.263s] Level 1:colcon.colcon_core.package_identification:_identify(worlds/models/floor materials/meshes) by extensions ['colcon_meta']
[0.263s] Level 1:colcon.colcon_core.package_identification:_identify(worlds/models/floor materials/meshes) by extension 'colcon_meta'
[0.263s] Level 1:colcon.colcon_core.package_identification:_identify(worlds/models/floor materials/meshes) by extensions ['ros']
[0.263s] Level 1:colcon.colcon_core.package_identification:_identify(worlds/models/floor materials/meshes) by extension 'ros'
[0.264s] Level 1:colcon.colcon_core.package_identification:_identify(worlds/models/floor materials/meshes) by extensions ['cmake', 'python']
[0.264s] Level 1:colcon.colcon_core.package_identification:_identify(worlds/models/floor materials/meshes) by extension 'cmake'
[0.264s] Level 1:colcon.colcon_core.package_identification:_identify(worlds/models/floor materials/meshes) by extension 'python'
[0.264s] Level 1:colcon.colcon_core.package_identification:_identify(worlds/models/floor materials/meshes) by extensions ['python_setup_py']
[0.264s] Level 1:colcon.colcon_core.package_identification:_identify(worlds/models/floor materials/meshes) by extension 'python_setup_py'
[0.264s] Level 1:colcon.colcon_core.package_identification:_identify(worlds/models/office chair) by extensions ['ignore', 'ignore_ament_install']
[0.264s] Level 1:colcon.colcon_core.package_identification:_identify(worlds/models/office chair) by extension 'ignore'
[0.264s] Level 1:colcon.colcon_core.package_identification:_identify(worlds/models/office chair) by extension 'ignore_ament_install'
[0.264s] Level 1:colcon.colcon_core.package_identification:_identify(worlds/models/office chair) by extensions ['colcon_pkg']
[0.264s] Level 1:colcon.colcon_core.package_identification:_identify(worlds/models/office chair) by extension 'colcon_pkg'
[0.264s] Level 1:colcon.colcon_core.package_identification:_identify(worlds/models/office chair) by extensions ['colcon_meta']
[0.264s] Level 1:colcon.colcon_core.package_identification:_identify(worlds/models/office chair) by extension 'colcon_meta'
[0.264s] Level 1:colcon.colcon_core.package_identification:_identify(worlds/models/office chair) by extensions ['ros']
[0.264s] Level 1:colcon.colcon_core.package_identification:_identify(worlds/models/office chair) by extension 'ros'
[0.264s] Level 1:colcon.colcon_core.package_identification:_identify(worlds/models/office chair) by extensions ['cmake', 'python']
[0.264s] Level 1:colcon.colcon_core.package_identification:_identify(worlds/models/office chair) by extension 'cmake'
[0.264s] Level 1:colcon.colcon_core.package_identification:_identify(worlds/models/office chair) by extension 'python'
[0.264s] Level 1:colcon.colcon_core.package_identification:_identify(worlds/models/office chair) by extensions ['python_setup_py']
[0.264s] Level 1:colcon.colcon_core.package_identification:_identify(worlds/models/office chair) by extension 'python_setup_py'
[0.265s] Level 1:colcon.colcon_core.package_identification:_identify(worlds/models/office chair/materials) by extensions ['ignore', 'ignore_ament_install']
[0.265s] Level 1:colcon.colcon_core.package_identification:_identify(worlds/models/office chair/materials) by extension 'ignore'
[0.265s] Level 1:colcon.colcon_core.package_identification:_identify(worlds/models/office chair/materials) by extension 'ignore_ament_install'
[0.265s] Level 1:colcon.colcon_core.package_identification:_identify(worlds/models/office chair/materials) by extensions ['colcon_pkg']
[0.265s] Level 1:colcon.colcon_core.package_identification:_identify(worlds/models/office chair/materials) by extension 'colcon_pkg'
[0.265s] Level 1:colcon.colcon_core.package_identification:_identify(worlds/models/office chair/materials) by extensions ['colcon_meta']
[0.265s] Level 1:colcon.colcon_core.package_identification:_identify(worlds/models/office chair/materials) by extension 'colcon_meta'
[0.265s] Level 1:colcon.colcon_core.package_identification:_identify(worlds/models/office chair/materials) by extensions ['ros']
[0.265s] Level 1:colcon.colcon_core.package_identification:_identify(worlds/models/office chair/materials) by extension 'ros'
[0.265s] Level 1:colcon.colcon_core.package_identification:_identify(worlds/models/office chair/materials) by extensions ['cmake', 'python']
[0.265s] Level 1:colcon.colcon_core.package_identification:_identify(worlds/models/office chair/materials) by extension 'cmake'
[0.265s] Level 1:colcon.colcon_core.package_identification:_identify(worlds/models/office chair/materials) by extension 'python'
[0.265s] Level 1:colcon.colcon_core.package_identification:_identify(worlds/models/office chair/materials) by extensions ['python_setup_py']
[0.265s] Level 1:colcon.colcon_core.package_identification:_identify(worlds/models/office chair/materials) by extension 'python_setup_py'
[0.265s] Level 1:colcon.colcon_core.package_identification:_identify(worlds/models/office chair/materials/textures) by extensions ['ignore', 'ignore_ament_install']
[0.265s] Level 1:colcon.colcon_core.package_identification:_identify(worlds/models/office chair/materials/textures) by extension 'ignore'
[0.265s] Level 1:colcon.colcon_core.package_identification:_identify(worlds/models/office chair/materials/textures) by extension 'ignore_ament_install'
[0.265s] Level 1:colcon.colcon_core.package_identification:_identify(worlds/models/office chair/materials/textures) by extensions ['colcon_pkg']
[0.265s] Level 1:colcon.colcon_core.package_identification:_identify(worlds/models/office chair/materials/textures) by extension 'colcon_pkg'
[0.266s] Level 1:colcon.colcon_core.package_identification:_identify(worlds/models/office chair/materials/textures) by extensions ['colcon_meta']
[0.266s] Level 1:colcon.colcon_core.package_identification:_identify(worlds/models/office chair/materials/textures) by extension 'colcon_meta'
[0.266s] Level 1:colcon.colcon_core.package_identification:_identify(worlds/models/office chair/materials/textures) by extensions ['ros']
[0.266s] Level 1:colcon.colcon_core.package_identification:_identify(worlds/models/office chair/materials/textures) by extension 'ros'
[0.266s] Level 1:colcon.colcon_core.package_identification:_identify(worlds/models/office chair/materials/textures) by extensions ['cmake', 'python']
[0.266s] Level 1:colcon.colcon_core.package_identification:_identify(worlds/models/office chair/materials/textures) by extension 'cmake'
[0.266s] Level 1:colcon.colcon_core.package_identification:_identify(worlds/models/office chair/materials/textures) by extension 'python'
[0.266s] Level 1:colcon.colcon_core.package_identification:_identify(worlds/models/office chair/materials/textures) by extensions ['python_setup_py']
[0.266s] Level 1:colcon.colcon_core.package_identification:_identify(worlds/models/office chair/materials/textures) by extension 'python_setup_py'
[0.266s] Level 1:colcon.colcon_core.package_identification:_identify(worlds/models/office chair/meshes) by extensions ['ignore', 'ignore_ament_install']
[0.266s] Level 1:colcon.colcon_core.package_identification:_identify(worlds/models/office chair/meshes) by extension 'ignore'
[0.266s] Level 1:colcon.colcon_core.package_identification:_identify(worlds/models/office chair/meshes) by extension 'ignore_ament_install'
[0.266s] Level 1:colcon.colcon_core.package_identification:_identify(worlds/models/office chair/meshes) by extensions ['colcon_pkg']
[0.266s] Level 1:colcon.colcon_core.package_identification:_identify(worlds/models/office chair/meshes) by extension 'colcon_pkg'
[0.266s] Level 1:colcon.colcon_core.package_identification:_identify(worlds/models/office chair/meshes) by extensions ['colcon_meta']
[0.266s] Level 1:colcon.colcon_core.package_identification:_identify(worlds/models/office chair/meshes) by extension 'colcon_meta'
[0.266s] Level 1:colcon.colcon_core.package_identification:_identify(worlds/models/office chair/meshes) by extensions ['ros']
[0.266s] Level 1:colcon.colcon_core.package_identification:_identify(worlds/models/office chair/meshes) by extension 'ros'
[0.266s] Level 1:colcon.colcon_core.package_identification:_identify(worlds/models/office chair/meshes) by extensions ['cmake', 'python']
[0.267s] Level 1:colcon.colcon_core.package_identification:_identify(worlds/models/office chair/meshes) by extension 'cmake'
[0.267s] Level 1:colcon.colcon_core.package_identification:_identify(worlds/models/office chair/meshes) by extension 'python'
[0.267s] Level 1:colcon.colcon_core.package_identification:_identify(worlds/models/office chair/meshes) by extensions ['python_setup_py']
[0.267s] Level 1:colcon.colcon_core.package_identification:_identify(worlds/models/office chair/meshes) by extension 'python_setup_py'
[0.267s] Level 1:colcon.colcon_core.package_identification:_identify(worlds/models/office chair/thumbnails) by extensions ['ignore', 'ignore_ament_install']
[0.267s] Level 1:colcon.colcon_core.package_identification:_identify(worlds/models/office chair/thumbnails) by extension 'ignore'
[0.267s] Level 1:colcon.colcon_core.package_identification:_identify(worlds/models/office chair/thumbnails) by extension 'ignore_ament_install'
[0.267s] Level 1:colcon.colcon_core.package_identification:_identify(worlds/models/office chair/thumbnails) by extensions ['colcon_pkg']
[0.267s] Level 1:colcon.colcon_core.package_identification:_identify(worlds/models/office chair/thumbnails) by extension 'colcon_pkg'
[0.267s] Level 1:colcon.colcon_core.package_identification:_identify(worlds/models/office chair/thumbnails) by extensions ['colcon_meta']
[0.267s] Level 1:colcon.colcon_core.package_identification:_identify(worlds/models/office chair/thumbnails) by extension 'colcon_meta'
[0.267s] Level 1:colcon.colcon_core.package_identification:_identify(worlds/models/office chair/thumbnails) by extensions ['ros']
[0.267s] Level 1:colcon.colcon_core.package_identification:_identify(worlds/models/office chair/thumbnails) by extension 'ros'
[0.267s] Level 1:colcon.colcon_core.package_identification:_identify(worlds/models/office chair/thumbnails) by extensions ['cmake', 'python']
[0.267s] Level 1:colcon.colcon_core.package_identification:_identify(worlds/models/office chair/thumbnails) by extension 'cmake'
[0.267s] Level 1:colcon.colcon_core.package_identification:_identify(worlds/models/office chair/thumbnails) by extension 'python'
[0.267s] Level 1:colcon.colcon_core.package_identification:_identify(worlds/models/office chair/thumbnails) by extensions ['python_setup_py']
[0.267s] Level 1:colcon.colcon_core.package_identification:_identify(worlds/models/office chair/thumbnails) by extension 'python_setup_py'
[0.267s] Level 1:colcon.colcon_core.package_identification:_identify(worlds/models/office desk) by extensions ['ignore', 'ignore_ament_install']
[0.268s] Level 1:colcon.colcon_core.package_identification:_identify(worlds/models/office desk) by extension 'ignore'
[0.268s] Level 1:colcon.colcon_core.package_identification:_identify(worlds/models/office desk) by extension 'ignore_ament_install'
[0.268s] Level 1:colcon.colcon_core.package_identification:_identify(worlds/models/office desk) by extensions ['colcon_pkg']
[0.268s] Level 1:colcon.colcon_core.package_identification:_identify(worlds/models/office desk) by extension 'colcon_pkg'
[0.268s] Level 1:colcon.colcon_core.package_identification:_identify(worlds/models/office desk) by extensions ['colcon_meta']
[0.268s] Level 1:colcon.colcon_core.package_identification:_identify(worlds/models/office desk) by extension 'colcon_meta'
[0.268s] Level 1:colcon.colcon_core.package_identification:_identify(worlds/models/office desk) by extensions ['ros']
[0.268s] Level 1:colcon.colcon_core.package_identification:_identify(worlds/models/office desk) by extension 'ros'
[0.268s] Level 1:colcon.colcon_core.package_identification:_identify(worlds/models/office desk) by extensions ['cmake', 'python']
[0.268s] Level 1:colcon.colcon_core.package_identification:_identify(worlds/models/office desk) by extension 'cmake'
[0.268s] Level 1:colcon.colcon_core.package_identification:_identify(worlds/models/office desk) by extension 'python'
[0.268s] Level 1:colcon.colcon_core.package_identification:_identify(worlds/models/office desk) by extensions ['python_setup_py']
[0.268s] Level 1:colcon.colcon_core.package_identification:_identify(worlds/models/office desk) by extension 'python_setup_py'
[0.268s] Level 1:colcon.colcon_core.package_identification:_identify(worlds/models/office desk/materials) by extensions ['ignore', 'ignore_ament_install']
[0.268s] Level 1:colcon.colcon_core.package_identification:_identify(worlds/models/office desk/materials) by extension 'ignore'
[0.268s] Level 1:colcon.colcon_core.package_identification:_identify(worlds/models/office desk/materials) by extension 'ignore_ament_install'
[0.268s] Level 1:colcon.colcon_core.package_identification:_identify(worlds/models/office desk/materials) by extensions ['colcon_pkg']
[0.268s] Level 1:colcon.colcon_core.package_identification:_identify(worlds/models/office desk/materials) by extension 'colcon_pkg'
[0.268s] Level 1:colcon.colcon_core.package_identification:_identify(worlds/models/office desk/materials) by extensions ['colcon_meta']
[0.269s] Level 1:colcon.colcon_core.package_identification:_identify(worlds/models/office desk/materials) by extension 'colcon_meta'
[0.269s] Level 1:colcon.colcon_core.package_identification:_identify(worlds/models/office desk/materials) by extensions ['ros']
[0.269s] Level 1:colcon.colcon_core.package_identification:_identify(worlds/models/office desk/materials) by extension 'ros'
[0.269s] Level 1:colcon.colcon_core.package_identification:_identify(worlds/models/office desk/materials) by extensions ['cmake', 'python']
[0.269s] Level 1:colcon.colcon_core.package_identification:_identify(worlds/models/office desk/materials) by extension 'cmake'
[0.269s] Level 1:colcon.colcon_core.package_identification:_identify(worlds/models/office desk/materials) by extension 'python'
[0.269s] Level 1:colcon.colcon_core.package_identification:_identify(worlds/models/office desk/materials) by extensions ['python_setup_py']
[0.269s] Level 1:colcon.colcon_core.package_identification:_identify(worlds/models/office desk/materials) by extension 'python_setup_py'
[0.269s] Level 1:colcon.colcon_core.package_identification:_identify(worlds/models/office desk/materials/textures) by extensions ['ignore', 'ignore_ament_install']
[0.269s] Level 1:colcon.colcon_core.package_identification:_identify(worlds/models/office desk/materials/textures) by extension 'ignore'
[0.269s] Level 1:colcon.colcon_core.package_identification:_identify(worlds/models/office desk/materials/textures) by extension 'ignore_ament_install'
[0.269s] Level 1:colcon.colcon_core.package_identification:_identify(worlds/models/office desk/materials/textures) by extensions ['colcon_pkg']
[0.269s] Level 1:colcon.colcon_core.package_identification:_identify(worlds/models/office desk/materials/textures) by extension 'colcon_pkg'
[0.269s] Level 1:colcon.colcon_core.package_identification:_identify(worlds/models/office desk/materials/textures) by extensions ['colcon_meta']
[0.269s] Level 1:colcon.colcon_core.package_identification:_identify(worlds/models/office desk/materials/textures) by extension 'colcon_meta'
[0.269s] Level 1:colcon.colcon_core.package_identification:_identify(worlds/models/office desk/materials/textures) by extensions ['ros']
[0.269s] Level 1:colcon.colcon_core.package_identification:_identify(worlds/models/office desk/materials/textures) by extension 'ros'
[0.269s] Level 1:colcon.colcon_core.package_identification:_identify(worlds/models/office desk/materials/textures) by extensions ['cmake', 'python']
[0.270s] Level 1:colcon.colcon_core.package_identification:_identify(worlds/models/office desk/materials/textures) by extension 'cmake'
[0.270s] Level 1:colcon.colcon_core.package_identification:_identify(worlds/models/office desk/materials/textures) by extension 'python'
[0.270s] Level 1:colcon.colcon_core.package_identification:_identify(worlds/models/office desk/materials/textures) by extensions ['python_setup_py']
[0.270s] Level 1:colcon.colcon_core.package_identification:_identify(worlds/models/office desk/materials/textures) by extension 'python_setup_py'
[0.270s] Level 1:colcon.colcon_core.package_identification:_identify(worlds/models/office desk/meshes) by extensions ['ignore', 'ignore_ament_install']
[0.270s] Level 1:colcon.colcon_core.package_identification:_identify(worlds/models/office desk/meshes) by extension 'ignore'
[0.270s] Level 1:colcon.colcon_core.package_identification:_identify(worlds/models/office desk/meshes) by extension 'ignore_ament_install'
[0.270s] Level 1:colcon.colcon_core.package_identification:_identify(worlds/models/office desk/meshes) by extensions ['colcon_pkg']
[0.270s] Level 1:colcon.colcon_core.package_identification:_identify(worlds/models/office desk/meshes) by extension 'colcon_pkg'
[0.270s] Level 1:colcon.colcon_core.package_identification:_identify(worlds/models/office desk/meshes) by extensions ['colcon_meta']
[0.270s] Level 1:colcon.colcon_core.package_identification:_identify(worlds/models/office desk/meshes) by extension 'colcon_meta'
[0.270s] Level 1:colcon.colcon_core.package_identification:_identify(worlds/models/office desk/meshes) by extensions ['ros']
[0.270s] Level 1:colcon.colcon_core.package_identification:_identify(worlds/models/office desk/meshes) by extension 'ros'
[0.270s] Level 1:colcon.colcon_core.package_identification:_identify(worlds/models/office desk/meshes) by extensions ['cmake', 'python']
[0.270s] Level 1:colcon.colcon_core.package_identification:_identify(worlds/models/office desk/meshes) by extension 'cmake'
[0.270s] Level 1:colcon.colcon_core.package_identification:_identify(worlds/models/office desk/meshes) by extension 'python'
[0.270s] Level 1:colcon.colcon_core.package_identification:_identify(worlds/models/office desk/meshes) by extensions ['python_setup_py']
[0.270s] Level 1:colcon.colcon_core.package_identification:_identify(worlds/models/office desk/meshes) by extension 'python_setup_py'
[0.270s] Level 1:colcon.colcon_core.package_identification:_identify(worlds/models/office desk/thumbnails) by extensions ['ignore', 'ignore_ament_install']
[0.271s] Level 1:colcon.colcon_core.package_identification:_identify(worlds/models/office desk/thumbnails) by extension 'ignore'
[0.271s] Level 1:colcon.colcon_core.package_identification:_identify(worlds/models/office desk/thumbnails) by extension 'ignore_ament_install'
[0.271s] Level 1:colcon.colcon_core.package_identification:_identify(worlds/models/office desk/thumbnails) by extensions ['colcon_pkg']
[0.271s] Level 1:colcon.colcon_core.package_identification:_identify(worlds/models/office desk/thumbnails) by extension 'colcon_pkg'
[0.271s] Level 1:colcon.colcon_core.package_identification:_identify(worlds/models/office desk/thumbnails) by extensions ['colcon_meta']
[0.271s] Level 1:colcon.colcon_core.package_identification:_identify(worlds/models/office desk/thumbnails) by extension 'colcon_meta'
[0.271s] Level 1:colcon.colcon_core.package_identification:_identify(worlds/models/office desk/thumbnails) by extensions ['ros']
[0.271s] Level 1:colcon.colcon_core.package_identification:_identify(worlds/models/office desk/thumbnails) by extension 'ros'
[0.271s] Level 1:colcon.colcon_core.package_identification:_identify(worlds/models/office desk/thumbnails) by extensions ['cmake', 'python']
[0.271s] Level 1:colcon.colcon_core.package_identification:_identify(worlds/models/office desk/thumbnails) by extension 'cmake'
[0.271s] Level 1:colcon.colcon_core.package_identification:_identify(worlds/models/office desk/thumbnails) by extension 'python'
[0.271s] Level 1:colcon.colcon_core.package_identification:_identify(worlds/models/office desk/thumbnails) by extensions ['python_setup_py']
[0.271s] Level 1:colcon.colcon_core.package_identification:_identify(worlds/models/office desk/thumbnails) by extension 'python_setup_py'
[0.271s] Level 1:colcon.colcon_core.package_identification:_identify(worlds/models/trashbin) by extensions ['ignore', 'ignore_ament_install']
[0.271s] Level 1:colcon.colcon_core.package_identification:_identify(worlds/models/trashbin) by extension 'ignore'
[0.271s] Level 1:colcon.colcon_core.package_identification:_identify(worlds/models/trashbin) by extension 'ignore_ament_install'
[0.271s] Level 1:colcon.colcon_core.package_identification:_identify(worlds/models/trashbin) by extensions ['colcon_pkg']
[0.271s] Level 1:colcon.colcon_core.package_identification:_identify(worlds/models/trashbin) by extension 'colcon_pkg'
[0.272s] Level 1:colcon.colcon_core.package_identification:_identify(worlds/models/trashbin) by extensions ['colcon_meta']
[0.272s] Level 1:colcon.colcon_core.package_identification:_identify(worlds/models/trashbin) by extension 'colcon_meta'
[0.272s] Level 1:colcon.colcon_core.package_identification:_identify(worlds/models/trashbin) by extensions ['ros']
[0.272s] Level 1:colcon.colcon_core.package_identification:_identify(worlds/models/trashbin) by extension 'ros'
[0.272s] Level 1:colcon.colcon_core.package_identification:_identify(worlds/models/trashbin) by extensions ['cmake', 'python']
[0.272s] Level 1:colcon.colcon_core.package_identification:_identify(worlds/models/trashbin) by extension 'cmake'
[0.272s] Level 1:colcon.colcon_core.package_identification:_identify(worlds/models/trashbin) by extension 'python'
[0.272s] Level 1:colcon.colcon_core.package_identification:_identify(worlds/models/trashbin) by extensions ['python_setup_py']
[0.272s] Level 1:colcon.colcon_core.package_identification:_identify(worlds/models/trashbin) by extension 'python_setup_py'
[0.272s] Level 1:colcon.colcon_core.package_identification:_identify(worlds/models/trashbin/meshes) by extensions ['ignore', 'ignore_ament_install']
[0.272s] Level 1:colcon.colcon_core.package_identification:_identify(worlds/models/trashbin/meshes) by extension 'ignore'
[0.272s] Level 1:colcon.colcon_core.package_identification:_identify(worlds/models/trashbin/meshes) by extension 'ignore_ament_install'
[0.272s] Level 1:colcon.colcon_core.package_identification:_identify(worlds/models/trashbin/meshes) by extensions ['colcon_pkg']
[0.272s] Level 1:colcon.colcon_core.package_identification:_identify(worlds/models/trashbin/meshes) by extension 'colcon_pkg'
[0.272s] Level 1:colcon.colcon_core.package_identification:_identify(worlds/models/trashbin/meshes) by extensions ['colcon_meta']
[0.272s] Level 1:colcon.colcon_core.package_identification:_identify(worlds/models/trashbin/meshes) by extension 'colcon_meta'
[0.272s] Level 1:colcon.colcon_core.package_identification:_identify(worlds/models/trashbin/meshes) by extensions ['ros']
[0.272s] Level 1:colcon.colcon_core.package_identification:_identify(worlds/models/trashbin/meshes) by extension 'ros'
[0.272s] Level 1:colcon.colcon_core.package_identification:_identify(worlds/models/trashbin/meshes) by extensions ['cmake', 'python']
[0.272s] Level 1:colcon.colcon_core.package_identification:_identify(worlds/models/trashbin/meshes) by extension 'cmake'
[0.272s] Level 1:colcon.colcon_core.package_identification:_identify(worlds/models/trashbin/meshes) by extension 'python'
[0.273s] Level 1:colcon.colcon_core.package_identification:_identify(worlds/models/trashbin/meshes) by extensions ['python_setup_py']
[0.273s] Level 1:colcon.colcon_core.package_identification:_identify(worlds/models/trashbin/meshes) by extension 'python_setup_py'
[0.273s] Level 1:colcon.colcon_core.package_identification:_identify(worlds/models/trashbin/thumbnails) by extensions ['ignore', 'ignore_ament_install']
[0.273s] Level 1:colcon.colcon_core.package_identification:_identify(worlds/models/trashbin/thumbnails) by extension 'ignore'
[0.273s] Level 1:colcon.colcon_core.package_identification:_identify(worlds/models/trashbin/thumbnails) by extension 'ignore_ament_install'
[0.273s] Level 1:colcon.colcon_core.package_identification:_identify(worlds/models/trashbin/thumbnails) by extensions ['colcon_pkg']
[0.273s] Level 1:colcon.colcon_core.package_identification:_identify(worlds/models/trashbin/thumbnails) by extension 'colcon_pkg'
[0.273s] Level 1:colcon.colcon_core.package_identification:_identify(worlds/models/trashbin/thumbnails) by extensions ['colcon_meta']
[0.273s] Level 1:colcon.colcon_core.package_identification:_identify(worlds/models/trashbin/thumbnails) by extension 'colcon_meta'
[0.273s] Level 1:colcon.colcon_core.package_identification:_identify(worlds/models/trashbin/thumbnails) by extensions ['ros']
[0.273s] Level 1:colcon.colcon_core.package_identification:_identify(worlds/models/trashbin/thumbnails) by extension 'ros'
[0.273s] Level 1:colcon.colcon_core.package_identification:_identify(worlds/models/trashbin/thumbnails) by extensions ['cmake', 'python']
[0.273s] Level 1:colcon.colcon_core.package_identification:_identify(worlds/models/trashbin/thumbnails) by extension 'cmake'
[0.273s] Level 1:colcon.colcon_core.package_identification:_identify(worlds/models/trashbin/thumbnails) by extension 'python'
[0.273s] Level 1:colcon.colcon_core.package_identification:_identify(worlds/models/trashbin/thumbnails) by extensions ['python_setup_py']
[0.273s] Level 1:colcon.colcon_core.package_identification:_identify(worlds/models/trashbin/thumbnails) by extension 'python_setup_py'
[0.273s] Level 1:colcon.colcon_core.package_discovery:discover_packages(recursive) using defaults
[0.273s] Level 1:colcon.colcon_core.package_discovery:discover_packages(ignore) discover
[0.273s] Level 1:colcon.colcon_core.package_discovery:discover_packages(ignore) using defaults
[0.273s] Level 1:colcon.colcon_core.package_discovery:discover_packages(path) discover
[0.274s] Level 1:colcon.colcon_core.package_discovery:discover_packages(path) using defaults
[0.299s] Level 1:colcon.colcon_core.package_discovery:discover_packages(prefix_path) check parameters
[0.299s] Level 1:colcon.colcon_core.package_discovery:discover_packages(prefix_path) discover
[0.303s] DEBUG:colcon.colcon_installed_package_information.package_discovery:Found 2 installed packages in /home/group10/ros2_ws/install
[0.303s] DEBUG:colcon.colcon_installed_package_information.package_discovery:Found 0 installed packages in /home/group10/ros2_ws/src/r2d10/worlds/install
[0.304s] DEBUG:colcon.colcon_installed_package_information.package_discovery:Found 20 installed packages in /home/group10/install
[0.306s] DEBUG:colcon.colcon_installed_package_information.package_discovery:Found 408 installed packages in /opt/ros/jazzy
[0.308s] Level 1:colcon.colcon_core.package_discovery:discover_packages(prefix_path) using defaults
[0.429s] Level 5:colcon.colcon_core.verb:set package 'cmd_vel_bridge' build argument 'cmake_args' from command line to 'None'
[0.430s] Level 5:colcon.colcon_core.verb:set package 'cmd_vel_bridge' build argument 'cmake_target' from command line to 'None'
[0.430s] Level 5:colcon.colcon_core.verb:set package 'cmd_vel_bridge' build argument 'cmake_target_skip_unavailable' from command line to 'False'
[0.430s] Level 5:colcon.colcon_core.verb:set package 'cmd_vel_bridge' build argument 'cmake_clean_cache' from command line to 'False'
[0.430s] Level 5:colcon.colcon_core.verb:set package 'cmd_vel_bridge' build argument 'cmake_clean_first' from command line to 'False'
[0.430s] Level 5:colcon.colcon_core.verb:set package 'cmd_vel_bridge' build argument 'cmake_force_configure' from command line to 'False'
[0.430s] Level 5:colcon.colcon_core.verb:set package 'cmd_vel_bridge' build argument 'ament_cmake_args' from command line to 'None'
[0.430s] Level 5:colcon.colcon_core.verb:set package 'cmd_vel_bridge' build argument 'catkin_cmake_args' from command line to 'None'
[0.430s] Level 5:colcon.colcon_core.verb:set package 'cmd_vel_bridge' build argument 'catkin_skip_building_tests' from command line to 'False'
[0.430s] DEBUG:colcon.colcon_core.verb:Building package 'cmd_vel_bridge' with the following arguments: {'ament_cmake_args': None, 'build_base': '/home/group10/ros2_ws/build/cmd_vel_bridge', 'catkin_cmake_args': None, 'catkin_skip_building_tests': False, 'cmake_args': None, 'cmake_clean_cache': False, 'cmake_clean_first': False, 'cmake_force_configure': False, 'cmake_target': None, 'cmake_target_skip_unavailable': False, 'install_base': '/home/group10/ros2_ws/install/cmd_vel_bridge', 'merge_install': False, 'path': '/home/group10/ros2_ws/src/cmd_vel_bridge', 'symlink_install': False, 'test_result_base': None}
[0.430s] Level 5:colcon.colcon_core.verb:set package 'r2d10' build argument 'cmake_args' from command line to 'None'
[0.430s] Level 5:colcon.colcon_core.verb:set package 'r2d10' build argument 'cmake_target' from command line to 'None'
[0.430s] Level 5:colcon.colcon_core.verb:set package 'r2d10' build argument 'cmake_target_skip_unavailable' from command line to 'False'
[0.430s] Level 5:colcon.colcon_core.verb:set package 'r2d10' build argument 'cmake_clean_cache' from command line to 'False'
[0.430s] Level 5:colcon.colcon_core.verb:set package 'r2d10' build argument 'cmake_clean_first' from command line to 'False'
[0.430s] Level 5:colcon.colcon_core.verb:set package 'r2d10' build argument 'cmake_force_configure' from command line to 'False'
[0.430s] Level 5:colcon.colcon_core.verb:set package 'r2d10' build argument 'ament_cmake_args' from command line to 'None'
[0.430s] Level 5:colcon.colcon_core.verb:set package 'r2d10' build argument 'catkin_cmake_args' from command line to 'None'
[0.430s] Level 5:colcon.colcon_core.verb:set package 'r2d10' build argument 'catkin_skip_building_tests' from command line to 'False'
[0.430s] DEBUG:colcon.colcon_core.verb:Building package 'r2d10' with the following arguments: {'ament_cmake_args': None, 'build_base': '/home/group10/ros2_ws/build/r2d10', 'catkin_cmake_args': None, 'catkin_skip_building_tests': False, 'cmake_args': None, 'cmake_clean_cache': False, 'cmake_clean_first': False, 'cmake_force_configure': False, 'cmake_target': None, 'cmake_target_skip_unavailable': False, 'install_base': '/home/group10/ros2_ws/install/r2d10', 'merge_install': False, 'path': '/home/group10/ros2_ws/src/r2d10', 'symlink_install': False, 'test_result_base': None}
[0.431s] INFO:colcon.colcon_core.executor:Executing jobs using 'parallel' executor
[0.431s] DEBUG:colcon.colcon_parallel_executor.executor.parallel:run_until_complete
[0.432s] INFO:colcon.colcon_ros.task.ament_python.build:Building ROS package in '/home/group10/ros2_ws/src/cmd_vel_bridge' with build type 'ament_python'
[0.432s] Level 1:colcon.colcon_core.shell:create_environment_hook('cmd_vel_bridge', 'ament_prefix_path')
[0.437s] INFO:colcon.colcon_core.plugin_system:Skipping extension 'colcon_core.shell.bat': Not used on non-Windows systems
[0.437s] INFO:colcon.colcon_core.shell:Creating environment hook '/home/group10/ros2_ws/install/cmd_vel_bridge/share/cmd_vel_bridge/hook/ament_prefix_path.ps1'
[0.438s] INFO:colcon.colcon_core.shell:Creating environment descriptor '/home/group10/ros2_ws/install/cmd_vel_bridge/share/cmd_vel_bridge/hook/ament_prefix_path.dsv'
[0.438s] INFO:colcon.colcon_core.shell:Creating environment hook '/home/group10/ros2_ws/install/cmd_vel_bridge/share/cmd_vel_bridge/hook/ament_prefix_path.sh'
[0.439s] INFO:colcon.colcon_core.shell:Skip shell extension 'powershell' for command environment: Not usable outside of PowerShell
[0.439s] DEBUG:colcon.colcon_core.shell:Skip shell extension 'dsv' for command environment
[0.445s] INFO:colcon.colcon_ros.task.ament_cmake.build:Building ROS package in '/home/group10/ros2_ws/src/r2d10' with build type 'ament_cmake'
[0.446s] INFO:colcon.colcon_cmake.task.cmake.build:Building CMake package in '/home/group10/ros2_ws/src/r2d10'
[0.446s] INFO:colcon.colcon_core.shell:Skip shell extension 'powershell' for command environment: Not usable outside of PowerShell
[0.446s] DEBUG:colcon.colcon_core.shell:Skip shell extension 'dsv' for command environment
[0.702s] INFO:colcon.colcon_core.task.python.build:Building Python package in '/home/group10/ros2_ws/src/cmd_vel_bridge'
[0.702s] INFO:colcon.colcon_core.shell:Skip shell extension 'powershell' for command environment: Not usable outside of PowerShell
[0.702s] DEBUG:colcon.colcon_core.shell:Skip shell extension 'dsv' for command environment
[0.711s] DEBUG:colcon.colcon_core.event_handler.log_command:Invoking command in '/home/group10/ros2_ws/build/r2d10': CMAKE_PREFIX_PATH=${CMAKE_PREFIX_PATH}:/home/group10/ros2_ws/install/cmd_vel_bridge:/home/group10/install/control:/home/group10/install/my_arm_service:/home/group10/install/gst_pipeline:/opt/ros/jazzy DEBUGINFOD_URLS=https://debuginfod.ubuntu.com /usr/bin/cmake --build /home/group10/ros2_ws/build/r2d10 -- -j4 -l4
[0.774s] DEBUG:colcon.colcon_core.event_handler.log_command:Invoked command in '/home/group10/ros2_ws/build/r2d10' returned '0': CMAKE_PREFIX_PATH=${CMAKE_PREFIX_PATH}:/home/group10/ros2_ws/install/cmd_vel_bridge:/home/group10/install/control:/home/group10/install/my_arm_service:/home/group10/install/gst_pipeline:/opt/ros/jazzy DEBUGINFOD_URLS=https://debuginfod.ubuntu.com /usr/bin/cmake --build /home/group10/ros2_ws/build/r2d10 -- -j4 -l4
[0.787s] DEBUG:colcon.colcon_core.event_handler.log_command:Invoking command in '/home/group10/ros2_ws/build/r2d10': CMAKE_PREFIX_PATH=${CMAKE_PREFIX_PATH}:/home/group10/ros2_ws/install/cmd_vel_bridge:/home/group10/install/control:/home/group10/install/my_arm_service:/home/group10/install/gst_pipeline:/opt/ros/jazzy DEBUGINFOD_URLS=https://debuginfod.ubuntu.com /usr/bin/cmake --install /home/group10/ros2_ws/build/r2d10
[0.847s] Level 1:colcon.colcon_core.environment:create_environment_scripts_only(r2d10)
[0.847s] DEBUG:colcon.colcon_core.event_handler.log_command:Invoked command in '/home/group10/ros2_ws/build/r2d10' returned '0': CMAKE_PREFIX_PATH=${CMAKE_PREFIX_PATH}:/home/group10/ros2_ws/install/cmd_vel_bridge:/home/group10/install/control:/home/group10/install/my_arm_service:/home/group10/install/gst_pipeline:/opt/ros/jazzy DEBUGINFOD_URLS=https://debuginfod.ubuntu.com /usr/bin/cmake --install /home/group10/ros2_ws/build/r2d10
[0.853s] Level 1:colcon.colcon_core.environment:checking '/home/group10/ros2_ws/install/r2d10' for CMake module files
[0.853s] Level 1:colcon.colcon_core.environment:checking '/home/group10/ros2_ws/install/r2d10' for CMake config files
[0.854s] Level 1:colcon.colcon_core.shell:create_environment_hook('r2d10', 'cmake_prefix_path')
[0.854s] INFO:colcon.colcon_core.shell:Creating environment hook '/home/group10/ros2_ws/install/r2d10/share/r2d10/hook/cmake_prefix_path.ps1'
[0.855s] INFO:colcon.colcon_core.shell:Creating environment descriptor '/home/group10/ros2_ws/install/r2d10/share/r2d10/hook/cmake_prefix_path.dsv'
[0.855s] INFO:colcon.colcon_core.shell:Creating environment hook '/home/group10/ros2_ws/install/r2d10/share/r2d10/hook/cmake_prefix_path.sh'
[0.856s] Level 1:colcon.colcon_core.environment:checking '/home/group10/ros2_ws/install/r2d10/lib'
[0.856s] Level 1:colcon.colcon_core.environment:checking '/home/group10/ros2_ws/install/r2d10/bin'
[0.856s] Level 1:colcon.colcon_core.environment:checking '/home/group10/ros2_ws/install/r2d10/lib/pkgconfig/r2d10.pc'
[0.856s] Level 1:colcon.colcon_core.environment:checking '/home/group10/ros2_ws/install/r2d10/lib/python3.12/site-packages'
[0.856s] Level 1:colcon.colcon_core.environment:checking '/home/group10/ros2_ws/install/r2d10/bin'
[0.857s] INFO:colcon.colcon_core.shell:Creating package script '/home/group10/ros2_ws/install/r2d10/share/r2d10/package.ps1'
[0.857s] INFO:colcon.colcon_core.shell:Creating package descriptor '/home/group10/ros2_ws/install/r2d10/share/r2d10/package.dsv'
[0.858s] INFO:colcon.colcon_core.shell:Creating package script '/home/group10/ros2_ws/install/r2d10/share/r2d10/package.sh'
[0.859s] INFO:colcon.colcon_core.shell:Creating package script '/home/group10/ros2_ws/install/r2d10/share/r2d10/package.bash'
[0.860s] INFO:colcon.colcon_core.shell:Creating package script '/home/group10/ros2_ws/install/r2d10/share/r2d10/package.zsh'
[0.860s] Level 1:colcon.colcon_core.environment:create_file_with_runtime_dependencies(/home/group10/ros2_ws/install/r2d10/share/colcon-core/packages/r2d10)
[0.861s] Level 1:colcon.colcon_core.environment:create_environment_scripts_only(r2d10)
[0.861s] Level 1:colcon.colcon_core.environment:checking '/home/group10/ros2_ws/install/r2d10' for CMake module files
[0.862s] Level 1:colcon.colcon_core.environment:checking '/home/group10/ros2_ws/install/r2d10' for CMake config files
[0.862s] Level 1:colcon.colcon_core.shell:create_environment_hook('r2d10', 'cmake_prefix_path')
[0.862s] INFO:colcon.colcon_core.shell:Creating environment hook '/home/group10/ros2_ws/install/r2d10/share/r2d10/hook/cmake_prefix_path.ps1'
[0.863s] INFO:colcon.colcon_core.shell:Creating environment descriptor '/home/group10/ros2_ws/install/r2d10/share/r2d10/hook/cmake_prefix_path.dsv'
[0.863s] INFO:colcon.colcon_core.shell:Creating environment hook '/home/group10/ros2_ws/install/r2d10/share/r2d10/hook/cmake_prefix_path.sh'
[0.863s] Level 1:colcon.colcon_core.environment:checking '/home/group10/ros2_ws/install/r2d10/lib'
[0.863s] Level 1:colcon.colcon_core.environment:checking '/home/group10/ros2_ws/install/r2d10/bin'
[0.864s] Level 1:colcon.colcon_core.environment:checking '/home/group10/ros2_ws/install/r2d10/lib/pkgconfig/r2d10.pc'
[0.864s] Level 1:colcon.colcon_core.environment:checking '/home/group10/ros2_ws/install/r2d10/lib/python3.12/site-packages'
[0.864s] Level 1:colcon.colcon_core.environment:checking '/home/group10/ros2_ws/install/r2d10/bin'
[0.864s] INFO:colcon.colcon_core.shell:Creating package script '/home/group10/ros2_ws/install/r2d10/share/r2d10/package.ps1'
[0.865s] INFO:colcon.colcon_core.shell:Creating package descriptor '/home/group10/ros2_ws/install/r2d10/share/r2d10/package.dsv'
[0.865s] INFO:colcon.colcon_core.shell:Creating package script '/home/group10/ros2_ws/install/r2d10/share/r2d10/package.sh'
[0.866s] INFO:colcon.colcon_core.shell:Creating package script '/home/group10/ros2_ws/install/r2d10/share/r2d10/package.bash'
[0.866s] INFO:colcon.colcon_core.shell:Creating package script '/home/group10/ros2_ws/install/r2d10/share/r2d10/package.zsh'
[0.866s] Level 1:colcon.colcon_core.environment:create_file_with_runtime_dependencies(/home/group10/ros2_ws/install/r2d10/share/colcon-core/packages/r2d10)
[1.519s] DEBUG:colcon.colcon_core.event_handler.log_command:Invoking command in '/home/group10/ros2_ws/src/cmd_vel_bridge': DEBUGINFOD_URLS=https://debuginfod.ubuntu.com PYTHONPATH=/home/group10/ros2_ws/build/cmd_vel_bridge/prefix_override:/usr/lib/python3/dist-packages/colcon_core/task/python/colcon_distutils_commands:/home/group10/ros2_ws/install/cmd_vel_bridge/lib/python3.12/site-packages:${PYTHONPATH} /usr/bin/python3 -W ignore:setup.py install is deprecated -W ignore:easy_install command is deprecated setup.py egg_info --egg-base ../../build/cmd_vel_bridge build --build-base /home/group10/ros2_ws/build/cmd_vel_bridge/build install --record /home/group10/ros2_ws/build/cmd_vel_bridge/install.log --single-version-externally-managed install_data
[2.160s] Level 1:colcon.colcon_core.environment:checking '/home/group10/ros2_ws/install/cmd_vel_bridge' for CMake module files
[2.161s] DEBUG:colcon.colcon_core.event_handler.log_command:Invoked command in '/home/group10/ros2_ws/src/cmd_vel_bridge' returned '0': DEBUGINFOD_URLS=https://debuginfod.ubuntu.com PYTHONPATH=/home/group10/ros2_ws/build/cmd_vel_bridge/prefix_override:/usr/lib/python3/dist-packages/colcon_core/task/python/colcon_distutils_commands:/home/group10/ros2_ws/install/cmd_vel_bridge/lib/python3.12/site-packages:${PYTHONPATH} /usr/bin/python3 -W ignore:setup.py install is deprecated -W ignore:easy_install command is deprecated setup.py egg_info --egg-base ../../build/cmd_vel_bridge build --build-base /home/group10/ros2_ws/build/cmd_vel_bridge/build install --record /home/group10/ros2_ws/build/cmd_vel_bridge/install.log --single-version-externally-managed install_data
[2.161s] Level 1:colcon.colcon_core.environment:checking '/home/group10/ros2_ws/install/cmd_vel_bridge' for CMake config files
[2.162s] Level 1:colcon.colcon_core.environment:checking '/home/group10/ros2_ws/install/cmd_vel_bridge/lib'
[2.162s] Level 1:colcon.colcon_core.environment:checking '/home/group10/ros2_ws/install/cmd_vel_bridge/bin'
[2.162s] Level 1:colcon.colcon_core.environment:checking '/home/group10/ros2_ws/install/cmd_vel_bridge/lib/pkgconfig/cmd_vel_bridge.pc'
[2.162s] Level 1:colcon.colcon_core.environment:checking '/home/group10/ros2_ws/install/cmd_vel_bridge/lib/python3.12/site-packages'
[2.162s] Level 1:colcon.colcon_core.shell:create_environment_hook('cmd_vel_bridge', 'pythonpath')
[2.163s] INFO:colcon.colcon_core.shell:Creating environment hook '/home/group10/ros2_ws/install/cmd_vel_bridge/share/cmd_vel_bridge/hook/pythonpath.ps1'
[2.163s] INFO:colcon.colcon_core.shell:Creating environment descriptor '/home/group10/ros2_ws/install/cmd_vel_bridge/share/cmd_vel_bridge/hook/pythonpath.dsv'
[2.163s] INFO:colcon.colcon_core.shell:Creating environment hook '/home/group10/ros2_ws/install/cmd_vel_bridge/share/cmd_vel_bridge/hook/pythonpath.sh'
[2.164s] Level 1:colcon.colcon_core.environment:checking '/home/group10/ros2_ws/install/cmd_vel_bridge/bin'
[2.164s] Level 1:colcon.colcon_core.environment:create_environment_scripts_only(cmd_vel_bridge)
[2.164s] INFO:colcon.colcon_core.shell:Creating package script '/home/group10/ros2_ws/install/cmd_vel_bridge/share/cmd_vel_bridge/package.ps1'
[2.165s] INFO:colcon.colcon_core.shell:Creating package descriptor '/home/group10/ros2_ws/install/cmd_vel_bridge/share/cmd_vel_bridge/package.dsv'
[2.165s] INFO:colcon.colcon_core.shell:Creating package script '/home/group10/ros2_ws/install/cmd_vel_bridge/share/cmd_vel_bridge/package.sh'
[2.166s] INFO:colcon.colcon_core.shell:Creating package script '/home/group10/ros2_ws/install/cmd_vel_bridge/share/cmd_vel_bridge/package.bash'
[2.166s] INFO:colcon.colcon_core.shell:Creating package script '/home/group10/ros2_ws/install/cmd_vel_bridge/share/cmd_vel_bridge/package.zsh'
[2.166s] Level 1:colcon.colcon_core.environment:create_file_with_runtime_dependencies(/home/group10/ros2_ws/install/cmd_vel_bridge/share/colcon-core/packages/cmd_vel_bridge)
[2.167s] DEBUG:colcon.colcon_parallel_executor.executor.parallel:closing loop
[2.167s] DEBUG:colcon.colcon_parallel_executor.executor.parallel:loop closed
[2.167s] DEBUG:colcon.colcon_parallel_executor.executor.parallel:run_until_complete finished with '0'
[2.167s] DEBUG:colcon.colcon_core.event_reactor:joining thread
[2.177s] INFO:colcon.colcon_core.plugin_system:Skipping extension 'colcon_notification.desktop_notification.terminal_notifier': Not used on non-Darwin systems
[2.177s] INFO:colcon.colcon_core.plugin_system:Skipping extension 'colcon_notification.desktop_notification.win32': Not used on non-Windows systems
[2.177s] INFO:colcon.colcon_notification.desktop_notification:Sending desktop notification using 'notify2'
[2.193s] DEBUG:colcon.colcon_core.event_reactor:joined thread
[2.194s] INFO:colcon.colcon_core.shell:Creating prefix script '/home/group10/ros2_ws/install/local_setup.ps1'
[2.195s] INFO:colcon.colcon_core.shell:Creating prefix util module '/home/group10/ros2_ws/install/_local_setup_util_ps1.py'
[2.198s] INFO:colcon.colcon_core.shell:Creating prefix chain script '/home/group10/ros2_ws/install/setup.ps1'
[2.201s] INFO:colcon.colcon_core.shell:Creating prefix script '/home/group10/ros2_ws/install/local_setup.sh'
[2.202s] INFO:colcon.colcon_core.shell:Creating prefix util module '/home/group10/ros2_ws/install/_local_setup_util_sh.py'
[2.202s] INFO:colcon.colcon_core.shell:Creating prefix chain script '/home/group10/ros2_ws/install/setup.sh'
[2.205s] INFO:colcon.colcon_core.shell:Creating prefix script '/home/group10/ros2_ws/install/local_setup.bash'
[2.205s] INFO:colcon.colcon_core.shell:Creating prefix chain script '/home/group10/ros2_ws/install/setup.bash'
[2.207s] INFO:colcon.colcon_core.shell:Creating prefix script '/home/group10/ros2_ws/install/local_setup.zsh'
[2.208s] INFO:colcon.colcon_core.shell:Creating prefix chain script '/home/group10/ros2_ws/install/setup.zsh'
